0        1147.87  876.30   217.37   70.63    -2260.30 -1534.00 -5660.62 -400.84  -156.39  -121.07  -15.78   -7836.83
1        1150.09  889.30   218.74   66.72    -2281.12 -1522.29 -5644.57 -397.62  -150.13  -114.70  -15.65   -7801.24
2        1147.62  883.62   217.44   76.38    -2266.88 -1531.04 -5649.93 -402.72  -154.78  -115.35  -14.77   -7810.41
3        1194.32  866.78   205.72   75.66    -2238.80 -1538.38 -5657.00 -394.67  -152.42  -116.39  -14.89   -7770.06
4        1243.61  864.53   213.35   83.02    -2259.79 -1523.25 -5655.83 -407.21  -151.99  -117.02  -15.32   -7725.89
5        1207.12  865.05   209.16   83.97    -2233.41 -1515.01 -5650.62 -390.05  -150.55  -123.59  -15.11   -7713.04
6        1201.53  858.79   225.59   67.33    -2273.74 -1522.36 -5661.81 -403.09  -151.90  -118.31  -16.01   -7793.98
7        1203.63  865.77   218.01   89.82    -2244.11 -1534.30 -5641.88 -419.60  -155.42  -119.55  -14.30   -7751.93
8        1222.46  894.38   214.94   70.83    -2250.85 -1537.88 -5650.78 -381.71  -153.65  -116.38  -15.44   -7704.09
9        1223.77  874.23   219.21   68.87    -2286.87 -1525.43 -5653.26 -386.60  -154.84  -115.43  -15.71   -7752.07
10       1237.27  873.25   229.61   74.67    -2250.46 -1534.30 -5647.69 -403.39  -150.52  -122.10  -16.30   -7709.96
11       1210.35  876.12   220.28   75.07    -2232.09 -1530.24 -5649.02 -396.26  -152.64  -119.37  -15.99   -7713.80
12       1192.25  867.13   211.72   73.90    -2252.48 -1545.50 -5656.05 -399.22  -154.82  -119.80  -15.61   -7798.48
13       1213.17  892.52   235.42   86.83    -2235.68 -1525.62 -5652.06 -398.34  -154.16  -120.91  -15.99   -7674.83
14       1178.12  858.81   220.42   73.09    -2249.64 -1527.31 -5664.75 -415.78  -152.97  -116.98  -15.74   -7812.74
15       1198.47  912.31   221.94   64.78    -2251.34 -1531.67 -5653.72 -426.07  -154.66  -121.46  -15.20   -7756.61
16       1179.67  875.70   218.43   82.07    -2260.94 -1520.49 -5655.79 -420.21  -153.40  -118.09  -15.34   -7788.40
17       1199.58  878.79   226.30   71.63    -2259.38 -1517.47 -5651.94 -399.37  -152.15  -116.77  -15.13   -7735.92
18       1217.46  848.18   218.31   95.14    -2243.12 -1543.62 -5652.17 -413.86  -154.87  -123.35  -15.47   -7767.38
19       1193.51  891.30   202.81   71.04    -2267.20 -1524.98 -5648.01 -404.91  -152.32  -120.56  -14.75   -7774.09
