0.00     0.00     0.00     0.00     2.23     -0.00    -51.47   0.00     -13.00   -2.36    0.00     -0.32    -64.92  
1.00     0.00     0.01     0.00     0.21     0.01     -51.01   0.00     -13.33   -0.62    0.00     -0.57    -65.30  
2.00     0.01     0.00     0.00     1.18     0.00     -52.63   -0.01    -14.43   -2.62    0.00     -0.08    -68.58  
3.00     -0.01    0.00     0.01     -0.01    -0.01    -55.68   0.00     -12.43   -0.51    0.00     -0.06    -68.70  
4.00     -0.00    0.00     0.00     1.66     -0.01    -48.65   0.00     -14.97   -1.76    0.00     -0.14    -63.87  
5.00     -0.00    0.00     0.01     1.78     0.00     -34.33   0.00     -11.60   -0.51    0.00     -0.15    -44.80  
6.00     0.00     0.01     0.00     1.93     0.00     -53.98   -0.00    -22.25   -1.64    0.01     -0.22    -76.14  
7.00     0.00     0.00     -0.00    0.85     0.00     -52.77   0.00     -21.10   -2.83    0.00     -0.31    -76.16  
8.00     0.00     -0.01    -0.01    0.26     0.00     -52.26   0.00     -22.29   -2.28    0.00     -0.18    -76.77  
9.00     0.00     0.00     0.00     3.08     0.00     -45.71   -0.00    -13.22   -2.43    0.00     -0.15    -58.43  
10.00    -0.01    0.00     0.01     0.19     -0.01    -50.31   0.00     -8.79    -0.35    0.00     -0.13    -59.40  
11.00    0.00     0.01     0.00     1.54     0.00     -52.99   -0.01    -18.64   -0.91    0.00     -0.16    -71.16  
12.00    0.00     0.00     0.00     1.34     -0.01    -54.96   0.01     -19.32   -2.12    0.00     -0.15    -75.21  
13.00    0.01     0.01     -0.00    2.23     0.00     -57.95   -0.01    -18.57   -1.53    0.00     -0.21    -76.02  
14.00    0.01     -0.01    -0.00    1.85     0.00     -54.25   0.00     -19.26   -2.34    0.00     -0.24    -74.24  
15.00    0.00     -0.00    -0.01    2.11     -0.00    -53.49   0.00     -19.15   -1.72    0.00     -0.10    -72.36  
16.00    0.00     0.00     0.00     0.44     0.00     -49.58   0.00     -20.95   -1.89    -0.00    -0.23    -72.21  
17.00    0.00     -0.00    0.00     0.97     0.00     -37.43   0.01     -22.03   -2.48    0.00     -0.28    -61.24  
18.00    0.00     0.01     -0.01    2.01     0.00     -60.16   0.00     -18.94   -2.72    0.00     -0.73    -80.54  
19.00    0.00     0.00     0.00     4.25     0.00     -51.13   -0.00    -25.86   -1.58    0.01     -0.06    -74.37  
