0.00     0.01     0.00     0.00     0.89     0.00     -14.80   0.00     -7.54    0.00     0.00     -3.31    -24.75  
1.00     0.00     0.00     0.00     0.01     0.00     -8.07    0.00     0.00     0.00     0.00     -2.74    -10.80  
2.00     0.01     0.00     0.00     0.00     0.00     -7.59    0.00     -0.01    0.00     0.01     -1.71    -9.29   
3.00     0.00     0.00     0.00     0.02     -0.01    -11.51   0.00     -9.06    0.00     0.00     -2.40    -22.96  
4.00     0.00     0.00     0.00     0.00     0.00     -13.01   0.00     0.00     0.00     0.00     -3.76    -16.77  
5.00     0.00     0.00     0.01     0.00     0.01     -5.70    0.00     0.00     0.00     0.00     -1.74    -7.42   
6.00     0.00     0.00     0.01     0.00     0.00     -4.19    0.00     0.00     -0.01    0.00     -1.47    -5.66   
7.00     -0.01    0.00     0.01     0.00     0.00     -1.17    0.00     0.00     0.00     0.00     -0.69    -1.86   
8.00     0.00     -0.01    -0.00    1.64     -0.01    -18.29   -0.01    -5.00    0.00     0.00     -4.32    -26.00  
9.00     0.00     0.00     0.00     0.00     0.00     -10.04   0.01     -5.86    0.00     0.00     -4.01    -19.90  
10.00    0.00     -0.00    -0.00    -0.00    -0.01    -6.37    0.00     0.01     0.00     0.00     -1.87    -8.24   
11.00    0.00     0.01     0.00     0.00     0.00     -3.83    -0.01    0.00     -0.00    -0.01    -1.26    -5.10   
12.00    0.00     0.00     0.00     -0.00    0.00     -16.25   0.01     -10.06   -1.84    0.00     -2.92    -31.06  
13.00    0.00     0.01     -0.00    0.00     0.00     -9.50    0.00     -0.00    0.00     0.00     -2.86    -12.35  
14.00    -0.00    0.00     0.00     0.00     0.01     -14.21   0.00     -6.49    0.00     0.00     -3.46    -24.15  
15.00    0.00     0.00     -0.00    0.00     0.01     -1.12    0.00     0.00     0.00     -0.00    -1.01    -2.12   
16.00    0.00     0.00     0.00     0.07     0.00     -8.90    0.00     0.00     0.00     0.00     -2.66    -11.49  
17.00    0.00     -0.00    0.00     -0.01    0.00     -7.07    0.01     0.01     0.00     0.00     -2.38    -9.44   
18.00    0.00     0.00     -0.01    0.91     0.00     -8.88    0.00     -11.87   0.01     -0.00    -3.67    -23.51  
19.00    0.00     -0.01    0.00     -0.00    0.00     -8.21    0.00     -0.01    -0.01    0.00     -2.99    -11.23  
