0.00     0.01     0.01     0.01     0.86     -0.00    -35.11   0.00     -6.16    -0.20    0.00     -1.75    -42.33  
1.00     0.00     0.00     -0.01    1.08     0.00     -44.16   0.00     -5.82    0.00     0.00     -1.96    -50.87  
2.00     0.00     0.00     0.00     1.77     0.00     -31.92   0.00     -10.49   -0.01    0.01     -1.34    -41.98  
3.00     -0.01    0.01     0.00     0.06     0.00     -31.24   0.00     0.00     0.00     0.00     -2.09    -33.27  
4.00     0.00     0.00     0.00     2.25     0.00     -31.99   0.00     -14.04   0.00     0.00     -1.51    -45.29  
5.00     0.01     0.00     0.00     0.83     0.00     -28.39   -0.01    -11.44   -0.29    0.00     -1.13    -40.42  
6.00     -0.01    0.00     0.01     3.42     0.00     -40.34   0.00     -3.03    -0.02    0.01     -1.21    -41.17  
7.00     -0.01    0.01     0.00     1.45     0.00     -47.54   0.00     -5.07    -5.58    0.00     -2.72    -59.46  
8.00     -0.01    -0.01    -0.00    0.30     -0.00    -25.83   0.00     0.00     0.00     0.00     -2.02    -27.57  
9.00     0.00     0.00     0.00     0.33     0.00     -33.95   0.01     -2.99    0.00     0.00     -1.33    -37.93  
10.00    0.00     0.00     0.00     0.29     -0.01    -32.17   0.00     -2.51    -0.70    0.00     -0.94    -36.04  
11.00    0.00     0.00     0.00     0.01     0.00     -28.65   0.00     -0.54    0.00     0.00     -1.69    -30.87  
12.00    0.00     0.00     0.00     2.84     0.00     -33.33   0.00     -13.40   -0.01    0.00     -1.66    -45.56  
13.00    0.01     0.00     -0.00    2.00     0.00     -44.72   0.00     -13.17   -0.83    0.00     -1.53    -58.24  
14.00    0.01     0.00     0.00     1.28     0.01     -37.24   0.00     -3.68    -0.01    -0.01    -1.40    -41.04  
15.00    0.00     0.00     0.00     0.88     -0.00    -39.20   0.00     -10.08   -0.11    0.00     -0.97    -49.48  
16.00    0.01     0.00     -0.01    0.61     0.00     -26.53   0.01     -0.01    -0.08    0.00     -1.95    -27.95  
17.00    0.00     0.00     0.00     0.29     0.00     -31.94   0.01     0.00     0.00     0.00     -1.78    -33.42  
18.00    0.00     0.01     0.00     1.17     0.00     -35.17   -0.01    0.00     0.00     0.00     -1.33    -35.33  
19.00    0.00     -0.01    0.00     0.88     0.00     -34.02   -0.00    -14.69   -0.01    0.00     -1.49    -49.34  
