0.00     0.00     0.00     0.00     2.23     -0.00    -55.84   0.00     -13.00   -2.52    0.00     -0.59    -69.72  
1.00     -0.01    0.00     -0.00    0.21     0.00     -53.94   0.01     -13.33   -0.62    0.00     -0.98    -68.66  
2.00     -0.00    0.00     0.00     1.18     -0.01    -61.57   0.00     -14.43   -2.80    0.00     -0.59    -78.22  
3.00     0.00     0.01     0.01     0.00     0.00     -58.71   0.00     -12.43   -0.51    0.00     -0.69    -72.32  
4.00     -0.00    0.00     0.00     1.66     -0.01    -52.05   0.00     -14.97   -1.88    0.00     -0.63    -67.88  
5.00     0.00     -0.01    0.01     1.78     0.00     -38.72   -0.01    -11.60   -1.01    0.00     -0.58    -50.14  
6.00     -0.01    0.00     0.00     1.93     0.00     -53.11   0.00     -22.25   -1.96    0.00     -0.47    -75.87  
7.00     -0.01    0.00     0.00     0.86     0.00     -54.82   0.00     -21.11   -2.83    0.00     -0.83    -78.74  
8.00     0.00     0.00     0.00     0.25     -0.00    -50.73   0.00     -22.27   -2.39    0.00     -0.72    -75.86  
9.00     0.00     0.00     -0.01    3.08     0.00     -47.94   0.00     -13.23   -2.80    0.00     -0.54    -61.44  
10.00    0.00     -0.00    0.00     0.19     0.00     -47.99   0.00     -8.79    -0.35    0.00     -0.38    -57.32  
11.00    0.00     0.00     0.00     1.55     -0.00    -56.89   0.00     -18.64   -0.91    0.00     -0.76    -75.65  
12.00    0.00     0.00     0.00     1.33     -0.01    -52.60   0.01     -19.32   -2.02    0.00     -0.49    -73.10  
13.00    0.00     0.00     0.00     2.23     0.00     -63.49   0.00     -18.57   -1.88    0.00     -0.87    -82.58  
14.00    0.00     -0.01    0.00     1.84     0.00     -56.13   0.00     -19.25   -2.55    0.00     -0.58    -76.68  
15.00    0.00     -0.00    -0.01    2.11     -0.00    -56.44   0.00     -19.15   -1.87    0.00     -0.45    -75.81  
16.00    0.01     0.01     -0.00    0.45     0.00     -55.02   0.00     -20.96   -2.00    0.00     -0.76    -78.27  
17.00    0.00     -0.00    0.00     0.97     0.00     -45.83   0.00     -22.02   -2.61    0.00     -0.83    -70.32  
18.00    0.00     0.00     0.00     1.42     0.00     -55.65   -0.00    -14.56   -2.40    0.00     -0.52    -71.71  
19.00    0.00     0.00     0.00     4.00     0.00     -51.94   0.00     -17.28   -1.64    0.00     -0.76    -67.62  
