0.00     0.01     0.01     0.00     0.01     -0.01    -13.50   0.00     -0.01    0.00     0.00     -0.99    -14.48  
1.00     -0.01    0.00     0.00     -0.00    -0.00    -8.16    0.00     0.00     0.00     0.00     -0.56    -8.73   
2.00     -0.00    0.01     0.00     0.00     -0.01    -8.43    -0.01    -0.01    0.00     0.01     -0.91    -9.35   
3.00     0.00     0.00     0.01     0.00     -0.01    -16.40   0.00     0.00     0.00     0.00     -1.68    -18.08  
4.00     -0.00    0.01     0.00     0.00     0.00     -6.00    0.00     0.00     0.00     -0.01    -0.57    -6.57   
5.00     0.00     -0.01    0.01     0.00     0.00     -14.73   0.00     0.00     0.00     0.00     -0.54    -15.27  
6.00     0.00     0.01     0.01     -0.00    0.00     -18.54   0.00     -0.00    0.00     0.01     -0.80    -19.31  
7.00     -0.01    0.00     0.00     0.00     0.00     -11.85   0.00     -0.01    0.00     0.00     -0.34    -12.21  
8.00     -0.01    -0.01    -0.01    0.00     0.00     -13.67   0.00     0.00     0.00     0.00     -0.76    -14.46  
9.00     0.00     0.00     -0.01    0.79     0.00     -17.00   0.00     0.00     0.00     0.01     -0.76    -16.97  
10.00    0.00     0.00     -0.00    1.63     0.00     -19.63   0.00     -0.02    0.00     0.00     -1.84    -19.86  
11.00    0.01     0.00     -0.00    0.11     0.00     -13.05   0.00     0.00     0.00     -0.01    -1.36    -14.30  
12.00    0.00     0.00     0.00     0.18     -0.01    -5.13    0.00     -5.52    -0.02    -0.01    -0.53    -11.04  
13.00    -0.00    0.01     -0.00    0.73     0.01     -21.90   0.00     -0.01    0.00     0.00     -1.81    -22.97  
14.00    0.00     0.00     -0.01    0.12     0.01     -18.47   0.00     0.01     0.00     0.00     -0.79    -19.13  
15.00    0.00     0.00     -0.00    1.16     0.00     -14.19   0.01     -0.01    0.00     0.00     -2.04    -15.07  
16.00    0.01     0.00     -0.00    -0.00    0.01     -8.92    0.01     0.00     0.00     -0.01    -0.42    -9.32   
17.00    0.00     -0.00    0.01     0.00     0.00     -12.20   0.00     -0.00    0.00     0.00     -0.29    -12.48  
18.00    0.00     0.00     0.00     -0.01    0.00     -15.75   0.00     0.00     0.00     -0.01    -0.70    -16.47  
19.00    0.00     -0.01    0.00     0.19     -0.01    -14.83   -0.01    -4.51    0.00     0.01     -0.30    -19.47  
