0.00     0.00     0.00     0.00     0.00     -0.01    -6.50    0.00     -1.45    0.01     0.00     0.00     -7.95   
1.00     -0.01    0.00     -0.01    0.00     0.01     -6.48    0.00     -0.38    0.00     0.00     0.00     -6.87   
2.00     0.00     0.01     -0.00    0.35     0.00     -9.35    -0.01    -0.95    -0.00    0.01     0.00     -9.94   
3.00     0.00     0.01     0.00     0.02     0.00     -7.50    0.00     -0.26    0.00     0.00     0.00     -7.73   
4.00     -0.01    0.00     0.00     0.00     0.00     -2.25    0.00     -0.12    0.00     0.00     0.00     -2.38   
5.00     -0.00    0.00     0.01     0.23     0.01     -8.69    0.00     -0.95    0.00     0.00     0.00     -9.39   
6.00     0.00     0.01     0.00     0.00     0.01     -2.48    0.00     -1.48    -0.00    0.00     0.00     -3.94   
7.00     0.00     0.00     -0.00    0.00     0.00     -7.77    0.00     -0.10    0.00     -0.01    0.00     -7.88   
8.00     0.00     0.00     0.00     0.00     -0.01    -7.92    0.00     -1.21    0.00     -0.01    0.00     -9.15   
9.00     -0.01    0.00     0.00     0.00     0.00     -12.38   0.01     -2.35    -0.01    0.00     0.00     -14.74  
10.00    -0.00    0.00     0.00     0.00     0.00     -9.31    0.00     0.00     0.00     0.00     0.00     -9.31   
11.00    0.00     0.00     -0.00    -0.01    0.00     -7.45    -0.01    -1.19    -0.00    -0.01    0.00     -8.67   
12.00    0.00     -0.01    0.00     0.99     -0.01    -8.44    0.00     -0.00    0.00     -0.01    0.00     -7.48   
13.00    0.00     0.00     0.00     -0.01    0.00     -3.66    0.00     -0.11    0.00     -0.01    0.00     -3.79   
14.00    0.01     0.00     -0.01    0.00     0.00     -6.71    0.00     -1.31    0.00     0.00     0.00     -8.02   
15.00    -0.01    -0.00    -0.01    -0.00    0.01     -0.33    0.00     -0.86    0.00     0.00     0.00     -1.20   
16.00    0.00     0.01     -0.01    0.01     0.00     -1.80    0.00     -0.67    0.00     -0.00    0.00     -2.46   
17.00    0.00     -0.00    0.00     0.00     0.00     -3.39    0.01     -0.27    0.00     0.00     0.00     -3.65   
18.00    0.00     0.00     0.00     -0.01    0.00     -6.95    0.00     -0.07    0.00     -0.01    0.00     -7.04   
19.00    0.00     0.00     0.00     0.25     -0.01    -7.48    0.00     -1.88    0.00     0.00     0.00     -9.12   
