0.00     0.00     0.00     0.01     0.01     -0.00    -9.43    0.00     -2.24    0.00     0.00     0.00     -11.65  
1.00     -0.01    0.00     -0.01    0.00     0.01     -5.09    0.00     -2.51    0.00     0.00     0.00     -7.61   
2.00     -0.00    0.00     0.00     0.34     0.00     -9.90    0.00     -0.96    0.00     0.00     0.00     -10.52  
3.00     0.00     0.00     0.00     0.03     0.00     -11.41   0.00     -1.29    0.00     0.00     0.00     -12.67  
4.00     0.00     0.00     0.00     0.00     -0.01    -2.53    0.00     -2.58    0.00     0.00     0.00     -5.12   
5.00     0.00     -0.01    0.01     0.23     0.01     -6.71    0.00     -2.06    0.00     0.01     0.00     -8.52   
6.00     0.00     0.00     0.01     -0.01    0.01     -6.98    -0.00    -2.51    0.00     0.01     0.00     -9.47   
7.00     0.00     0.00     0.01     0.00     -0.01    -7.14    0.00     -2.05    0.00     -0.01    0.00     -9.20   
8.00     -0.01    -0.01    0.00     0.00     0.00     -6.25    0.00     -2.30    0.00     -0.00    0.00     -8.57   
9.00     -0.00    0.00     0.00     0.66     0.01     -16.28   -0.00    -2.15    0.00     0.00     0.00     -17.76  
10.00    -0.00    -0.00    0.00     0.00     -0.01    -7.23    0.00     -0.86    0.00     0.00     0.00     -8.10   
11.00    0.00     0.01     -0.00    0.00     0.00     -13.32   0.00     -2.52    0.00     -0.01    0.00     -15.84  
12.00    0.00     0.00     0.00     0.99     -0.01    -8.00    0.00     -2.23    0.00     -0.00    0.00     -9.25   
13.00    0.00     0.01     -0.00    -0.01    0.01     -10.72   0.00     -2.21    0.00     -0.01    0.00     -12.93  
14.00    -0.00    -0.01    0.00     0.01     0.01     -9.51    -0.00    -2.42    0.00     0.00     0.00     -11.92  
15.00    -0.01    0.00     -0.01    0.29     0.00     -5.84    0.00     -1.59    0.00     0.00     0.00     -7.16   
16.00    0.00     0.00     0.00     0.01     0.00     -5.55    -0.00    -2.24    0.00     0.00     0.00     -7.78   
17.00    0.00     -0.00    0.00     0.00     0.00     -11.89   0.00     -1.30    0.00     0.00     0.00     -13.19  
18.00    0.00     0.00     0.00     -0.01    0.00     -11.20   0.00     -2.20    0.00     -0.00    0.00     -13.41  
19.00    0.00     0.00     0.00     0.01     0.00     -7.28    -0.01    -2.63    0.00     0.00     0.00     -9.91   
