0.00     0.01     0.00     0.00     0.01     -0.00    -13.58   0.00     -0.40    0.00     0.00     0.00     -13.96  
1.00     -0.01    0.00     -0.01    0.00     0.01     -7.15    0.00     -0.46    0.00     0.00     0.00     -7.62   
2.00     -0.00    0.00     0.00     0.34     0.00     -10.30   0.00     -0.04    0.00     0.01     0.00     -9.99   
3.00     0.00     0.00     0.00     -0.01    0.00     -11.48   0.00     0.00     0.00     0.00     0.00     -11.49  
4.00     0.00     0.00     0.00     0.00     0.00     -6.82    0.00     -0.27    0.00     -0.01    0.00     -7.10   
5.00     -0.00    -0.01    0.01     0.24     0.01     -12.46   0.00     0.00     0.00     0.00     0.00     -12.21  
6.00     0.00     0.00     0.01     0.00     0.00     -14.72   0.00     -0.08    0.00     0.01     0.00     -14.78  
7.00     0.00     0.01     0.00     0.00     0.00     -12.05   0.00     -1.48    0.00     0.00     0.00     -13.52  
8.00     0.00     0.00     0.00     0.00     0.00     -7.71    0.00     -0.46    0.00     0.00     0.00     -8.17   
9.00     0.00     0.00     0.00     0.66     0.00     -18.11   0.00     -0.10    0.00     0.00     0.00     -17.55  
10.00    -0.01    -0.00    0.00     1.42     0.00     -12.46   0.00     -0.16    0.00     -0.00    0.00     -11.21  
11.00    0.01     0.00     0.00     0.10     0.00     -12.03   0.00     0.00     0.00     0.00     0.00     -11.92  
12.00    0.00     0.00     0.01     0.00     -0.01    -2.89    0.00     -0.83    0.00     0.00     0.00     -3.72   
13.00    0.00     -0.00    0.00     -0.00    0.00     -13.70   0.00     0.00     0.00     0.00     0.00     -13.70  
14.00    0.00     0.00     0.00     0.12     0.01     -14.26   -0.00    -0.83    0.00     0.00     0.00     -14.96  
15.00    0.00     0.00     -0.01    1.14     -0.00    -11.45   0.00     -1.81    0.00     -0.00    0.00     -12.13  
16.00    0.01     0.00     -0.00    0.01     0.00     -10.47   0.00     -1.37    0.00     -0.00    0.00     -11.82  
17.00    0.00     -0.00    0.01     0.00     0.00     -14.11   0.00     -0.08    0.00     0.00     0.00     -14.18  
18.00    0.00     0.00     0.00     0.00     -0.01    -11.87   -0.00    -1.20    0.00     -0.01    0.00     -13.09  
19.00    0.00     -0.01    0.00     0.19     -0.01    -14.89   -0.01    -4.51    0.00     0.00     0.00     -19.24  
