0        1155.23  872.29   219.02   70.19    -2285.42 -1503.55 -5652.27 -408.15  -163.24  -121.06  -14.95   -7831.90
1        1150.61  893.64   220.51   69.88    -2291.31 -1500.64 -5640.56 -384.56  -149.88  -114.70  -14.55   -7761.56
2        1148.90  876.38   217.80   76.20    -2289.70 -1497.85 -5640.42 -388.05  -152.16  -115.05  -14.11   -7778.06
3        1191.22  864.24   205.80   79.38    -2259.81 -1503.06 -5650.27 -409.18  -160.01  -116.39  -14.28   -7772.36
4        1232.83  863.53   214.09   81.66    -2285.94 -1483.92 -5650.08 -401.43  -153.16  -116.37  -14.49   -7713.28
5        1206.40  874.79   208.11   82.92    -2256.44 -1496.03 -5648.91 -378.45  -151.11  -123.59  -14.17   -7696.48
6        1210.13  855.12   224.48   66.43    -2293.32 -1486.80 -5654.90 -403.24  -157.47  -117.61  -15.01   -7772.20
7        1196.18  870.33   220.12   90.09    -2268.22 -1495.44 -5634.99 -421.90  -161.32  -118.73  -13.45   -7737.34
8        1217.95  898.90   213.39   71.32    -2270.11 -1502.22 -5647.29 -381.86  -159.09  -116.38  -14.48   -7689.88
9        1225.84  875.67   222.16   68.55    -2305.56 -1497.78 -5645.85 -380.10  -157.42  -115.29  -15.08   -7724.87
10       1236.92  869.93   227.83   75.22    -2273.32 -1507.11 -5639.59 -394.33  -150.87  -121.42  -15.35   -7692.09
11       1212.02  871.45   221.68   75.94    -2244.66 -1492.89 -5646.81 -402.05  -158.94  -119.37  -15.08   -7698.69
12       1194.61  881.86   209.79   74.55    -2280.72 -1507.64 -5649.99 -406.44  -161.22  -119.80  -14.74   -7779.74
13       1210.84  882.79   237.42   84.65    -2255.13 -1483.79 -5646.66 -380.02  -152.63  -121.53  -15.05   -7639.11
14       1174.20  860.05   219.23   71.00    -2276.42 -1495.73 -5657.54 -396.50  -152.03  -116.94  -14.81   -7785.48
15       1195.17  903.71   219.82   63.27    -2266.72 -1492.72 -5642.36 -430.30  -157.00  -120.63  -14.45   -7742.21
16       1168.34  873.96   215.79   83.65    -2282.35 -1485.99 -5650.05 -425.61  -160.05  -118.07  -14.49   -7794.86
17       1190.82  879.44   228.59   72.18    -2287.44 -1492.32 -5645.91 -401.02  -158.11  -116.67  -14.11   -7744.56
18       1216.78  852.41   215.75   92.86    -2269.95 -1500.12 -5645.91 -412.38  -159.16  -123.35  -14.05   -7747.13
19       1183.85  891.55   206.19   69.04    -2289.21 -1484.03 -5644.06 -404.42  -159.50  -120.06  -13.99   -7764.64
