0.00     0.00     0.00     0.00     0.87     -0.00    -16.57   0.00     0.00     -0.30    0.00     0.00     -16.00  
1.00     -0.00    0.01     -0.01    1.72     0.00     -24.63   0.01     -0.27    -0.37    0.00     0.00     -23.54  
2.00     0.00     0.00     0.00     0.04     -0.01    -18.02   0.00     0.00     0.00     0.00     0.00     -17.99  
3.00     -0.01    0.01     0.00     -0.00    0.00     -9.92    0.00     0.00     0.00     0.00     0.00     -9.92   
4.00     0.00     0.01     0.00     0.00     -0.01    -6.65    -0.01    -0.01    0.00     0.00     0.00     -6.67   
5.00     0.00     -0.01    0.00     1.10     0.01     -17.21   0.00     0.00     -0.41    0.00     0.00     -16.52  
6.00     0.00     0.00     0.01     0.45     0.00     -11.25   0.00     -0.01    0.00     0.00     0.00     -10.80  
7.00     -0.01    0.01     0.00     0.00     0.00     -9.13    0.00     -0.01    0.01     0.00     0.00     -9.13   
8.00     -0.01    -0.01    -0.00    0.00     -0.00    -13.87   -0.01    0.01     0.01     0.00     0.00     -13.88  
9.00     -0.00    -0.01    0.00     1.27     0.01     -13.46   -0.00    -0.16    -0.26    0.00     0.00     -12.61  
10.00    0.00     -0.00    0.00     0.49     0.00     -16.97   0.00     0.00     -0.70    0.00     0.00     -17.18  
11.00    0.01     0.00     0.00     -0.01    0.00     -8.92    0.00     -0.02    0.00     0.00     0.00     -8.94   
12.00    0.00     0.00     0.00     0.00     -0.01    -12.31   0.00     0.00     -0.29    0.00     0.00     -12.61  
13.00    0.00     0.01     -0.00    0.16     0.00     -12.74   0.00     0.00     0.00     0.00     0.00     -12.57  
14.00    0.01     -0.01    0.00     0.34     0.01     -16.19   0.00     0.00     -0.34    0.00     0.00     -16.18  
15.00    -0.01    0.00     0.00     0.00     0.00     -8.12    0.01     -0.00    0.01     0.00     0.00     -8.11   
16.00    0.00     0.00     -0.00    0.41     0.00     -12.41   -0.00    -0.01    -0.03    0.00     0.00     -12.04  
17.00    0.00     0.00     0.00     0.00     0.01     -6.70    0.00     0.00     -0.00    0.00     0.00     -6.69   
18.00    0.00     0.00     0.00     0.00     0.00     -7.01    0.00     0.00     0.00     0.00     0.00     -7.01   
19.00    -0.01    0.00     0.00     0.00     0.00     -6.49    -0.00    -0.00    0.00     0.00     0.00     -6.50   
