0.00     0.01     0.01     0.00     0.86     -0.01    -33.81   0.00     -6.16    -0.20    0.00     -0.96    -40.26  
1.00     0.00     0.01     -0.01    1.00     0.00     -36.96   0.00     -1.14    -0.01    0.00     0.14     -36.97  
2.00     0.01     0.00     0.00     1.78     0.00     -23.44   -0.01    -10.49   -0.01    0.00     0.07     -32.09  
3.00     -0.01    0.00     0.01     -0.01    -0.01    -20.38   0.01     0.00     0.00     0.00     0.02     -20.37  
4.00     0.00     0.00     0.00     2.25     0.00     -24.51   0.00     -14.03   0.00     0.00     -0.45    -36.74  
5.00     0.00     0.00     -0.00    0.24     0.00     -23.52   0.00     -11.44   -0.01    0.00     -0.11    -34.84  
6.00     0.00     0.01     0.00     3.11     0.01     -36.00   0.00     -3.03    -0.02    0.00     0.29     -35.63  
7.00     0.00     0.00     0.01     1.45     -0.01    -40.39   0.00     -5.01    -5.58    0.00     -1.60    -51.13  
8.00     0.00     -0.00    0.00     0.48     -0.01    -19.15   0.00     0.00     0.00     -0.00    -0.19    -18.87  
9.00     -0.00    0.00     0.00     0.34     0.00     -31.73   0.01     -2.99    0.00     0.00     0.69     -33.68  
10.00    0.00     0.00     0.00     0.58     0.00     -33.62   0.00     -0.13    -0.03    0.00     0.01     -33.19  
11.00    0.00     0.01     0.00     0.01     0.00     -18.57   0.00     -1.87    0.00     -0.01    -0.20    -20.63  
12.00    0.00     0.00     0.00     0.67     0.00     -26.45   0.00     -11.06   -0.01    -0.01    -0.22    -37.08  
13.00    0.00     0.00     -0.00    0.87     0.00     -42.21   0.00     -13.17   -0.10    -0.00    0.63     -53.98  
14.00    0.00     0.00     0.00     0.13     0.01     -30.75   0.00     -1.26    0.00     -0.01    0.10     -31.78  
15.00    0.00     0.00     0.00     0.88     0.00     -33.69   0.01     -10.08   -0.11    0.00     0.11     -42.88  
16.00    0.01     -0.00    0.00     0.57     0.00     -17.28   -0.00    -1.18    -0.08    -0.00    0.17     -17.79  
17.00    0.00     -0.00    0.00     0.16     0.01     -21.47   0.00     0.00     0.00     0.00     -0.15    -21.45  
18.00    0.00     0.01     -0.01    1.18     0.00     -30.26   0.00     -1.36    0.00     0.00     -0.32    -30.76  
19.00    0.00     0.00     0.00     0.88     -0.01    -27.43   0.00     -14.69   -0.01    0.01     0.01     -41.24  
