0.00     0.01     0.00     0.01     0.88     -0.01    -16.65   0.00     -10.39   0.00     0.00     -3.31    -29.46  
1.00     -0.01    0.00     -0.01    0.82     0.00     -13.67   0.00     -0.21    -0.52    0.00     -2.74    -16.34  
2.00     -0.00    0.00     0.00     0.00     0.00     -10.57   0.00     -0.01    0.00     0.01     -1.71    -12.28  
3.00     0.00     0.00     0.00     0.02     -0.01    -12.71   0.00     -9.06    0.00     0.00     -2.40    -24.16  
4.00     -0.01    0.00     0.01     0.00     -0.01    -13.01   0.00     0.00     0.00     0.00     -3.76    -16.78  
5.00     -0.00    -0.01    -0.00    1.09     0.00     -10.87   -0.01    0.00     -0.06    0.01     -1.74    -11.59  
6.00     0.00     0.00     0.00     -0.00    0.00     -7.34    0.00     -0.01    0.00     0.00     -1.47    -8.82   
7.00     -0.00    0.00     0.00     0.00     0.00     -2.69    0.00     0.00     0.00     0.00     -0.69    -3.38   
8.00     -0.01    0.00     -0.01    1.65     0.00     -18.49   -0.01    -5.00    0.00     0.00     -4.32    -26.19  
9.00     0.00     0.00     0.00     -0.00    0.00     -10.30   0.01     -5.86    0.00     0.00     -4.01    -20.16  
10.00    -0.01    0.00     0.00     0.00     0.00     -5.82    0.00     -0.00    0.00     0.01     -1.87    -7.69   
11.00    0.00     0.01     0.00     0.00     0.00     -5.16    0.00     0.00     0.00     -0.01    -1.26    -6.42   
12.00    0.00     0.00     0.00     -0.00    -0.01    -19.83   0.00     -10.06   -1.07    0.00     -2.92    -33.89  
13.00    0.00     0.00     0.00     -0.01    0.01     -9.00    0.00     -1.28    0.00     0.00     -2.86    -13.14  
14.00    0.00     0.00     0.00     0.00     0.00     -16.30   -0.00    -5.69    0.00     0.00     -3.46    -25.45  
15.00    0.00     -0.00    0.00     0.00     0.00     -1.78    0.00     0.00     0.00     -0.00    -1.01    -2.79   
16.00    0.00     0.00     -0.00    0.08     0.00     -11.31   0.01     0.00     -0.01    0.00     -2.66    -13.89  
17.00    -0.01    0.00     0.00     -0.00    0.00     -8.32    0.00     0.00     0.00     0.00     -2.38    -10.71  
18.00    0.00     0.00     -0.01    0.91     0.00     -8.80    0.00     -11.87   0.01     -0.00    -3.67    -23.43  
19.00    -0.01    0.00     -0.01    -0.00    0.00     -9.00    -0.01    -0.01    0.00     0.00     -2.99    -12.03  
