0        1152.64  878.47   221.21   68.34    -2282.71 -1495.53 -5705.40 -387.84  -154.03  -128.64  -15.94   -7849.42
1        1153.53  895.45   219.95   68.35    -2292.40 -1479.57 -5691.59 -384.29  -149.51  -121.92  -15.11   -7797.11
2        1157.39  884.60   218.87   75.11    -2277.76 -1485.05 -5689.83 -388.07  -152.16  -120.01  -15.02   -7791.92
3        1196.92  864.36   207.59   75.50    -2249.49 -1502.15 -5697.38 -382.55  -151.91  -121.33  -15.96   -7776.41
4        1246.96  870.93   214.75   81.62    -2273.27 -1481.10 -5700.46 -392.17  -150.23  -122.96  -15.06   -7721.01
5        1207.77  861.10   209.30   81.86    -2252.13 -1493.93 -5690.63 -379.06  -150.04  -129.35  -14.71   -7749.82
6        1206.18  859.26   227.78   64.96    -2288.89 -1488.24 -5702.06 -380.54  -150.26  -124.61  -15.81   -7792.22
7        1196.20  877.58   220.74   89.06    -2263.81 -1492.92 -5685.90 -398.94  -152.59  -126.50  -13.79   -7750.86
8        1217.91  896.13   215.75   70.39    -2258.95 -1503.28 -5697.20 -359.51  -151.73  -123.42  -15.24   -7709.15
9        1230.82  874.89   221.05   65.92    -2302.82 -1498.71 -5695.49 -373.22  -152.41  -120.59  -15.84   -7766.40
10       1240.19  877.13   231.41   76.05    -2265.50 -1506.71 -5687.20 -394.35  -150.17  -124.82  -17.19   -7721.16
11       1215.27  878.63   222.71   74.13    -2246.69 -1492.56 -5694.97 -378.17  -151.73  -126.01  -16.44   -7715.83
12       1191.54  872.32   211.31   72.71    -2274.35 -1499.28 -5703.48 -385.42  -152.72  -126.56  -15.27   -7809.21
13       1208.24  884.56   235.05   84.79    -2252.46 -1489.54 -5695.93 -379.79  -152.63  -127.41  -16.86   -7701.98
14       1174.04  867.76   220.17   70.78    -2270.49 -1495.20 -5709.39 -396.51  -150.63  -125.05  -15.60   -7830.12
15       1208.90  914.70   218.67   63.74    -2264.60 -1492.92 -5696.10 -406.41  -152.94  -126.28  -16.49   -7749.73
16       1174.56  875.36   218.04   82.38    -2278.26 -1477.64 -5700.90 -399.36  -151.51  -125.91  -14.91   -7798.16
17       1197.20  883.65   226.23   71.70    -2275.63 -1494.57 -5695.42 -377.98  -149.67  -122.92  -14.40   -7751.82
18       1213.69  849.35   219.71   93.13    -2261.14 -1501.86 -5697.83 -394.93  -152.15  -131.73  -14.75   -7778.50
19       1185.92  892.25   205.29   69.52    -2276.95 -1488.97 -5691.31 -383.22  -150.74  -125.89  -14.29   -7778.40
