0.00     0.01     0.00     0.00     0.01     -0.00    -11.53   0.00     -0.01    0.00     0.00     -0.99    -12.51  
1.00     0.00     0.00     -0.01    0.01     -0.00    -6.31    0.00     0.00     0.00     0.00     -0.56    -6.87   
2.00     0.00     0.00     0.00     0.00     0.00     -7.32    0.00     -0.01    0.00     -0.00    -0.91    -8.24   
3.00     0.00     0.01     0.00     0.00     0.00     -16.45   0.00     0.00     0.00     0.00     -1.68    -18.12  
4.00     -0.01    0.00     0.01     0.00     0.00     -5.84    0.00     0.00     0.00     0.00     -0.57    -6.41   
5.00     0.00     -0.01    0.00     0.00     0.00     -13.95   0.00     0.00     0.00     0.01     -0.54    -14.49  
6.00     0.00     0.00     0.00     -0.00    0.00     -17.31   -0.00    -0.00    0.00     0.00     -0.80    -18.11  
7.00     0.00     0.01     0.00     0.00     0.00     -10.72   0.00     -0.01    0.00     0.00     -0.34    -11.06  
8.00     0.00     -0.01    0.00     0.00     -0.01    -17.88   0.00     -0.01    -0.36    0.00     -0.76    -19.03  
9.00     -0.00    0.00     0.00     0.13     0.00     -15.57   0.01     0.00     0.00     0.00     -0.76    -16.19  
10.00    0.00     -0.00    0.00     1.64     0.00     -19.61   -0.01    -0.02    0.00     0.00     -1.84    -19.84  
11.00    0.01     0.00     0.00     0.10     0.00     -14.00   0.00     0.00     0.00     -0.01    -1.36    -15.26  
12.00    0.00     0.00     0.00     0.18     0.00     -4.10    0.01     -5.52    -0.02    0.00     -0.53    -9.98   
13.00    0.00     0.01     0.00     0.73     0.00     -20.00   0.00     -0.01    0.00     -0.01    -1.81    -21.09  
14.00    0.00     0.00     -0.00    0.11     0.00     -17.96   -0.00    0.01     0.00     0.00     -0.79    -18.63  
15.00    0.00     0.00     -0.01    0.87     0.00     -12.52   0.00     -0.01    0.00     0.00     -2.04    -13.71  
16.00    0.01     0.00     -0.00    -0.00    -0.00    -7.25    0.01     0.00     0.00     0.00     -0.42    -7.65   
17.00    0.00     -0.00    0.00     0.00     0.00     -10.77   0.01     -0.00    0.00     0.00     -0.29    -11.05  
18.00    0.00     0.00     -0.01    -0.01    0.00     -15.69   0.00     0.00     0.00     0.00     -0.70    -16.41  
19.00    -0.01    0.00     0.00     0.19     0.00     -14.08   -0.00    -4.51    0.00     0.01     -0.30    -18.70  
