0        1156.52  887.39   222.94   69.47    -2279.74 -1503.00 -5667.93 -408.51  -154.03  -122.11  -17.57   -7816.57
1        1151.75  895.90   222.57   68.09    -2295.35 -1494.63 -5658.23 -384.49  -151.43  -114.70  -16.78   -7777.31
2        1153.69  884.30   218.11   79.23    -2288.61 -1497.78 -5658.21 -396.42  -156.83  -115.05  -15.29   -7792.87
3        1193.28  864.73   207.09   76.26    -2253.39 -1494.15 -5664.37 -382.27  -151.91  -116.43  -15.64   -7736.78
4        1238.73  867.65   216.01   81.69    -2282.13 -1484.97 -5661.07 -392.17  -150.23  -116.37  -17.26   -7700.13
5        1208.41  875.86   209.91   83.41    -2245.68 -1500.87 -5666.48 -378.45  -151.44  -123.59  -15.39   -7704.30
6        1208.06  854.42   225.12   65.55    -2294.57 -1477.24 -5664.05 -380.53  -150.26  -117.61  -16.05   -7747.15
7        1193.14  871.41   220.76   90.20    -2262.63 -1484.98 -5650.95 -406.97  -152.59  -119.84  -13.60   -7716.04
8        1216.73  900.50   213.90   72.06    -2263.73 -1501.75 -5661.68 -364.39  -151.37  -116.38  -18.01   -7674.12
9        1225.79  880.28   222.51   66.44    -2311.18 -1492.54 -5667.61 -379.08  -152.41  -115.29  -18.09   -7741.19
10       1241.96  868.58   229.44   74.74    -2274.63 -1495.64 -5659.18 -394.67  -150.17  -122.37  -16.55   -7698.48
11       1206.61  878.37   221.50   74.43    -2250.63 -1483.79 -5655.47 -377.62  -151.73  -119.37  -15.91   -7673.61
12       1196.16  877.01   209.32   72.98    -2275.67 -1505.69 -5658.72 -379.90  -152.70  -119.80  -16.20   -7753.23
13       1215.63  885.59   237.26   85.68    -2258.24 -1491.26 -5658.92 -403.21  -161.02  -121.53  -17.45   -7687.48
14       1179.52  859.06   220.79   71.53    -2270.61 -1494.63 -5671.10 -402.19  -150.63  -116.94  -17.59   -7792.78
15       1200.84  906.79   218.67   62.77    -2264.94 -1481.54 -5658.24 -406.51  -152.94  -121.19  -14.92   -7711.20
16       1173.47  875.85   220.26   82.62    -2278.63 -1482.39 -5658.50 -399.24  -151.52  -118.07  -16.74   -7752.91
17       1189.51  880.03   226.98   71.20    -2279.70 -1492.83 -5660.88 -377.59  -149.67  -116.93  -15.97   -7725.85
18       1219.58  850.31   219.14   92.91    -2263.00 -1492.60 -5659.85 -414.40  -152.15  -124.40  -16.35   -7740.81
19       1191.69  891.32   206.84   68.59    -2285.11 -1481.69 -5651.97 -378.72  -150.74  -120.06  -16.35   -7726.19
