0.00     0.01     0.00     0.00     0.89     0.00     -19.02   0.00     -10.39   0.00     0.00     -2.97    -31.48  
1.00     0.00     0.00     -0.00    0.82     0.01     -19.55   0.00     -0.20    -1.92    0.00     -2.66    -23.50  
2.00     0.00     0.00     0.00     -0.01    0.00     -13.03   -0.01    -0.01    0.01     0.00     -1.68    -14.73  
3.00     -0.01    0.00     0.01     -0.01    0.00     -7.21    0.00     0.01     0.00     0.00     -1.77    -8.98   
4.00     0.00     0.00     0.00     0.00     0.00     -10.98   0.00     0.00     0.00     0.00     -3.29    -14.27  
5.00     0.00     0.00     0.01     1.09     0.00     -18.64   0.00     0.00     -1.40    0.00     -1.65    -20.59  
6.00     -0.01    0.01     0.00     0.00     0.00     -7.24    0.00     0.00     0.00     0.00     -1.45    -8.69   
7.00     -0.01    0.01     -0.00    0.00     -0.01    -2.59    0.00     0.00     0.00     -0.01    -0.62    -3.23   
8.00     -0.01    0.00     0.00     1.60     -0.01    -15.26   0.00     -4.97    0.00     0.00     -3.92    -22.57  
9.00     -0.00    0.00     0.00     0.01     0.01     -12.34   0.00     -5.86    0.00     0.00     -3.48    -21.66  
10.00    0.00     -0.01    0.00     -0.00    -0.01    -7.37    0.00     -0.00    0.00     0.00     -1.64    -9.03   
11.00    0.00     0.00     0.00     -0.01    0.00     -5.98    0.00     0.00     0.00     0.00     -1.23    -7.22   
12.00    0.00     0.00     0.01     0.00     0.00     -13.83   0.00     0.00     0.00     0.00     -1.98    -15.80  
13.00    0.00     0.00     -0.00    0.16     0.01     -11.81   0.00     0.00     0.00     0.00     -2.82    -14.46  
14.00    0.00     0.00     -0.01    0.00     0.00     -18.23   -0.00    -5.69    0.00     0.00     -3.17    -27.10  
15.00    0.00     -0.00    -0.00    0.00     -0.00    -1.78    0.00     0.00     0.00     0.00     -0.85    -2.63   
16.00    0.00     0.01     -0.01    0.07     0.00     -11.36   0.01     0.00     -0.01    0.00     -2.65    -13.94  
17.00    0.00     -0.00    0.00     -0.01    0.00     -9.18    0.01     0.00     0.00     0.00     -2.31    -11.49  
18.00    0.00     0.00     0.00     0.91     0.00     -7.16    -0.00    -11.87   0.00     -0.01    -2.73    -20.86  
19.00    0.00     0.00     0.00     0.00     -0.01    -7.84    -0.01    -0.01    0.00     0.00     -2.80    -10.67  
