0.00     0.00     0.00     0.01     0.00     -0.00    -5.14    0.00     -0.76    0.00     0.00     -0.17    -6.06   
1.00     -0.01    0.00     0.00     0.00     -0.00    -7.11    0.00     0.00     0.00     0.00     -0.32    -7.44   
2.00     0.01     0.00     -0.01    0.00     0.00     -11.27   -0.01    -1.12    0.00     0.01     0.01     -12.38  
3.00     0.00     0.00     0.00     0.02     -0.01    -13.76   0.01     0.00     0.00     0.00     -0.05    -13.79  
4.00     -0.01    0.00     0.00     0.00     -0.01    -4.65    0.00     -0.47    0.00     0.00     -0.04    -5.18   
5.00     0.01     0.00     0.00     0.00     0.01     -9.93    0.00     -0.00    0.00     0.00     -0.10    -10.01  
6.00     -0.01    0.00     0.00     0.00     0.00     -4.27    0.00     -1.91    -0.00    0.00     -0.12    -6.31   
7.00     0.00     0.00     -0.00    0.00     0.00     -10.23   0.00     -0.70    0.00     0.00     -0.10    -11.03  
8.00     0.00     -0.01    -0.00    0.00     -0.01    -10.39   -0.01    -0.62    0.00     -0.00    -0.12    -11.16  
9.00     -0.01    0.00     0.00     0.00     0.00     -13.21   0.01     -1.97    0.00     0.01     -0.03    -15.20  
10.00    0.00     -0.01    0.00     -0.00    -0.01    -9.06    0.00     -0.67    0.00     0.00     -0.04    -9.79   
11.00    0.01     0.01     -0.00    -0.01    0.00     -13.16   0.00     -0.01    0.00     0.00     -0.08    -13.24  
12.00    0.00     0.00     0.00     0.99     0.00     -14.52   0.00     -4.78    -0.00    -0.01    -0.10    -18.42  
13.00    0.00     0.00     -0.00    0.00     0.00     -7.06    0.00     -2.61    0.00     -0.01    -0.05    -9.73   
14.00    0.00     0.00     0.00     0.00     0.00     -9.56    0.01     -0.64    0.00     0.00     -0.08    -10.27  
15.00    0.00     -0.00    0.00     -0.00    0.00     -4.25    0.00     -1.65    0.00     0.00     -0.07    -5.97   
16.00    0.01     0.01     -0.00    0.00     0.00     -4.60    0.01     -0.10    0.00     -0.00    -0.09    -4.76   
17.00    0.00     0.00     0.00     -0.01    0.00     -3.11    0.01     -1.24    -0.00    0.00     -0.14    -4.49   
18.00    -0.01    0.01     0.00     0.58     0.00     -13.96   -0.00    -4.56    0.00     0.00     -0.69    -18.63  
19.00    -0.01    -0.01    -0.01    0.25     -0.01    -10.95   -0.00    -9.26    0.00     0.01     -0.03    -20.02  
