0        1157.91  878.03   217.61   69.25    -2274.66 -1505.83 -5682.24 -395.77  -154.23  -122.51  -16.01   -7828.45
1        1138.19  893.77   221.13   68.21    -2293.07 -1498.28 -5659.74 -392.94  -149.51  -115.93  -14.14   -7802.32
2        1150.97  879.67   218.84   77.11    -2283.63 -1497.99 -5663.83 -408.10  -159.55  -116.84  -14.21   -7817.54
3        1205.16  866.23   203.99   76.83    -2248.83 -1503.49 -5684.50 -382.24  -151.91  -117.51  -14.91   -7751.18
4        1239.09  868.13   217.80   83.69    -2279.21 -1492.67 -5671.11 -406.51  -150.23  -116.63  -15.17   -7722.82
5        1204.86  864.70   210.28   82.27    -2242.27 -1502.81 -5664.10 -403.53  -150.06  -124.78  -15.73   -7741.18
6        1211.57  852.62   228.20   65.04    -2289.94 -1497.68 -5682.24 -380.87  -150.28  -119.40  -16.17   -7779.15
7        1202.98  872.56   220.84   90.41    -2266.26 -1509.94 -5663.48 -401.22  -158.16  -121.08  -15.15   -7748.50
8        1217.15  900.50   216.31   71.00    -2263.68 -1502.52 -5676.21 -359.71  -151.39  -119.91  -16.21   -7684.67
9        1223.64  879.87   221.85   67.33    -2298.26 -1506.17 -5664.57 -407.32  -152.41  -117.51  -14.70   -7768.26
10       1245.99  887.29   231.94   75.53    -2253.87 -1506.72 -5662.37 -394.46  -150.20  -121.46  -15.93   -7664.27
11       1213.56  878.17   221.75   77.64    -2245.01 -1494.47 -5670.99 -396.98  -156.94  -121.10  -15.60   -7709.97
12       1191.89  874.54   209.96   73.13    -2274.23 -1509.72 -5682.64 -379.92  -152.70  -122.66  -15.73   -7788.08
13       1210.67  886.93   242.28   86.18    -2259.82 -1516.22 -5677.49 -396.07  -152.72  -122.65  -16.66   -7715.58
14       1183.05  862.97   224.09   71.08    -2257.99 -1496.58 -5674.79 -396.68  -150.63  -118.11  -16.00   -7769.59
15       1199.34  905.78   223.23   63.51    -2268.58 -1505.61 -5674.50 -416.18  -153.05  -121.99  -14.46   -7762.52
16       1171.38  882.89   219.22   83.87    -2277.14 -1486.20 -5675.21 -421.84  -158.19  -119.80  -14.06   -7795.08
17       1187.02  880.81   223.98   71.06    -2275.51 -1503.09 -5672.09 -389.30  -150.23  -117.90  -14.64   -7759.90
18       1214.37  859.95   219.02   92.46    -2264.86 -1510.34 -5673.85 -395.55  -152.15  -124.23  -14.94   -7750.13
19       1193.19  889.94   203.99   67.90    -2278.67 -1493.28 -5673.24 -394.05  -150.74  -122.01  -14.22   -7771.19
