0.00     0.00     0.00     0.00     0.83     0.00     -22.37   0.00     -7.92    -0.20    0.00     -1.14    -30.80  
1.00     0.00     0.00     -0.00    0.85     -0.00    -22.80   0.00     -0.01    0.00     0.00     -0.06    -22.02  
2.00     0.00     0.00     -0.01    0.21     0.00     -12.08   -0.01    -0.02    -0.00    0.00     -0.19    -12.10  
3.00     0.00     0.00     0.00     -0.01    0.00     -15.86   0.01     0.00     0.00     0.00     -0.43    -16.29  
4.00     -0.01    0.00     0.00     2.25     0.00     -17.11   0.00     -14.34   0.00     0.00     -0.58    -29.79  
5.00     -0.00    0.00     0.01     0.03     0.01     -19.44   0.00     -6.48    -0.01    0.01     -0.38    -26.25  
6.00     0.00     0.01     0.00     0.06     0.00     -27.05   0.00     -0.01    -0.02    0.00     -0.35    -27.36  
7.00     0.00     0.00     0.00     1.44     0.00     -27.50   0.00     -3.08    -5.57    0.00     -1.76    -36.47  
8.00     0.00     0.00     -0.01    0.48     -0.01    -15.49   0.00     0.00     -0.02    0.00     -1.32    -16.37  
9.00     0.00     -0.01    0.00     0.05     0.00     -20.20   0.01     -0.87    0.00     0.00     0.17     -20.85  
10.00    0.00     -0.00    0.00     0.59     0.00     -17.99   0.00     -0.13    -0.03    0.00     -0.15    -17.71  
11.00    0.00     0.01     0.01     0.00     -0.00    -10.19   0.00     -0.01    -0.01    0.00     -0.37    -10.56  
12.00    0.00     0.00     0.01     0.01     0.00     -17.65   0.00     -0.00    0.00     -0.01    -0.57    -18.21  
13.00    0.00     0.01     0.00     1.99     0.01     -44.36   0.00     -16.27   -0.09    -0.00    -1.08    -59.79  
14.00    0.01     -0.01    0.00     0.13     0.01     -21.94   0.00     0.00     0.00     0.00     -0.76    -22.56  
15.00    0.00     -0.00    -0.00    0.70     0.01     -25.87   0.01     -9.29    -0.11    0.00     -0.10    -34.65  
16.00    0.01     0.00     0.00     0.01     0.00     -9.15    0.00     -0.01    0.00     0.00     -0.03    -9.17   
17.00    0.00     -0.00    0.00     0.00     0.00     -15.71   0.00     0.01     0.01     0.00     -0.37    -16.06  
18.00    0.00     0.01     -0.01    0.16     0.00     -26.07   -0.00    -0.62    0.00     -0.00    -0.79    -27.32  
19.00    0.00     -0.01    -0.01    0.40     0.00     -17.96   -0.01    -15.31   0.00     0.00     -0.14    -33.04  
