0.00     0.00     0.00     0.01     2.23     -0.01    -46.55   0.00     -14.18   -0.41    0.00     -0.32    -59.23  
1.00     0.00     0.00     -0.00    0.21     -0.00    -50.61   0.00     -14.45   -0.57    0.00     -0.57    -65.99  
2.00     0.00     0.00     0.00     1.18     0.00     -47.90   0.00     -15.66   -0.79    0.01     -0.08    -63.24  
3.00     -0.01    0.00     0.00     0.00     0.00     -53.68   0.00     -13.01   -0.25    0.00     -0.06    -67.01  
4.00     0.00     0.01     0.00     1.66     0.00     -45.38   0.00     -16.29   -1.01    0.00     -0.14    -61.15  
5.00     -0.00    0.00     0.00     1.78     0.00     -38.35   0.00     -12.96   -0.51    0.00     -0.15    -50.19  
6.00     0.00     -0.00    0.00     1.93     0.00     -49.20   0.00     -23.42   -0.89    0.00     -0.22    -71.80  
7.00     0.00     0.00     0.01     0.56     0.00     -46.69   0.00     -22.37   -1.05    0.00     -0.31    -69.85  
8.00     -0.00    -0.01    0.00     0.26     0.00     -48.57   0.00     -23.56   -0.51    -0.00    -0.18    -72.57  
9.00     0.00     0.00     0.00     3.08     0.00     -43.65   -0.00    -14.56   -1.00    0.00     -0.15    -56.28  
10.00    0.00     -0.01    0.00     0.19     0.00     -46.71   0.00     -10.10   -0.35    0.01     -0.13    -57.10  
11.00    0.00     0.01     0.00     1.55     0.00     -50.53   0.00     -19.35   -0.65    0.00     -0.16    -69.13  
12.00    0.00     0.00     0.00     1.33     -0.01    -50.56   0.00     -20.66   -0.86    -0.00    -0.15    -70.91  
13.00    0.00     0.00     0.00     2.23     0.01     -52.23   0.00     -19.64   -0.77    -0.01    -0.21    -70.62  
14.00    0.00     0.00     0.00     1.85     0.01     -50.03   0.00     -20.54   -0.50    0.00     -0.24    -69.45  
15.00    -0.01    0.00     0.00     2.11     -0.00    -48.60   0.00     -20.49   -0.77    0.00     -0.10    -67.86  
16.00    0.00     0.00     -0.01    0.45     0.00     -44.82   0.00     -22.30   -0.74    0.00     -0.23    -67.65  
17.00    0.00     -0.00    0.00     0.97     0.00     -33.56   0.01     -23.31   -0.95    -0.01    -0.28    -57.13  
18.00    0.00     0.00     0.00     2.01     0.00     -53.60   0.00     -20.24   -0.93    -0.00    -0.73    -73.49  
19.00    -0.01    0.00     0.00     4.24     -0.01    -46.30   -0.01    -27.14   -0.72    0.00     -0.06    -70.01  
