0.00     0.00     0.00     0.00     1.70     0.00     -21.72   0.00     -11.29   -0.01    0.00     -2.97    -34.29  
1.00     -0.01    0.00     0.00     0.83     -0.00    -25.81   0.00     -0.20    -0.99    0.00     -2.66    -28.84  
2.00     -0.00    0.00     0.00     0.00     0.00     -17.57   0.00     0.00     0.00     0.00     -1.68    -19.25  
3.00     -0.01    0.00     0.01     -0.01    -0.01    -9.74    0.00     -1.31    0.00     0.00     -1.77    -12.84  
4.00     -0.01    0.00     0.00     0.00     -0.01    -11.81   0.00     -0.01    0.00     0.00     -3.29    -15.13  
5.00     0.00     -0.01    0.00     1.10     0.01     -19.33   0.00     0.00     -0.41    0.00     -1.65    -20.29  
6.00     -0.01    0.00     0.00     0.00     0.01     -9.84    0.00     -1.19    -0.01    0.00     -1.45    -12.49  
7.00     0.00     0.01     0.01     0.00     -0.01    -5.83    0.00     -1.34    0.00     0.00     -0.62    -7.78   
8.00     -0.01    0.00     -0.00    0.83     -0.01    -17.04   0.00     -6.26    0.00     0.00     -3.92    -26.41  
9.00     0.00     -0.00    0.00     0.03     0.00     -15.23   0.01     -6.01    -0.64    0.00     -3.48    -25.32  
10.00    0.00     0.00     0.00     -0.00    -0.01    -15.95   0.00     0.00     -0.70    0.00     -1.64    -18.30  
11.00    0.00     -0.00    0.00     -0.01    0.00     -9.10    0.00     -1.13    0.00     0.00     -1.23    -11.47  
12.00    0.00     0.00     0.00     0.00     0.00     -13.47   0.01     -1.30    -0.01    0.00     -1.98    -16.75  
13.00    0.00     0.00     -0.00    0.16     0.00     -14.85   0.00     -0.01    -0.00    0.00     -2.82    -17.52  
14.00    0.01     -0.01    0.00     0.34     0.01     -21.25   -0.00    -5.58    0.00     0.00     -3.17    -29.65  
15.00    0.00     0.00     0.00     -0.01    0.01     -3.63    0.01     -1.35    0.00     0.00     -0.85    -5.82   
16.00    0.01     0.00     -0.01    0.07     0.00     -14.34   0.00     -1.35    -0.01    0.00     -2.65    -18.28  
17.00    0.00     0.00     0.00     0.00     0.00     -10.68   0.01     -1.29    0.00     0.00     -2.31    -14.27  
18.00    0.00     0.01     0.00     0.79     0.00     -6.86    0.00     -1.10    0.00     0.00     -2.73    -9.89   
19.00    -0.01    0.00     -0.01    0.01     0.00     -8.56    0.00     -1.32    -0.01    0.00     -2.80    -12.70  
