/scratch/xg23/CPEB3/fraglib/2aama.gro 2 171 6 1
/scratch/xg23/CPEB3/fraglib/5auna.gro 1 17 7 1
/scratch/xg23/CPEB3/fraglib/3lgca.gro 1 36 5 1
/scratch/xg23/CPEB3/fraglib/4c89a.gro 1 292 8 1
/scratch/xg23/CPEB3/fraglib/5auna.gro 1 17 8 1
/scratch/xg23/CPEB3/fraglib/2aama.gro 2 171 6 1
/scratch/xg23/CPEB3/fraglib/5ap9a.gro 1 13 8 1
/scratch/xg23/CPEB3/fraglib/2p7na.gro 2 82 7 1
/scratch/xg23/CPEB3/fraglib/3lgca.gro 1 36 5 1
/scratch/xg23/CPEB3/fraglib/5ap9a.gro 1 13 9 1
/scratch/xg23/CPEB3/fraglib/2p7na.gro 2 82 8 1
/scratch/xg23/CPEB3/fraglib/5mpta.gro 4 1846 6 1
/scratch/xg23/CPEB3/fraglib/5e5ca.gro 1 112 9 1
/scratch/xg23/CPEB3/fraglib/1q7ha.gro 2 35 8 1
/scratch/xg23/CPEB3/fraglib/4c89a.gro 1 292 8 1
/scratch/xg23/CPEB3/fraglib/4g5ea.gro 1 37 9 1
/scratch/xg23/CPEB3/fraglib/5lxzb.gro 2 219 8 1
/scratch/xg23/CPEB3/fraglib/2p35a.gro 1 226 9 1
/scratch/xg23/CPEB3/fraglib/4ikha.gro 2 106 8 1
/scratch/xg23/CPEB3/fraglib/3g5ca.gro 2 337 8 1
/scratch/xg23/CPEB3/fraglib/5auna.gro 1 17 8 1
/scratch/xg23/CPEB3/fraglib/5td7a.gro 1 137 7 1
/scratch/xg23/CPEB3/fraglib/2w1za.gro 3 314 7 1
/scratch/xg23/CPEB3/fraglib/3kk8a.gro 1 221 9 1
/scratch/xg23/CPEB3/fraglib/5f9sa.gro 3 291 7 1
/scratch/xg23/CPEB3/fraglib/5jy1a.gro 1 203 8 1
/scratch/xg23/CPEB3/fraglib/3lgca.gro 1 36 5 1
/scratch/xg23/CPEB3/fraglib/2fcta.gro 4 46 6 1
/scratch/xg23/CPEB3/fraglib/4g0ia.gro 3 24 7 1
/scratch/xg23/CPEB3/fraglib/1asoa.gro 3 110 8 1
/scratch/xg23/CPEB3/fraglib/1fnua.gro 2 93 9 1
/scratch/xg23/CPEB3/fraglib/5e5ca.gro 2 113 9 1
/scratch/xg23/CPEB3/fraglib/5o3ua.gro 3 690 8 1
/scratch/xg23/CPEB3/fraglib/2p7na.gro 2 82 8 1
/scratch/xg23/CPEB3/fraglib/5i3sa.gro 4 176 7 1
/scratch/xg23/CPEB3/fraglib/5mpta.gro 4 1846 6 1
/scratch/xg23/CPEB3/fraglib/5ap9a.gro 2 14 8 1
/scratch/xg23/CPEB3/fraglib/4g0ia.gro 3 24 7 1
/scratch/xg23/CPEB3/fraglib/6epza.gro 3 517 8 1
/scratch/xg23/CPEB3/fraglib/5bopb.gro 2 179 9 1
/scratch/xg23/CPEB3/fraglib/5kt0a.gro 4 132 7 1
/scratch/xg23/CPEB3/fraglib/2hqma.gro 2 38 9 1
/scratch/xg23/CPEB3/fraglib/3ps4a.gro 3 971 8 1
/scratch/xg23/CPEB3/fraglib/1q7ha.gro 2 35 8 1
/scratch/xg23/CPEB3/fraglib/1zgda.gro 5 54 6 1
/scratch/xg23/CPEB3/fraglib/3n2ba.gro 2 365 9 1
/scratch/xg23/CPEB3/fraglib/5tz1a.gro 5 60 6 1
/scratch/xg23/CPEB3/fraglib/3g5ca.gro 2 337 8 1
/scratch/xg23/CPEB3/fraglib/4ikha.gro 2 106 8 1
/scratch/xg23/CPEB3/fraglib/1asoa.gro 3 110 8 1
/scratch/xg23/CPEB3/fraglib/5o3ua.gro 3 690 8 1
/scratch/xg23/CPEB3/fraglib/1hyqa.gro 4 203 7 1
/scratch/xg23/CPEB3/fraglib/5mpta.gro 4 1846 6 1
/scratch/xg23/CPEB3/fraglib/1f89a.gro 3 229 9 1
/scratch/xg23/CPEB3/fraglib/3e9ka.gro 7 98 5 1
/scratch/xg23/CPEB3/fraglib/6epza.gro 3 517 8 1
/scratch/xg23/CPEB3/fraglib/6eona.gro 3 612 9 1
/scratch/xg23/CPEB3/fraglib/1z4va.gro 7 521 5 1
/scratch/xg23/CPEB3/fraglib/5i3sa.gro 4 176 7 1
/scratch/xg23/CPEB3/fraglib/3v8da.gro 5 105 7 1
/scratch/xg23/CPEB3/fraglib/5f9sa.gro 3 291 9 1
/scratch/xg23/CPEB3/fraglib/1rg9a.gro 4 352 8 1
/scratch/xg23/CPEB3/fraglib/4s3la.gro 5 131 7 1
/scratch/xg23/CPEB3/fraglib/2d2ra.gro 3 22 9 1
/scratch/xg23/CPEB3/fraglib/3h5ia.gro 4 95 8 1
/scratch/xg23/CPEB3/fraglib/3s82a.gro 7 376 5 1
/scratch/xg23/CPEB3/fraglib/2p7na.gro 3 83 7 1
/scratch/xg23/CPEB3/fraglib/5e5ca.gro 3 114 8 1
/scratch/xg23/CPEB3/fraglib/2h9fa.gro 3 343 9 1
/scratch/xg23/CPEB3/fraglib/5tz1a.gro 5 60 8 1
/scratch/xg23/CPEB3/fraglib/6arfa.gro 4 133 9 1
/scratch/xg23/CPEB3/fraglib/3e9ka.gro 7 98 6 1
/scratch/xg23/CPEB3/fraglib/1hyqa.gro 4 203 7 1
/scratch/xg23/CPEB3/fraglib/3ed4a.gro 7 59 6 1
/scratch/xg23/CPEB3/fraglib/4qyia.gro 5 65 8 1
/scratch/xg23/CPEB3/fraglib/3v8da.gro 5 105 8 1
/scratch/xg23/CPEB3/fraglib/5mpta.gro 4 1846 6 1
/scratch/xg23/CPEB3/fraglib/6ehss.gro 6 54 7 1
/scratch/xg23/CPEB3/fraglib/2d2ra.gro 6 25 7 1
/scratch/xg23/CPEB3/fraglib/2jgpa.gro 8 403 5 1
/scratch/xg23/CPEB3/fraglib/5guda.gro 4 414 9 1
/scratch/xg23/CPEB3/fraglib/1z4va.gro 7 521 5 1
/scratch/xg23/CPEB3/fraglib/5i3sa.gro 4 176 7 1
/scratch/xg23/CPEB3/fraglib/5ms2a.gro 7 245 6 1
/scratch/xg23/CPEB3/fraglib/4toza.gro 5 369 8 1
/scratch/xg23/CPEB3/fraglib/1rg9a.gro 4 352 8 1
/scratch/xg23/CPEB3/fraglib/4s3la.gro 5 131 7 1
/scratch/xg23/CPEB3/fraglib/3h5ia.gro 4 95 8 1
/scratch/xg23/CPEB3/fraglib/1vqop.gro 8 70 5 1
/scratch/xg23/CPEB3/fraglib/5tz1a.gro 5 60 9 1
/scratch/xg23/CPEB3/fraglib/5bjxa.gro 6 351 8 1
/scratch/xg23/CPEB3/fraglib/5gy7a.gro 5 124 9 1
/scratch/xg23/CPEB3/fraglib/3e9ka.gro 7 98 6 1
/scratch/xg23/CPEB3/fraglib/5nmua.gro 7 63 7 1
/scratch/xg23/CPEB3/fraglib/4o8ma.gro 8 32 6 1
/scratch/xg23/CPEB3/fraglib/4qyia.gro 5 65 8 1
/scratch/xg23/CPEB3/fraglib/4qdja.gro 8 109 6 1
/scratch/xg23/CPEB3/fraglib/2d2ra.gro 6 25 7 1
/scratch/xg23/CPEB3/fraglib/3v8da.gro 5 105 8 1
/scratch/xg23/CPEB3/fraglib/3of4a.gro 5 36 9 1
/scratch/xg23/CPEB3/fraglib/2jgpa.gro 8 403 5 1
/scratch/xg23/CPEB3/fraglib/5guda.gro 5 415 8 1
/scratch/xg23/CPEB3/fraglib/5ms2a.gro 7 245 6 1
/scratch/xg23/CPEB3/fraglib/4zfha.gro 6 54 6 1
/scratch/xg23/CPEB3/fraglib/4ecla.gro 6 39 6 1
/scratch/xg23/CPEB3/fraglib/3ed4a.gro 7 59 6 1
/scratch/xg23/CPEB3/fraglib/2ozlb.gro 6 133 8 1
/scratch/xg23/CPEB3/fraglib/4q86a.gro 6 548 8 1
/scratch/xg23/CPEB3/fraglib/6arfa.gro 5 134 8 1
/scratch/xg23/CPEB3/fraglib/5tz1a.gro 6 61 8 1
/scratch/xg23/CPEB3/fraglib/5bjxa.gro 6 351 9 1
/scratch/xg23/CPEB3/fraglib/4q86a.gro 6 548 9 1
/scratch/xg23/CPEB3/fraglib/1vqop.gro 8 70 5 1
/scratch/xg23/CPEB3/fraglib/3e9ka.gro 7 98 6 1
/scratch/xg23/CPEB3/fraglib/5tpia.gro 7 167 8 1
/scratch/xg23/CPEB3/fraglib/5nmua.gro 7 63 7 1
/scratch/xg23/CPEB3/fraglib/4o8ma.gro 8 32 6 1
/scratch/xg23/CPEB3/fraglib/3i0pa.gro 6 152 9 1
/scratch/xg23/CPEB3/fraglib/4zfha.gro 6 54 9 1
/scratch/xg23/CPEB3/fraglib/4ga6a.gro 6 316 9 1
/scratch/xg23/CPEB3/fraglib/4qdja.gro 8 109 6 1
/scratch/xg23/CPEB3/fraglib/5y0qa.gro 9 398 6 1
/scratch/xg23/CPEB3/fraglib/5gz5a.gro 6 227 9 1
/scratch/xg23/CPEB3/fraglib/2jgpa.gro 8 403 5 1
/scratch/xg23/CPEB3/fraglib/3ed4a.gro 7 59 6 1
/scratch/xg23/CPEB3/fraglib/2d2ra.gro 6 25 7 1
/scratch/xg23/CPEB3/fraglib/3of4a.gro 6 37 8 1
/scratch/xg23/CPEB3/fraglib/3dska.gro 9 417 6 1
/scratch/xg23/CPEB3/fraglib/1jila.gro 9 63 6 1
/scratch/xg23/CPEB3/fraglib/5nmua.gro 7 63 7 1
/scratch/xg23/CPEB3/fraglib/2ay1a.gro 8 43 8 1
/scratch/xg23/CPEB3/fraglib/5tpia.gro 7 167 8 1
/scratch/xg23/CPEB3/fraglib/5tz1a.gro 7 62 7 1
/scratch/xg23/CPEB3/fraglib/1vqop.gro 8 70 5 1
/scratch/xg23/CPEB3/fraglib/4qdja.gro 8 109 6 1
/scratch/xg23/CPEB3/fraglib/3e9ka.gro 7 98 6 1
/scratch/xg23/CPEB3/fraglib/4z24a.gro 7 84 9 1
/scratch/xg23/CPEB3/fraglib/4o8ma.gro 8 32 6 1
/scratch/xg23/CPEB3/fraglib/5y0qa.gro 9 398 6 1
/scratch/xg23/CPEB3/fraglib/1jila.gro 9 63 7 1
/scratch/xg23/CPEB3/fraglib/5wpia.gro 11 102 5 1
/scratch/xg23/CPEB3/fraglib/2jgpa.gro 8 403 5 1
/scratch/xg23/CPEB3/fraglib/3dska.gro 9 417 6 1
/scratch/xg23/CPEB3/fraglib/3ed4a.gro 7 59 6 1
/scratch/xg23/CPEB3/fraglib/3s82a.gro 7 376 5 1
/scratch/xg23/CPEB3/fraglib/3a21a.gro 9 251 7 1
/scratch/xg23/CPEB3/fraglib/5moga.gro 7 124 9 1
/scratch/xg23/CPEB3/fraglib/5tdea.gro 8 418 7 1
/scratch/xg23/CPEB3/fraglib/4em6a.gro 7 404 9 1
/scratch/xg23/CPEB3/fraglib/5wpia.gro 11 102 6 1
/scratch/xg23/CPEB3/fraglib/3dska.gro 9 417 8 1
/scratch/xg23/CPEB3/fraglib/3a21a.gro 9 251 8 1
/scratch/xg23/CPEB3/fraglib/2ay1a.gro 8 43 8 1
/scratch/xg23/CPEB3/fraglib/4xaxa.gro 10 116 7 1
/scratch/xg23/CPEB3/fraglib/1vqop.gro 8 70 5 1
/scratch/xg23/CPEB3/fraglib/3l4ja.gro 9 518 8 1
/scratch/xg23/CPEB3/fraglib/4qdja.gro 8 109 6 1
/scratch/xg23/CPEB3/fraglib/4o8ma.gro 8 32 6 1
/scratch/xg23/CPEB3/fraglib/5y0qa.gro 9 398 6 1
/scratch/xg23/CPEB3/fraglib/4z24a.gro 8 85 8 1
/scratch/xg23/CPEB3/fraglib/1jila.gro 9 63 7 1
/scratch/xg23/CPEB3/fraglib/3e38a.gro 11 216 6 1
/scratch/xg23/CPEB3/fraglib/2jgpa.gro 8 403 5 1
/scratch/xg23/CPEB3/fraglib/4hh3c.gro 10 283 6 1
/scratch/xg23/CPEB3/fraglib/5moga.gro 10 127 6 1
/scratch/xg23/CPEB3/fraglib/4ga6a.gro 9 319 6 1
/scratch/xg23/CPEB3/fraglib/5tdea.gro 8 418 7 1
/scratch/xg23/CPEB3/fraglib/4w9wa.gro 9 238 8 1
/scratch/xg23/CPEB3/fraglib/3ed4a.gro 9 61 8 1
/scratch/xg23/CPEB3/fraglib/3a21a.gro 9 251 9 1
/scratch/xg23/CPEB3/fraglib/5wpia.gro 11 102 6 1
/scratch/xg23/CPEB3/fraglib/3dska.gro 9 417 8 1
/scratch/xg23/CPEB3/fraglib/4xaxa.gro 10 116 7 1
/scratch/xg23/CPEB3/fraglib/2ay1a.gro 10 45 6 1
/scratch/xg23/CPEB3/fraglib/2vdub.gro 10 209 8 1
/scratch/xg23/CPEB3/fraglib/3l4ja.gro 9 518 8 1
/scratch/xg23/CPEB3/fraglib/4hh3c.gro 10 283 8 1
/scratch/xg23/CPEB3/fraglib/3gwja.gro 10 285 8 1
/scratch/xg23/CPEB3/fraglib/5y0qa.gro 9 398 6 1
/scratch/xg23/CPEB3/fraglib/1jila.gro 9 63 7 1
/scratch/xg23/CPEB3/fraglib/3e38a.gro 11 216 6 1
/scratch/xg23/CPEB3/fraglib/5moga.gro 10 127 6 1
/scratch/xg23/CPEB3/fraglib/6mg6a.gro 10 136 8 1
/scratch/xg23/CPEB3/fraglib/3dwca.gro 9 324 9 1
/scratch/xg23/CPEB3/fraglib/5tpia.gro 9 169 6 1
/scratch/xg23/CPEB3/fraglib/4ga6a.gro 9 319 6 1
/scratch/xg23/CPEB3/fraglib/3ed4a.gro 9 61 8 1
/scratch/xg23/CPEB3/fraglib/4w9wa.gro 9 238 8 1
/scratch/xg23/CPEB3/fraglib/4af8a.gro 9 58 5 1
/scratch/xg23/CPEB3/fraglib/5wpia.gro 11 102 6 1
/scratch/xg23/CPEB3/fraglib/3gwja.gro 10 285 8 1
/scratch/xg23/CPEB3/fraglib/3a21a.gro 10 252 8 1
/scratch/xg23/CPEB3/fraglib/4xaxa.gro 10 116 7 1
/scratch/xg23/CPEB3/fraglib/2ay1a.gro 10 45 6 1
/scratch/xg23/CPEB3/fraglib/2vdub.gro 10 209 8 1
/scratch/xg23/CPEB3/fraglib/4hh3c.gro 10 283 8 1
/scratch/xg23/CPEB3/fraglib/6mg6a.gro 10 136 8 1
/scratch/xg23/CPEB3/fraglib/3e38a.gro 11 216 6 1
/scratch/xg23/CPEB3/fraglib/5moga.gro 10 127 6 1
/scratch/xg23/CPEB3/fraglib/3lpfa.gro 11 497 8 1
/scratch/xg23/CPEB3/fraglib/5u32a.gro 11 559 8 1
/scratch/xg23/CPEB3/fraglib/3rcya.gro 10 177 7 1
/scratch/xg23/CPEB3/fraglib/1yvua.gro 11 638 8 1
/scratch/xg23/CPEB3/fraglib/5nr4a.gro 10 160 9 1
/scratch/xg23/CPEB3/fraglib/1wzza.gro 10 101 9 1
/scratch/xg23/CPEB3/fraglib/2jana.gro 10 64 6 1
/scratch/xg23/CPEB3/fraglib/2frxa.gro 11 447 8 1
/scratch/xg23/CPEB3/fraglib/3h4xa.gro 10 120 6 1
/scratch/xg23/CPEB3/fraglib/1goia.gro 10 446 8 1
/scratch/xg23/CPEB3/fraglib/5wpia.gro 11 102 6 1
/scratch/xg23/CPEB3/fraglib/5mxea.gro 15 78 5 1
/scratch/xg23/CPEB3/fraglib/5my7a.gro 12 105 8 1
/scratch/xg23/CPEB3/fraglib/3lpfa.gro 11 497 8 1
/scratch/xg23/CPEB3/fraglib/3e38a.gro 11 216 6 1
/scratch/xg23/CPEB3/fraglib/5koda.gro 13 96 7 1
/scratch/xg23/CPEB3/fraglib/1yvua.gro 11 638 8 1
/scratch/xg23/CPEB3/fraglib/1lb6a.gro 11 446 9 1
/scratch/xg23/CPEB3/fraglib/1jx6a.gro 12 55 8 1
/scratch/xg23/CPEB3/fraglib/4he2a.gro 12 300 8 1
/scratch/xg23/CPEB3/fraglib/4omua.gro 12 136 8 1
/scratch/xg23/CPEB3/fraglib/3c8ca.gro 11 258 9 1
/scratch/xg23/CPEB3/fraglib/2v5ia.gro 11 236 8 1
/scratch/xg23/CPEB3/fraglib/3da5a.gro 11 98 9 1
/scratch/xg23/CPEB3/fraglib/1uhva.gro 14 451 6 1
/scratch/xg23/CPEB3/fraglib/3pdwa.gro 12 177 8 1
/scratch/xg23/CPEB3/fraglib/5u32a.gro 11 559 8 1
/scratch/xg23/CPEB3/fraglib/3le2a.gro 13 202 6 1
/scratch/xg23/CPEB3/fraglib/3efea.gro 11 89 5 1
/scratch/xg23/CPEB3/fraglib/6fu4a.gro 12 322 8 1
/scratch/xg23/CPEB3/fraglib/3da5a.gro 12 99 8 1
/scratch/xg23/CPEB3/fraglib/5mxea.gro 15 78 5 1
/scratch/xg23/CPEB3/fraglib/1jx6a.gro 12 55 9 1
/scratch/xg23/CPEB3/fraglib/5koda.gro 13 96 7 1
/scratch/xg23/CPEB3/fraglib/1uhva.gro 14 451 6 1
/scratch/xg23/CPEB3/fraglib/4fvda.gro 13 73 8 1
/scratch/xg23/CPEB3/fraglib/3qz4a.gro 12 148 9 1
/scratch/xg23/CPEB3/fraglib/2dzna.gro 12 19 9 1
/scratch/xg23/CPEB3/fraglib/4pera.gro 14 217 7 1
/scratch/xg23/CPEB3/fraglib/3qira.gro 12 84 9 1
/scratch/xg23/CPEB3/fraglib/2pgea.gro 14 26 7 1
/scratch/xg23/CPEB3/fraglib/1ax8a.gro 12 62 9 1
/scratch/xg23/CPEB3/fraglib/1qw9a.gro 13 358 6 1
/scratch/xg23/CPEB3/fraglib/2v5ia.gro 12 237 9 1
/scratch/xg23/CPEB3/fraglib/5my7a.gro 12 105 8 1
/scratch/xg23/CPEB3/fraglib/4omua.gro 12 136 8 1
/scratch/xg23/CPEB3/fraglib/2vtxa.gro 13 77 8 1
/scratch/xg23/CPEB3/fraglib/5c9oa.gro 14 72 7 1
/scratch/xg23/CPEB3/fraglib/5c9la.gro 14 72 7 1
/scratch/xg23/CPEB3/fraglib/5ocra.gro 12 31 9 1
/scratch/xg23/CPEB3/fraglib/4omua.gro 13 137 9 1
/scratch/xg23/CPEB3/fraglib/5koda.gro 13 96 9 1
/scratch/xg23/CPEB3/fraglib/3ayha.gro 14 90 8 1
/scratch/xg23/CPEB3/fraglib/1uhva.gro 14 451 6 1
/scratch/xg23/CPEB3/fraglib/4ry1a.gro 15 310 7 1
/scratch/xg23/CPEB3/fraglib/4fvda.gro 13 73 8 1
/scratch/xg23/CPEB3/fraglib/2vtxa.gro 13 77 8 1
/scratch/xg23/CPEB3/fraglib/2pgea.gro 14 26 7 1
/scratch/xg23/CPEB3/fraglib/2whla.gro 16 291 6 1
/scratch/xg23/CPEB3/fraglib/3wh9a.gro 15 59 7 1
/scratch/xg23/CPEB3/fraglib/4pera.gro 14 217 7 1
/scratch/xg23/CPEB3/fraglib/4doka.gro 14 17 8 1
/scratch/xg23/CPEB3/fraglib/1qw9a.gro 13 358 6 1
/scratch/xg23/CPEB3/fraglib/2hsza.gro 13 203 7 1
/scratch/xg23/CPEB3/fraglib/1e8ya.gro 13 200 7 1
/scratch/xg23/CPEB3/fraglib/3qz4a.gro 13 149 9 1
/scratch/xg23/CPEB3/fraglib/1xwya.gro 15 212 7 1
/scratch/xg23/CPEB3/fraglib/3da5a.gro 13 100 7 1
/scratch/xg23/CPEB3/fraglib/3rsja.gro 14 909 7 1
/scratch/xg23/CPEB3/fraglib/2wtba.gro 14 167 6 1
/scratch/xg23/CPEB3/fraglib/1uhva.gro 14 451 9 1
/scratch/xg23/CPEB3/fraglib/3ayha.gro 14 90 8 1
/scratch/xg23/CPEB3/fraglib/4ry1a.gro 15 310 7 1
/scratch/xg23/CPEB3/fraglib/2pgea.gro 14 26 7 1
/scratch/xg23/CPEB3/fraglib/2whla.gro 16 291 6 1
/scratch/xg23/CPEB3/fraglib/1xwya.gro 15 212 7 1
/scratch/xg23/CPEB3/fraglib/2wtba.gro 14 167 6 1
/scratch/xg23/CPEB3/fraglib/5fjka.gro 14 16 7 1
/scratch/xg23/CPEB3/fraglib/5i4ea.gro 15 330 8 1
/scratch/xg23/CPEB3/fraglib/3tqia.gro 15 513 8 1
/scratch/xg23/CPEB3/fraglib/6ba5a.gro 14 4 9 1
/scratch/xg23/CPEB3/fraglib/2x3ha.gro 14 27 6 1
/scratch/xg23/CPEB3/fraglib/2ywba.gro 15 492 8 1
/scratch/xg23/CPEB3/fraglib/4pera.gro 14 217 7 1
/scratch/xg23/CPEB3/fraglib/3bg3a.gro 15 804 6 1
/scratch/xg23/CPEB3/fraglib/4doka.gro 14 17 8 1
/scratch/xg23/CPEB3/fraglib/2d7tl.gro 14 3 8 1
/scratch/xg23/CPEB3/fraglib/5ogib.gro 14 3 8 1
/scratch/xg23/CPEB3/fraglib/3lzka.gro 17 190 6 1
/scratch/xg23/CPEB3/fraglib/2arja.gro 14 3 8 1
/scratch/xg23/CPEB3/fraglib/2whla.gro 16 291 6 1
/scratch/xg23/CPEB3/fraglib/1xwya.gro 15 212 7 1
/scratch/xg23/CPEB3/fraglib/2ooia.gro 15 209 9 1
/scratch/xg23/CPEB3/fraglib/2q7da.gro 17 236 7 1
/scratch/xg23/CPEB3/fraglib/1qwja.gro 16 113 8 1
/scratch/xg23/CPEB3/fraglib/4ry1a.gro 15 310 7 1
/scratch/xg23/CPEB3/fraglib/3tqia.gro 15 513 8 1
/scratch/xg23/CPEB3/fraglib/2ywba.gro 15 492 8 1
/scratch/xg23/CPEB3/fraglib/2d0oa.gro 15 319 7 1
/scratch/xg23/CPEB3/fraglib/6ba5a.gro 15 5 9 1
/scratch/xg23/CPEB3/fraglib/5vz0a.gro 16 766 8 1
/scratch/xg23/CPEB3/fraglib/4krdb.gro 15 302 9 1
/scratch/xg23/CPEB3/fraglib/4m01a.gro 16 370 8 1
/scratch/xg23/CPEB3/fraglib/3bg3a.gro 15 804 6 1
/scratch/xg23/CPEB3/fraglib/5i4ea.gro 15 330 8 1
/scratch/xg23/CPEB3/fraglib/2pgea.gro 15 27 6 1
/scratch/xg23/CPEB3/fraglib/3ftba.gro 16 190 7 1
/scratch/xg23/CPEB3/fraglib/3lzka.gro 17 190 6 1
/scratch/xg23/CPEB3/fraglib/2qpxa.gro 15 200 5 1
/scratch/xg23/CPEB3/fraglib/3pdka.gro 15 354 7 1
/scratch/xg23/CPEB3/fraglib/1txga.gro 17 155 8 1
/scratch/xg23/CPEB3/fraglib/2whla.gro 16 291 6 1
/scratch/xg23/CPEB3/fraglib/2q7da.gro 17 236 7 1
/scratch/xg23/CPEB3/fraglib/4up7a.gro 17 62 8 1
/scratch/xg23/CPEB3/fraglib/6f87a.gro 16 147 9 1
/scratch/xg23/CPEB3/fraglib/3eh7a.gro 17 142 8 1
/scratch/xg23/CPEB3/fraglib/4fhga.gro 16 75 9 1
/scratch/xg23/CPEB3/fraglib/1qwja.gro 16 113 8 1
/scratch/xg23/CPEB3/fraglib/5muja.gro 16 363 9 1
/scratch/xg23/CPEB3/fraglib/3cb4a.gro 18 327 7 1
/scratch/xg23/CPEB3/fraglib/5irna.gro 16 404 9 1
/scratch/xg23/CPEB3/fraglib/4krdb.gro 17 304 8 1
/scratch/xg23/CPEB3/fraglib/5vz0a.gro 16 766 8 1
/scratch/xg23/CPEB3/fraglib/1xp4a.gro 16 206 9 1
/scratch/xg23/CPEB3/fraglib/2jc5a.gro 19 111 6 1
/scratch/xg23/CPEB3/fraglib/3ftba.gro 16 190 7 1
/scratch/xg23/CPEB3/fraglib/6fdfa.gro 18 229 6 1
/scratch/xg23/CPEB3/fraglib/4m01a.gro 16 370 8 1
/scratch/xg23/CPEB3/fraglib/4ry1a.gro 16 311 6 1
/scratch/xg23/CPEB3/fraglib/1rjwa.gro 17 240 8 1
/scratch/xg23/CPEB3/fraglib/1txga.gro 17 155 8 1
/scratch/xg23/CPEB3/fraglib/4krdb.gro 17 304 8 1
/scratch/xg23/CPEB3/fraglib/3eh7a.gro 17 142 8 1
/scratch/xg23/CPEB3/fraglib/6fdfa.gro 18 229 6 1
/scratch/xg23/CPEB3/fraglib/2jc5a.gro 19 111 6 1
/scratch/xg23/CPEB3/fraglib/4xyha.gro 19 265 6 1
/scratch/xg23/CPEB3/fraglib/6f87a.gro 18 149 7 1
/scratch/xg23/CPEB3/fraglib/2j4da.gro 19 29 5 1
/scratch/xg23/CPEB3/fraglib/4xyha.gro 19 265 6 1
/scratch/xg23/CPEB3/fraglib/6fdfa.gro 18 229 6 1
/scratch/xg23/CPEB3/fraglib/2j4da.gro 19 29 5 1
/scratch/xg23/CPEB3/fraglib/2jc5a.gro 19 111 6 1
/scratch/xg23/CPEB3/fraglib/5zrya.gro 18 99 7 1
/scratch/xg23/CPEB3/fraglib/4xyha.gro 19 265 6 1
/scratch/xg23/CPEB3/fraglib/2j4da.gro 19 29 5 1
/scratch/xg23/CPEB3/fraglib/2jc5a.gro 19 111 6 1
