/scratch/xg23/CPEB3/fraglib/2whla.gro 1 291 6 1
/scratch/xg23/CPEB3/fraglib/2whla.gro 1 291 6 1
/scratch/xg23/CPEB3/fraglib/3lzka.gro 2 190 6 1
/scratch/xg23/CPEB3/fraglib/2whla.gro 1 291 6 1
/scratch/xg23/CPEB3/fraglib/2q7da.gro 2 236 7 1
/scratch/xg23/CPEB3/fraglib/1qwja.gro 1 113 8 1
/scratch/xg23/CPEB3/fraglib/5vz0a.gro 1 766 8 1
/scratch/xg23/CPEB3/fraglib/4m01a.gro 1 370 8 1
/scratch/xg23/CPEB3/fraglib/3ftba.gro 1 190 7 1
/scratch/xg23/CPEB3/fraglib/3lzka.gro 2 190 6 1
/scratch/xg23/CPEB3/fraglib/1txga.gro 2 155 8 1
/scratch/xg23/CPEB3/fraglib/2whla.gro 1 291 6 1
/scratch/xg23/CPEB3/fraglib/2q7da.gro 2 236 7 1
/scratch/xg23/CPEB3/fraglib/4up7a.gro 2 62 8 1
/scratch/xg23/CPEB3/fraglib/6f87a.gro 1 147 9 1
/scratch/xg23/CPEB3/fraglib/3eh7a.gro 2 142 8 1
/scratch/xg23/CPEB3/fraglib/4fhga.gro 1 75 9 1
/scratch/xg23/CPEB3/fraglib/1qwja.gro 1 113 8 1
/scratch/xg23/CPEB3/fraglib/5muja.gro 1 363 9 1
/scratch/xg23/CPEB3/fraglib/3cb4a.gro 3 327 7 1
/scratch/xg23/CPEB3/fraglib/5irna.gro 1 404 9 1
/scratch/xg23/CPEB3/fraglib/4krdb.gro 2 304 8 1
/scratch/xg23/CPEB3/fraglib/5vz0a.gro 1 766 8 1
/scratch/xg23/CPEB3/fraglib/1xp4a.gro 1 206 9 1
/scratch/xg23/CPEB3/fraglib/2jc5a.gro 4 111 6 1
/scratch/xg23/CPEB3/fraglib/3ftba.gro 1 190 7 1
/scratch/xg23/CPEB3/fraglib/6fdfa.gro 3 229 6 1
/scratch/xg23/CPEB3/fraglib/4m01a.gro 1 370 8 1
/scratch/xg23/CPEB3/fraglib/4ry1a.gro 1 311 6 1
/scratch/xg23/CPEB3/fraglib/1rjwa.gro 2 240 8 1
/scratch/xg23/CPEB3/fraglib/2q7da.gro 2 236 9 1
/scratch/xg23/CPEB3/fraglib/4fhga.gro 2 76 9 1
/scratch/xg23/CPEB3/fraglib/4up7a.gro 2 62 9 1
/scratch/xg23/CPEB3/fraglib/1txga.gro 2 155 8 1
/scratch/xg23/CPEB3/fraglib/5muja.gro 2 364 9 1
/scratch/xg23/CPEB3/fraglib/3vp5a.gro 3 124 8 1
/scratch/xg23/CPEB3/fraglib/3cb4a.gro 3 327 8 1
/scratch/xg23/CPEB3/fraglib/5ifya.gro 2 164 9 1
/scratch/xg23/CPEB3/fraglib/4krdb.gro 2 304 8 1
/scratch/xg23/CPEB3/fraglib/1xo0a.gro 3 106 8 1
/scratch/xg23/CPEB3/fraglib/3eh7a.gro 2 142 8 1
/scratch/xg23/CPEB3/fraglib/5uhxa.gro 3 323 8 1
/scratch/xg23/CPEB3/fraglib/6fdfa.gro 3 229 6 1
/scratch/xg23/CPEB3/fraglib/2jc5a.gro 4 111 6 1
/scratch/xg23/CPEB3/fraglib/4xyha.gro 4 265 6 1
/scratch/xg23/CPEB3/fraglib/6f87a.gro 3 149 7 1
/scratch/xg23/CPEB3/fraglib/3hd6a.gro 4 233 7 1
/scratch/xg23/CPEB3/fraglib/2j4da.gro 4 29 5 1
/scratch/xg23/CPEB3/fraglib/1ccwb.gro 4 226 7 1
/scratch/xg23/CPEB3/fraglib/1lr0a.gro 3 78 8 1
/scratch/xg23/CPEB3/fraglib/3vp5a.gro 3 124 8 1
/scratch/xg23/CPEB3/fraglib/1xo0a.gro 3 106 9 1
/scratch/xg23/CPEB3/fraglib/3cb4a.gro 3 327 9 1
/scratch/xg23/CPEB3/fraglib/5uhxa.gro 3 323 8 1
/scratch/xg23/CPEB3/fraglib/4xyha.gro 4 265 6 1
/scratch/xg23/CPEB3/fraglib/1tyja.gro 3 104 9 1
/scratch/xg23/CPEB3/fraglib/6fdfa.gro 3 229 6 1
/scratch/xg23/CPEB3/fraglib/2j4da.gro 4 29 5 1
/scratch/xg23/CPEB3/fraglib/4m23a.gro 4 16 8 1
/scratch/xg23/CPEB3/fraglib/3mf7a.gro 4 14 8 1
/scratch/xg23/CPEB3/fraglib/2q7da.gro 3 237 8 1
/scratch/xg23/CPEB3/fraglib/5ifya.gro 3 165 8 1
/scratch/xg23/CPEB3/fraglib/2jc5a.gro 4 111 6 1
/scratch/xg23/CPEB3/fraglib/2fcta.gro 3 210 8 1
/scratch/xg23/CPEB3/fraglib/1bxta.gro 3 218 9 1
/scratch/xg23/CPEB3/fraglib/1ccwb.gro 4 226 8 1
/scratch/xg23/CPEB3/fraglib/3mcaa.gro 4 456 8 1
/scratch/xg23/CPEB3/fraglib/3hd6a.gro 4 233 8 1
/scratch/xg23/CPEB3/fraglib/2olna.gro 4 285 8 1
/scratch/xg23/CPEB3/fraglib/5zrya.gro 3 99 7 1
/scratch/xg23/CPEB3/fraglib/4ktpa.gro 4 626 9 1
/scratch/xg23/CPEB3/fraglib/4xyha.gro 4 265 6 1
/scratch/xg23/CPEB3/fraglib/1lr0a.gro 4 79 9 1
/scratch/xg23/CPEB3/fraglib/3cb4a.gro 4 328 8 1
/scratch/xg23/CPEB3/fraglib/2ahfa.gro 5 279 8 1
/scratch/xg23/CPEB3/fraglib/2j4da.gro 4 29 5 1
/scratch/xg23/CPEB3/fraglib/2ho1a.gro 4 68 9 1
/scratch/xg23/CPEB3/fraglib/3ecsa.gro 4 18 9 1
/scratch/xg23/CPEB3/fraglib/1kfia.gro 4 325 9 1
/scratch/xg23/CPEB3/fraglib/2jc5a.gro 4 111 6 1
/scratch/xg23/CPEB3/fraglib/3mf7a.gro 4 14 8 1
/scratch/xg23/CPEB3/fraglib/4m23a.gro 4 16 8 1
/scratch/xg23/CPEB3/fraglib/2wlpa.gro 5 240 8 1
/scratch/xg23/CPEB3/fraglib/1ccwb.gro 4 226 8 1
/scratch/xg23/CPEB3/fraglib/1bxta.gro 6 221 6 1
/scratch/xg23/CPEB3/fraglib/1h8ta.gro 4 22 9 1
/scratch/xg23/CPEB3/fraglib/1xo0a.gro 4 107 8 1
/scratch/xg23/CPEB3/fraglib/3mcaa.gro 4 456 9 1
/scratch/xg23/CPEB3/fraglib/4z47a.gro 4 270 8 1
/scratch/xg23/CPEB3/fraglib/3loua.gro 4 17 9 1
/scratch/xg23/CPEB3/fraglib/5mpta.gro 6 2021 8 1
/scratch/xg23/CPEB3/fraglib/4ofxa.gro 5 268 9 1
/scratch/xg23/CPEB3/fraglib/4xe7a.gro 6 132 8 1
/scratch/xg23/CPEB3/fraglib/5ee0a.gro 6 357 8 1
/scratch/xg23/CPEB3/fraglib/2pula.gro 5 13 9 1
/scratch/xg23/CPEB3/fraglib/1pmia.gro 6 23 6 1
/scratch/xg23/CPEB3/fraglib/2wlpa.gro 5 240 9 1
/scratch/xg23/CPEB3/fraglib/5apga.gro 5 111 9 1
/scratch/xg23/CPEB3/fraglib/6dnta.gro 5 118 6 1
/scratch/xg23/CPEB3/fraglib/1bxta.gro 6 221 6 1
/scratch/xg23/CPEB3/fraglib/2ahfa.gro 5 279 8 1
/scratch/xg23/CPEB3/fraglib/2qs9a.gro 6 75 7 1
/scratch/xg23/CPEB3/fraglib/4g78a.gro 6 82 8 1
/scratch/xg23/CPEB3/fraglib/4tr3a.gro 5 249 8 1
/scratch/xg23/CPEB3/fraglib/1usya.gro 5 245 9 1
/scratch/xg23/CPEB3/fraglib/1usya.gro 5 244 9 1
/scratch/xg23/CPEB3/fraglib/1fcja.gro 5 272 9 1
/scratch/xg23/CPEB3/fraglib/5mhfa.gro 5 83 7 1
/scratch/xg23/CPEB3/fraglib/1m22a.gro 5 203 9 1
/scratch/xg23/CPEB3/fraglib/1xrsa.gro 7 167 7 1
/scratch/xg23/CPEB3/fraglib/5mpta.gro 6 2021 8 1
/scratch/xg23/CPEB3/fraglib/5mpta.gro 7 2021 8 1
/scratch/xg23/CPEB3/fraglib/4xe7a.gro 6 132 8 1
/scratch/xg23/CPEB3/fraglib/2ausa.gro 8 258 7 1
/scratch/xg23/CPEB3/fraglib/1pmia.gro 6 23 6 1
/scratch/xg23/CPEB3/fraglib/5ee0a.gro 6 357 9 1
/scratch/xg23/CPEB3/fraglib/1bxta.gro 6 221 6 1
/scratch/xg23/CPEB3/fraglib/6esca.gro 8 578 7 1
/scratch/xg23/CPEB3/fraglib/2pula.gro 7 15 7 1
/scratch/xg23/CPEB3/fraglib/5tipa.gro 7 191 8 1
/scratch/xg23/CPEB3/fraglib/2qs9a.gro 6 75 7 1
/scratch/xg23/CPEB3/fraglib/4hsea.gro 6 357 9 1
/scratch/xg23/CPEB3/fraglib/4g78a.gro 6 82 8 1
/scratch/xg23/CPEB3/fraglib/2zr1b.gro 7 86 7 1
/scratch/xg23/CPEB3/fraglib/2nyta.gro 6 124 9 1
/scratch/xg23/CPEB3/fraglib/2fafa.gro 6 37 9 1
/scratch/xg23/CPEB3/fraglib/3qkca.gro 6 48 9 1
/scratch/xg23/CPEB3/fraglib/1xrsa.gro 7 167 7 1
/scratch/xg23/CPEB3/fraglib/5lgda.gro 9 141 6 1
/scratch/xg23/CPEB3/fraglib/5fqea.gro 8 549 6 1
/scratch/xg23/CPEB3/fraglib/3dm5a.gro 8 260 8 1
/scratch/xg23/CPEB3/fraglib/2ausa.gro 8 258 7 1
/scratch/xg23/CPEB3/fraglib/6c8za.gro 7 387 9 1
/scratch/xg23/CPEB3/fraglib/5byza.gro 7 333 9 1
/scratch/xg23/CPEB3/fraglib/2zr1b.gro 7 86 7 1
/scratch/xg23/CPEB3/fraglib/6esca.gro 8 578 7 1
/scratch/xg23/CPEB3/fraglib/5tipa.gro 7 191 8 1
/scratch/xg23/CPEB3/fraglib/4xe7a.gro 7 133 7 1
/scratch/xg23/CPEB3/fraglib/2pula.gro 7 15 7 1
/scratch/xg23/CPEB3/fraglib/2v54a.gro 8 97 8 1
/scratch/xg23/CPEB3/fraglib/1j8mf.gro 8 260 8 1
/scratch/xg23/CPEB3/fraglib/5nbsa.gro 8 282 8 1
/scratch/xg23/CPEB3/fraglib/3fiua.gro 8 42 8 1
/scratch/xg23/CPEB3/fraglib/4ynua.gro 7 136 9 1
/scratch/xg23/CPEB3/fraglib/4yn1a.gro 7 51 9 1
/scratch/xg23/CPEB3/fraglib/1xrsa.gro 7 167 7 1
/scratch/xg23/CPEB3/fraglib/5mpta.gro 7 2022 7 1
/scratch/xg23/CPEB3/fraglib/5mpta.gro 7 2021 8 1
/scratch/xg23/CPEB3/fraglib/3qoma.gro 10 220 6 1
/scratch/xg23/CPEB3/fraglib/5lgda.gro 9 141 6 1
/scratch/xg23/CPEB3/fraglib/3a74a.gro 9 203 8 1
/scratch/xg23/CPEB3/fraglib/3dm5a.gro 8 260 8 1
/scratch/xg23/CPEB3/fraglib/2ausa.gro 8 258 7 1
/scratch/xg23/CPEB3/fraglib/6esca.gro 8 578 7 1
/scratch/xg23/CPEB3/fraglib/3l4ya.gro 9 505 8 1
/scratch/xg23/CPEB3/fraglib/6c8za.gro 8 388 8 1
/scratch/xg23/CPEB3/fraglib/5nbsa.gro 8 282 9 1
/scratch/xg23/CPEB3/fraglib/2v54a.gro 8 97 8 1
/scratch/xg23/CPEB3/fraglib/3fiua.gro 8 42 8 1
/scratch/xg23/CPEB3/fraglib/1j8mf.gro 8 260 8 1
/scratch/xg23/CPEB3/fraglib/1rfza.gro 9 148 8 1
/scratch/xg23/CPEB3/fraglib/1um0a.gro 8 129 9 1
/scratch/xg23/CPEB3/fraglib/4ceia.gro 10 28 7 1
/scratch/xg23/CPEB3/fraglib/3qoma.gro 10 220 6 1
/scratch/xg23/CPEB3/fraglib/5lgda.gro 9 141 6 1
/scratch/xg23/CPEB3/fraglib/5fqea.gro 8 549 6 1
/scratch/xg23/CPEB3/fraglib/2w3ya.gro 9 72 6 1
/scratch/xg23/CPEB3/fraglib/2w3ya.gro 10 71 7 1
/scratch/xg23/CPEB3/fraglib/4wesa.gro 9 156 7 1
/scratch/xg23/CPEB3/fraglib/2ibpa.gro 8 235 9 1
/scratch/xg23/CPEB3/fraglib/3a74a.gro 9 203 8 1
/scratch/xg23/CPEB3/fraglib/2g7ba.gro 9 32 9 1
/scratch/xg23/CPEB3/fraglib/3l4ya.gro 9 505 8 1
/scratch/xg23/CPEB3/fraglib/3lota.gro 9 37 9 1
/scratch/xg23/CPEB3/fraglib/3h5na.gro 10 297 8 1
/scratch/xg23/CPEB3/fraglib/1xrsa.gro 9 169 9 1
/scratch/xg23/CPEB3/fraglib/1rfza.gro 9 148 8 1
/scratch/xg23/CPEB3/fraglib/1rfza.gro 10 146 8 1
/scratch/xg23/CPEB3/fraglib/4s3ja.gro 9 341 9 1
/scratch/xg23/CPEB3/fraglib/4py5a.gro 9 210 9 1
/scratch/xg23/CPEB3/fraglib/5fdfa.gro 9 164 9 1
/scratch/xg23/CPEB3/fraglib/5fdfa.gro 9 167 7 1
/scratch/xg23/CPEB3/fraglib/4fkba.gro 9 186 9 1
/scratch/xg23/CPEB3/fraglib/1m93b.gro 11 293 7 1
/scratch/xg23/CPEB3/fraglib/4ceia.gro 10 28 8 1
/scratch/xg23/CPEB3/fraglib/3qoma.gro 10 220 6 1
/scratch/xg23/CPEB3/fraglib/5lgda.gro 9 141 6 1
/scratch/xg23/CPEB3/fraglib/2w3ya.gro 9 72 6 1
/scratch/xg23/CPEB3/fraglib/2w3ya.gro 10 71 7 1
/scratch/xg23/CPEB3/fraglib/4wesa.gro 9 156 7 1
/scratch/xg23/CPEB3/fraglib/1wsca.gro 10 88 9 1
/scratch/xg23/CPEB3/fraglib/3d6ja.gro 10 170 9 1
/scratch/xg23/CPEB3/fraglib/3h5na.gro 10 297 8 1
/scratch/xg23/CPEB3/fraglib/2v54a.gro 10 99 9 1
/scratch/xg23/CPEB3/fraglib/1q7ea.gro 10 144 9 1
/scratch/xg23/CPEB3/fraglib/1m93b.gro 11 293 7 1
/scratch/xg23/CPEB3/fraglib/1m93b.gro 12 293 7 1
/scratch/xg23/CPEB3/fraglib/4ceia.gro 10 28 8 1
/scratch/xg23/CPEB3/fraglib/3qoma.gro 10 220 6 1
/scratch/xg23/CPEB3/fraglib/6drua.gro 10 499 9 1
/scratch/xg23/CPEB3/fraglib/4ca7a.gro 11 544 8 1
/scratch/xg23/CPEB3/fraglib/4mdca.gro 10 172 6 1
/scratch/xg23/CPEB3/fraglib/4mdca.gro 12 173 5 1
/scratch/xg23/CPEB3/fraglib/4mdca.gro 13 173 5 1
/scratch/xg23/CPEB3/fraglib/4mdca.gro 14 173 5 1
/scratch/xg23/CPEB3/fraglib/2w3ya.gro 10 71 7 1
/scratch/xg23/CPEB3/fraglib/1cbia.gro 10 31 7 1
/scratch/xg23/CPEB3/fraglib/1f1sa.gro 11 548 8 1
/scratch/xg23/CPEB3/fraglib/1rfza.gro 10 146 9 1
/scratch/xg23/CPEB3/fraglib/5mb2b.gro 11 332 8 1
/scratch/xg23/CPEB3/fraglib/5gmda.gro 11 105 9 1
/scratch/xg23/CPEB3/fraglib/1m93b.gro 11 293 7 1
/scratch/xg23/CPEB3/fraglib/1m93b.gro 12 293 7 1
/scratch/xg23/CPEB3/fraglib/1m93b.gro 13 293 7 1
/scratch/xg23/CPEB3/fraglib/1f1sa.gro 11 548 8 1
/scratch/xg23/CPEB3/fraglib/1f1sa.gro 12 548 8 1
/scratch/xg23/CPEB3/fraglib/3d6ja.gro 11 172 8 1
/scratch/xg23/CPEB3/fraglib/3d6ja.gro 12 172 8 1
/scratch/xg23/CPEB3/fraglib/1f0xa.gro 11 436 6 1
/scratch/xg23/CPEB3/fraglib/1f0xa.gro 12 436 6 1
/scratch/xg23/CPEB3/fraglib/1f0xa.gro 13 436 6 1
/scratch/xg23/CPEB3/fraglib/1f0xa.gro 14 436 6 1
/scratch/xg23/CPEB3/fraglib/2e9la.gro 11 10 6 1
/scratch/xg23/CPEB3/fraglib/2e9la.gro 12 10 6 1
/scratch/xg23/CPEB3/fraglib/2e9la.gro 13 10 6 1
/scratch/xg23/CPEB3/fraglib/2e9la.gro 14 10 6 1
/scratch/xg23/CPEB3/fraglib/5mb2b.gro 11 332 8 1
/scratch/xg23/CPEB3/fraglib/5mb2b.gro 12 332 8 1
/scratch/xg23/CPEB3/fraglib/2obea.gro 11 255 8 1
/scratch/xg23/CPEB3/fraglib/2obea.gro 12 255 8 1
/scratch/xg23/CPEB3/fraglib/5mb2b.gro 13 332 8 1
/scratch/xg23/CPEB3/fraglib/5mb2b.gro 12 332 9 1
/scratch/xg23/CPEB3/fraglib/2v54a.gro 12 100 9 1
/scratch/xg23/CPEB3/fraglib/3gd6a.gro 12 281 9 1
/scratch/xg23/CPEB3/fraglib/5z95a.gro 12 97 9 1
/scratch/xg23/CPEB3/fraglib/4mdca.gro 14 173 7 1
/scratch/xg23/CPEB3/fraglib/1f1sa.gro 12 548 8 1
/scratch/xg23/CPEB3/fraglib/1m93b.gro 12 293 7 1
/scratch/xg23/CPEB3/fraglib/1m93b.gro 13 293 7 1
/scratch/xg23/CPEB3/fraglib/1m93b.gro 15 293 6 1
/scratch/xg23/CPEB3/fraglib/1wsca.gro 13 91 8 1
/scratch/xg23/CPEB3/fraglib/4r17l.gro 14 138 7 1
/scratch/xg23/CPEB3/fraglib/3d6ja.gro 12 172 8 1
/scratch/xg23/CPEB3/fraglib/3d6ja.gro 12 173 9 1
/scratch/xg23/CPEB3/fraglib/1q7ea.gro 12 145 9 1
/scratch/xg23/CPEB3/fraglib/5i2ta.gro 13 690 8 1
/scratch/xg23/CPEB3/fraglib/1f0xa.gro 12 436 6 1
/scratch/xg23/CPEB3/fraglib/1f0xa.gro 13 436 6 1
/scratch/xg23/CPEB3/fraglib/1f0xa.gro 14 436 6 1
/scratch/xg23/CPEB3/fraglib/1v8ba.gro 12 84 9 1
/scratch/xg23/CPEB3/fraglib/3orha.gro 14 52 8 1
/scratch/xg23/CPEB3/fraglib/3orha.gro 13 52 8 1
/scratch/xg23/CPEB3/fraglib/2qywa.gro 15 2 7 1
/scratch/xg23/CPEB3/fraglib/2qywa.gro 14 2 7 1
/scratch/xg23/CPEB3/fraglib/1rfza.gro 13 147 9 1
/scratch/xg23/CPEB3/fraglib/1jeyb.gro 14 372 8 1
/scratch/xg23/CPEB3/fraglib/5mb2b.gro 13 332 9 1
/scratch/xg23/CPEB3/fraglib/3cska.gro 14 423 8 1
/scratch/xg23/CPEB3/fraglib/3n2sa.gro 13 33 9 1
/scratch/xg23/CPEB3/fraglib/1v8ba.gro 15 87 7 1
/scratch/xg23/CPEB3/fraglib/5z7xa.gro 13 97 9 1
/scratch/xg23/CPEB3/fraglib/3sxxa.gro 13 475 9 1
/scratch/xg23/CPEB3/fraglib/2oita.gro 15 318 7 1
/scratch/xg23/CPEB3/fraglib/1wsca.gro 13 91 8 1
/scratch/xg23/CPEB3/fraglib/1wsca.gro 14 91 8 1
/scratch/xg23/CPEB3/fraglib/4r17l.gro 14 138 7 1
/scratch/xg23/CPEB3/fraglib/4mdca.gro 14 173 7 1
/scratch/xg23/CPEB3/fraglib/4mdca.gro 15 173 7 1
/scratch/xg23/CPEB3/fraglib/3vsea.gro 15 232 7 1
/scratch/xg23/CPEB3/fraglib/1f0xa.gro 13 436 6 1
/scratch/xg23/CPEB3/fraglib/3orha.gro 14 52 8 1
/scratch/xg23/CPEB3/fraglib/2qywa.gro 15 2 7 1
/scratch/xg23/CPEB3/fraglib/2qywa.gro 14 2 7 1
/scratch/xg23/CPEB3/fraglib/1m93b.gro 16 293 7 1
/scratch/xg23/CPEB3/fraglib/1jeyb.gro 14 372 8 1
/scratch/xg23/CPEB3/fraglib/1rfza.gro 14 148 8 1
/scratch/xg23/CPEB3/fraglib/3cska.gro 14 423 8 1
/scratch/xg23/CPEB3/fraglib/3cska.gro 15 423 8 1
/scratch/xg23/CPEB3/fraglib/1v8ba.gro 15 87 7 1
/scratch/xg23/CPEB3/fraglib/2oita.gro 15 318 7 1
/scratch/xg23/CPEB3/fraglib/3kcgi.gro 14 379 9 1
/scratch/xg23/CPEB3/fraglib/4r17l.gro 14 138 7 1
/scratch/xg23/CPEB3/fraglib/4mdca.gro 14 173 7 1
/scratch/xg23/CPEB3/fraglib/4mdca.gro 15 173 7 1
/scratch/xg23/CPEB3/fraglib/3vsea.gro 15 232 7 1
/scratch/xg23/CPEB3/fraglib/1f0xa.gro 14 436 6 1
/scratch/xg23/CPEB3/fraglib/3n2sa.gro 14 34 8 1
/scratch/xg23/CPEB3/fraglib/1wsca.gro 14 91 8 1
/scratch/xg23/CPEB3/fraglib/5eina.gro 14 181 9 1
/scratch/xg23/CPEB3/fraglib/5wtiz.gro 16 580 5 1
/scratch/xg23/CPEB3/fraglib/2qcua.gro 16 38 8 1
/scratch/xg23/CPEB3/fraglib/2qywa.gro 15 2 7 1
/scratch/xg23/CPEB3/fraglib/2qywa.gro 18 2 6 1
/scratch/xg23/CPEB3/fraglib/4b1yb.gro 16 228 8 1
/scratch/xg23/CPEB3/fraglib/4b1yb.gro 15 228 8 1
/scratch/xg23/CPEB3/fraglib/2v54a.gro 15 100 9 1
/scratch/xg23/CPEB3/fraglib/3vsea.gro 15 232 9 1
/scratch/xg23/CPEB3/fraglib/3cska.gro 15 423 8 1
/scratch/xg23/CPEB3/fraglib/3pfea.gro 16 390 8 1
/scratch/xg23/CPEB3/fraglib/2a9va.gro 18 143 6 1
/scratch/xg23/CPEB3/fraglib/3orha.gro 16 54 6 1
/scratch/xg23/CPEB3/fraglib/1v8ba.gro 15 87 7 1
/scratch/xg23/CPEB3/fraglib/5eina.gro 15 182 9 1
/scratch/xg23/CPEB3/fraglib/3gd6a.gro 15 281 9 1
/scratch/xg23/CPEB3/fraglib/1m93b.gro 16 293 7 1
/scratch/xg23/CPEB3/fraglib/2e8ya.gro 16 121 8 1
/scratch/xg23/CPEB3/fraglib/1rfza.gro 16 150 6 1
/scratch/xg23/CPEB3/fraglib/6eysa.gro 18 120 6 1
/scratch/xg23/CPEB3/fraglib/2hkea.gro 15 109 9 1
/scratch/xg23/CPEB3/fraglib/2oita.gro 15 318 7 1
/scratch/xg23/CPEB3/fraglib/2qcua.gro 16 38 9 1
/scratch/xg23/CPEB3/fraglib/3vsea.gro 18 232 7 1
/scratch/xg23/CPEB3/fraglib/2qywa.gro 18 2 7 1
/scratch/xg23/CPEB3/fraglib/2qywa.gro 16 3 6 1
/scratch/xg23/CPEB3/fraglib/3orha.gro 16 54 6 1
/scratch/xg23/CPEB3/fraglib/3hy3a.gro 16 3 7 1
/scratch/xg23/CPEB3/fraglib/4b1yb.gro 16 228 8 1
/scratch/xg23/CPEB3/fraglib/2a9va.gro 18 143 6 1
/scratch/xg23/CPEB3/fraglib/3pfea.gro 16 390 8 1
/scratch/xg23/CPEB3/fraglib/4ceia.gro 16 29 9 1
/scratch/xg23/CPEB3/fraglib/3bvxa.gro 16 1037 9 1
/scratch/xg23/CPEB3/fraglib/2e8ya.gro 16 121 8 1
/scratch/xg23/CPEB3/fraglib/1rfza.gro 16 150 6 1
/scratch/xg23/CPEB3/fraglib/6eysa.gro 18 120 6 1
/scratch/xg23/CPEB3/fraglib/5odqa.gro 16 555 8 1
/scratch/xg23/CPEB3/fraglib/5wtiz.gro 16 580 5 1
/scratch/xg23/CPEB3/fraglib/4dvqa.gro 16 346 5 1
/scratch/xg23/CPEB3/fraglib/3d5pa.gro 18 13 6 1
/scratch/xg23/CPEB3/fraglib/3qkca.gro 16 43 9 1
/scratch/xg23/CPEB3/fraglib/5ijja.gro 17 31 6 1
/scratch/xg23/CPEB3/fraglib/3vsea.gro 18 232 8 1
/scratch/xg23/CPEB3/fraglib/1n4ka.gro 18 271 8 1
/scratch/xg23/CPEB3/fraglib/2qcua.gro 18 40 7 1
/scratch/xg23/CPEB3/fraglib/2qywa.gro 18 2 7 1
/scratch/xg23/CPEB3/fraglib/2qywa.gro 19 2 7 1
/scratch/xg23/CPEB3/fraglib/3sxxa.gro 17 475 9 1
/scratch/xg23/CPEB3/fraglib/2a9va.gro 18 143 6 1
/scratch/xg23/CPEB3/fraglib/4qloa.gro 18 155 8 1
/scratch/xg23/CPEB3/fraglib/4qloa.gro 17 155 8 1
/scratch/xg23/CPEB3/fraglib/2qrua.gro 20 213 6 1
/scratch/xg23/CPEB3/fraglib/1ecfa.gro 17 77 9 1
/scratch/xg23/CPEB3/fraglib/3wa8a.gro 19 70 7 1
/scratch/xg23/CPEB3/fraglib/6eysa.gro 18 120 6 1
/scratch/xg23/CPEB3/fraglib/5odqa.gro 17 556 7 1
/scratch/xg23/CPEB3/fraglib/3hy3a.gro 17 4 9 1
/scratch/xg23/CPEB3/fraglib/2hi4a.gro 18 150 8 1
/scratch/xg23/CPEB3/fraglib/3d5pa.gro 18 13 6 1
/scratch/xg23/CPEB3/fraglib/3bvxa.gro 17 916 9 1
/scratch/xg23/CPEB3/fraglib/5ijja.gro 17 31 6 1
/scratch/xg23/CPEB3/fraglib/5uj6a.gro 17 51 6 1
/scratch/xg23/CPEB3/fraglib/3vsea.gro 18 232 8 1
/scratch/xg23/CPEB3/fraglib/2qywa.gro 18 2 7 1
/scratch/xg23/CPEB3/fraglib/2qywa.gro 19 2 7 1
