/scratch/xg23/CPEB3/fraglib/5h0ia.gro 1 412 5 1
/scratch/xg23/CPEB3/fraglib/1qnxa.gro 1 65 6 1
/scratch/xg23/CPEB3/fraglib/1xv2a.gro 1 127 6 1
/scratch/xg23/CPEB3/fraglib/4rdqa.gro 1 341 6 1
/scratch/xg23/CPEB3/fraglib/3zo5a.gro 2 392 5 1
/scratch/xg23/CPEB3/fraglib/4hdha.gro 2 365 5 1
/scratch/xg23/CPEB3/fraglib/1qnxa.gro 1 65 6 1
/scratch/xg23/CPEB3/fraglib/5az4a.gro 3 420 5 1
/scratch/xg23/CPEB3/fraglib/5az4a.gro 1 464 5 1
/scratch/xg23/CPEB3/fraglib/1xv2a.gro 1 127 6 1
/scratch/xg23/CPEB3/fraglib/4rdqa.gro 1 341 6 1
/scratch/xg23/CPEB3/fraglib/5f5wa.gro 1 83 7 1
/scratch/xg23/CPEB3/fraglib/5c1fa.gro 3 275 5 1
/scratch/xg23/CPEB3/fraglib/4hdha.gro 2 365 5 1
/scratch/xg23/CPEB3/fraglib/1snya.gro 3 26 5 1
/scratch/xg23/CPEB3/fraglib/3kyfa.gro 3 8 5 1
/scratch/xg23/CPEB3/fraglib/2j1dg.gro 4 916 5 1
/scratch/xg23/CPEB3/fraglib/1qnxa.gro 1 65 6 1
/scratch/xg23/CPEB3/fraglib/5az4a.gro 3 420 5 1
/scratch/xg23/CPEB3/fraglib/5az4a.gro 1 464 5 1
/scratch/xg23/CPEB3/fraglib/1xv2a.gro 1 127 6 1
/scratch/xg23/CPEB3/fraglib/4rdqa.gro 1 341 6 1
/scratch/xg23/CPEB3/fraglib/5nusa.gro 3 83 6 1
/scratch/xg23/CPEB3/fraglib/6h20a.gro 1 317 8 1
/scratch/xg23/CPEB3/fraglib/5f5wa.gro 1 83 7 1
/scratch/xg23/CPEB3/fraglib/5c1fa.gro 3 275 5 1
/scratch/xg23/CPEB3/fraglib/4hdha.gro 2 365 5 1
/scratch/xg23/CPEB3/fraglib/1snya.gro 3 26 5 1
/scratch/xg23/CPEB3/fraglib/3sy6a.gro 5 236 4 1
/scratch/xg23/CPEB3/fraglib/3frma.gro 5 28 4 1
/scratch/xg23/CPEB3/fraglib/3kyfa.gro 3 8 5 1
/scratch/xg23/CPEB3/fraglib/5az4a.gro 3 420 7 1
/scratch/xg23/CPEB3/fraglib/5az4a.gro 1 464 5 1
/scratch/xg23/CPEB3/fraglib/2j1dg.gro 4 916 6 1
/scratch/xg23/CPEB3/fraglib/1qnxa.gro 1 65 6 1
/scratch/xg23/CPEB3/fraglib/4rdqa.gro 1 341 9 1
/scratch/xg23/CPEB3/fraglib/1xv2a.gro 1 127 6 1
/scratch/xg23/CPEB3/fraglib/5f5wa.gro 1 83 7 1
/scratch/xg23/CPEB3/fraglib/6h20a.gro 1 317 8 1
/scratch/xg23/CPEB3/fraglib/5ejja.gro 3 568 7 1
/scratch/xg23/CPEB3/fraglib/5c1fa.gro 3 275 5 1
/scratch/xg23/CPEB3/fraglib/1v5da.gro 5 298 5 1
/scratch/xg23/CPEB3/fraglib/1pgua.gro 5 11 5 1
/scratch/xg23/CPEB3/fraglib/4hdha.gro 2 365 5 1
/scratch/xg23/CPEB3/fraglib/1snya.gro 3 26 5 1
/scratch/xg23/CPEB3/fraglib/3sy6a.gro 5 236 4 1
/scratch/xg23/CPEB3/fraglib/3frma.gro 5 28 4 1
/scratch/xg23/CPEB3/fraglib/3kyfa.gro 3 8 5 1
/scratch/xg23/CPEB3/fraglib/3i4ta.gro 1 251 8 1
/scratch/xg23/CPEB3/fraglib/2y5pa.gro 2 346 5 1
/scratch/xg23/CPEB3/fraglib/2zuya.gro 4 595 6 1
/scratch/xg23/CPEB3/fraglib/5az4a.gro 3 420 7 1
/scratch/xg23/CPEB3/fraglib/2j1dg.gro 4 916 6 1
/scratch/xg23/CPEB3/fraglib/2he7a.gro 5 190 6 1
/scratch/xg23/CPEB3/fraglib/3qija.gro 5 290 6 1
/scratch/xg23/CPEB3/fraglib/4ihfa.gro 6 94 5 1
/scratch/xg23/CPEB3/fraglib/5c1fa.gro 3 275 5 1
/scratch/xg23/CPEB3/fraglib/1v5da.gro 5 298 5 1
/scratch/xg23/CPEB3/fraglib/5ejja.gro 3 568 7 1
/scratch/xg23/CPEB3/fraglib/1pgua.gro 5 11 5 1
/scratch/xg23/CPEB3/fraglib/1snya.gro 3 26 5 1
/scratch/xg23/CPEB3/fraglib/3sy6a.gro 5 236 4 1
/scratch/xg23/CPEB3/fraglib/3frma.gro 5 28 4 1
/scratch/xg23/CPEB3/fraglib/3neta.gro 5 365 6 1
/scratch/xg23/CPEB3/fraglib/1xv5a.gro 5 1265 6 1
/scratch/xg23/CPEB3/fraglib/2y5pa.gro 2 346 5 1
/scratch/xg23/CPEB3/fraglib/4hdha.gro 2 365 5 1
/scratch/xg23/CPEB3/fraglib/2zuya.gro 4 595 6 1
/scratch/xg23/CPEB3/fraglib/4bp8a.gro 2 153 8 1
/scratch/xg23/CPEB3/fraglib/4rdqa.gro 3 343 7 1
/scratch/xg23/CPEB3/fraglib/3gcza.gro 3 249 4 1
/scratch/xg23/CPEB3/fraglib/5az4a.gro 3 420 7 1
/scratch/xg23/CPEB3/fraglib/2j1dg.gro 4 916 6 1
/scratch/xg23/CPEB3/fraglib/2j1dg.gro 4 913 8 1
/scratch/xg23/CPEB3/fraglib/2he7a.gro 5 190 6 1
/scratch/xg23/CPEB3/fraglib/5vpua.gro 5 160 7 1
/scratch/xg23/CPEB3/fraglib/5nusa.gro 3 83 6 1
/scratch/xg23/CPEB3/fraglib/3qija.gro 5 290 6 1
/scratch/xg23/CPEB3/fraglib/4ihfa.gro 6 94 5 1
/scratch/xg23/CPEB3/fraglib/5eyva.gro 7 155 5 1
/scratch/xg23/CPEB3/fraglib/5eyva.gro 4 155 5 1
/scratch/xg23/CPEB3/fraglib/5c1fa.gro 3 275 5 1
/scratch/xg23/CPEB3/fraglib/5ejja.gro 3 568 7 1
/scratch/xg23/CPEB3/fraglib/3pgxa.gro 5 232 7 1
/scratch/xg23/CPEB3/fraglib/1v5da.gro 5 298 5 1
/scratch/xg23/CPEB3/fraglib/1pgua.gro 5 11 5 1
/scratch/xg23/CPEB3/fraglib/1snya.gro 3 26 5 1
/scratch/xg23/CPEB3/fraglib/3sy6a.gro 5 236 4 1
/scratch/xg23/CPEB3/fraglib/3frma.gro 5 28 4 1
/scratch/xg23/CPEB3/fraglib/3neta.gro 5 365 6 1
/scratch/xg23/CPEB3/fraglib/5a7ga.gro 5 67 7 1
/scratch/xg23/CPEB3/fraglib/2j1dg.gro 4 916 6 1
/scratch/xg23/CPEB3/fraglib/2j1dg.gro 4 913 8 1
/scratch/xg23/CPEB3/fraglib/2he7a.gro 5 190 6 1
/scratch/xg23/CPEB3/fraglib/5vpua.gro 5 160 7 1
/scratch/xg23/CPEB3/fraglib/1wdda.gro 6 44 7 1
/scratch/xg23/CPEB3/fraglib/3qija.gro 5 290 6 1
/scratch/xg23/CPEB3/fraglib/4ihfa.gro 6 94 5 1
/scratch/xg23/CPEB3/fraglib/5eyva.gro 7 155 5 1
/scratch/xg23/CPEB3/fraglib/5eyva.gro 4 155 5 1
/scratch/xg23/CPEB3/fraglib/3pgxa.gro 5 232 7 1
/scratch/xg23/CPEB3/fraglib/3axsa.gro 8 338 5 1
/scratch/xg23/CPEB3/fraglib/1v5da.gro 5 298 5 1
/scratch/xg23/CPEB3/fraglib/1pgua.gro 5 11 5 1
/scratch/xg23/CPEB3/fraglib/3sy6a.gro 5 236 4 1
/scratch/xg23/CPEB3/fraglib/3frma.gro 5 28 4 1
/scratch/xg23/CPEB3/fraglib/3neta.gro 5 365 6 1
/scratch/xg23/CPEB3/fraglib/5a7ga.gro 5 67 7 1
/scratch/xg23/CPEB3/fraglib/5az4a.gro 4 421 6 1
/scratch/xg23/CPEB3/fraglib/6atra.gro 4 199 9 1
/scratch/xg23/CPEB3/fraglib/1xv5a.gro 5 1265 6 1
/scratch/xg23/CPEB3/fraglib/2he7a.gro 5 190 6 1
/scratch/xg23/CPEB3/fraglib/5vpua.gro 5 160 7 1
/scratch/xg23/CPEB3/fraglib/2j1dg.gro 7 913 7 1
/scratch/xg23/CPEB3/fraglib/2j1dg.gro 5 917 5 1
/scratch/xg23/CPEB3/fraglib/2j1dg.gro 7 916 5 1
/scratch/xg23/CPEB3/fraglib/1wdda.gro 6 44 7 1
/scratch/xg23/CPEB3/fraglib/3qija.gro 5 290 6 1
/scratch/xg23/CPEB3/fraglib/4ihfa.gro 6 94 5 1
/scratch/xg23/CPEB3/fraglib/5eyva.gro 7 155 5 1
/scratch/xg23/CPEB3/fraglib/3pgxa.gro 5 232 7 1
/scratch/xg23/CPEB3/fraglib/3axsa.gro 8 338 5 1
/scratch/xg23/CPEB3/fraglib/1v5da.gro 5 298 5 1
/scratch/xg23/CPEB3/fraglib/1pgua.gro 5 11 5 1
/scratch/xg23/CPEB3/fraglib/5iesc.gro 5 6 9 1
/scratch/xg23/CPEB3/fraglib/3sy6a.gro 5 236 4 1
/scratch/xg23/CPEB3/fraglib/3frma.gro 5 28 4 1
/scratch/xg23/CPEB3/fraglib/3neta.gro 5 365 6 1
/scratch/xg23/CPEB3/fraglib/5a7ga.gro 5 67 7 1
/scratch/xg23/CPEB3/fraglib/1xv5a.gro 5 1265 6 1
/scratch/xg23/CPEB3/fraglib/3bbja.gro 6 121 8 1
/scratch/xg23/CPEB3/fraglib/1wdda.gro 6 44 7 1
/scratch/xg23/CPEB3/fraglib/2j1dg.gro 7 913 7 1
/scratch/xg23/CPEB3/fraglib/2j1dg.gro 7 916 5 1
/scratch/xg23/CPEB3/fraglib/5wkfd.gro 7 3 8 1
/scratch/xg23/CPEB3/fraglib/3axsa.gro 8 338 5 1
/scratch/xg23/CPEB3/fraglib/3bbja.gro 6 121 8 1
/scratch/xg23/CPEB3/fraglib/4ihfa.gro 6 94 5 1
/scratch/xg23/CPEB3/fraglib/5eyva.gro 7 155 5 1
/scratch/xg23/CPEB3/fraglib/5az4a.gro 10 421 5 1
/scratch/xg23/CPEB3/fraglib/2c1ia.gro 6 278 8 1
/scratch/xg23/CPEB3/fraglib/3meba.gro 8 8 7 1
/scratch/xg23/CPEB3/fraglib/1u7la.gro 6 17 9 1
/scratch/xg23/CPEB3/fraglib/1v4aa.gro 9 58 6 1
/scratch/xg23/CPEB3/fraglib/5bnza.gro 6 250 8 1
/scratch/xg23/CPEB3/fraglib/5ti1a.gro 7 295 7 1
/scratch/xg23/CPEB3/fraglib/4dz1a.gro 8 37 5 1
/scratch/xg23/CPEB3/fraglib/3pl8a.gro 6 340 8 1
/scratch/xg23/CPEB3/fraglib/5loqa.gro 8 136 6 1
/scratch/xg23/CPEB3/fraglib/1rkta.gro 7 152 5 1
/scratch/xg23/CPEB3/fraglib/3byqa.gro 6 22 6 1
/scratch/xg23/CPEB3/fraglib/3axsa.gro 8 338 5 1
/scratch/xg23/CPEB3/fraglib/5wkfd.gro 7 3 8 1
/scratch/xg23/CPEB3/fraglib/5eyva.gro 7 155 5 1
/scratch/xg23/CPEB3/fraglib/1iwea.gro 11 423 5 1
/scratch/xg23/CPEB3/fraglib/3h5qa.gro 7 325 9 1
/scratch/xg23/CPEB3/fraglib/5az4a.gro 10 421 5 1
/scratch/xg23/CPEB3/fraglib/3bbja.gro 7 122 9 1
/scratch/xg23/CPEB3/fraglib/3meba.gro 8 8 7 1
/scratch/xg23/CPEB3/fraglib/2j1dg.gro 7 913 7 1
/scratch/xg23/CPEB3/fraglib/2j1dg.gro 7 916 5 1
/scratch/xg23/CPEB3/fraglib/4dz1a.gro 8 37 5 1
/scratch/xg23/CPEB3/fraglib/2zj8a.gro 11 26 5 1
/scratch/xg23/CPEB3/fraglib/2p6ra.gro 11 28 5 1
/scratch/xg23/CPEB3/fraglib/1v7wa.gro 11 786 5 1
/scratch/xg23/CPEB3/fraglib/5ti1a.gro 7 295 7 1
/scratch/xg23/CPEB3/fraglib/4tvma.gro 8 208 7 1
/scratch/xg23/CPEB3/fraglib/1g8sa.gro 9 152 7 1
/scratch/xg23/CPEB3/fraglib/5loqa.gro 8 136 6 1
/scratch/xg23/CPEB3/fraglib/1khda.gro 7 195 8 1
/scratch/xg23/CPEB3/fraglib/5l6va.gro 7 195 6 1
/scratch/xg23/CPEB3/fraglib/4tvma.gro 8 208 9 1
/scratch/xg23/CPEB3/fraglib/4fgva.gro 10 968 7 1
/scratch/xg23/CPEB3/fraglib/3axsa.gro 8 338 5 1
/scratch/xg23/CPEB3/fraglib/2deba.gro 8 395 9 1
/scratch/xg23/CPEB3/fraglib/1iwea.gro 11 423 5 1
/scratch/xg23/CPEB3/fraglib/3fwna.gro 12 306 5 1
/scratch/xg23/CPEB3/fraglib/3fwna.gro 8 437 8 1
/scratch/xg23/CPEB3/fraglib/1xkqa.gro 12 153 5 1
/scratch/xg23/CPEB3/fraglib/5az4a.gro 10 421 5 1
/scratch/xg23/CPEB3/fraglib/2vjqa.gro 9 225 8 1
/scratch/xg23/CPEB3/fraglib/4k90a.gro 9 396 8 1
/scratch/xg23/CPEB3/fraglib/5op0a.gro 8 326 9 1
/scratch/xg23/CPEB3/fraglib/3h5qa.gro 8 326 8 1
/scratch/xg23/CPEB3/fraglib/3meba.gro 8 8 7 1
/scratch/xg23/CPEB3/fraglib/5ys9a.gro 9 290 7 1
/scratch/xg23/CPEB3/fraglib/1v4aa.gro 9 58 6 1
/scratch/xg23/CPEB3/fraglib/2zj8a.gro 11 26 5 1
/scratch/xg23/CPEB3/fraglib/2p6ra.gro 11 28 5 1
/scratch/xg23/CPEB3/fraglib/5toqa.gro 9 7 8 1
/scratch/xg23/CPEB3/fraglib/1v7wa.gro 11 786 5 1
/scratch/xg23/CPEB3/fraglib/4fgva.gro 10 968 7 1
/scratch/xg23/CPEB3/fraglib/2vjqa.gro 9 225 9 1
/scratch/xg23/CPEB3/fraglib/3fwna.gro 12 306 6 1
/scratch/xg23/CPEB3/fraglib/1iwea.gro 11 423 5 1
/scratch/xg23/CPEB3/fraglib/1v7wa.gro 11 786 7 1
/scratch/xg23/CPEB3/fraglib/5toqa.gro 9 7 8 1
/scratch/xg23/CPEB3/fraglib/4k90a.gro 9 396 8 1
/scratch/xg23/CPEB3/fraglib/5az4a.gro 10 421 5 1
/scratch/xg23/CPEB3/fraglib/1xkqa.gro 12 153 5 1
/scratch/xg23/CPEB3/fraglib/2zj8a.gro 11 26 5 1
/scratch/xg23/CPEB3/fraglib/2p6ra.gro 11 28 5 1
/scratch/xg23/CPEB3/fraglib/5ys9a.gro 9 290 7 1
/scratch/xg23/CPEB3/fraglib/3guya.gro 9 131 9 1
/scratch/xg23/CPEB3/fraglib/1g8sa.gro 9 152 7 1
/scratch/xg23/CPEB3/fraglib/4xwha.gro 10 318 8 1
/scratch/xg23/CPEB3/fraglib/1v4aa.gro 9 58 6 1
/scratch/xg23/CPEB3/fraglib/1jnra.gro 12 380 6 1
/scratch/xg23/CPEB3/fraglib/5xoga.gro 11 244 7 1
/scratch/xg23/CPEB3/fraglib/4df3a.gro 9 156 6 1
/scratch/xg23/CPEB3/fraglib/4hhja.gro 12 692 6 1
/scratch/xg23/CPEB3/fraglib/4fgva.gro 10 968 7 1
/scratch/xg23/CPEB3/fraglib/3fwna.gro 12 306 6 1
/scratch/xg23/CPEB3/fraglib/1iwea.gro 11 423 5 1
/scratch/xg23/CPEB3/fraglib/1cnza.gro 11 85 8 1
/scratch/xg23/CPEB3/fraglib/1jnra.gro 12 380 7 1
/scratch/xg23/CPEB3/fraglib/1v7wa.gro 11 786 7 1
/scratch/xg23/CPEB3/fraglib/5az4a.gro 10 421 5 1
/scratch/xg23/CPEB3/fraglib/1xkqa.gro 12 153 5 1
/scratch/xg23/CPEB3/fraglib/2zj8a.gro 11 26 5 1
/scratch/xg23/CPEB3/fraglib/2p6ra.gro 11 28 5 1
/scratch/xg23/CPEB3/fraglib/2vjqa.gro 12 228 6 1
/scratch/xg23/CPEB3/fraglib/4xwha.gro 10 318 8 1
/scratch/xg23/CPEB3/fraglib/4nefa.gro 12 35 6 1
/scratch/xg23/CPEB3/fraglib/2ixma.gro 11 92 8 1
/scratch/xg23/CPEB3/fraglib/2wjnm.gro 11 95 5 1
/scratch/xg23/CPEB3/fraglib/4k90a.gro 11 398 8 1
/scratch/xg23/CPEB3/fraglib/4hhja.gro 12 692 7 1
/scratch/xg23/CPEB3/fraglib/5xoga.gro 11 244 7 1
/scratch/xg23/CPEB3/fraglib/3trga.gro 11 71 7 1
/scratch/xg23/CPEB3/fraglib/5b66d.gro 12 331 7 1
/scratch/xg23/CPEB3/fraglib/3fwna.gro 12 306 6 1
/scratch/xg23/CPEB3/fraglib/1iwea.gro 11 423 5 1
/scratch/xg23/CPEB3/fraglib/1cnza.gro 11 85 8 1
/scratch/xg23/CPEB3/fraglib/1jnra.gro 12 380 7 1
/scratch/xg23/CPEB3/fraglib/1v7wa.gro 11 786 7 1
/scratch/xg23/CPEB3/fraglib/2p6ra.gro 11 28 9 1
/scratch/xg23/CPEB3/fraglib/1xkqa.gro 12 153 5 1
/scratch/xg23/CPEB3/fraglib/3p8cb.gro 15 7 5 1
/scratch/xg23/CPEB3/fraglib/2zj8a.gro 11 26 5 1
/scratch/xg23/CPEB3/fraglib/5cq9a.gro 14 91 6 1
/scratch/xg23/CPEB3/fraglib/2pkfa.gro 14 168 6 1
/scratch/xg23/CPEB3/fraglib/2vjqa.gro 12 228 6 1
/scratch/xg23/CPEB3/fraglib/2qqoa.gro 12 479 8 1
/scratch/xg23/CPEB3/fraglib/4nefa.gro 12 35 6 1
/scratch/xg23/CPEB3/fraglib/2ixma.gro 11 92 8 1
/scratch/xg23/CPEB3/fraglib/2wjnm.gro 11 95 5 1
/scratch/xg23/CPEB3/fraglib/4k90a.gro 11 398 8 1
/scratch/xg23/CPEB3/fraglib/4hhja.gro 12 692 7 1
/scratch/xg23/CPEB3/fraglib/5xoga.gro 11 244 7 1
/scratch/xg23/CPEB3/fraglib/3trga.gro 11 71 7 1
/scratch/xg23/CPEB3/fraglib/2flha.gro 12 60 9 1
/scratch/xg23/CPEB3/fraglib/3fwna.gro 12 306 9 1
/scratch/xg23/CPEB3/fraglib/4hiza.gro 12 675 9 1
/scratch/xg23/CPEB3/fraglib/1jnra.gro 12 380 7 1
/scratch/xg23/CPEB3/fraglib/3p8cb.gro 15 7 6 1
/scratch/xg23/CPEB3/fraglib/2idla.gro 12 73 9 1
/scratch/xg23/CPEB3/fraglib/5xspa.gro 13 474 8 1
/scratch/xg23/CPEB3/fraglib/2qqoa.gro 12 479 8 1
/scratch/xg23/CPEB3/fraglib/4zfva.gro 12 55 9 1
/scratch/xg23/CPEB3/fraglib/1xkqa.gro 12 153 5 1
/scratch/xg23/CPEB3/fraglib/1zud1.gro 12 82 9 1
/scratch/xg23/CPEB3/fraglib/2vjqa.gro 12 228 6 1
/scratch/xg23/CPEB3/fraglib/1m2tb.gro 13 485 8 1
/scratch/xg23/CPEB3/fraglib/5cq9a.gro 14 91 6 1
/scratch/xg23/CPEB3/fraglib/4nefa.gro 12 35 6 1
/scratch/xg23/CPEB3/fraglib/1nzia.gro 12 14 7 1
/scratch/xg23/CPEB3/fraglib/4omfg.gro 13 147 7 1
/scratch/xg23/CPEB3/fraglib/2pkfa.gro 14 168 6 1
/scratch/xg23/CPEB3/fraglib/3zyia.gro 12 70 9 1
/scratch/xg23/CPEB3/fraglib/1pgua.gro 15 13 6 1
/scratch/xg23/CPEB3/fraglib/5cq9a.gro 14 91 8 1
/scratch/xg23/CPEB3/fraglib/5b66c.gro 15 385 7 1
/scratch/xg23/CPEB3/fraglib/4omfg.gro 13 147 7 1
/scratch/xg23/CPEB3/fraglib/3p8cb.gro 15 7 6 1
/scratch/xg23/CPEB3/fraglib/5ojla.gro 16 101 6 1
/scratch/xg23/CPEB3/fraglib/1m2tb.gro 13 485 8 1
/scratch/xg23/CPEB3/fraglib/2pkfa.gro 14 168 6 1
/scratch/xg23/CPEB3/fraglib/1pgua.gro 15 13 6 1
/scratch/xg23/CPEB3/fraglib/4gysa.gro 14 234 8 1
/scratch/xg23/CPEB3/fraglib/5ngda.gro 14 414 8 1
/scratch/xg23/CPEB3/fraglib/5ez7a.gro 15 220 7 1
/scratch/xg23/CPEB3/fraglib/5xspa.gro 13 474 8 1
/scratch/xg23/CPEB3/fraglib/3mesa.gro 13 345 7 1
/scratch/xg23/CPEB3/fraglib/4ubta.gro 13 204 9 1
/scratch/xg23/CPEB3/fraglib/5tw7a.gro 13 94 8 1
/scratch/xg23/CPEB3/fraglib/1zj8a.gro 13 404 9 1
/scratch/xg23/CPEB3/fraglib/3ip1a.gro 14 242 8 1
/scratch/xg23/CPEB3/fraglib/5f8ca.gro 13 251 6 1
/scratch/xg23/CPEB3/fraglib/4hiza.gro 16 679 5 1
/scratch/xg23/CPEB3/fraglib/2zi0a.gro 16 41 6 1
/scratch/xg23/CPEB3/fraglib/5cq9a.gro 14 91 8 1
/scratch/xg23/CPEB3/fraglib/5b66c.gro 15 385 8 1
/scratch/xg23/CPEB3/fraglib/2zi0a.gro 16 41 7 1
/scratch/xg23/CPEB3/fraglib/3p8cb.gro 15 7 6 1
/scratch/xg23/CPEB3/fraglib/5ngda.gro 14 414 9 1
/scratch/xg23/CPEB3/fraglib/5ojla.gro 16 101 6 1
/scratch/xg23/CPEB3/fraglib/2pkfa.gro 14 168 6 1
/scratch/xg23/CPEB3/fraglib/5ez7a.gro 15 220 7 1
/scratch/xg23/CPEB3/fraglib/4gysa.gro 14 234 8 1
/scratch/xg23/CPEB3/fraglib/5lsfb.gro 14 50 9 1
/scratch/xg23/CPEB3/fraglib/4j94a.gro 15 43 7 1
/scratch/xg23/CPEB3/fraglib/1jz8a.gro 16 47 7 1
/scratch/xg23/CPEB3/fraglib/4tpwa.gro 18 120 5 1
/scratch/xg23/CPEB3/fraglib/3ip1a.gro 14 242 9 1
/scratch/xg23/CPEB3/fraglib/6f8ba.gro 15 202 8 1
/scratch/xg23/CPEB3/fraglib/1pgua.gro 15 13 6 1
/scratch/xg23/CPEB3/fraglib/4axsa.gro 16 17 5 1
/scratch/xg23/CPEB3/fraglib/3dlsa.gro 15 1233 8 1
/scratch/xg23/CPEB3/fraglib/4hiza.gro 16 679 5 1
/scratch/xg23/CPEB3/fraglib/2a72a.gro 15 321 6 1
/scratch/xg23/CPEB3/fraglib/4gysa.gro 15 235 9 1
/scratch/xg23/CPEB3/fraglib/5b66c.gro 15 385 8 1
/scratch/xg23/CPEB3/fraglib/3p8cb.gro 15 7 6 1
/scratch/xg23/CPEB3/fraglib/5ojla.gro 16 101 6 1
/scratch/xg23/CPEB3/fraglib/2zi0a.gro 16 41 7 1
/scratch/xg23/CPEB3/fraglib/1b48a.gro 15 199 9 1
/scratch/xg23/CPEB3/fraglib/4o7oa.gro 15 346 9 1
/scratch/xg23/CPEB3/fraglib/5xspa.gro 15 476 6 1
/scratch/xg23/CPEB3/fraglib/5cq9a.gro 16 93 6 1
/scratch/xg23/CPEB3/fraglib/1czan.gro 16 513 8 1
/scratch/xg23/CPEB3/fraglib/1f3aa.gro 15 198 9 1
/scratch/xg23/CPEB3/fraglib/1mkfa.gro 15 208 9 1
/scratch/xg23/CPEB3/fraglib/4tpwa.gro 18 120 5 1
/scratch/xg23/CPEB3/fraglib/3nvnb.gro 18 318 6 1
/scratch/xg23/CPEB3/fraglib/1pgua.gro 15 13 6 1
/scratch/xg23/CPEB3/fraglib/6f8ba.gro 15 202 8 1
/scratch/xg23/CPEB3/fraglib/4u98a.gro 15 329 9 1
/scratch/xg23/CPEB3/fraglib/2fr1a.gro 17 1824 6 1
/scratch/xg23/CPEB3/fraglib/3ct4a.gro 19 39 5 1
/scratch/xg23/CPEB3/fraglib/1jz8a.gro 16 47 7 1
/scratch/xg23/CPEB3/fraglib/4gysa.gro 16 236 8 1
/scratch/xg23/CPEB3/fraglib/2zi0a.gro 16 41 8 1
/scratch/xg23/CPEB3/fraglib/5cq9a.gro 16 93 6 1
/scratch/xg23/CPEB3/fraglib/5ojla.gro 16 101 6 1
/scratch/xg23/CPEB3/fraglib/1czan.gro 16 513 8 1
/scratch/xg23/CPEB3/fraglib/2iwba.gro 17 383 7 1
/scratch/xg23/CPEB3/fraglib/4tpwa.gro 18 120 5 1
/scratch/xg23/CPEB3/fraglib/3nvnb.gro 18 318 6 1
/scratch/xg23/CPEB3/fraglib/1jz8a.gro 16 47 7 1
/scratch/xg23/CPEB3/fraglib/2f4ma.gro 16 341 5 1
/scratch/xg23/CPEB3/fraglib/3ct4a.gro 19 39 5 1
/scratch/xg23/CPEB3/fraglib/4hiza.gro 16 679 5 1
/scratch/xg23/CPEB3/fraglib/3mhsa.gro 16 128 6 1
/scratch/xg23/CPEB3/fraglib/1ziwa.gro 16 480 5 1
/scratch/xg23/CPEB3/fraglib/5vn5a.gro 17 237 6 1
/scratch/xg23/CPEB3/fraglib/4tpwa.gro 18 120 5 1
/scratch/xg23/CPEB3/fraglib/4tpwa.gro 18 120 5 1
