/scratch/xg23/CPEB3/fraglib/3sx6a.gro 3 43 5 1
/scratch/xg23/CPEB3/fraglib/2qv3a.gro 1 597 8 1
/scratch/xg23/CPEB3/fraglib/3sx6a.gro 3 43 5 1
/scratch/xg23/CPEB3/fraglib/2yeva.gro 1 493 8 1
/scratch/xg23/CPEB3/fraglib/3vn5a.gro 3 183 6 1
/scratch/xg23/CPEB3/fraglib/2z61a.gro 1 161 8 1
/scratch/xg23/CPEB3/fraglib/3b98a.gro 3 410 6 1
/scratch/xg23/CPEB3/fraglib/2yeva.gro 2 494 8 1
/scratch/xg23/CPEB3/fraglib/2qv3a.gro 1 597 8 1
/scratch/xg23/CPEB3/fraglib/3sx6a.gro 3 43 7 1
/scratch/xg23/CPEB3/fraglib/3b98a.gro 3 410 6 1
/scratch/xg23/CPEB3/fraglib/3vn5a.gro 3 183 6 1
/scratch/xg23/CPEB3/fraglib/4reya.gro 2 85 8 1
/scratch/xg23/CPEB3/fraglib/3g20a.gro 3 90 7 1
/scratch/xg23/CPEB3/fraglib/2xija.gro 4 422 6 1
/scratch/xg23/CPEB3/fraglib/2z61a.gro 1 161 8 1
/scratch/xg23/CPEB3/fraglib/5h3ja.gro 2 85 8 1
/scratch/xg23/CPEB3/fraglib/1ulva.gro 4 831 6 1
/scratch/xg23/CPEB3/fraglib/1y0ga.gro 5 146 5 1
/scratch/xg23/CPEB3/fraglib/2nz2a.gro 3 175 5 1
/scratch/xg23/CPEB3/fraglib/2zzea.gro 5 190 5 1
/scratch/xg23/CPEB3/fraglib/3grla.gro 1 355 6 1
/scratch/xg23/CPEB3/fraglib/3ftba.gro 3 153 7 1
/scratch/xg23/CPEB3/fraglib/3ftba.gro 2 240 6 1
/scratch/xg23/CPEB3/fraglib/3v4ka.gro 2 356 8 1
/scratch/xg23/CPEB3/fraglib/1obba.gro 6 283 4 1
/scratch/xg23/CPEB3/fraglib/3gdha.gro 4 763 6 1
/scratch/xg23/CPEB3/fraglib/2yeva.gro 2 494 8 1
/scratch/xg23/CPEB3/fraglib/3sx6a.gro 3 43 8 1
/scratch/xg23/CPEB3/fraglib/2qv3a.gro 3 599 6 1
/scratch/xg23/CPEB3/fraglib/3v4ka.gro 2 356 9 1
/scratch/xg23/CPEB3/fraglib/3ftba.gro 3 153 8 1
/scratch/xg23/CPEB3/fraglib/3ftba.gro 2 240 6 1
/scratch/xg23/CPEB3/fraglib/2fgea.gro 3 784 8 1
/scratch/xg23/CPEB3/fraglib/3b98a.gro 3 410 6 1
/scratch/xg23/CPEB3/fraglib/2xija.gro 4 422 6 1
/scratch/xg23/CPEB3/fraglib/3vn5a.gro 3 183 6 1
/scratch/xg23/CPEB3/fraglib/4yzoa.gro 3 308 8 1
/scratch/xg23/CPEB3/fraglib/1y0ga.gro 5 146 5 1
/scratch/xg23/CPEB3/fraglib/3g20a.gro 3 90 7 1
/scratch/xg23/CPEB3/fraglib/4reya.gro 2 85 8 1
/scratch/xg23/CPEB3/fraglib/2nz2a.gro 3 175 5 1
/scratch/xg23/CPEB3/fraglib/1ulva.gro 4 831 6 1
/scratch/xg23/CPEB3/fraglib/5h3ja.gro 2 85 8 1
/scratch/xg23/CPEB3/fraglib/2z61a.gro 2 162 7 1
/scratch/xg23/CPEB3/fraglib/4udta.gro 5 39 6 1
/scratch/xg23/CPEB3/fraglib/2zzea.gro 5 190 5 1
/scratch/xg23/CPEB3/fraglib/3sx6a.gro 3 43 8 1
/scratch/xg23/CPEB3/fraglib/2yeva.gro 3 495 7 1
/scratch/xg23/CPEB3/fraglib/2qv3a.gro 3 599 6 1
/scratch/xg23/CPEB3/fraglib/3ftba.gro 3 153 8 1
/scratch/xg23/CPEB3/fraglib/3ftba.gro 5 243 3 1
/scratch/xg23/CPEB3/fraglib/2fgea.gro 3 784 8 1
/scratch/xg23/CPEB3/fraglib/3vn5a.gro 3 183 6 1
/scratch/xg23/CPEB3/fraglib/4gaaa.gro 3 260 9 1
/scratch/xg23/CPEB3/fraglib/2xija.gro 4 422 6 1
/scratch/xg23/CPEB3/fraglib/3u9wa.gro 3 1263 9 1
/scratch/xg23/CPEB3/fraglib/3u9wa.gro 7 1346 5 1
/scratch/xg23/CPEB3/fraglib/3b98a.gro 3 410 6 1
/scratch/xg23/CPEB3/fraglib/4yzoa.gro 3 308 8 1
/scratch/xg23/CPEB3/fraglib/1y0ga.gro 5 146 5 1
/scratch/xg23/CPEB3/fraglib/3ciaa.gro 3 292 9 1
/scratch/xg23/CPEB3/fraglib/4reya.gro 3 86 7 1
/scratch/xg23/CPEB3/fraglib/3g20a.gro 3 90 7 1
/scratch/xg23/CPEB3/fraglib/5h3ja.gro 3 86 7 1
/scratch/xg23/CPEB3/fraglib/2nz2a.gro 3 175 5 1
/scratch/xg23/CPEB3/fraglib/4xsqa.gro 4 141 5 1
/scratch/xg23/CPEB3/fraglib/1y0ga.gro 5 146 8 1
/scratch/xg23/CPEB3/fraglib/5cyza.gro 4 210 9 1
/scratch/xg23/CPEB3/fraglib/2izra.gro 4 246 9 1
/scratch/xg23/CPEB3/fraglib/1csna.gro 4 215 9 1
/scratch/xg23/CPEB3/fraglib/6gzma.gro 4 210 9 1
/scratch/xg23/CPEB3/fraglib/2xija.gro 4 422 6 1
/scratch/xg23/CPEB3/fraglib/5nqda.gro 6 696 7 1
/scratch/xg23/CPEB3/fraglib/1ulva.gro 4 831 6 1
/scratch/xg23/CPEB3/fraglib/6gzda.gro 4 218 9 1
/scratch/xg23/CPEB3/fraglib/5x18a.gro 6 274 7 1
/scratch/xg23/CPEB3/fraglib/6et9a.gro 5 326 8 1
/scratch/xg23/CPEB3/fraglib/3gdha.gro 4 763 6 1
/scratch/xg23/CPEB3/fraglib/2zzea.gro 5 190 5 1
/scratch/xg23/CPEB3/fraglib/3sv0a.gro 4 210 9 1
/scratch/xg23/CPEB3/fraglib/2yeva.gro 5 497 5 1
/scratch/xg23/CPEB3/fraglib/3sx6a.gro 4 44 7 1
/scratch/xg23/CPEB3/fraglib/3iwka.gro 6 458 6 1
/scratch/xg23/CPEB3/fraglib/4udta.gro 5 39 6 1
/scratch/xg23/CPEB3/fraglib/1uhva.gro 5 421 4 1
/scratch/xg23/CPEB3/fraglib/4wpma.gro 4 113 9 1
/scratch/xg23/CPEB3/fraglib/1y0ga.gro 5 146 9 1
/scratch/xg23/CPEB3/fraglib/3sv0a.gro 6 212 8 1
/scratch/xg23/CPEB3/fraglib/3peba.gro 5 80 9 1
/scratch/xg23/CPEB3/fraglib/1jb0c.gro 6 29 8 1
/scratch/xg23/CPEB3/fraglib/4udta.gro 5 39 6 1
/scratch/xg23/CPEB3/fraglib/1csna.gro 6 217 8 1
/scratch/xg23/CPEB3/fraglib/6gzma.gro 6 212 8 1
/scratch/xg23/CPEB3/fraglib/5cyza.gro 6 212 7 1
/scratch/xg23/CPEB3/fraglib/2izra.gro 6 248 7 1
/scratch/xg23/CPEB3/fraglib/2hpva.gro 7 62 7 1
/scratch/xg23/CPEB3/fraglib/5nqda.gro 6 696 7 1
/scratch/xg23/CPEB3/fraglib/2xija.gro 5 423 5 1
/scratch/xg23/CPEB3/fraglib/2xija.gro 9 291 5 1
/scratch/xg23/CPEB3/fraglib/6et9a.gro 5 326 9 1
/scratch/xg23/CPEB3/fraglib/2ewoa.gro 5 121 9 1
/scratch/xg23/CPEB3/fraglib/6gzda.gro 6 220 8 1
/scratch/xg23/CPEB3/fraglib/3iwka.gro 6 458 6 1
/scratch/xg23/CPEB3/fraglib/5x18a.gro 6 274 7 1
/scratch/xg23/CPEB3/fraglib/2jera.gro 5 117 9 1
/scratch/xg23/CPEB3/fraglib/1uhva.gro 5 421 4 1
/scratch/xg23/CPEB3/fraglib/1y0ga.gro 6 147 8 1
/scratch/xg23/CPEB3/fraglib/3sv0a.gro 6 212 8 1
/scratch/xg23/CPEB3/fraglib/1jb0c.gro 6 29 9 1
/scratch/xg23/CPEB3/fraglib/2d5va.gro 6 48 9 1
/scratch/xg23/CPEB3/fraglib/1csna.gro 6 217 8 1
/scratch/xg23/CPEB3/fraglib/6gzma.gro 6 212 8 1
/scratch/xg23/CPEB3/fraglib/2rfva.gro 8 319 7 1
/scratch/xg23/CPEB3/fraglib/5cyza.gro 6 212 7 1
/scratch/xg23/CPEB3/fraglib/2izra.gro 6 248 7 1
/scratch/xg23/CPEB3/fraglib/2hpva.gro 7 62 7 1
/scratch/xg23/CPEB3/fraglib/5nqda.gro 6 696 7 1
/scratch/xg23/CPEB3/fraglib/5ep2a.gro 6 286 9 1
/scratch/xg23/CPEB3/fraglib/3iwka.gro 6 458 6 1
/scratch/xg23/CPEB3/fraglib/5x18a.gro 6 274 7 1
/scratch/xg23/CPEB3/fraglib/2aeua.gro 6 213 9 1
/scratch/xg23/CPEB3/fraglib/6gzda.gro 6 220 8 1
/scratch/xg23/CPEB3/fraglib/3vdga.gro 7 298 8 1
/scratch/xg23/CPEB3/fraglib/5a2da.gro 6 455 6 1
/scratch/xg23/CPEB3/fraglib/1vbka.gro 7 171 7 1
/scratch/xg23/CPEB3/fraglib/1obba.gro 6 283 4 1
/scratch/xg23/CPEB3/fraglib/3lifa.gro 7 221 9 1
/scratch/xg23/CPEB3/fraglib/5wzea.gro 7 88 9 1
/scratch/xg23/CPEB3/fraglib/5wzea.gro 9 119 7 1
/scratch/xg23/CPEB3/fraglib/4xqka.gro 8 1228 8 1
/scratch/xg23/CPEB3/fraglib/2rfva.gro 8 319 7 1
/scratch/xg23/CPEB3/fraglib/3cyva.gro 7 210 9 1
/scratch/xg23/CPEB3/fraglib/3cyva.gro 7 24 8 1
/scratch/xg23/CPEB3/fraglib/2hpva.gro 7 62 7 1
/scratch/xg23/CPEB3/fraglib/3vdga.gro 7 298 8 1
/scratch/xg23/CPEB3/fraglib/4bbya.gro 7 491 9 1
/scratch/xg23/CPEB3/fraglib/1vbka.gro 7 171 9 1
/scratch/xg23/CPEB3/fraglib/4jg5a.gro 8 305 8 1
/scratch/xg23/CPEB3/fraglib/4aeea.gro 9 573 7 1
/scratch/xg23/CPEB3/fraglib/2q88a.gro 9 66 6 1
/scratch/xg23/CPEB3/fraglib/1n7ha.gro 8 247 8 1
/scratch/xg23/CPEB3/fraglib/3o3ra.gro 9 115 7 1
/scratch/xg23/CPEB3/fraglib/3sv0a.gro 7 213 7 1
/scratch/xg23/CPEB3/fraglib/3hm7a.gro 7 127 7 1
/scratch/xg23/CPEB3/fraglib/3hm7a.gro 7 301 7 1
/scratch/xg23/CPEB3/fraglib/2x98a.gro 8 350 8 1
/scratch/xg23/CPEB3/fraglib/4aeea.gro 9 573 8 1
/scratch/xg23/CPEB3/fraglib/4xqka.gro 8 1228 8 1
/scratch/xg23/CPEB3/fraglib/1yiia.gro 10 157 7 1
/scratch/xg23/CPEB3/fraglib/2ie7a.gro 10 155 7 1
/scratch/xg23/CPEB3/fraglib/1rhca.gro 8 211 9 1
/scratch/xg23/CPEB3/fraglib/2rfva.gro 8 319 7 1
/scratch/xg23/CPEB3/fraglib/3rima.gro 8 577 9 1
/scratch/xg23/CPEB3/fraglib/4jg5a.gro 8 305 8 1
/scratch/xg23/CPEB3/fraglib/1n7ha.gro 8 247 8 1
/scratch/xg23/CPEB3/fraglib/2zxea.gro 9 276 8 1
/scratch/xg23/CPEB3/fraglib/2zxea.gro 9 587 8 1
/scratch/xg23/CPEB3/fraglib/3o3ra.gro 9 115 7 1
/scratch/xg23/CPEB3/fraglib/1z69a.gro 8 193 9 1
/scratch/xg23/CPEB3/fraglib/4bbya.gro 8 492 8 1
/scratch/xg23/CPEB3/fraglib/5fewa.gro 10 106 7 1
/scratch/xg23/CPEB3/fraglib/4fvma.gro 8 790 8 1
/scratch/xg23/CPEB3/fraglib/2i2xb.gro 8 61 9 1
/scratch/xg23/CPEB3/fraglib/2p1za.gro 8 65 9 1
/scratch/xg23/CPEB3/fraglib/3c9fa.gro 9 264 6 1
/scratch/xg23/CPEB3/fraglib/2p3xa.gro 12 262 5 1
/scratch/xg23/CPEB3/fraglib/4aeea.gro 9 573 8 1
/scratch/xg23/CPEB3/fraglib/1yiia.gro 10 157 7 1
/scratch/xg23/CPEB3/fraglib/2ie7a.gro 10 155 7 1
/scratch/xg23/CPEB3/fraglib/5jp0a.gro 13 187 5 1
/scratch/xg23/CPEB3/fraglib/5zb8a.gro 10 233 8 1
/scratch/xg23/CPEB3/fraglib/5cjza.gro 10 419 8 1
/scratch/xg23/CPEB3/fraglib/1yq9h.gro 13 51 5 1
/scratch/xg23/CPEB3/fraglib/1va0a.gro 10 173 8 1
/scratch/xg23/CPEB3/fraglib/4nqfa.gro 9 224 9 1
/scratch/xg23/CPEB3/fraglib/1ybea.gro 11 331 7 1
/scratch/xg23/CPEB3/fraglib/1l9ma.gro 12 242 6 1
/scratch/xg23/CPEB3/fraglib/3ayxa.gro 13 62 5 1
/scratch/xg23/CPEB3/fraglib/4u9hl.gro 13 67 5 1
/scratch/xg23/CPEB3/fraglib/2i2xb.gro 9 62 8 1
/scratch/xg23/CPEB3/fraglib/4xg1a.gro 10 91 8 1
/scratch/xg23/CPEB3/fraglib/2zxea.gro 9 276 8 1
/scratch/xg23/CPEB3/fraglib/2zxea.gro 9 587 8 1
/scratch/xg23/CPEB3/fraglib/1p99a.gro 11 213 7 1
/scratch/xg23/CPEB3/fraglib/3i9xa.gro 11 107 7 1
/scratch/xg23/CPEB3/fraglib/1e3db.gro 13 57 5 1
/scratch/xg23/CPEB3/fraglib/4xg1a.gro 10 91 9 1
/scratch/xg23/CPEB3/fraglib/3hrza.gro 10 468 9 1
/scratch/xg23/CPEB3/fraglib/5m5ec.gro 10 110 9 1
/scratch/xg23/CPEB3/fraglib/4aeea.gro 10 574 7 1
/scratch/xg23/CPEB3/fraglib/5jp0a.gro 13 187 5 1
/scratch/xg23/CPEB3/fraglib/3sk9a.gro 13 217 6 1
/scratch/xg23/CPEB3/fraglib/1z69a.gro 11 196 6 1
/scratch/xg23/CPEB3/fraglib/5cjza.gro 10 419 8 1
/scratch/xg23/CPEB3/fraglib/2om6a.gro 11 57 8 1
/scratch/xg23/CPEB3/fraglib/1yq9h.gro 13 51 5 1
/scratch/xg23/CPEB3/fraglib/5zb8a.gro 10 233 8 1
/scratch/xg23/CPEB3/fraglib/2ie7a.gro 10 155 7 1
/scratch/xg23/CPEB3/fraglib/1l9ma.gro 12 242 6 1
/scratch/xg23/CPEB3/fraglib/3ayxa.gro 13 62 5 1
/scratch/xg23/CPEB3/fraglib/2xzla.gro 14 790 5 1
/scratch/xg23/CPEB3/fraglib/4u9hl.gro 13 67 5 1
/scratch/xg23/CPEB3/fraglib/1aora.gro 10 539 9 1
/scratch/xg23/CPEB3/fraglib/5adul.gro 13 62 5 1
/scratch/xg23/CPEB3/fraglib/4uqlq.gro 13 58 5 1
/scratch/xg23/CPEB3/fraglib/1yiia.gro 10 157 7 1
/scratch/xg23/CPEB3/fraglib/5jp0a.gro 13 187 7 1
/scratch/xg23/CPEB3/fraglib/1yq9h.gro 13 51 7 1
/scratch/xg23/CPEB3/fraglib/3hrza.gro 11 469 8 1
/scratch/xg23/CPEB3/fraglib/3ayxa.gro 13 62 7 1
/scratch/xg23/CPEB3/fraglib/3sk9a.gro 13 217 6 1
/scratch/xg23/CPEB3/fraglib/2om6a.gro 11 57 8 1
/scratch/xg23/CPEB3/fraglib/4u9hl.gro 13 67 7 1
/scratch/xg23/CPEB3/fraglib/2e2ra.gro 11 406 9 1
/scratch/xg23/CPEB3/fraglib/4xg1a.gro 11 92 8 1
/scratch/xg23/CPEB3/fraglib/2xzla.gro 14 790 5 1
/scratch/xg23/CPEB3/fraglib/4uqlq.gro 13 58 7 1
/scratch/xg23/CPEB3/fraglib/1l9ma.gro 12 242 6 1
/scratch/xg23/CPEB3/fraglib/5jskb.gro 13 61 7 1
/scratch/xg23/CPEB3/fraglib/5adul.gro 13 62 7 1
/scratch/xg23/CPEB3/fraglib/1e3db.gro 13 57 7 1
/scratch/xg23/CPEB3/fraglib/3i9xa.gro 11 107 7 1
/scratch/xg23/CPEB3/fraglib/5mdll.gro 13 61 7 1
/scratch/xg23/CPEB3/fraglib/4wkya.gro 12 118 7 1
/scratch/xg23/CPEB3/fraglib/4wkya.gro 12 418 8 1
/scratch/xg23/CPEB3/fraglib/3myrb.gro 13 1047 7 1
/scratch/xg23/CPEB3/fraglib/5jp0a.gro 13 187 7 1
/scratch/xg23/CPEB3/fraglib/5adul.gro 13 62 7 1
/scratch/xg23/CPEB3/fraglib/3ayxa.gro 13 62 7 1
/scratch/xg23/CPEB3/fraglib/2rl8a.gro 13 107 8 1
/scratch/xg23/CPEB3/fraglib/3sk9a.gro 13 217 6 1
/scratch/xg23/CPEB3/fraglib/1nwza.gro 13 51 8 1
/scratch/xg23/CPEB3/fraglib/2xzla.gro 14 790 5 1
/scratch/xg23/CPEB3/fraglib/3hrza.gro 13 471 6 1
/scratch/xg23/CPEB3/fraglib/1l9ma.gro 12 242 6 1
/scratch/xg23/CPEB3/fraglib/5j7oa.gro 14 303 7 1
/scratch/xg23/CPEB3/fraglib/3tqga.gro 14 263 7 1
/scratch/xg23/CPEB3/fraglib/3qoka.gro 13 277 8 1
/scratch/xg23/CPEB3/fraglib/3kgka.gro 12 85 8 1
/scratch/xg23/CPEB3/fraglib/1yq9h.gro 13 51 7 1
/scratch/xg23/CPEB3/fraglib/3v7na.gro 13 343 8 1
/scratch/xg23/CPEB3/fraglib/2e2ra.gro 15 410 5 1
/scratch/xg23/CPEB3/fraglib/4uqlq.gro 13 58 7 1
/scratch/xg23/CPEB3/fraglib/4u9hl.gro 13 67 7 1
/scratch/xg23/CPEB3/fraglib/1e3db.gro 13 57 7 1
/scratch/xg23/CPEB3/fraglib/5mdll.gro 13 61 7 1
/scratch/xg23/CPEB3/fraglib/1nwza.gro 13 51 9 1
/scratch/xg23/CPEB3/fraglib/3p8ca.gro 16 548 6 1
/scratch/xg23/CPEB3/fraglib/5jp0a.gro 13 187 7 1
/scratch/xg23/CPEB3/fraglib/1yq9h.gro 13 51 7 1
/scratch/xg23/CPEB3/fraglib/5adul.gro 13 62 7 1
/scratch/xg23/CPEB3/fraglib/3ayxa.gro 13 62 7 1
/scratch/xg23/CPEB3/fraglib/1e3db.gro 13 57 7 1
/scratch/xg23/CPEB3/fraglib/2xzla.gro 14 790 5 1
/scratch/xg23/CPEB3/fraglib/3tqga.gro 14 263 7 1
/scratch/xg23/CPEB3/fraglib/4uqlq.gro 13 58 7 1
/scratch/xg23/CPEB3/fraglib/2rl8a.gro 13 107 8 1
/scratch/xg23/CPEB3/fraglib/3sk9a.gro 13 217 6 1
/scratch/xg23/CPEB3/fraglib/3hrza.gro 13 471 6 1
/scratch/xg23/CPEB3/fraglib/3qoka.gro 13 277 8 1
/scratch/xg23/CPEB3/fraglib/2w15a.gro 15 118 7 1
/scratch/xg23/CPEB3/fraglib/5j7oa.gro 14 303 8 1
/scratch/xg23/CPEB3/fraglib/4s17a.gro 14 107 8 1
/scratch/xg23/CPEB3/fraglib/6ap4a.gro 16 201 6 1
/scratch/xg23/CPEB3/fraglib/3i9xa.gro 13 109 5 1
/scratch/xg23/CPEB3/fraglib/1l9ma.gro 13 243 5 1
/scratch/xg23/CPEB3/fraglib/2w15a.gro 15 118 8 1
/scratch/xg23/CPEB3/fraglib/3p8ca.gro 16 548 6 1
/scratch/xg23/CPEB3/fraglib/3tqga.gro 14 263 7 1
/scratch/xg23/CPEB3/fraglib/2xzla.gro 14 790 5 1
/scratch/xg23/CPEB3/fraglib/3oa2a.gro 15 174 8 1
/scratch/xg23/CPEB3/fraglib/4buca.gro 15 120 8 1
/scratch/xg23/CPEB3/fraglib/2biva.gro 14 72 9 1
/scratch/xg23/CPEB3/fraglib/5j7oa.gro 14 303 8 1
/scratch/xg23/CPEB3/fraglib/4s17a.gro 14 107 8 1
/scratch/xg23/CPEB3/fraglib/2e2ra.gro 15 410 5 1
/scratch/xg23/CPEB3/fraglib/2z04a.gro 14 325 8 1
/scratch/xg23/CPEB3/fraglib/3k6ja.gro 14 164 9 1
/scratch/xg23/CPEB3/fraglib/5ccfa.gro 14 470 9 1
/scratch/xg23/CPEB3/fraglib/5ccfa.gro 17 74 6 1
/scratch/xg23/CPEB3/fraglib/3cwwa.gro 16 837 7 1
/scratch/xg23/CPEB3/fraglib/5td6a.gro 16 21 7 1
/scratch/xg23/CPEB3/fraglib/4toza.gro 15 49 8 1
/scratch/xg23/CPEB3/fraglib/4f4fa.gro 15 384 8 1
/scratch/xg23/CPEB3/fraglib/1yrra.gro 16 339 7 1
/scratch/xg23/CPEB3/fraglib/6ap4a.gro 16 201 6 1
/scratch/xg23/CPEB3/fraglib/2w15a.gro 15 118 8 1
/scratch/xg23/CPEB3/fraglib/3p8ca.gro 16 548 6 1
/scratch/xg23/CPEB3/fraglib/4ofca.gro 16 108 8 1
/scratch/xg23/CPEB3/fraglib/5ccfa.gro 15 471 9 1
/scratch/xg23/CPEB3/fraglib/5ccfa.gro 17 74 6 1
/scratch/xg23/CPEB3/fraglib/6b5fa.gro 15 193 9 1
/scratch/xg23/CPEB3/fraglib/3oa2a.gro 15 174 9 1
/scratch/xg23/CPEB3/fraglib/2q4aa.gro 15 264 9 1
/scratch/xg23/CPEB3/fraglib/1ouva.gro 15 28 9 1
/scratch/xg23/CPEB3/fraglib/4buca.gro 15 120 8 1
/scratch/xg23/CPEB3/fraglib/4dooa.gro 15 20 9 1
/scratch/xg23/CPEB3/fraglib/5meda.gro 17 348 7 1
/scratch/xg23/CPEB3/fraglib/6ap4a.gro 16 201 6 1
/scratch/xg23/CPEB3/fraglib/3thxa.gro 15 156 9 1
/scratch/xg23/CPEB3/fraglib/2e2ra.gro 15 410 5 1
/scratch/xg23/CPEB3/fraglib/5td6a.gro 16 21 7 1
/scratch/xg23/CPEB3/fraglib/4toza.gro 15 49 8 1
/scratch/xg23/CPEB3/fraglib/3cwwa.gro 16 837 7 1
/scratch/xg23/CPEB3/fraglib/5ci6a.gro 15 332 8 1
/scratch/xg23/CPEB3/fraglib/5b6aa.gro 16 217 8 1
/scratch/xg23/CPEB3/fraglib/3p8ca.gro 16 548 6 1
/scratch/xg23/CPEB3/fraglib/4ofca.gro 16 108 8 1
/scratch/xg23/CPEB3/fraglib/2x8sa.gro 16 124 9 1
/scratch/xg23/CPEB3/fraglib/2xapa.gro 17 510 8 1
/scratch/xg23/CPEB3/fraglib/5meda.gro 17 348 7 1
/scratch/xg23/CPEB3/fraglib/6ap4a.gro 16 201 6 1
/scratch/xg23/CPEB3/fraglib/3myrb.gro 16 1474 9 1
/scratch/xg23/CPEB3/fraglib/4gwga.gro 17 406 8 1
/scratch/xg23/CPEB3/fraglib/3cwwa.gro 16 837 7 1
/scratch/xg23/CPEB3/fraglib/6dega.gro 16 202 6 1
/scratch/xg23/CPEB3/fraglib/1zgka.gro 16 412 9 1
/scratch/xg23/CPEB3/fraglib/1zgka.gro 18 459 7 1
/scratch/xg23/CPEB3/fraglib/5b6aa.gro 16 217 8 1
/scratch/xg23/CPEB3/fraglib/2w15a.gro 16 119 7 1
/scratch/xg23/CPEB3/fraglib/2z04a.gro 16 327 6 1
/scratch/xg23/CPEB3/fraglib/3fjva.gro 17 31 7 1
/scratch/xg23/CPEB3/fraglib/2hkva.gro 18 10 7 1
/scratch/xg23/CPEB3/fraglib/3n71a.gro 18 191 7 1
/scratch/xg23/CPEB3/fraglib/2hf0a.gro 16 50 9 1
/scratch/xg23/CPEB3/fraglib/5tqia.gro 16 213 8 1
/scratch/xg23/CPEB3/fraglib/1v25a.gro 18 65 8 1
/scratch/xg23/CPEB3/fraglib/2xapa.gro 17 510 8 1
/scratch/xg23/CPEB3/fraglib/5meda.gro 17 348 7 1
/scratch/xg23/CPEB3/fraglib/5c3qa.gro 18 165 8 1
/scratch/xg23/CPEB3/fraglib/5yq8a.gro 18 232 8 1
/scratch/xg23/CPEB3/fraglib/5yq8a.gro 18 230 8 1
/scratch/xg23/CPEB3/fraglib/2iska.gro 18 157 8 1
/scratch/xg23/CPEB3/fraglib/3fjva.gro 17 31 7 1
/scratch/xg23/CPEB3/fraglib/4gwga.gro 17 406 8 1
/scratch/xg23/CPEB3/fraglib/2hkva.gro 18 10 7 1
/scratch/xg23/CPEB3/fraglib/2hkva.gro 22 12 4 1
/scratch/xg23/CPEB3/fraglib/3n71a.gro 18 191 7 1
/scratch/xg23/CPEB3/fraglib/3n71a.gro 21 192 5 1
/scratch/xg23/CPEB3/fraglib/3vnxa.gro 18 184 8 1
/scratch/xg23/CPEB3/fraglib/3vnxa.gro 17 185 8 1
/scratch/xg23/CPEB3/fraglib/4dooa.gro 17 22 8 1
/scratch/xg23/CPEB3/fraglib/3ajaa.gro 17 211 7 1
/scratch/xg23/CPEB3/fraglib/5ncja.gro 18 126 7 1
/scratch/xg23/CPEB3/fraglib/3ppta.gro 18 22 7 1
/scratch/xg23/CPEB3/fraglib/3ppta.gro 21 23 5 1
/scratch/xg23/CPEB3/fraglib/1v25a.gro 18 65 8 1
/scratch/xg23/CPEB3/fraglib/2iska.gro 18 157 8 1
/scratch/xg23/CPEB3/fraglib/4powa.gro 18 237 7 1
/scratch/xg23/CPEB3/fraglib/5yq8a.gro 18 232 8 1
/scratch/xg23/CPEB3/fraglib/2hkva.gro 18 10 7 1
/scratch/xg23/CPEB3/fraglib/3n71a.gro 18 191 7 1
/scratch/xg23/CPEB3/fraglib/1q5da.gro 18 181 7 1
/scratch/xg23/CPEB3/fraglib/5ncja.gro 18 126 7 1
/scratch/xg23/CPEB3/fraglib/2q6ta.gro 19 229 6 1
/scratch/xg23/CPEB3/fraglib/1h8tb.gro 19 1174 7 1
/scratch/xg23/CPEB3/fraglib/1oopb.gro 19 174 7 1
/scratch/xg23/CPEB3/fraglib/1d4m2.gro 19 174 7 1
/scratch/xg23/CPEB3/fraglib/3rrsa.gro 19 602 7 1
/scratch/xg23/CPEB3/fraglib/4powa.gro 19 238 6 1
/scratch/xg23/CPEB3/fraglib/5yq8a.gro 19 233 7 1
/scratch/xg23/CPEB3/fraglib/2q6ta.gro 19 229 6 1
/scratch/xg23/CPEB3/fraglib/4powa.gro 20 239 5 1
/scratch/xg23/CPEB3/fraglib/1oopb.gro 20 175 6 1
/scratch/xg23/CPEB3/fraglib/1h8tb.gro 20 1175 6 1
/scratch/xg23/CPEB3/fraglib/1d4m2.gro 20 175 6 1
