/scratch/xg23/CPEB3/fraglib/2xija.gro 1 291 5 1
/scratch/xg23/CPEB3/fraglib/5wzea.gro 1 119 7 1
/scratch/xg23/CPEB3/fraglib/4aeea.gro 1 573 7 1
/scratch/xg23/CPEB3/fraglib/2q88a.gro 1 66 6 1
/scratch/xg23/CPEB3/fraglib/3o3ra.gro 1 115 7 1
/scratch/xg23/CPEB3/fraglib/4aeea.gro 1 573 8 1
/scratch/xg23/CPEB3/fraglib/1yiia.gro 2 157 7 1
/scratch/xg23/CPEB3/fraglib/2ie7a.gro 2 155 7 1
/scratch/xg23/CPEB3/fraglib/2zxea.gro 1 276 8 1
/scratch/xg23/CPEB3/fraglib/2zxea.gro 1 587 8 1
/scratch/xg23/CPEB3/fraglib/3o3ra.gro 1 115 7 1
/scratch/xg23/CPEB3/fraglib/5fewa.gro 2 106 7 1
/scratch/xg23/CPEB3/fraglib/3c9fa.gro 1 264 6 1
/scratch/xg23/CPEB3/fraglib/2p3xa.gro 4 262 5 1
/scratch/xg23/CPEB3/fraglib/4aeea.gro 1 573 8 1
/scratch/xg23/CPEB3/fraglib/1yiia.gro 2 157 7 1
/scratch/xg23/CPEB3/fraglib/2ie7a.gro 2 155 7 1
/scratch/xg23/CPEB3/fraglib/5jp0a.gro 5 187 5 1
/scratch/xg23/CPEB3/fraglib/5zb8a.gro 2 233 8 1
/scratch/xg23/CPEB3/fraglib/5cjza.gro 2 419 8 1
/scratch/xg23/CPEB3/fraglib/1yq9h.gro 5 51 5 1
/scratch/xg23/CPEB3/fraglib/1va0a.gro 2 173 8 1
/scratch/xg23/CPEB3/fraglib/4nqfa.gro 1 224 9 1
/scratch/xg23/CPEB3/fraglib/1ybea.gro 3 331 7 1
/scratch/xg23/CPEB3/fraglib/1l9ma.gro 4 242 6 1
/scratch/xg23/CPEB3/fraglib/3ayxa.gro 5 62 5 1
/scratch/xg23/CPEB3/fraglib/4u9hl.gro 5 67 5 1
/scratch/xg23/CPEB3/fraglib/2i2xb.gro 1 62 8 1
/scratch/xg23/CPEB3/fraglib/4xg1a.gro 2 91 8 1
/scratch/xg23/CPEB3/fraglib/2zxea.gro 1 276 8 1
/scratch/xg23/CPEB3/fraglib/2zxea.gro 1 587 8 1
/scratch/xg23/CPEB3/fraglib/1p99a.gro 3 213 7 1
/scratch/xg23/CPEB3/fraglib/3i9xa.gro 3 107 7 1
/scratch/xg23/CPEB3/fraglib/1e3db.gro 5 57 5 1
/scratch/xg23/CPEB3/fraglib/4xg1a.gro 2 91 9 1
/scratch/xg23/CPEB3/fraglib/3hrza.gro 2 468 9 1
/scratch/xg23/CPEB3/fraglib/5m5ec.gro 2 110 9 1
/scratch/xg23/CPEB3/fraglib/4aeea.gro 2 574 7 1
/scratch/xg23/CPEB3/fraglib/5jp0a.gro 5 187 5 1
/scratch/xg23/CPEB3/fraglib/3sk9a.gro 5 217 6 1
/scratch/xg23/CPEB3/fraglib/1z69a.gro 3 196 6 1
/scratch/xg23/CPEB3/fraglib/5cjza.gro 2 419 8 1
/scratch/xg23/CPEB3/fraglib/2om6a.gro 3 57 8 1
/scratch/xg23/CPEB3/fraglib/1yq9h.gro 5 51 5 1
/scratch/xg23/CPEB3/fraglib/5zb8a.gro 2 233 8 1
/scratch/xg23/CPEB3/fraglib/2ie7a.gro 2 155 7 1
/scratch/xg23/CPEB3/fraglib/1l9ma.gro 4 242 6 1
/scratch/xg23/CPEB3/fraglib/3ayxa.gro 5 62 5 1
/scratch/xg23/CPEB3/fraglib/2xzla.gro 6 790 5 1
/scratch/xg23/CPEB3/fraglib/4u9hl.gro 5 67 5 1
/scratch/xg23/CPEB3/fraglib/1aora.gro 2 539 9 1
/scratch/xg23/CPEB3/fraglib/5adul.gro 5 62 5 1
/scratch/xg23/CPEB3/fraglib/4uqlq.gro 5 58 5 1
/scratch/xg23/CPEB3/fraglib/1yiia.gro 2 157 7 1
/scratch/xg23/CPEB3/fraglib/5jp0a.gro 5 187 7 1
/scratch/xg23/CPEB3/fraglib/1yq9h.gro 5 51 7 1
/scratch/xg23/CPEB3/fraglib/3hrza.gro 3 469 8 1
/scratch/xg23/CPEB3/fraglib/3ayxa.gro 5 62 7 1
/scratch/xg23/CPEB3/fraglib/3sk9a.gro 5 217 6 1
/scratch/xg23/CPEB3/fraglib/2om6a.gro 3 57 8 1
/scratch/xg23/CPEB3/fraglib/4u9hl.gro 5 67 7 1
/scratch/xg23/CPEB3/fraglib/2e2ra.gro 3 406 9 1
/scratch/xg23/CPEB3/fraglib/4xg1a.gro 3 92 8 1
/scratch/xg23/CPEB3/fraglib/2xzla.gro 6 790 5 1
/scratch/xg23/CPEB3/fraglib/4uqlq.gro 5 58 7 1
/scratch/xg23/CPEB3/fraglib/1l9ma.gro 4 242 6 1
/scratch/xg23/CPEB3/fraglib/5jskb.gro 5 61 7 1
/scratch/xg23/CPEB3/fraglib/5adul.gro 5 62 7 1
/scratch/xg23/CPEB3/fraglib/1e3db.gro 5 57 7 1
/scratch/xg23/CPEB3/fraglib/3i9xa.gro 3 107 7 1
/scratch/xg23/CPEB3/fraglib/5mdll.gro 5 61 7 1
/scratch/xg23/CPEB3/fraglib/4wkya.gro 4 118 7 1
/scratch/xg23/CPEB3/fraglib/4wkya.gro 4 418 8 1
/scratch/xg23/CPEB3/fraglib/3myrb.gro 5 1047 7 1
/scratch/xg23/CPEB3/fraglib/5jp0a.gro 5 187 7 1
/scratch/xg23/CPEB3/fraglib/5adul.gro 5 62 7 1
/scratch/xg23/CPEB3/fraglib/3ayxa.gro 5 62 7 1
/scratch/xg23/CPEB3/fraglib/2rl8a.gro 5 107 8 1
/scratch/xg23/CPEB3/fraglib/3sk9a.gro 5 217 6 1
/scratch/xg23/CPEB3/fraglib/1nwza.gro 5 51 8 1
/scratch/xg23/CPEB3/fraglib/2xzla.gro 6 790 5 1
/scratch/xg23/CPEB3/fraglib/3hrza.gro 5 471 6 1
/scratch/xg23/CPEB3/fraglib/1l9ma.gro 4 242 6 1
/scratch/xg23/CPEB3/fraglib/5j7oa.gro 6 303 7 1
/scratch/xg23/CPEB3/fraglib/3tqga.gro 6 263 7 1
/scratch/xg23/CPEB3/fraglib/3qoka.gro 5 277 8 1
/scratch/xg23/CPEB3/fraglib/3kgka.gro 4 85 8 1
/scratch/xg23/CPEB3/fraglib/1yq9h.gro 5 51 7 1
/scratch/xg23/CPEB3/fraglib/3v7na.gro 5 343 8 1
/scratch/xg23/CPEB3/fraglib/2e2ra.gro 7 410 5 1
/scratch/xg23/CPEB3/fraglib/4uqlq.gro 5 58 7 1
/scratch/xg23/CPEB3/fraglib/4u9hl.gro 5 67 7 1
/scratch/xg23/CPEB3/fraglib/1e3db.gro 5 57 7 1
/scratch/xg23/CPEB3/fraglib/5mdll.gro 5 61 7 1
/scratch/xg23/CPEB3/fraglib/1nwza.gro 5 51 9 1
/scratch/xg23/CPEB3/fraglib/3p8ca.gro 8 548 6 1
/scratch/xg23/CPEB3/fraglib/5jp0a.gro 5 187 7 1
/scratch/xg23/CPEB3/fraglib/1yq9h.gro 5 51 7 1
/scratch/xg23/CPEB3/fraglib/5adul.gro 5 62 7 1
/scratch/xg23/CPEB3/fraglib/3ayxa.gro 5 62 7 1
/scratch/xg23/CPEB3/fraglib/1e3db.gro 5 57 7 1
/scratch/xg23/CPEB3/fraglib/2xzla.gro 6 790 5 1
/scratch/xg23/CPEB3/fraglib/3tqga.gro 6 263 7 1
/scratch/xg23/CPEB3/fraglib/4uqlq.gro 5 58 7 1
/scratch/xg23/CPEB3/fraglib/2rl8a.gro 5 107 8 1
/scratch/xg23/CPEB3/fraglib/3sk9a.gro 5 217 6 1
/scratch/xg23/CPEB3/fraglib/3hrza.gro 5 471 6 1
/scratch/xg23/CPEB3/fraglib/3qoka.gro 5 277 8 1
/scratch/xg23/CPEB3/fraglib/2w15a.gro 7 118 7 1
/scratch/xg23/CPEB3/fraglib/5j7oa.gro 6 303 8 1
/scratch/xg23/CPEB3/fraglib/4s17a.gro 6 107 8 1
/scratch/xg23/CPEB3/fraglib/6ap4a.gro 8 201 6 1
/scratch/xg23/CPEB3/fraglib/3i9xa.gro 5 109 5 1
/scratch/xg23/CPEB3/fraglib/1l9ma.gro 5 243 5 1
/scratch/xg23/CPEB3/fraglib/2w15a.gro 7 118 8 1
/scratch/xg23/CPEB3/fraglib/3p8ca.gro 8 548 6 1
/scratch/xg23/CPEB3/fraglib/3tqga.gro 6 263 7 1
/scratch/xg23/CPEB3/fraglib/2xzla.gro 6 790 5 1
/scratch/xg23/CPEB3/fraglib/3oa2a.gro 7 174 8 1
/scratch/xg23/CPEB3/fraglib/4buca.gro 7 120 8 1
/scratch/xg23/CPEB3/fraglib/2biva.gro 6 72 9 1
/scratch/xg23/CPEB3/fraglib/5j7oa.gro 6 303 8 1
/scratch/xg23/CPEB3/fraglib/4s17a.gro 6 107 8 1
/scratch/xg23/CPEB3/fraglib/2e2ra.gro 7 410 5 1
/scratch/xg23/CPEB3/fraglib/2z04a.gro 6 325 8 1
/scratch/xg23/CPEB3/fraglib/3k6ja.gro 6 164 9 1
/scratch/xg23/CPEB3/fraglib/5ccfa.gro 6 470 9 1
/scratch/xg23/CPEB3/fraglib/5ccfa.gro 9 74 6 1
/scratch/xg23/CPEB3/fraglib/3cwwa.gro 8 837 7 1
/scratch/xg23/CPEB3/fraglib/5td6a.gro 8 21 7 1
/scratch/xg23/CPEB3/fraglib/4toza.gro 7 49 8 1
/scratch/xg23/CPEB3/fraglib/4f4fa.gro 7 384 8 1
/scratch/xg23/CPEB3/fraglib/1yrra.gro 8 339 7 1
/scratch/xg23/CPEB3/fraglib/6ap4a.gro 8 201 6 1
/scratch/xg23/CPEB3/fraglib/2w15a.gro 7 118 8 1
/scratch/xg23/CPEB3/fraglib/3p8ca.gro 8 548 6 1
/scratch/xg23/CPEB3/fraglib/4ofca.gro 8 108 8 1
/scratch/xg23/CPEB3/fraglib/5ccfa.gro 7 471 9 1
/scratch/xg23/CPEB3/fraglib/5ccfa.gro 9 74 6 1
/scratch/xg23/CPEB3/fraglib/6b5fa.gro 7 193 9 1
/scratch/xg23/CPEB3/fraglib/3oa2a.gro 7 174 9 1
/scratch/xg23/CPEB3/fraglib/2q4aa.gro 7 264 9 1
/scratch/xg23/CPEB3/fraglib/1ouva.gro 7 28 9 1
/scratch/xg23/CPEB3/fraglib/4buca.gro 7 120 8 1
/scratch/xg23/CPEB3/fraglib/4dooa.gro 7 20 9 1
/scratch/xg23/CPEB3/fraglib/5meda.gro 9 348 7 1
/scratch/xg23/CPEB3/fraglib/6ap4a.gro 8 201 6 1
/scratch/xg23/CPEB3/fraglib/3thxa.gro 7 156 9 1
/scratch/xg23/CPEB3/fraglib/2e2ra.gro 7 410 5 1
/scratch/xg23/CPEB3/fraglib/5td6a.gro 8 21 7 1
/scratch/xg23/CPEB3/fraglib/4toza.gro 7 49 8 1
/scratch/xg23/CPEB3/fraglib/3cwwa.gro 8 837 7 1
/scratch/xg23/CPEB3/fraglib/5ci6a.gro 7 332 8 1
/scratch/xg23/CPEB3/fraglib/5b6aa.gro 8 217 8 1
/scratch/xg23/CPEB3/fraglib/3p8ca.gro 8 548 6 1
/scratch/xg23/CPEB3/fraglib/4ofca.gro 8 108 8 1
/scratch/xg23/CPEB3/fraglib/2x8sa.gro 8 124 9 1
/scratch/xg23/CPEB3/fraglib/2xapa.gro 9 510 8 1
/scratch/xg23/CPEB3/fraglib/5meda.gro 9 348 7 1
/scratch/xg23/CPEB3/fraglib/6ap4a.gro 8 201 6 1
/scratch/xg23/CPEB3/fraglib/3myrb.gro 8 1474 9 1
/scratch/xg23/CPEB3/fraglib/4gwga.gro 9 406 8 1
/scratch/xg23/CPEB3/fraglib/3cwwa.gro 8 837 7 1
/scratch/xg23/CPEB3/fraglib/6dega.gro 8 202 6 1
/scratch/xg23/CPEB3/fraglib/1zgka.gro 8 412 9 1
/scratch/xg23/CPEB3/fraglib/1zgka.gro 10 459 7 1
/scratch/xg23/CPEB3/fraglib/5b6aa.gro 8 217 8 1
/scratch/xg23/CPEB3/fraglib/2w15a.gro 8 119 7 1
/scratch/xg23/CPEB3/fraglib/2z04a.gro 8 327 6 1
/scratch/xg23/CPEB3/fraglib/3fjva.gro 9 31 7 1
/scratch/xg23/CPEB3/fraglib/2hkva.gro 10 10 7 1
/scratch/xg23/CPEB3/fraglib/3n71a.gro 10 191 7 1
/scratch/xg23/CPEB3/fraglib/2hf0a.gro 8 50 9 1
/scratch/xg23/CPEB3/fraglib/5tqia.gro 8 213 8 1
/scratch/xg23/CPEB3/fraglib/1v25a.gro 10 65 8 1
/scratch/xg23/CPEB3/fraglib/2xapa.gro 9 510 8 1
/scratch/xg23/CPEB3/fraglib/5meda.gro 9 348 7 1
/scratch/xg23/CPEB3/fraglib/5c3qa.gro 10 165 8 1
/scratch/xg23/CPEB3/fraglib/5yq8a.gro 10 232 8 1
/scratch/xg23/CPEB3/fraglib/5yq8a.gro 10 230 8 1
/scratch/xg23/CPEB3/fraglib/2iska.gro 10 157 8 1
/scratch/xg23/CPEB3/fraglib/3fjva.gro 9 31 7 1
/scratch/xg23/CPEB3/fraglib/4gwga.gro 9 406 8 1
/scratch/xg23/CPEB3/fraglib/2hkva.gro 10 10 7 1
/scratch/xg23/CPEB3/fraglib/2hkva.gro 14 12 4 1
/scratch/xg23/CPEB3/fraglib/3n71a.gro 10 191 7 1
/scratch/xg23/CPEB3/fraglib/3n71a.gro 13 192 5 1
/scratch/xg23/CPEB3/fraglib/3vnxa.gro 10 184 8 1
/scratch/xg23/CPEB3/fraglib/3vnxa.gro 9 185 8 1
/scratch/xg23/CPEB3/fraglib/4dooa.gro 9 22 8 1
/scratch/xg23/CPEB3/fraglib/3ajaa.gro 9 211 7 1
/scratch/xg23/CPEB3/fraglib/5ncja.gro 10 126 7 1
/scratch/xg23/CPEB3/fraglib/3ppta.gro 10 22 7 1
/scratch/xg23/CPEB3/fraglib/3ppta.gro 13 23 5 1
/scratch/xg23/CPEB3/fraglib/5c3qa.gro 10 165 9 1
/scratch/xg23/CPEB3/fraglib/3vnxa.gro 10 184 9 1
/scratch/xg23/CPEB3/fraglib/1v25a.gro 10 65 8 1
/scratch/xg23/CPEB3/fraglib/2iska.gro 10 157 8 1
/scratch/xg23/CPEB3/fraglib/4powa.gro 13 238 6 1
/scratch/xg23/CPEB3/fraglib/4powa.gro 10 237 7 1
/scratch/xg23/CPEB3/fraglib/4powa.gro 13 236 6 1
/scratch/xg23/CPEB3/fraglib/2e3ba.gro 10 104 9 1
/scratch/xg23/CPEB3/fraglib/3a1fa.gro 12 23 7 1
/scratch/xg23/CPEB3/fraglib/3bxwa.gro 10 349 9 1
/scratch/xg23/CPEB3/fraglib/5yq8a.gro 10 232 8 1
/scratch/xg23/CPEB3/fraglib/5yq8a.gro 10 230 9 1
/scratch/xg23/CPEB3/fraglib/2hkva.gro 10 10 7 1
/scratch/xg23/CPEB3/fraglib/2hkva.gro 14 12 5 1
/scratch/xg23/CPEB3/fraglib/3n71a.gro 10 191 7 1
/scratch/xg23/CPEB3/fraglib/3n71a.gro 13 192 6 1
/scratch/xg23/CPEB3/fraglib/1q5da.gro 10 181 7 1
/scratch/xg23/CPEB3/fraglib/5ncja.gro 10 126 7 1
/scratch/xg23/CPEB3/fraglib/2q6ta.gro 13 229 6 1
/scratch/xg23/CPEB3/fraglib/2q6ta.gro 11 229 6 1
/scratch/xg23/CPEB3/fraglib/1h8tb.gro 13 1174 7 1
/scratch/xg23/CPEB3/fraglib/1h8tb.gro 11 1174 7 1
/scratch/xg23/CPEB3/fraglib/1oopb.gro 13 174 7 1
/scratch/xg23/CPEB3/fraglib/1oopb.gro 11 174 7 1
/scratch/xg23/CPEB3/fraglib/1d4m2.gro 13 174 7 1
/scratch/xg23/CPEB3/fraglib/1d4m2.gro 11 174 7 1
/scratch/xg23/CPEB3/fraglib/1rhca.gro 12 100 8 1
/scratch/xg23/CPEB3/fraglib/3rrsa.gro 11 598 9 1
/scratch/xg23/CPEB3/fraglib/3rrsa.gro 13 602 7 1
/scratch/xg23/CPEB3/fraglib/3rrsa.gro 11 602 7 1
/scratch/xg23/CPEB3/fraglib/4powa.gro 13 236 7 1
/scratch/xg23/CPEB3/fraglib/4powa.gro 13 238 6 1
/scratch/xg23/CPEB3/fraglib/4powa.gro 11 238 6 1
/scratch/xg23/CPEB3/fraglib/5yq8a.gro 13 233 7 1
/scratch/xg23/CPEB3/fraglib/5yq8a.gro 11 233 7 1
/scratch/xg23/CPEB3/fraglib/2qbua.gro 12 6 8 1
/scratch/xg23/CPEB3/fraglib/3a1fa.gro 12 23 7 1
/scratch/xg23/CPEB3/fraglib/2q6ta.gro 13 229 6 1
/scratch/xg23/CPEB3/fraglib/2q6ta.gro 11 225 9 1
/scratch/xg23/CPEB3/fraglib/2q6ta.gro 11 229 6 1
/scratch/xg23/CPEB3/fraglib/4powa.gro 13 236 8 1
/scratch/xg23/CPEB3/fraglib/4powa.gro 12 239 5 1
/scratch/xg23/CPEB3/fraglib/1oopb.gro 13 174 7 1
/scratch/xg23/CPEB3/fraglib/1oopb.gro 12 171 9 1
/scratch/xg23/CPEB3/fraglib/1oopb.gro 12 175 6 1
/scratch/xg23/CPEB3/fraglib/1h8tb.gro 13 1174 7 1
/scratch/xg23/CPEB3/fraglib/1h8tb.gro 15 1174 6 1
/scratch/xg23/CPEB3/fraglib/1h8tb.gro 12 1175 6 1
/scratch/xg23/CPEB3/fraglib/3fdua.gro 13 114 8 1
/scratch/xg23/CPEB3/fraglib/1d4m2.gro 13 174 7 1
/scratch/xg23/CPEB3/fraglib/1d4m2.gro 15 174 6 1
/scratch/xg23/CPEB3/fraglib/1d4m2.gro 12 175 6 1
/scratch/xg23/CPEB3/fraglib/2fhfa.gro 13 757 8 1
/scratch/xg23/CPEB3/fraglib/2fhfa.gro 12 758 7 1
/scratch/xg23/CPEB3/fraglib/1rhca.gro 12 100 8 1
/scratch/xg23/CPEB3/fraglib/3lx4a.gro 12 240 9 1
/scratch/xg23/CPEB3/fraglib/1al3a.gro 12 234 9 1
/scratch/xg23/CPEB3/fraglib/5fala.gro 13 154 8 1
/scratch/xg23/CPEB3/fraglib/2q6ta.gro 13 229 6 1
/scratch/xg23/CPEB3/fraglib/2q6ta.gro 15 229 6 1
/scratch/xg23/CPEB3/fraglib/4powa.gro 13 236 8 1
/scratch/xg23/CPEB3/fraglib/4powa.gro 15 236 7 1
/scratch/xg23/CPEB3/fraglib/4powa.gro 13 159 9 1
/scratch/xg23/CPEB3/fraglib/1oopb.gro 13 174 7 1
/scratch/xg23/CPEB3/fraglib/1oopb.gro 15 174 7 1
/scratch/xg23/CPEB3/fraglib/3fdua.gro 13 114 8 1
/scratch/xg23/CPEB3/fraglib/1h8tb.gro 13 1174 7 1
/scratch/xg23/CPEB3/fraglib/1h8tb.gro 15 1174 7 1
/scratch/xg23/CPEB3/fraglib/1d4m2.gro 13 174 7 1
/scratch/xg23/CPEB3/fraglib/1d4m2.gro 15 174 7 1
/scratch/xg23/CPEB3/fraglib/1vlma.gro 13 39 9 1
/scratch/xg23/CPEB3/fraglib/1vlma.gro 13 37 9 1
/scratch/xg23/CPEB3/fraglib/1rhca.gro 14 100 8 1
/scratch/xg23/CPEB3/fraglib/1rhca.gro 13 101 7 1
/scratch/xg23/CPEB3/fraglib/2fhfa.gro 13 757 8 1
/scratch/xg23/CPEB3/fraglib/1zcza.gro 13 364 9 1
/scratch/xg23/CPEB3/fraglib/5yq8a.gro 13 233 7 1
/scratch/xg23/CPEB3/fraglib/5yq8a.gro 15 233 7 1
/scratch/xg23/CPEB3/fraglib/2qbua.gro 14 6 8 1
/scratch/xg23/CPEB3/fraglib/2qbua.gro 13 7 7 1
/scratch/xg23/CPEB3/fraglib/4powa.gro 15 236 8 1
/scratch/xg23/CPEB3/fraglib/4powa.gro 14 239 5 1
/scratch/xg23/CPEB3/fraglib/1oopb.gro 15 174 7 1
/scratch/xg23/CPEB3/fraglib/1oopb.gro 14 171 9 1
/scratch/xg23/CPEB3/fraglib/1oopb.gro 14 175 6 1
/scratch/xg23/CPEB3/fraglib/1h8tb.gro 15 1174 7 1
/scratch/xg23/CPEB3/fraglib/1h8tb.gro 17 1174 6 1
/scratch/xg23/CPEB3/fraglib/1h8tb.gro 14 1175 6 1
/scratch/xg23/CPEB3/fraglib/3fdua.gro 15 114 8 1
/scratch/xg23/CPEB3/fraglib/1d4m2.gro 15 174 7 1
/scratch/xg23/CPEB3/fraglib/1d4m2.gro 17 174 6 1
/scratch/xg23/CPEB3/fraglib/1d4m2.gro 14 175 6 1
/scratch/xg23/CPEB3/fraglib/2fhfa.gro 15 757 8 1
/scratch/xg23/CPEB3/fraglib/2fhfa.gro 14 758 7 1
/scratch/xg23/CPEB3/fraglib/1rhca.gro 14 100 8 1
/scratch/xg23/CPEB3/fraglib/3lx4a.gro 14 240 9 1
/scratch/xg23/CPEB3/fraglib/1al3a.gro 14 234 9 1
/scratch/xg23/CPEB3/fraglib/5fala.gro 15 154 8 1
/scratch/xg23/CPEB3/fraglib/2q6ta.gro 15 229 6 1
/scratch/xg23/CPEB3/fraglib/2q6ta.gro 17 229 6 1
/scratch/xg23/CPEB3/fraglib/4powa.gro 15 236 8 1
/scratch/xg23/CPEB3/fraglib/3fdua.gro 15 114 8 1
/scratch/xg23/CPEB3/fraglib/1d4m2.gro 15 174 7 1
/scratch/xg23/CPEB3/fraglib/1d4m2.gro 17 174 6 1
/scratch/xg23/CPEB3/fraglib/1h8tb.gro 15 1174 7 1
/scratch/xg23/CPEB3/fraglib/1h8tb.gro 17 1174 6 1
/scratch/xg23/CPEB3/fraglib/1oopb.gro 15 174 7 1
/scratch/xg23/CPEB3/fraglib/1oopb.gro 17 174 6 1
/scratch/xg23/CPEB3/fraglib/2fhfa.gro 15 757 8 1
/scratch/xg23/CPEB3/fraglib/2q6ta.gro 15 229 6 1
/scratch/xg23/CPEB3/fraglib/2q6ta.gro 17 229 6 1
/scratch/xg23/CPEB3/fraglib/3jsja.gro 15 25 6 1
/scratch/xg23/CPEB3/fraglib/3jsja.gro 17 25 6 1
/scratch/xg23/CPEB3/fraglib/5yq8a.gro 15 233 7 1
/scratch/xg23/CPEB3/fraglib/5yq8a.gro 17 233 6 1
/scratch/xg23/CPEB3/fraglib/2zuxa.gro 15 478 9 1
/scratch/xg23/CPEB3/fraglib/3a1fa.gro 16 23 7 1
/scratch/xg23/CPEB3/fraglib/4f0ra.gro 15 299 7 1
/scratch/xg23/CPEB3/fraglib/4f0ra.gro 17 299 6 1
/scratch/xg23/CPEB3/fraglib/1crua.gro 15 297 9 1
/scratch/xg23/CPEB3/fraglib/1xdza.gro 16 76 9 1
/scratch/xg23/CPEB3/fraglib/2e7za.gro 17 552 8 1
/scratch/xg23/CPEB3/fraglib/3uawa.gro 17 61 8 1
/scratch/xg23/CPEB3/fraglib/4m7wa.gro 17 62 8 1
/scratch/xg23/CPEB3/fraglib/1zcza.gro 16 367 9 1
/scratch/xg23/CPEB3/fraglib/1zcza.gro 17 364 8 1
/scratch/xg23/CPEB3/fraglib/4d8ya.gro 17 61 8 1
/scratch/xg23/CPEB3/fraglib/4fgqa.gro 18 149 7 1
/scratch/xg23/CPEB3/fraglib/2q6ta.gro 17 229 8 1
/scratch/xg23/CPEB3/fraglib/2q6ta.gro 16 230 5 1
/scratch/xg23/CPEB3/fraglib/5n1qa.gro 16 265 9 1
/scratch/xg23/CPEB3/fraglib/2zuva.gro 18 540 7 1
/scratch/xg23/CPEB3/fraglib/5v5wa.gro 19 113 6 1
/scratch/xg23/CPEB3/fraglib/5tuia.gro 16 10 9 1
/scratch/xg23/CPEB3/fraglib/3jsja.gro 17 25 6 1
/scratch/xg23/CPEB3/fraglib/3jsja.gro 16 26 5 1
/scratch/xg23/CPEB3/fraglib/3a1fa.gro 16 23 7 1
/scratch/xg23/CPEB3/fraglib/4powa.gro 17 238 6 1
/scratch/xg23/CPEB3/fraglib/4powa.gro 17 236 6 1
/scratch/xg23/CPEB3/fraglib/4powa.gro 16 239 5 1
/scratch/xg23/CPEB3/fraglib/3uawa.gro 17 61 8 1
/scratch/xg23/CPEB3/fraglib/4m7wa.gro 17 62 8 1
/scratch/xg23/CPEB3/fraglib/2etja.gro 17 66 9 1
/scratch/xg23/CPEB3/fraglib/3nb0a.gro 20 126 6 1
/scratch/xg23/CPEB3/fraglib/3nb0a.gro 20 521 5 1
/scratch/xg23/CPEB3/fraglib/4d8ya.gro 17 61 8 1
/scratch/xg23/CPEB3/fraglib/6dhqa.gro 17 159 9 1
/scratch/xg23/CPEB3/fraglib/2ah5a.gro 20 33 6 1
/scratch/xg23/CPEB3/fraglib/5d91a.gro 18 164 7 1
/scratch/xg23/CPEB3/fraglib/4fgqa.gro 18 149 7 1
/scratch/xg23/CPEB3/fraglib/2e7za.gro 17 552 8 1
/scratch/xg23/CPEB3/fraglib/2e7za.gro 19 552 7 1
/scratch/xg23/CPEB3/fraglib/5c14a.gro 21 102 5 1
/scratch/xg23/CPEB3/fraglib/3gp0a.gro 20 239 6 1
/scratch/xg23/CPEB3/fraglib/3ffva.gro 21 35 5 1
/scratch/xg23/CPEB3/fraglib/5ho9a.gro 17 385 9 1
/scratch/xg23/CPEB3/fraglib/5tuia.gro 18 10 8 1
/scratch/xg23/CPEB3/fraglib/5tuia.gro 17 11 8 1
/scratch/xg23/CPEB3/fraglib/1ztha.gro 19 131 7 1
/scratch/xg23/CPEB3/fraglib/3tw5a.gro 18 191 8 1
/scratch/xg23/CPEB3/fraglib/3nb0a.gro 20 126 6 1
/scratch/xg23/CPEB3/fraglib/3nb0a.gro 20 521 5 1
/scratch/xg23/CPEB3/fraglib/2etja.gro 18 67 8 1
/scratch/xg23/CPEB3/fraglib/3tw5a.gro 18 191 8 1
/scratch/xg23/CPEB3/fraglib/2ah5a.gro 20 33 6 1
/scratch/xg23/CPEB3/fraglib/5c14a.gro 21 102 5 1
/scratch/xg23/CPEB3/fraglib/3gp0a.gro 20 239 6 1
/scratch/xg23/CPEB3/fraglib/3ffva.gro 21 35 5 1
/scratch/xg23/CPEB3/fraglib/4fgqa.gro 18 149 7 1
/scratch/xg23/CPEB3/fraglib/5d91a.gro 18 164 7 1
/scratch/xg23/CPEB3/fraglib/5tuia.gro 18 10 8 1
/scratch/xg23/CPEB3/fraglib/1ztha.gro 19 131 7 1
/scratch/xg23/CPEB3/fraglib/3nb0a.gro 20 521 5 1
/scratch/xg23/CPEB3/fraglib/2ah5a.gro 20 33 6 1
/scratch/xg23/CPEB3/fraglib/5c14a.gro 21 102 5 1
/scratch/xg23/CPEB3/fraglib/3gp0a.gro 20 239 6 1
/scratch/xg23/CPEB3/fraglib/3ffva.gro 21 35 5 1
/scratch/xg23/CPEB3/fraglib/1ztha.gro 19 131 7 1
/scratch/xg23/CPEB3/fraglib/3nb0a.gro 20 521 5 1
/scratch/xg23/CPEB3/fraglib/5c14a.gro 21 102 5 1
/scratch/xg23/CPEB3/fraglib/5c14a.gro 21 102 5 1
