/scratch/xg23/CPEB3/fraglib/5jp0a.gro 1 187 5 1
/scratch/xg23/CPEB3/fraglib/1yq9h.gro 1 51 5 1
/scratch/xg23/CPEB3/fraglib/3ayxa.gro 1 62 5 1
/scratch/xg23/CPEB3/fraglib/4u9hl.gro 1 67 5 1
/scratch/xg23/CPEB3/fraglib/1e3db.gro 1 57 5 1
/scratch/xg23/CPEB3/fraglib/5jp0a.gro 1 187 5 1
/scratch/xg23/CPEB3/fraglib/3sk9a.gro 1 217 6 1
/scratch/xg23/CPEB3/fraglib/1yq9h.gro 1 51 5 1
/scratch/xg23/CPEB3/fraglib/3ayxa.gro 1 62 5 1
/scratch/xg23/CPEB3/fraglib/2xzla.gro 2 790 5 1
/scratch/xg23/CPEB3/fraglib/4u9hl.gro 1 67 5 1
/scratch/xg23/CPEB3/fraglib/5adul.gro 1 62 5 1
/scratch/xg23/CPEB3/fraglib/4uqlq.gro 1 58 5 1
/scratch/xg23/CPEB3/fraglib/5jp0a.gro 1 187 7 1
/scratch/xg23/CPEB3/fraglib/1yq9h.gro 1 51 7 1
/scratch/xg23/CPEB3/fraglib/3ayxa.gro 1 62 7 1
/scratch/xg23/CPEB3/fraglib/3sk9a.gro 1 217 6 1
/scratch/xg23/CPEB3/fraglib/4u9hl.gro 1 67 7 1
/scratch/xg23/CPEB3/fraglib/2xzla.gro 2 790 5 1
/scratch/xg23/CPEB3/fraglib/4uqlq.gro 1 58 7 1
/scratch/xg23/CPEB3/fraglib/5jskb.gro 1 61 7 1
/scratch/xg23/CPEB3/fraglib/5adul.gro 1 62 7 1
/scratch/xg23/CPEB3/fraglib/1e3db.gro 1 57 7 1
/scratch/xg23/CPEB3/fraglib/5mdll.gro 1 61 7 1
/scratch/xg23/CPEB3/fraglib/3myrb.gro 1 1047 7 1
/scratch/xg23/CPEB3/fraglib/5jp0a.gro 1 187 7 1
/scratch/xg23/CPEB3/fraglib/5adul.gro 1 62 7 1
/scratch/xg23/CPEB3/fraglib/3ayxa.gro 1 62 7 1
/scratch/xg23/CPEB3/fraglib/2rl8a.gro 1 107 8 1
/scratch/xg23/CPEB3/fraglib/3sk9a.gro 1 217 6 1
/scratch/xg23/CPEB3/fraglib/1nwza.gro 1 51 8 1
/scratch/xg23/CPEB3/fraglib/2xzla.gro 2 790 5 1
/scratch/xg23/CPEB3/fraglib/3hrza.gro 1 471 6 1
/scratch/xg23/CPEB3/fraglib/5j7oa.gro 2 303 7 1
/scratch/xg23/CPEB3/fraglib/3tqga.gro 2 263 7 1
/scratch/xg23/CPEB3/fraglib/3qoka.gro 1 277 8 1
/scratch/xg23/CPEB3/fraglib/1yq9h.gro 1 51 7 1
/scratch/xg23/CPEB3/fraglib/3v7na.gro 1 343 8 1
/scratch/xg23/CPEB3/fraglib/2e2ra.gro 3 410 5 1
/scratch/xg23/CPEB3/fraglib/4uqlq.gro 1 58 7 1
/scratch/xg23/CPEB3/fraglib/4u9hl.gro 1 67 7 1
/scratch/xg23/CPEB3/fraglib/1e3db.gro 1 57 7 1
/scratch/xg23/CPEB3/fraglib/5mdll.gro 1 61 7 1
/scratch/xg23/CPEB3/fraglib/1nwza.gro 1 51 9 1
/scratch/xg23/CPEB3/fraglib/3p8ca.gro 4 548 6 1
/scratch/xg23/CPEB3/fraglib/5jp0a.gro 1 187 7 1
/scratch/xg23/CPEB3/fraglib/1yq9h.gro 1 51 7 1
/scratch/xg23/CPEB3/fraglib/5adul.gro 1 62 7 1
/scratch/xg23/CPEB3/fraglib/3ayxa.gro 1 62 7 1
/scratch/xg23/CPEB3/fraglib/1e3db.gro 1 57 7 1
/scratch/xg23/CPEB3/fraglib/2xzla.gro 2 790 5 1
/scratch/xg23/CPEB3/fraglib/3tqga.gro 2 263 7 1
/scratch/xg23/CPEB3/fraglib/4uqlq.gro 1 58 7 1
/scratch/xg23/CPEB3/fraglib/2rl8a.gro 1 107 8 1
/scratch/xg23/CPEB3/fraglib/3sk9a.gro 1 217 6 1
/scratch/xg23/CPEB3/fraglib/3hrza.gro 1 471 6 1
/scratch/xg23/CPEB3/fraglib/3qoka.gro 1 277 8 1
/scratch/xg23/CPEB3/fraglib/2w15a.gro 3 118 7 1
/scratch/xg23/CPEB3/fraglib/5j7oa.gro 2 303 8 1
/scratch/xg23/CPEB3/fraglib/4s17a.gro 2 107 8 1
/scratch/xg23/CPEB3/fraglib/6ap4a.gro 4 201 6 1
/scratch/xg23/CPEB3/fraglib/3i9xa.gro 1 109 5 1
/scratch/xg23/CPEB3/fraglib/1l9ma.gro 1 243 5 1
/scratch/xg23/CPEB3/fraglib/2w15a.gro 3 118 8 1
/scratch/xg23/CPEB3/fraglib/3p8ca.gro 4 548 6 1
/scratch/xg23/CPEB3/fraglib/3tqga.gro 2 263 7 1
/scratch/xg23/CPEB3/fraglib/2xzla.gro 2 790 5 1
/scratch/xg23/CPEB3/fraglib/3oa2a.gro 3 174 8 1
/scratch/xg23/CPEB3/fraglib/4buca.gro 3 120 8 1
/scratch/xg23/CPEB3/fraglib/2biva.gro 2 72 9 1
/scratch/xg23/CPEB3/fraglib/5j7oa.gro 2 303 8 1
/scratch/xg23/CPEB3/fraglib/4s17a.gro 2 107 8 1
/scratch/xg23/CPEB3/fraglib/2e2ra.gro 3 410 5 1
/scratch/xg23/CPEB3/fraglib/2z04a.gro 2 325 8 1
/scratch/xg23/CPEB3/fraglib/3k6ja.gro 2 164 9 1
/scratch/xg23/CPEB3/fraglib/5ccfa.gro 2 470 9 1
/scratch/xg23/CPEB3/fraglib/5ccfa.gro 5 74 6 1
/scratch/xg23/CPEB3/fraglib/3cwwa.gro 4 837 7 1
/scratch/xg23/CPEB3/fraglib/5td6a.gro 4 21 7 1
/scratch/xg23/CPEB3/fraglib/4toza.gro 3 49 8 1
/scratch/xg23/CPEB3/fraglib/4f4fa.gro 3 384 8 1
/scratch/xg23/CPEB3/fraglib/1yrra.gro 4 339 7 1
/scratch/xg23/CPEB3/fraglib/6ap4a.gro 4 201 6 1
/scratch/xg23/CPEB3/fraglib/2w15a.gro 3 118 8 1
/scratch/xg23/CPEB3/fraglib/3p8ca.gro 4 548 6 1
/scratch/xg23/CPEB3/fraglib/4ofca.gro 4 108 8 1
/scratch/xg23/CPEB3/fraglib/5ccfa.gro 3 471 9 1
/scratch/xg23/CPEB3/fraglib/5ccfa.gro 5 74 6 1
/scratch/xg23/CPEB3/fraglib/6b5fa.gro 3 193 9 1
/scratch/xg23/CPEB3/fraglib/3oa2a.gro 3 174 9 1
/scratch/xg23/CPEB3/fraglib/2q4aa.gro 3 264 9 1
/scratch/xg23/CPEB3/fraglib/1ouva.gro 3 28 9 1
/scratch/xg23/CPEB3/fraglib/4buca.gro 3 120 8 1
/scratch/xg23/CPEB3/fraglib/4dooa.gro 3 20 9 1
/scratch/xg23/CPEB3/fraglib/5meda.gro 5 348 7 1
/scratch/xg23/CPEB3/fraglib/6ap4a.gro 4 201 6 1
/scratch/xg23/CPEB3/fraglib/3thxa.gro 3 156 9 1
/scratch/xg23/CPEB3/fraglib/2e2ra.gro 3 410 5 1
/scratch/xg23/CPEB3/fraglib/5td6a.gro 4 21 7 1
/scratch/xg23/CPEB3/fraglib/4toza.gro 3 49 8 1
/scratch/xg23/CPEB3/fraglib/3cwwa.gro 4 837 7 1
/scratch/xg23/CPEB3/fraglib/5ci6a.gro 3 332 8 1
/scratch/xg23/CPEB3/fraglib/5b6aa.gro 4 217 8 1
/scratch/xg23/CPEB3/fraglib/3p8ca.gro 4 548 6 1
/scratch/xg23/CPEB3/fraglib/4ofca.gro 4 108 8 1
/scratch/xg23/CPEB3/fraglib/2x8sa.gro 4 124 9 1
/scratch/xg23/CPEB3/fraglib/2xapa.gro 5 510 8 1
/scratch/xg23/CPEB3/fraglib/5meda.gro 5 348 7 1
/scratch/xg23/CPEB3/fraglib/6ap4a.gro 4 201 6 1
/scratch/xg23/CPEB3/fraglib/3myrb.gro 4 1474 9 1
/scratch/xg23/CPEB3/fraglib/4gwga.gro 5 406 8 1
/scratch/xg23/CPEB3/fraglib/3cwwa.gro 4 837 7 1
/scratch/xg23/CPEB3/fraglib/6dega.gro 4 202 6 1
/scratch/xg23/CPEB3/fraglib/1zgka.gro 4 412 9 1
/scratch/xg23/CPEB3/fraglib/1zgka.gro 6 459 7 1
/scratch/xg23/CPEB3/fraglib/5b6aa.gro 4 217 8 1
/scratch/xg23/CPEB3/fraglib/2w15a.gro 4 119 7 1
/scratch/xg23/CPEB3/fraglib/2z04a.gro 4 327 6 1
/scratch/xg23/CPEB3/fraglib/3fjva.gro 5 31 7 1
/scratch/xg23/CPEB3/fraglib/2hkva.gro 6 10 7 1
/scratch/xg23/CPEB3/fraglib/3n71a.gro 6 191 7 1
/scratch/xg23/CPEB3/fraglib/2hf0a.gro 4 50 9 1
/scratch/xg23/CPEB3/fraglib/5tqia.gro 4 213 8 1
/scratch/xg23/CPEB3/fraglib/1v25a.gro 6 65 8 1
/scratch/xg23/CPEB3/fraglib/2xapa.gro 5 510 8 1
/scratch/xg23/CPEB3/fraglib/5meda.gro 5 348 7 1
/scratch/xg23/CPEB3/fraglib/5c3qa.gro 6 165 8 1
/scratch/xg23/CPEB3/fraglib/5yq8a.gro 6 232 8 1
/scratch/xg23/CPEB3/fraglib/5yq8a.gro 6 230 8 1
/scratch/xg23/CPEB3/fraglib/2iska.gro 6 157 8 1
/scratch/xg23/CPEB3/fraglib/3fjva.gro 5 31 7 1
/scratch/xg23/CPEB3/fraglib/4gwga.gro 5 406 8 1
/scratch/xg23/CPEB3/fraglib/2hkva.gro 6 10 7 1
/scratch/xg23/CPEB3/fraglib/2hkva.gro 10 12 4 1
/scratch/xg23/CPEB3/fraglib/3n71a.gro 6 191 7 1
/scratch/xg23/CPEB3/fraglib/3n71a.gro 9 192 5 1
/scratch/xg23/CPEB3/fraglib/3vnxa.gro 6 184 8 1
/scratch/xg23/CPEB3/fraglib/3vnxa.gro 5 185 8 1
/scratch/xg23/CPEB3/fraglib/4dooa.gro 5 22 8 1
/scratch/xg23/CPEB3/fraglib/3ajaa.gro 5 211 7 1
/scratch/xg23/CPEB3/fraglib/5ncja.gro 6 126 7 1
/scratch/xg23/CPEB3/fraglib/3ppta.gro 6 22 7 1
/scratch/xg23/CPEB3/fraglib/3ppta.gro 9 23 5 1
/scratch/xg23/CPEB3/fraglib/5c3qa.gro 6 165 9 1
/scratch/xg23/CPEB3/fraglib/3vnxa.gro 6 184 9 1
/scratch/xg23/CPEB3/fraglib/1v25a.gro 6 65 8 1
/scratch/xg23/CPEB3/fraglib/2iska.gro 6 157 8 1
/scratch/xg23/CPEB3/fraglib/4powa.gro 9 238 6 1
/scratch/xg23/CPEB3/fraglib/4powa.gro 6 237 7 1
/scratch/xg23/CPEB3/fraglib/4powa.gro 9 236 6 1
/scratch/xg23/CPEB3/fraglib/2e3ba.gro 6 104 9 1
/scratch/xg23/CPEB3/fraglib/3a1fa.gro 8 23 7 1
/scratch/xg23/CPEB3/fraglib/3bxwa.gro 6 349 9 1
/scratch/xg23/CPEB3/fraglib/5yq8a.gro 6 232 8 1
/scratch/xg23/CPEB3/fraglib/5yq8a.gro 6 230 9 1
/scratch/xg23/CPEB3/fraglib/2hkva.gro 6 10 7 1
/scratch/xg23/CPEB3/fraglib/2hkva.gro 10 12 5 1
/scratch/xg23/CPEB3/fraglib/3n71a.gro 6 191 7 1
/scratch/xg23/CPEB3/fraglib/3n71a.gro 9 192 6 1
/scratch/xg23/CPEB3/fraglib/1q5da.gro 6 181 7 1
/scratch/xg23/CPEB3/fraglib/5ncja.gro 6 126 7 1
/scratch/xg23/CPEB3/fraglib/2q6ta.gro 9 229 6 1
/scratch/xg23/CPEB3/fraglib/2q6ta.gro 7 229 6 1
/scratch/xg23/CPEB3/fraglib/1h8tb.gro 9 1174 7 1
/scratch/xg23/CPEB3/fraglib/1h8tb.gro 7 1174 7 1
/scratch/xg23/CPEB3/fraglib/1oopb.gro 9 174 7 1
/scratch/xg23/CPEB3/fraglib/1oopb.gro 7 174 7 1
/scratch/xg23/CPEB3/fraglib/1d4m2.gro 9 174 7 1
/scratch/xg23/CPEB3/fraglib/1d4m2.gro 7 174 7 1
/scratch/xg23/CPEB3/fraglib/1rhca.gro 8 100 8 1
/scratch/xg23/CPEB3/fraglib/3rrsa.gro 7 598 9 1
/scratch/xg23/CPEB3/fraglib/3rrsa.gro 9 602 7 1
/scratch/xg23/CPEB3/fraglib/3rrsa.gro 7 602 7 1
/scratch/xg23/CPEB3/fraglib/4powa.gro 9 236 7 1
/scratch/xg23/CPEB3/fraglib/4powa.gro 9 238 6 1
/scratch/xg23/CPEB3/fraglib/4powa.gro 7 238 6 1
/scratch/xg23/CPEB3/fraglib/5yq8a.gro 9 233 7 1
/scratch/xg23/CPEB3/fraglib/5yq8a.gro 7 233 7 1
/scratch/xg23/CPEB3/fraglib/2qbua.gro 8 6 8 1
/scratch/xg23/CPEB3/fraglib/3a1fa.gro 8 23 7 1
/scratch/xg23/CPEB3/fraglib/2q6ta.gro 9 229 6 1
/scratch/xg23/CPEB3/fraglib/2q6ta.gro 7 225 9 1
/scratch/xg23/CPEB3/fraglib/2q6ta.gro 7 229 6 1
/scratch/xg23/CPEB3/fraglib/4powa.gro 9 236 8 1
/scratch/xg23/CPEB3/fraglib/4powa.gro 8 239 5 1
/scratch/xg23/CPEB3/fraglib/1oopb.gro 9 174 7 1
/scratch/xg23/CPEB3/fraglib/1oopb.gro 8 171 9 1
/scratch/xg23/CPEB3/fraglib/1oopb.gro 8 175 6 1
/scratch/xg23/CPEB3/fraglib/1h8tb.gro 9 1174 7 1
/scratch/xg23/CPEB3/fraglib/1h8tb.gro 11 1174 6 1
/scratch/xg23/CPEB3/fraglib/1h8tb.gro 8 1175 6 1
/scratch/xg23/CPEB3/fraglib/3fdua.gro 9 114 8 1
/scratch/xg23/CPEB3/fraglib/1d4m2.gro 9 174 7 1
/scratch/xg23/CPEB3/fraglib/1d4m2.gro 11 174 6 1
/scratch/xg23/CPEB3/fraglib/1d4m2.gro 8 175 6 1
/scratch/xg23/CPEB3/fraglib/2fhfa.gro 9 757 8 1
/scratch/xg23/CPEB3/fraglib/2fhfa.gro 8 758 7 1
/scratch/xg23/CPEB3/fraglib/1rhca.gro 8 100 8 1
/scratch/xg23/CPEB3/fraglib/3lx4a.gro 8 240 9 1
/scratch/xg23/CPEB3/fraglib/1al3a.gro 8 234 9 1
/scratch/xg23/CPEB3/fraglib/5fala.gro 9 154 8 1
/scratch/xg23/CPEB3/fraglib/2q6ta.gro 9 229 6 1
/scratch/xg23/CPEB3/fraglib/2q6ta.gro 11 229 6 1
/scratch/xg23/CPEB3/fraglib/4powa.gro 9 236 8 1
/scratch/xg23/CPEB3/fraglib/4powa.gro 11 236 7 1
/scratch/xg23/CPEB3/fraglib/4powa.gro 9 159 9 1
/scratch/xg23/CPEB3/fraglib/1oopb.gro 9 174 7 1
/scratch/xg23/CPEB3/fraglib/1oopb.gro 11 174 7 1
/scratch/xg23/CPEB3/fraglib/3fdua.gro 9 114 8 1
/scratch/xg23/CPEB3/fraglib/1h8tb.gro 9 1174 7 1
/scratch/xg23/CPEB3/fraglib/1h8tb.gro 11 1174 7 1
/scratch/xg23/CPEB3/fraglib/1d4m2.gro 9 174 7 1
/scratch/xg23/CPEB3/fraglib/1d4m2.gro 11 174 7 1
/scratch/xg23/CPEB3/fraglib/1vlma.gro 9 39 9 1
/scratch/xg23/CPEB3/fraglib/1vlma.gro 9 37 9 1
/scratch/xg23/CPEB3/fraglib/1rhca.gro 10 100 8 1
/scratch/xg23/CPEB3/fraglib/1rhca.gro 9 101 7 1
/scratch/xg23/CPEB3/fraglib/2fhfa.gro 9 757 8 1
/scratch/xg23/CPEB3/fraglib/1zcza.gro 9 364 9 1
/scratch/xg23/CPEB3/fraglib/5yq8a.gro 9 233 7 1
/scratch/xg23/CPEB3/fraglib/5yq8a.gro 11 233 7 1
/scratch/xg23/CPEB3/fraglib/2qbua.gro 10 6 8 1
/scratch/xg23/CPEB3/fraglib/2qbua.gro 9 7 7 1
/scratch/xg23/CPEB3/fraglib/4powa.gro 11 236 8 1
/scratch/xg23/CPEB3/fraglib/4powa.gro 10 239 5 1
/scratch/xg23/CPEB3/fraglib/1oopb.gro 11 174 7 1
/scratch/xg23/CPEB3/fraglib/1oopb.gro 10 171 9 1
/scratch/xg23/CPEB3/fraglib/1oopb.gro 10 175 6 1
/scratch/xg23/CPEB3/fraglib/1h8tb.gro 11 1174 7 1
/scratch/xg23/CPEB3/fraglib/1h8tb.gro 13 1174 6 1
/scratch/xg23/CPEB3/fraglib/1h8tb.gro 10 1175 6 1
/scratch/xg23/CPEB3/fraglib/3fdua.gro 11 114 8 1
/scratch/xg23/CPEB3/fraglib/1d4m2.gro 11 174 7 1
/scratch/xg23/CPEB3/fraglib/1d4m2.gro 13 174 6 1
/scratch/xg23/CPEB3/fraglib/1d4m2.gro 10 175 6 1
/scratch/xg23/CPEB3/fraglib/2fhfa.gro 11 757 8 1
/scratch/xg23/CPEB3/fraglib/2fhfa.gro 10 758 7 1
/scratch/xg23/CPEB3/fraglib/1rhca.gro 10 100 8 1
/scratch/xg23/CPEB3/fraglib/3lx4a.gro 10 240 9 1
/scratch/xg23/CPEB3/fraglib/1al3a.gro 10 234 9 1
/scratch/xg23/CPEB3/fraglib/5fala.gro 11 154 8 1
/scratch/xg23/CPEB3/fraglib/2q6ta.gro 11 229 6 1
/scratch/xg23/CPEB3/fraglib/2q6ta.gro 13 229 6 1
/scratch/xg23/CPEB3/fraglib/4powa.gro 11 236 8 1
/scratch/xg23/CPEB3/fraglib/3fdua.gro 11 114 8 1
/scratch/xg23/CPEB3/fraglib/1d4m2.gro 11 174 7 1
/scratch/xg23/CPEB3/fraglib/1d4m2.gro 13 174 6 1
/scratch/xg23/CPEB3/fraglib/1h8tb.gro 11 1174 7 1
/scratch/xg23/CPEB3/fraglib/1h8tb.gro 13 1174 6 1
/scratch/xg23/CPEB3/fraglib/1oopb.gro 11 174 7 1
/scratch/xg23/CPEB3/fraglib/1oopb.gro 13 174 6 1
/scratch/xg23/CPEB3/fraglib/2fhfa.gro 11 757 8 1
/scratch/xg23/CPEB3/fraglib/2q6ta.gro 11 229 6 1
/scratch/xg23/CPEB3/fraglib/2q6ta.gro 13 229 6 1
/scratch/xg23/CPEB3/fraglib/3jsja.gro 11 25 6 1
/scratch/xg23/CPEB3/fraglib/3jsja.gro 13 25 6 1
/scratch/xg23/CPEB3/fraglib/5yq8a.gro 11 233 7 1
/scratch/xg23/CPEB3/fraglib/5yq8a.gro 13 233 6 1
/scratch/xg23/CPEB3/fraglib/2zuxa.gro 11 478 9 1
/scratch/xg23/CPEB3/fraglib/3a1fa.gro 12 23 7 1
/scratch/xg23/CPEB3/fraglib/4f0ra.gro 11 299 7 1
/scratch/xg23/CPEB3/fraglib/4f0ra.gro 13 299 6 1
/scratch/xg23/CPEB3/fraglib/1crua.gro 11 297 9 1
/scratch/xg23/CPEB3/fraglib/1xdza.gro 12 76 9 1
/scratch/xg23/CPEB3/fraglib/2e7za.gro 13 552 8 1
/scratch/xg23/CPEB3/fraglib/3uawa.gro 13 61 8 1
/scratch/xg23/CPEB3/fraglib/4m7wa.gro 13 62 8 1
/scratch/xg23/CPEB3/fraglib/1zcza.gro 12 367 9 1
/scratch/xg23/CPEB3/fraglib/1zcza.gro 13 364 8 1
/scratch/xg23/CPEB3/fraglib/4d8ya.gro 13 61 8 1
/scratch/xg23/CPEB3/fraglib/4fgqa.gro 14 149 7 1
/scratch/xg23/CPEB3/fraglib/2q6ta.gro 13 229 8 1
/scratch/xg23/CPEB3/fraglib/2q6ta.gro 12 230 5 1
/scratch/xg23/CPEB3/fraglib/5n1qa.gro 12 265 9 1
/scratch/xg23/CPEB3/fraglib/2zuva.gro 14 540 7 1
/scratch/xg23/CPEB3/fraglib/5v5wa.gro 15 113 6 1
/scratch/xg23/CPEB3/fraglib/5tuia.gro 12 10 9 1
/scratch/xg23/CPEB3/fraglib/3jsja.gro 13 25 6 1
/scratch/xg23/CPEB3/fraglib/3jsja.gro 12 26 5 1
/scratch/xg23/CPEB3/fraglib/3a1fa.gro 12 23 7 1
/scratch/xg23/CPEB3/fraglib/4powa.gro 13 238 6 1
/scratch/xg23/CPEB3/fraglib/4powa.gro 13 236 6 1
/scratch/xg23/CPEB3/fraglib/4powa.gro 12 239 5 1
/scratch/xg23/CPEB3/fraglib/3uawa.gro 13 61 8 1
/scratch/xg23/CPEB3/fraglib/4m7wa.gro 13 62 8 1
/scratch/xg23/CPEB3/fraglib/2etja.gro 13 66 9 1
/scratch/xg23/CPEB3/fraglib/3nb0a.gro 16 126 6 1
/scratch/xg23/CPEB3/fraglib/3nb0a.gro 16 521 5 1
/scratch/xg23/CPEB3/fraglib/4d8ya.gro 13 61 8 1
/scratch/xg23/CPEB3/fraglib/6dhqa.gro 13 159 9 1
/scratch/xg23/CPEB3/fraglib/2ah5a.gro 16 33 6 1
/scratch/xg23/CPEB3/fraglib/5d91a.gro 14 164 7 1
/scratch/xg23/CPEB3/fraglib/4fgqa.gro 14 149 7 1
/scratch/xg23/CPEB3/fraglib/2e7za.gro 13 552 8 1
/scratch/xg23/CPEB3/fraglib/2e7za.gro 15 552 7 1
/scratch/xg23/CPEB3/fraglib/5c14a.gro 17 102 5 1
/scratch/xg23/CPEB3/fraglib/3gp0a.gro 16 239 6 1
/scratch/xg23/CPEB3/fraglib/3ffva.gro 17 35 5 1
/scratch/xg23/CPEB3/fraglib/5ho9a.gro 13 385 9 1
/scratch/xg23/CPEB3/fraglib/5tuia.gro 14 10 8 1
/scratch/xg23/CPEB3/fraglib/5tuia.gro 13 11 8 1
/scratch/xg23/CPEB3/fraglib/1ztha.gro 15 131 7 1
/scratch/xg23/CPEB3/fraglib/3tw5a.gro 14 191 8 1
/scratch/xg23/CPEB3/fraglib/3nb0a.gro 16 126 6 1
/scratch/xg23/CPEB3/fraglib/3nb0a.gro 16 521 5 1
/scratch/xg23/CPEB3/fraglib/2etja.gro 14 67 8 1
/scratch/xg23/CPEB3/fraglib/3ql6a.gro 14 4 9 1
/scratch/xg23/CPEB3/fraglib/5hyza.gro 17 349 6 1
/scratch/xg23/CPEB3/fraglib/3tw5a.gro 14 191 8 1
/scratch/xg23/CPEB3/fraglib/2ah5a.gro 16 33 6 1
/scratch/xg23/CPEB3/fraglib/5c14a.gro 17 102 5 1
/scratch/xg23/CPEB3/fraglib/3gp0a.gro 16 239 6 1
/scratch/xg23/CPEB3/fraglib/3ffva.gro 17 35 5 1
/scratch/xg23/CPEB3/fraglib/4fgqa.gro 14 149 7 1
/scratch/xg23/CPEB3/fraglib/2xmea.gro 17 34 6 1
/scratch/xg23/CPEB3/fraglib/1hqsa.gro 17 127 6 1
/scratch/xg23/CPEB3/fraglib/5d91a.gro 14 164 7 1
/scratch/xg23/CPEB3/fraglib/5tuia.gro 14 10 8 1
/scratch/xg23/CPEB3/fraglib/5tuia.gro 19 294 4 1
/scratch/xg23/CPEB3/fraglib/1ztha.gro 15 131 7 1
/scratch/xg23/CPEB3/fraglib/2x0qa.gro 17 93 6 1
/scratch/xg23/CPEB3/fraglib/3myrb.gro 17 1221 6 1
/scratch/xg23/CPEB3/fraglib/3lm4a.gro 17 312 6 1
/scratch/xg23/CPEB3/fraglib/3nb0a.gro 16 126 8 1
/scratch/xg23/CPEB3/fraglib/3nb0a.gro 16 521 5 1
/scratch/xg23/CPEB3/fraglib/5hyza.gro 17 349 6 1
/scratch/xg23/CPEB3/fraglib/5kwba.gro 18 338 6 1
/scratch/xg23/CPEB3/fraglib/5yyla.gro 17 85 7 1
/scratch/xg23/CPEB3/fraglib/2x0qa.gro 17 93 7 1
/scratch/xg23/CPEB3/fraglib/3myrb.gro 17 1221 7 1
/scratch/xg23/CPEB3/fraglib/2ah5a.gro 16 33 6 1
/scratch/xg23/CPEB3/fraglib/4r9na.gro 16 207 8 1
/scratch/xg23/CPEB3/fraglib/2vxha.gro 16 110 8 1
/scratch/xg23/CPEB3/fraglib/2x9qa.gro 16 244 8 1
/scratch/xg23/CPEB3/fraglib/5c14a.gro 17 102 5 1
/scratch/xg23/CPEB3/fraglib/3gp0a.gro 16 239 6 1
/scratch/xg23/CPEB3/fraglib/3ffva.gro 17 35 5 1
/scratch/xg23/CPEB3/fraglib/2xmea.gro 17 34 6 1
/scratch/xg23/CPEB3/fraglib/3lm4a.gro 17 312 7 1
/scratch/xg23/CPEB3/fraglib/1ztha.gro 15 131 7 1
/scratch/xg23/CPEB3/fraglib/1hqsa.gro 17 127 6 1
/scratch/xg23/CPEB3/fraglib/4ln1a.gro 16 272 8 1
/scratch/xg23/CPEB3/fraglib/2iv0a.gro 17 132 6 1
/scratch/xg23/CPEB3/fraglib/3nb0a.gro 16 126 8 1
/scratch/xg23/CPEB3/fraglib/3nb0a.gro 16 521 5 1
/scratch/xg23/CPEB3/fraglib/4tw5a.gro 17 32 8 1
/scratch/xg23/CPEB3/fraglib/1qdda.gro 16 104 9 1
/scratch/xg23/CPEB3/fraglib/2dvma.gro 18 372 7 1
/scratch/xg23/CPEB3/fraglib/4jpsa.gro 17 750 8 1
/scratch/xg23/CPEB3/fraglib/5yyla.gro 17 85 7 1
/scratch/xg23/CPEB3/fraglib/3wz1a.gro 17 25 8 1
/scratch/xg23/CPEB3/fraglib/5jc8a.gro 16 99 9 1
/scratch/xg23/CPEB3/fraglib/3myrb.gro 17 1221 7 1
/scratch/xg23/CPEB3/fraglib/4gafb.gro 19 26 6 1
/scratch/xg23/CPEB3/fraglib/2b82a.gro 19 3 6 1
/scratch/xg23/CPEB3/fraglib/5nrya.gro 18 72 7 1
/scratch/xg23/CPEB3/fraglib/4r9na.gro 16 207 8 1
/scratch/xg23/CPEB3/fraglib/2be1a.gro 18 373 7 1
/scratch/xg23/CPEB3/fraglib/5c14a.gro 17 102 5 1
/scratch/xg23/CPEB3/fraglib/4lzia.gro 16 103 9 1
/scratch/xg23/CPEB3/fraglib/4lzia.gro 18 199 7 1
/scratch/xg23/CPEB3/fraglib/5hyza.gro 17 349 6 1
/scratch/xg23/CPEB3/fraglib/1hqsa.gro 17 127 6 1
/scratch/xg23/CPEB3/fraglib/2dvma.gro 18 372 8 1
/scratch/xg23/CPEB3/fraglib/4tw5a.gro 17 32 8 1
/scratch/xg23/CPEB3/fraglib/5yyla.gro 17 85 9 1
/scratch/xg23/CPEB3/fraglib/3feqa.gro 17 194 9 1
/scratch/xg23/CPEB3/fraglib/4jpsa.gro 17 750 8 1
/scratch/xg23/CPEB3/fraglib/4jpsa.gro 17 451 9 1
/scratch/xg23/CPEB3/fraglib/5joza.gro 19 238 7 1
/scratch/xg23/CPEB3/fraglib/1qdda.gro 17 105 8 1
/scratch/xg23/CPEB3/fraglib/5e7xa.gro 18 128 8 1
/scratch/xg23/CPEB3/fraglib/3wz1a.gro 17 25 8 1
/scratch/xg23/CPEB3/fraglib/5ibza.gro 18 331 8 1
/scratch/xg23/CPEB3/fraglib/4iglb.gro 18 392 8 1
/scratch/xg23/CPEB3/fraglib/3myrb.gro 17 1221 7 1
/scratch/xg23/CPEB3/fraglib/2b82a.gro 19 3 6 1
/scratch/xg23/CPEB3/fraglib/2p6xa.gro 18 198 8 1
/scratch/xg23/CPEB3/fraglib/4gafb.gro 19 26 6 1
/scratch/xg23/CPEB3/fraglib/5hyza.gro 17 349 6 1
/scratch/xg23/CPEB3/fraglib/5nrya.gro 18 72 7 1
/scratch/xg23/CPEB3/fraglib/5c14a.gro 17 102 5 1
/scratch/xg23/CPEB3/fraglib/1hqsa.gro 17 127 6 1
/scratch/xg23/CPEB3/fraglib/2dvma.gro 18 372 8 1
/scratch/xg23/CPEB3/fraglib/5joza.gro 19 238 7 1
/scratch/xg23/CPEB3/fraglib/4iglb.gro 18 392 8 1
/scratch/xg23/CPEB3/fraglib/2p6xa.gro 18 198 8 1
/scratch/xg23/CPEB3/fraglib/4ikva.gro 18 218 7 1
/scratch/xg23/CPEB3/fraglib/5nrya.gro 18 72 7 1
/scratch/xg23/CPEB3/fraglib/2b82a.gro 19 3 6 1
/scratch/xg23/CPEB3/fraglib/1w91a.gro 20 284 6 1
/scratch/xg23/CPEB3/fraglib/4c08a.gro 18 347 7 1
/scratch/xg23/CPEB3/fraglib/2dvma.gro 19 373 7 1
/scratch/xg23/CPEB3/fraglib/5joza.gro 19 238 7 1
/scratch/xg23/CPEB3/fraglib/4iglb.gro 19 393 7 1
/scratch/xg23/CPEB3/fraglib/1w91a.gro 20 284 6 1
/scratch/xg23/CPEB3/fraglib/2b82a.gro 19 3 6 1
/scratch/xg23/CPEB3/fraglib/4k26a.gro 20 261 6 1
/scratch/xg23/CPEB3/fraglib/1w91a.gro 20 284 6 1
/scratch/xg23/CPEB3/fraglib/1pjua.gro 20 21 6 1
