/scratch/xg23/CPEB3/fraglib/5ccfa.gro 1 74 6 1
/scratch/xg23/CPEB3/fraglib/5ccfa.gro 1 74 6 1
/scratch/xg23/CPEB3/fraglib/5meda.gro 1 348 7 1
/scratch/xg23/CPEB3/fraglib/2xapa.gro 1 510 8 1
/scratch/xg23/CPEB3/fraglib/5meda.gro 1 348 7 1
/scratch/xg23/CPEB3/fraglib/4gwga.gro 1 406 8 1
/scratch/xg23/CPEB3/fraglib/1zgka.gro 2 459 7 1
/scratch/xg23/CPEB3/fraglib/3fjva.gro 1 31 7 1
/scratch/xg23/CPEB3/fraglib/2hkva.gro 2 10 7 1
/scratch/xg23/CPEB3/fraglib/3n71a.gro 2 191 7 1
/scratch/xg23/CPEB3/fraglib/1v25a.gro 2 65 8 1
/scratch/xg23/CPEB3/fraglib/2xapa.gro 1 510 8 1
/scratch/xg23/CPEB3/fraglib/5meda.gro 1 348 7 1
/scratch/xg23/CPEB3/fraglib/5c3qa.gro 2 165 8 1
/scratch/xg23/CPEB3/fraglib/5yq8a.gro 2 232 8 1
/scratch/xg23/CPEB3/fraglib/5yq8a.gro 2 230 8 1
/scratch/xg23/CPEB3/fraglib/2iska.gro 2 157 8 1
/scratch/xg23/CPEB3/fraglib/3fjva.gro 1 31 7 1
/scratch/xg23/CPEB3/fraglib/4gwga.gro 1 406 8 1
/scratch/xg23/CPEB3/fraglib/2hkva.gro 2 10 7 1
/scratch/xg23/CPEB3/fraglib/2hkva.gro 6 12 4 1
/scratch/xg23/CPEB3/fraglib/3n71a.gro 2 191 7 1
/scratch/xg23/CPEB3/fraglib/3n71a.gro 5 192 5 1
/scratch/xg23/CPEB3/fraglib/3vnxa.gro 2 184 8 1
/scratch/xg23/CPEB3/fraglib/3vnxa.gro 1 185 8 1
/scratch/xg23/CPEB3/fraglib/4dooa.gro 1 22 8 1
/scratch/xg23/CPEB3/fraglib/3ajaa.gro 1 211 7 1
/scratch/xg23/CPEB3/fraglib/5ncja.gro 2 126 7 1
/scratch/xg23/CPEB3/fraglib/3ppta.gro 2 22 7 1
/scratch/xg23/CPEB3/fraglib/3ppta.gro 5 23 5 1
/scratch/xg23/CPEB3/fraglib/5c3qa.gro 2 165 9 1
/scratch/xg23/CPEB3/fraglib/3vnxa.gro 2 184 9 1
/scratch/xg23/CPEB3/fraglib/1v25a.gro 2 65 8 1
/scratch/xg23/CPEB3/fraglib/2iska.gro 2 157 8 1
/scratch/xg23/CPEB3/fraglib/4powa.gro 5 238 6 1
/scratch/xg23/CPEB3/fraglib/4powa.gro 2 237 7 1
/scratch/xg23/CPEB3/fraglib/4powa.gro 5 236 6 1
/scratch/xg23/CPEB3/fraglib/2e3ba.gro 2 104 9 1
/scratch/xg23/CPEB3/fraglib/3a1fa.gro 4 23 7 1
/scratch/xg23/CPEB3/fraglib/3bxwa.gro 2 349 9 1
/scratch/xg23/CPEB3/fraglib/5yq8a.gro 2 232 8 1
/scratch/xg23/CPEB3/fraglib/5yq8a.gro 2 230 9 1
/scratch/xg23/CPEB3/fraglib/2hkva.gro 2 10 7 1
/scratch/xg23/CPEB3/fraglib/2hkva.gro 6 12 5 1
/scratch/xg23/CPEB3/fraglib/3n71a.gro 2 191 7 1
/scratch/xg23/CPEB3/fraglib/3n71a.gro 5 192 6 1
/scratch/xg23/CPEB3/fraglib/1q5da.gro 2 181 7 1
/scratch/xg23/CPEB3/fraglib/5ncja.gro 2 126 7 1
/scratch/xg23/CPEB3/fraglib/2q6ta.gro 5 229 6 1
/scratch/xg23/CPEB3/fraglib/2q6ta.gro 3 229 6 1
/scratch/xg23/CPEB3/fraglib/1h8tb.gro 5 1174 7 1
/scratch/xg23/CPEB3/fraglib/1h8tb.gro 3 1174 7 1
/scratch/xg23/CPEB3/fraglib/1oopb.gro 5 174 7 1
/scratch/xg23/CPEB3/fraglib/1oopb.gro 3 174 7 1
/scratch/xg23/CPEB3/fraglib/1d4m2.gro 5 174 7 1
/scratch/xg23/CPEB3/fraglib/1d4m2.gro 3 174 7 1
/scratch/xg23/CPEB3/fraglib/1rhca.gro 4 100 8 1
/scratch/xg23/CPEB3/fraglib/3rrsa.gro 3 598 9 1
/scratch/xg23/CPEB3/fraglib/3rrsa.gro 5 602 7 1
/scratch/xg23/CPEB3/fraglib/3rrsa.gro 3 602 7 1
/scratch/xg23/CPEB3/fraglib/4powa.gro 5 236 7 1
/scratch/xg23/CPEB3/fraglib/4powa.gro 5 238 6 1
/scratch/xg23/CPEB3/fraglib/4powa.gro 3 238 6 1
/scratch/xg23/CPEB3/fraglib/5yq8a.gro 5 233 7 1
/scratch/xg23/CPEB3/fraglib/5yq8a.gro 3 233 7 1
/scratch/xg23/CPEB3/fraglib/2qbua.gro 4 6 8 1
/scratch/xg23/CPEB3/fraglib/3a1fa.gro 4 23 7 1
/scratch/xg23/CPEB3/fraglib/2q6ta.gro 5 229 6 1
/scratch/xg23/CPEB3/fraglib/2q6ta.gro 3 225 9 1
/scratch/xg23/CPEB3/fraglib/2q6ta.gro 3 229 6 1
/scratch/xg23/CPEB3/fraglib/4powa.gro 5 236 8 1
/scratch/xg23/CPEB3/fraglib/4powa.gro 4 239 5 1
/scratch/xg23/CPEB3/fraglib/1oopb.gro 5 174 7 1
/scratch/xg23/CPEB3/fraglib/1oopb.gro 4 171 9 1
/scratch/xg23/CPEB3/fraglib/1oopb.gro 4 175 6 1
/scratch/xg23/CPEB3/fraglib/1h8tb.gro 5 1174 7 1
/scratch/xg23/CPEB3/fraglib/1h8tb.gro 7 1174 6 1
/scratch/xg23/CPEB3/fraglib/1h8tb.gro 4 1175 6 1
/scratch/xg23/CPEB3/fraglib/3fdua.gro 5 114 8 1
/scratch/xg23/CPEB3/fraglib/1d4m2.gro 5 174 7 1
/scratch/xg23/CPEB3/fraglib/1d4m2.gro 7 174 6 1
/scratch/xg23/CPEB3/fraglib/1d4m2.gro 4 175 6 1
/scratch/xg23/CPEB3/fraglib/2fhfa.gro 5 757 8 1
/scratch/xg23/CPEB3/fraglib/2fhfa.gro 4 758 7 1
/scratch/xg23/CPEB3/fraglib/1rhca.gro 4 100 8 1
/scratch/xg23/CPEB3/fraglib/3lx4a.gro 4 240 9 1
/scratch/xg23/CPEB3/fraglib/1al3a.gro 4 234 9 1
/scratch/xg23/CPEB3/fraglib/5fala.gro 5 154 8 1
/scratch/xg23/CPEB3/fraglib/2q6ta.gro 5 229 6 1
/scratch/xg23/CPEB3/fraglib/2q6ta.gro 7 229 6 1
/scratch/xg23/CPEB3/fraglib/4powa.gro 5 236 8 1
/scratch/xg23/CPEB3/fraglib/4powa.gro 7 236 7 1
/scratch/xg23/CPEB3/fraglib/4powa.gro 5 159 9 1
/scratch/xg23/CPEB3/fraglib/1oopb.gro 5 174 7 1
/scratch/xg23/CPEB3/fraglib/1oopb.gro 7 174 7 1
/scratch/xg23/CPEB3/fraglib/3fdua.gro 5 114 8 1
/scratch/xg23/CPEB3/fraglib/1h8tb.gro 5 1174 7 1
/scratch/xg23/CPEB3/fraglib/1h8tb.gro 7 1174 7 1
/scratch/xg23/CPEB3/fraglib/1d4m2.gro 5 174 7 1
/scratch/xg23/CPEB3/fraglib/1d4m2.gro 7 174 7 1
/scratch/xg23/CPEB3/fraglib/1vlma.gro 5 39 9 1
/scratch/xg23/CPEB3/fraglib/1vlma.gro 5 37 9 1
/scratch/xg23/CPEB3/fraglib/1rhca.gro 6 100 8 1
/scratch/xg23/CPEB3/fraglib/1rhca.gro 5 101 7 1
/scratch/xg23/CPEB3/fraglib/2fhfa.gro 5 757 8 1
/scratch/xg23/CPEB3/fraglib/1zcza.gro 5 364 9 1
/scratch/xg23/CPEB3/fraglib/5yq8a.gro 5 233 7 1
/scratch/xg23/CPEB3/fraglib/5yq8a.gro 7 233 7 1
/scratch/xg23/CPEB3/fraglib/2qbua.gro 6 6 8 1
/scratch/xg23/CPEB3/fraglib/2qbua.gro 5 7 7 1
/scratch/xg23/CPEB3/fraglib/4powa.gro 7 236 8 1
/scratch/xg23/CPEB3/fraglib/4powa.gro 6 239 5 1
/scratch/xg23/CPEB3/fraglib/1oopb.gro 7 174 7 1
/scratch/xg23/CPEB3/fraglib/1oopb.gro 6 171 9 1
/scratch/xg23/CPEB3/fraglib/1oopb.gro 6 175 6 1
/scratch/xg23/CPEB3/fraglib/1h8tb.gro 7 1174 7 1
/scratch/xg23/CPEB3/fraglib/1h8tb.gro 9 1174 6 1
/scratch/xg23/CPEB3/fraglib/1h8tb.gro 6 1175 6 1
/scratch/xg23/CPEB3/fraglib/3fdua.gro 7 114 8 1
/scratch/xg23/CPEB3/fraglib/1d4m2.gro 7 174 7 1
/scratch/xg23/CPEB3/fraglib/1d4m2.gro 9 174 6 1
/scratch/xg23/CPEB3/fraglib/1d4m2.gro 6 175 6 1
/scratch/xg23/CPEB3/fraglib/2fhfa.gro 7 757 8 1
/scratch/xg23/CPEB3/fraglib/2fhfa.gro 6 758 7 1
/scratch/xg23/CPEB3/fraglib/1rhca.gro 6 100 8 1
/scratch/xg23/CPEB3/fraglib/3lx4a.gro 6 240 9 1
/scratch/xg23/CPEB3/fraglib/1al3a.gro 6 234 9 1
/scratch/xg23/CPEB3/fraglib/5fala.gro 7 154 8 1
/scratch/xg23/CPEB3/fraglib/2q6ta.gro 7 229 6 1
/scratch/xg23/CPEB3/fraglib/2q6ta.gro 9 229 6 1
/scratch/xg23/CPEB3/fraglib/4powa.gro 7 236 8 1
/scratch/xg23/CPEB3/fraglib/3fdua.gro 7 114 8 1
/scratch/xg23/CPEB3/fraglib/1d4m2.gro 7 174 7 1
/scratch/xg23/CPEB3/fraglib/1d4m2.gro 9 174 6 1
/scratch/xg23/CPEB3/fraglib/1h8tb.gro 7 1174 7 1
/scratch/xg23/CPEB3/fraglib/1h8tb.gro 9 1174 6 1
/scratch/xg23/CPEB3/fraglib/1oopb.gro 7 174 7 1
/scratch/xg23/CPEB3/fraglib/1oopb.gro 9 174 6 1
/scratch/xg23/CPEB3/fraglib/2fhfa.gro 7 757 8 1
/scratch/xg23/CPEB3/fraglib/2q6ta.gro 7 229 6 1
/scratch/xg23/CPEB3/fraglib/2q6ta.gro 9 229 6 1
/scratch/xg23/CPEB3/fraglib/3jsja.gro 7 25 6 1
/scratch/xg23/CPEB3/fraglib/3jsja.gro 9 25 6 1
/scratch/xg23/CPEB3/fraglib/5yq8a.gro 7 233 7 1
/scratch/xg23/CPEB3/fraglib/5yq8a.gro 9 233 6 1
/scratch/xg23/CPEB3/fraglib/2zuxa.gro 7 478 9 1
/scratch/xg23/CPEB3/fraglib/3a1fa.gro 8 23 7 1
/scratch/xg23/CPEB3/fraglib/4f0ra.gro 7 299 7 1
/scratch/xg23/CPEB3/fraglib/4f0ra.gro 9 299 6 1
/scratch/xg23/CPEB3/fraglib/1crua.gro 7 297 9 1
/scratch/xg23/CPEB3/fraglib/1xdza.gro 8 76 9 1
/scratch/xg23/CPEB3/fraglib/2e7za.gro 9 552 8 1
/scratch/xg23/CPEB3/fraglib/3uawa.gro 9 61 8 1
/scratch/xg23/CPEB3/fraglib/4m7wa.gro 9 62 8 1
/scratch/xg23/CPEB3/fraglib/1zcza.gro 8 367 9 1
/scratch/xg23/CPEB3/fraglib/1zcza.gro 9 364 8 1
/scratch/xg23/CPEB3/fraglib/4d8ya.gro 9 61 8 1
/scratch/xg23/CPEB3/fraglib/4fgqa.gro 10 149 7 1
/scratch/xg23/CPEB3/fraglib/2q6ta.gro 9 229 8 1
/scratch/xg23/CPEB3/fraglib/2q6ta.gro 8 230 5 1
/scratch/xg23/CPEB3/fraglib/5n1qa.gro 8 265 9 1
/scratch/xg23/CPEB3/fraglib/2zuva.gro 10 540 7 1
/scratch/xg23/CPEB3/fraglib/5v5wa.gro 11 113 6 1
/scratch/xg23/CPEB3/fraglib/5tuia.gro 8 10 9 1
/scratch/xg23/CPEB3/fraglib/3jsja.gro 9 25 6 1
/scratch/xg23/CPEB3/fraglib/3jsja.gro 8 26 5 1
/scratch/xg23/CPEB3/fraglib/3a1fa.gro 8 23 7 1
/scratch/xg23/CPEB3/fraglib/4powa.gro 9 238 6 1
/scratch/xg23/CPEB3/fraglib/4powa.gro 9 236 6 1
/scratch/xg23/CPEB3/fraglib/4powa.gro 8 239 5 1
/scratch/xg23/CPEB3/fraglib/3uawa.gro 9 61 8 1
/scratch/xg23/CPEB3/fraglib/4m7wa.gro 9 62 8 1
/scratch/xg23/CPEB3/fraglib/2etja.gro 9 66 9 1
/scratch/xg23/CPEB3/fraglib/3nb0a.gro 12 126 6 1
/scratch/xg23/CPEB3/fraglib/3nb0a.gro 12 521 5 1
/scratch/xg23/CPEB3/fraglib/4d8ya.gro 9 61 8 1
/scratch/xg23/CPEB3/fraglib/6dhqa.gro 9 159 9 1
/scratch/xg23/CPEB3/fraglib/2ah5a.gro 12 33 6 1
/scratch/xg23/CPEB3/fraglib/5d91a.gro 10 164 7 1
/scratch/xg23/CPEB3/fraglib/4fgqa.gro 10 149 7 1
/scratch/xg23/CPEB3/fraglib/2e7za.gro 9 552 8 1
/scratch/xg23/CPEB3/fraglib/2e7za.gro 11 552 7 1
/scratch/xg23/CPEB3/fraglib/5c14a.gro 13 102 5 1
/scratch/xg23/CPEB3/fraglib/3gp0a.gro 12 239 6 1
/scratch/xg23/CPEB3/fraglib/3ffva.gro 13 35 5 1
/scratch/xg23/CPEB3/fraglib/5ho9a.gro 9 385 9 1
/scratch/xg23/CPEB3/fraglib/5tuia.gro 10 10 8 1
/scratch/xg23/CPEB3/fraglib/5tuia.gro 9 11 8 1
/scratch/xg23/CPEB3/fraglib/1ztha.gro 11 131 7 1
/scratch/xg23/CPEB3/fraglib/3tw5a.gro 10 191 8 1
/scratch/xg23/CPEB3/fraglib/3nb0a.gro 12 126 6 1
/scratch/xg23/CPEB3/fraglib/3nb0a.gro 12 521 5 1
/scratch/xg23/CPEB3/fraglib/2etja.gro 10 67 8 1
/scratch/xg23/CPEB3/fraglib/3ql6a.gro 10 4 9 1
/scratch/xg23/CPEB3/fraglib/5hyza.gro 13 349 6 1
/scratch/xg23/CPEB3/fraglib/3tw5a.gro 10 191 8 1
/scratch/xg23/CPEB3/fraglib/2ah5a.gro 12 33 6 1
/scratch/xg23/CPEB3/fraglib/5c14a.gro 13 102 5 1
/scratch/xg23/CPEB3/fraglib/3gp0a.gro 12 239 6 1
/scratch/xg23/CPEB3/fraglib/3ffva.gro 13 35 5 1
/scratch/xg23/CPEB3/fraglib/4fgqa.gro 10 149 7 1
/scratch/xg23/CPEB3/fraglib/2xmea.gro 13 34 6 1
/scratch/xg23/CPEB3/fraglib/1hqsa.gro 13 127 6 1
/scratch/xg23/CPEB3/fraglib/5d91a.gro 10 164 7 1
/scratch/xg23/CPEB3/fraglib/5tuia.gro 10 10 8 1
/scratch/xg23/CPEB3/fraglib/5tuia.gro 15 294 4 1
/scratch/xg23/CPEB3/fraglib/1ztha.gro 11 131 7 1
/scratch/xg23/CPEB3/fraglib/2x0qa.gro 13 93 6 1
/scratch/xg23/CPEB3/fraglib/3myrb.gro 13 1221 6 1
/scratch/xg23/CPEB3/fraglib/3lm4a.gro 13 312 6 1
/scratch/xg23/CPEB3/fraglib/3nb0a.gro 12 126 8 1
/scratch/xg23/CPEB3/fraglib/3nb0a.gro 12 521 5 1
/scratch/xg23/CPEB3/fraglib/5hyza.gro 13 349 6 1
/scratch/xg23/CPEB3/fraglib/5kwba.gro 14 338 6 1
/scratch/xg23/CPEB3/fraglib/5yyla.gro 13 85 7 1
/scratch/xg23/CPEB3/fraglib/2x0qa.gro 13 93 7 1
/scratch/xg23/CPEB3/fraglib/3myrb.gro 13 1221 7 1
/scratch/xg23/CPEB3/fraglib/2ah5a.gro 12 33 6 1
/scratch/xg23/CPEB3/fraglib/4r9na.gro 12 207 8 1
/scratch/xg23/CPEB3/fraglib/2vxha.gro 12 110 8 1
/scratch/xg23/CPEB3/fraglib/2x9qa.gro 12 244 8 1
/scratch/xg23/CPEB3/fraglib/5c14a.gro 13 102 5 1
/scratch/xg23/CPEB3/fraglib/3gp0a.gro 12 239 6 1
/scratch/xg23/CPEB3/fraglib/3ffva.gro 13 35 5 1
/scratch/xg23/CPEB3/fraglib/2xmea.gro 13 34 6 1
/scratch/xg23/CPEB3/fraglib/3lm4a.gro 13 312 7 1
/scratch/xg23/CPEB3/fraglib/1ztha.gro 11 131 7 1
/scratch/xg23/CPEB3/fraglib/1hqsa.gro 13 127 6 1
/scratch/xg23/CPEB3/fraglib/4ln1a.gro 12 272 8 1
/scratch/xg23/CPEB3/fraglib/2iv0a.gro 13 132 6 1
/scratch/xg23/CPEB3/fraglib/3nb0a.gro 12 126 8 1
/scratch/xg23/CPEB3/fraglib/3nb0a.gro 12 521 5 1
/scratch/xg23/CPEB3/fraglib/4tw5a.gro 13 32 8 1
/scratch/xg23/CPEB3/fraglib/1qdda.gro 12 104 9 1
/scratch/xg23/CPEB3/fraglib/2dvma.gro 14 372 7 1
/scratch/xg23/CPEB3/fraglib/4jpsa.gro 13 750 8 1
/scratch/xg23/CPEB3/fraglib/5yyla.gro 13 85 7 1
/scratch/xg23/CPEB3/fraglib/3wz1a.gro 13 25 8 1
/scratch/xg23/CPEB3/fraglib/5jc8a.gro 12 99 9 1
/scratch/xg23/CPEB3/fraglib/3myrb.gro 13 1221 7 1
/scratch/xg23/CPEB3/fraglib/4gafb.gro 15 26 6 1
/scratch/xg23/CPEB3/fraglib/2b82a.gro 15 3 6 1
/scratch/xg23/CPEB3/fraglib/5nrya.gro 14 72 7 1
/scratch/xg23/CPEB3/fraglib/4r9na.gro 12 207 8 1
/scratch/xg23/CPEB3/fraglib/2be1a.gro 14 373 7 1
/scratch/xg23/CPEB3/fraglib/5c14a.gro 13 102 5 1
/scratch/xg23/CPEB3/fraglib/4lzia.gro 12 103 9 1
/scratch/xg23/CPEB3/fraglib/4lzia.gro 14 199 7 1
/scratch/xg23/CPEB3/fraglib/5hyza.gro 13 349 6 1
/scratch/xg23/CPEB3/fraglib/1hqsa.gro 13 127 6 1
/scratch/xg23/CPEB3/fraglib/2dvma.gro 14 372 8 1
/scratch/xg23/CPEB3/fraglib/4tw5a.gro 13 32 8 1
/scratch/xg23/CPEB3/fraglib/5yyla.gro 13 85 9 1
/scratch/xg23/CPEB3/fraglib/3feqa.gro 13 194 9 1
/scratch/xg23/CPEB3/fraglib/4jpsa.gro 13 750 8 1
/scratch/xg23/CPEB3/fraglib/4jpsa.gro 13 451 9 1
/scratch/xg23/CPEB3/fraglib/5joza.gro 15 238 7 1
/scratch/xg23/CPEB3/fraglib/1qdda.gro 13 105 8 1
/scratch/xg23/CPEB3/fraglib/5e7xa.gro 14 128 8 1
/scratch/xg23/CPEB3/fraglib/3wz1a.gro 13 25 8 1
/scratch/xg23/CPEB3/fraglib/5ibza.gro 14 331 8 1
/scratch/xg23/CPEB3/fraglib/4iglb.gro 14 392 8 1
/scratch/xg23/CPEB3/fraglib/3myrb.gro 13 1221 7 1
/scratch/xg23/CPEB3/fraglib/2b82a.gro 15 3 6 1
/scratch/xg23/CPEB3/fraglib/2p6xa.gro 14 198 8 1
/scratch/xg23/CPEB3/fraglib/4gafb.gro 15 26 6 1
/scratch/xg23/CPEB3/fraglib/5hyza.gro 13 349 6 1
/scratch/xg23/CPEB3/fraglib/5nrya.gro 14 72 7 1
/scratch/xg23/CPEB3/fraglib/5c14a.gro 13 102 5 1
/scratch/xg23/CPEB3/fraglib/1hqsa.gro 13 127 6 1
/scratch/xg23/CPEB3/fraglib/2dvma.gro 14 372 8 1
/scratch/xg23/CPEB3/fraglib/5e7xa.gro 14 128 9 1
/scratch/xg23/CPEB3/fraglib/3k93a.gro 15 160 8 1
/scratch/xg23/CPEB3/fraglib/3p2na.gro 14 297 9 1
/scratch/xg23/CPEB3/fraglib/5joza.gro 15 238 7 1
/scratch/xg23/CPEB3/fraglib/3azoa.gro 14 116 9 1
/scratch/xg23/CPEB3/fraglib/4iglb.gro 14 392 8 1
/scratch/xg23/CPEB3/fraglib/2p6xa.gro 14 198 8 1
/scratch/xg23/CPEB3/fraglib/4ikva.gro 14 218 7 1
/scratch/xg23/CPEB3/fraglib/5nrya.gro 14 72 7 1
/scratch/xg23/CPEB3/fraglib/5i05a.gro 14 75 9 1
/scratch/xg23/CPEB3/fraglib/5ibza.gro 14 331 9 1
/scratch/xg23/CPEB3/fraglib/5yyla.gro 14 86 9 1
/scratch/xg23/CPEB3/fraglib/5bnca.gro 14 15 9 1
/scratch/xg23/CPEB3/fraglib/2b82a.gro 15 3 6 1
/scratch/xg23/CPEB3/fraglib/1tz7a.gro 17 45 6 1
/scratch/xg23/CPEB3/fraglib/5cnwa.gro 17 60 6 1
/scratch/xg23/CPEB3/fraglib/1w91a.gro 16 284 6 1
/scratch/xg23/CPEB3/fraglib/4c08a.gro 14 347 7 1
/scratch/xg23/CPEB3/fraglib/3gwna.gro 17 56 6 1
/scratch/xg23/CPEB3/fraglib/3d0ca.gro 17 279 7 1
/scratch/xg23/CPEB3/fraglib/3c07a.gro 16 126 8 1
/scratch/xg23/CPEB3/fraglib/2dvma.gro 15 373 7 1
/scratch/xg23/CPEB3/fraglib/3k93a.gro 15 160 8 1
/scratch/xg23/CPEB3/fraglib/4qi7a.gro 15 160 9 1
/scratch/xg23/CPEB3/fraglib/1r6da.gro 16 143 8 1
/scratch/xg23/CPEB3/fraglib/5e7xa.gro 15 129 8 1
/scratch/xg23/CPEB3/fraglib/3brda.gro 19 557 5 1
/scratch/xg23/CPEB3/fraglib/5joza.gro 15 238 7 1
/scratch/xg23/CPEB3/fraglib/4iglb.gro 15 393 7 1
/scratch/xg23/CPEB3/fraglib/3gwna.gro 17 56 6 1
/scratch/xg23/CPEB3/fraglib/1iqqa.gro 15 182 9 1
/scratch/xg23/CPEB3/fraglib/1w91a.gro 16 284 6 1
/scratch/xg23/CPEB3/fraglib/2b82a.gro 15 3 6 1
/scratch/xg23/CPEB3/fraglib/1z02a.gro 15 181 9 1
/scratch/xg23/CPEB3/fraglib/3d7aa.gro 16 106 7 1
/scratch/xg23/CPEB3/fraglib/4k26a.gro 16 261 6 1
/scratch/xg23/CPEB3/fraglib/1uiya.gro 15 17 9 1
/scratch/xg23/CPEB3/fraglib/3p2na.gro 16 299 7 1
/scratch/xg23/CPEB3/fraglib/1gyha.gro 18 129 6 1
/scratch/xg23/CPEB3/fraglib/3d0ca.gro 17 279 7 1
/scratch/xg23/CPEB3/fraglib/3c07a.gro 16 126 8 1
/scratch/xg23/CPEB3/fraglib/1r6da.gro 16 143 8 1
/scratch/xg23/CPEB3/fraglib/6h8oa.gro 19 14 6 1
/scratch/xg23/CPEB3/fraglib/5n1qb.gro 17 23 8 1
/scratch/xg23/CPEB3/fraglib/3p2na.gro 16 299 7 1
/scratch/xg23/CPEB3/fraglib/3brda.gro 19 557 5 1
/scratch/xg23/CPEB3/fraglib/1xkpa.gro 16 190 9 1
/scratch/xg23/CPEB3/fraglib/5a8wb.gro 17 23 8 1
/scratch/xg23/CPEB3/fraglib/5v8ka.gro 16 497 9 1
/scratch/xg23/CPEB3/fraglib/1w91a.gro 16 284 6 1
/scratch/xg23/CPEB3/fraglib/4rgz1.gro 18 130 7 1
/scratch/xg23/CPEB3/fraglib/4jn7a.gro 16 290 9 1
/scratch/xg23/CPEB3/fraglib/1pjua.gro 16 21 6 1
/scratch/xg23/CPEB3/fraglib/4mx2a.gro 16 29 9 1
/scratch/xg23/CPEB3/fraglib/3gwna.gro 17 56 6 1
/scratch/xg23/CPEB3/fraglib/5cnwa.gro 17 60 6 1
/scratch/xg23/CPEB3/fraglib/3d7aa.gro 16 106 7 1
/scratch/xg23/CPEB3/fraglib/1gyha.gro 18 129 6 1
/scratch/xg23/CPEB3/fraglib/5a0yb.gro 17 23 8 1
/scratch/xg23/CPEB3/fraglib/3d0ca.gro 17 279 7 1
/scratch/xg23/CPEB3/fraglib/5a8wb.gro 17 23 9 1
/scratch/xg23/CPEB3/fraglib/3sqgb.gro 17 20 9 1
/scratch/xg23/CPEB3/fraglib/6h8oa.gro 19 14 6 1
/scratch/xg23/CPEB3/fraglib/5n1qb.gro 17 23 8 1
/scratch/xg23/CPEB3/fraglib/5a0yb.gro 17 23 9 1
/scratch/xg23/CPEB3/fraglib/3c07a.gro 17 127 7 1
/scratch/xg23/CPEB3/fraglib/1xkpa.gro 18 192 8 1
/scratch/xg23/CPEB3/fraglib/3brda.gro 19 557 5 1
/scratch/xg23/CPEB3/fraglib/6fswa.gro 18 155 8 1
/scratch/xg23/CPEB3/fraglib/5cnwa.gro 17 60 6 1
/scratch/xg23/CPEB3/fraglib/1khva.gro 17 395 9 1
/scratch/xg23/CPEB3/fraglib/3gwna.gro 17 56 6 1
/scratch/xg23/CPEB3/fraglib/5v8ka.gro 17 498 8 1
/scratch/xg23/CPEB3/fraglib/3sfvb.gro 19 329 7 1
/scratch/xg23/CPEB3/fraglib/2fyia.gro 17 177 8 1
/scratch/xg23/CPEB3/fraglib/4ff5a.gro 18 223 8 1
/scratch/xg23/CPEB3/fraglib/1gyha.gro 18 129 6 1
/scratch/xg23/CPEB3/fraglib/3oh8a.gro 17 35 6 1
/scratch/xg23/CPEB3/fraglib/3oh8a.gro 17 191 8 1
/scratch/xg23/CPEB3/fraglib/6h8oa.gro 19 14 6 1
/scratch/xg23/CPEB3/fraglib/3brda.gro 19 557 5 1
/scratch/xg23/CPEB3/fraglib/1xkpa.gro 18 192 8 1
/scratch/xg23/CPEB3/fraglib/6elqa.gro 18 419 8 1
/scratch/xg23/CPEB3/fraglib/1ynfa.gro 19 343 7 1
/scratch/xg23/CPEB3/fraglib/2wvxa.gro 19 520 7 1
/scratch/xg23/CPEB3/fraglib/1gyha.gro 18 129 6 1
/scratch/xg23/CPEB3/fraglib/6fswa.gro 18 155 8 1
/scratch/xg23/CPEB3/fraglib/1va6a.gro 18 334 7 1
/scratch/xg23/CPEB3/fraglib/4ff5a.gro 18 223 8 1
/scratch/xg23/CPEB3/fraglib/3d0ca.gro 18 280 6 1
/scratch/xg23/CPEB3/fraglib/3r4sa.gro 18 901 7 1
/scratch/xg23/CPEB3/fraglib/4rgz1.gro 18 130 7 1
/scratch/xg23/CPEB3/fraglib/6h8oa.gro 19 14 6 1
/scratch/xg23/CPEB3/fraglib/3brda.gro 19 557 5 1
/scratch/xg23/CPEB3/fraglib/1xkpa.gro 19 193 7 1
/scratch/xg23/CPEB3/fraglib/1ynfa.gro 19 343 7 1
