/scratch/xg23/CPEB3/fraglib/5az4a.gro 1 420 5 1
/scratch/xg23/CPEB3/fraglib/5c1fa.gro 1 275 5 1
/scratch/xg23/CPEB3/fraglib/1snya.gro 1 26 5 1
/scratch/xg23/CPEB3/fraglib/3kyfa.gro 1 8 5 1
/scratch/xg23/CPEB3/fraglib/2j1dg.gro 2 916 5 1
/scratch/xg23/CPEB3/fraglib/5az4a.gro 1 420 5 1
/scratch/xg23/CPEB3/fraglib/5nusa.gro 1 83 6 1
/scratch/xg23/CPEB3/fraglib/5c1fa.gro 1 275 5 1
/scratch/xg23/CPEB3/fraglib/1snya.gro 1 26 5 1
/scratch/xg23/CPEB3/fraglib/3sy6a.gro 3 236 4 1
/scratch/xg23/CPEB3/fraglib/3frma.gro 3 28 4 1
/scratch/xg23/CPEB3/fraglib/3kyfa.gro 1 8 5 1
/scratch/xg23/CPEB3/fraglib/5az4a.gro 1 420 7 1
/scratch/xg23/CPEB3/fraglib/2j1dg.gro 2 916 6 1
/scratch/xg23/CPEB3/fraglib/5ejja.gro 1 568 7 1
/scratch/xg23/CPEB3/fraglib/5c1fa.gro 1 275 5 1
/scratch/xg23/CPEB3/fraglib/1v5da.gro 3 298 5 1
/scratch/xg23/CPEB3/fraglib/1pgua.gro 3 11 5 1
/scratch/xg23/CPEB3/fraglib/1snya.gro 1 26 5 1
/scratch/xg23/CPEB3/fraglib/3sy6a.gro 3 236 4 1
/scratch/xg23/CPEB3/fraglib/3frma.gro 3 28 4 1
/scratch/xg23/CPEB3/fraglib/3kyfa.gro 1 8 5 1
/scratch/xg23/CPEB3/fraglib/2zuya.gro 2 595 6 1
/scratch/xg23/CPEB3/fraglib/5az4a.gro 1 420 7 1
/scratch/xg23/CPEB3/fraglib/2j1dg.gro 2 916 6 1
/scratch/xg23/CPEB3/fraglib/2he7a.gro 3 190 6 1
/scratch/xg23/CPEB3/fraglib/3qija.gro 3 290 6 1
/scratch/xg23/CPEB3/fraglib/4ihfa.gro 4 94 5 1
/scratch/xg23/CPEB3/fraglib/5c1fa.gro 1 275 5 1
/scratch/xg23/CPEB3/fraglib/1v5da.gro 3 298 5 1
/scratch/xg23/CPEB3/fraglib/5ejja.gro 1 568 7 1
/scratch/xg23/CPEB3/fraglib/1pgua.gro 3 11 5 1
/scratch/xg23/CPEB3/fraglib/1snya.gro 1 26 5 1
/scratch/xg23/CPEB3/fraglib/3sy6a.gro 3 236 4 1
/scratch/xg23/CPEB3/fraglib/3frma.gro 3 28 4 1
/scratch/xg23/CPEB3/fraglib/3neta.gro 3 365 6 1
/scratch/xg23/CPEB3/fraglib/1xv5a.gro 3 1265 6 1
/scratch/xg23/CPEB3/fraglib/2zuya.gro 2 595 6 1
/scratch/xg23/CPEB3/fraglib/4rdqa.gro 1 343 7 1
/scratch/xg23/CPEB3/fraglib/3gcza.gro 1 249 4 1
/scratch/xg23/CPEB3/fraglib/5az4a.gro 1 420 7 1
/scratch/xg23/CPEB3/fraglib/2j1dg.gro 2 916 6 1
/scratch/xg23/CPEB3/fraglib/2j1dg.gro 2 913 8 1
/scratch/xg23/CPEB3/fraglib/2he7a.gro 3 190 6 1
/scratch/xg23/CPEB3/fraglib/5vpua.gro 3 160 7 1
/scratch/xg23/CPEB3/fraglib/5nusa.gro 1 83 6 1
/scratch/xg23/CPEB3/fraglib/3qija.gro 3 290 6 1
/scratch/xg23/CPEB3/fraglib/4ihfa.gro 4 94 5 1
/scratch/xg23/CPEB3/fraglib/5eyva.gro 5 155 5 1
/scratch/xg23/CPEB3/fraglib/5eyva.gro 2 155 5 1
/scratch/xg23/CPEB3/fraglib/5c1fa.gro 1 275 5 1
/scratch/xg23/CPEB3/fraglib/5ejja.gro 1 568 7 1
/scratch/xg23/CPEB3/fraglib/3pgxa.gro 3 232 7 1
/scratch/xg23/CPEB3/fraglib/1v5da.gro 3 298 5 1
/scratch/xg23/CPEB3/fraglib/1pgua.gro 3 11 5 1
/scratch/xg23/CPEB3/fraglib/1snya.gro 1 26 5 1
/scratch/xg23/CPEB3/fraglib/3sy6a.gro 3 236 4 1
/scratch/xg23/CPEB3/fraglib/3frma.gro 3 28 4 1
/scratch/xg23/CPEB3/fraglib/3neta.gro 3 365 6 1
/scratch/xg23/CPEB3/fraglib/5a7ga.gro 3 67 7 1
/scratch/xg23/CPEB3/fraglib/2j1dg.gro 2 916 6 1
/scratch/xg23/CPEB3/fraglib/2j1dg.gro 2 913 8 1
/scratch/xg23/CPEB3/fraglib/2he7a.gro 3 190 6 1
/scratch/xg23/CPEB3/fraglib/5vpua.gro 3 160 7 1
/scratch/xg23/CPEB3/fraglib/1wdda.gro 4 44 7 1
/scratch/xg23/CPEB3/fraglib/3qija.gro 3 290 6 1
/scratch/xg23/CPEB3/fraglib/4ihfa.gro 4 94 5 1
/scratch/xg23/CPEB3/fraglib/5eyva.gro 5 155 5 1
/scratch/xg23/CPEB3/fraglib/5eyva.gro 2 155 5 1
/scratch/xg23/CPEB3/fraglib/3pgxa.gro 3 232 7 1
/scratch/xg23/CPEB3/fraglib/3axsa.gro 6 338 5 1
/scratch/xg23/CPEB3/fraglib/1v5da.gro 3 298 5 1
/scratch/xg23/CPEB3/fraglib/1pgua.gro 3 11 5 1
/scratch/xg23/CPEB3/fraglib/3sy6a.gro 3 236 4 1
/scratch/xg23/CPEB3/fraglib/3frma.gro 3 28 4 1
/scratch/xg23/CPEB3/fraglib/3neta.gro 3 365 6 1
/scratch/xg23/CPEB3/fraglib/5a7ga.gro 3 67 7 1
/scratch/xg23/CPEB3/fraglib/5az4a.gro 2 421 6 1
/scratch/xg23/CPEB3/fraglib/6atra.gro 2 199 9 1
/scratch/xg23/CPEB3/fraglib/1xv5a.gro 3 1265 6 1
/scratch/xg23/CPEB3/fraglib/2he7a.gro 3 190 6 1
/scratch/xg23/CPEB3/fraglib/5vpua.gro 3 160 7 1
/scratch/xg23/CPEB3/fraglib/2j1dg.gro 5 913 7 1
/scratch/xg23/CPEB3/fraglib/2j1dg.gro 3 917 5 1
/scratch/xg23/CPEB3/fraglib/2j1dg.gro 5 916 5 1
/scratch/xg23/CPEB3/fraglib/1wdda.gro 4 44 7 1
/scratch/xg23/CPEB3/fraglib/3qija.gro 3 290 6 1
/scratch/xg23/CPEB3/fraglib/4ihfa.gro 4 94 5 1
/scratch/xg23/CPEB3/fraglib/5eyva.gro 5 155 5 1
/scratch/xg23/CPEB3/fraglib/3pgxa.gro 3 232 7 1
/scratch/xg23/CPEB3/fraglib/3axsa.gro 6 338 5 1
/scratch/xg23/CPEB3/fraglib/1v5da.gro 3 298 5 1
/scratch/xg23/CPEB3/fraglib/1pgua.gro 3 11 5 1
/scratch/xg23/CPEB3/fraglib/5iesc.gro 3 6 9 1
/scratch/xg23/CPEB3/fraglib/3sy6a.gro 3 236 4 1
/scratch/xg23/CPEB3/fraglib/3frma.gro 3 28 4 1
/scratch/xg23/CPEB3/fraglib/3neta.gro 3 365 6 1
/scratch/xg23/CPEB3/fraglib/5a7ga.gro 3 67 7 1
/scratch/xg23/CPEB3/fraglib/1xv5a.gro 3 1265 6 1
/scratch/xg23/CPEB3/fraglib/3bbja.gro 4 121 8 1
/scratch/xg23/CPEB3/fraglib/1wdda.gro 4 44 7 1
/scratch/xg23/CPEB3/fraglib/2j1dg.gro 5 913 7 1
/scratch/xg23/CPEB3/fraglib/2j1dg.gro 5 916 5 1
/scratch/xg23/CPEB3/fraglib/5wkfd.gro 5 3 8 1
/scratch/xg23/CPEB3/fraglib/3axsa.gro 6 338 5 1
/scratch/xg23/CPEB3/fraglib/3bbja.gro 4 121 8 1
/scratch/xg23/CPEB3/fraglib/4ihfa.gro 4 94 5 1
/scratch/xg23/CPEB3/fraglib/5eyva.gro 5 155 5 1
/scratch/xg23/CPEB3/fraglib/5az4a.gro 8 421 5 1
/scratch/xg23/CPEB3/fraglib/2c1ia.gro 4 278 8 1
/scratch/xg23/CPEB3/fraglib/3meba.gro 6 8 7 1
/scratch/xg23/CPEB3/fraglib/1u7la.gro 4 17 9 1
/scratch/xg23/CPEB3/fraglib/1v4aa.gro 7 58 6 1
/scratch/xg23/CPEB3/fraglib/5bnza.gro 4 250 8 1
/scratch/xg23/CPEB3/fraglib/5ti1a.gro 5 295 7 1
/scratch/xg23/CPEB3/fraglib/4dz1a.gro 6 37 5 1
/scratch/xg23/CPEB3/fraglib/3pl8a.gro 4 340 8 1
/scratch/xg23/CPEB3/fraglib/5loqa.gro 6 136 6 1
/scratch/xg23/CPEB3/fraglib/1rkta.gro 5 152 5 1
/scratch/xg23/CPEB3/fraglib/3byqa.gro 4 22 6 1
/scratch/xg23/CPEB3/fraglib/3axsa.gro 6 338 5 1
/scratch/xg23/CPEB3/fraglib/5wkfd.gro 5 3 8 1
/scratch/xg23/CPEB3/fraglib/5eyva.gro 5 155 5 1
/scratch/xg23/CPEB3/fraglib/1iwea.gro 9 423 5 1
/scratch/xg23/CPEB3/fraglib/3h5qa.gro 5 325 9 1
/scratch/xg23/CPEB3/fraglib/5az4a.gro 8 421 5 1
/scratch/xg23/CPEB3/fraglib/3bbja.gro 5 122 9 1
/scratch/xg23/CPEB3/fraglib/3meba.gro 6 8 7 1
/scratch/xg23/CPEB3/fraglib/2j1dg.gro 5 913 7 1
/scratch/xg23/CPEB3/fraglib/2j1dg.gro 5 916 5 1
/scratch/xg23/CPEB3/fraglib/4dz1a.gro 6 37 5 1
/scratch/xg23/CPEB3/fraglib/2zj8a.gro 9 26 5 1
/scratch/xg23/CPEB3/fraglib/2p6ra.gro 9 28 5 1
/scratch/xg23/CPEB3/fraglib/1v7wa.gro 9 786 5 1
/scratch/xg23/CPEB3/fraglib/5ti1a.gro 5 295 7 1
/scratch/xg23/CPEB3/fraglib/4tvma.gro 6 208 7 1
/scratch/xg23/CPEB3/fraglib/1g8sa.gro 7 152 7 1
/scratch/xg23/CPEB3/fraglib/5loqa.gro 6 136 6 1
/scratch/xg23/CPEB3/fraglib/1khda.gro 5 195 8 1
/scratch/xg23/CPEB3/fraglib/5l6va.gro 5 195 6 1
/scratch/xg23/CPEB3/fraglib/4tvma.gro 6 208 9 1
/scratch/xg23/CPEB3/fraglib/4fgva.gro 8 968 7 1
/scratch/xg23/CPEB3/fraglib/3axsa.gro 6 338 5 1
/scratch/xg23/CPEB3/fraglib/2deba.gro 6 395 9 1
/scratch/xg23/CPEB3/fraglib/1iwea.gro 9 423 5 1
/scratch/xg23/CPEB3/fraglib/3fwna.gro 10 306 5 1
/scratch/xg23/CPEB3/fraglib/3fwna.gro 6 437 8 1
/scratch/xg23/CPEB3/fraglib/1xkqa.gro 10 153 5 1
/scratch/xg23/CPEB3/fraglib/5az4a.gro 8 421 5 1
/scratch/xg23/CPEB3/fraglib/2vjqa.gro 7 225 8 1
/scratch/xg23/CPEB3/fraglib/4k90a.gro 7 396 8 1
/scratch/xg23/CPEB3/fraglib/5op0a.gro 6 326 9 1
/scratch/xg23/CPEB3/fraglib/3h5qa.gro 6 326 8 1
/scratch/xg23/CPEB3/fraglib/3meba.gro 6 8 7 1
/scratch/xg23/CPEB3/fraglib/5ys9a.gro 7 290 7 1
/scratch/xg23/CPEB3/fraglib/1v4aa.gro 7 58 6 1
/scratch/xg23/CPEB3/fraglib/2zj8a.gro 9 26 5 1
/scratch/xg23/CPEB3/fraglib/2p6ra.gro 9 28 5 1
/scratch/xg23/CPEB3/fraglib/5toqa.gro 7 7 8 1
/scratch/xg23/CPEB3/fraglib/1v7wa.gro 9 786 5 1
/scratch/xg23/CPEB3/fraglib/4fgva.gro 8 968 7 1
/scratch/xg23/CPEB3/fraglib/2vjqa.gro 7 225 9 1
/scratch/xg23/CPEB3/fraglib/3fwna.gro 10 306 6 1
/scratch/xg23/CPEB3/fraglib/1iwea.gro 9 423 5 1
/scratch/xg23/CPEB3/fraglib/1v7wa.gro 9 786 7 1
/scratch/xg23/CPEB3/fraglib/5toqa.gro 7 7 8 1
/scratch/xg23/CPEB3/fraglib/4k90a.gro 7 396 8 1
/scratch/xg23/CPEB3/fraglib/5az4a.gro 8 421 5 1
/scratch/xg23/CPEB3/fraglib/1xkqa.gro 10 153 5 1
/scratch/xg23/CPEB3/fraglib/2zj8a.gro 9 26 5 1
/scratch/xg23/CPEB3/fraglib/2p6ra.gro 9 28 5 1
/scratch/xg23/CPEB3/fraglib/5ys9a.gro 7 290 7 1
/scratch/xg23/CPEB3/fraglib/3guya.gro 7 131 9 1
/scratch/xg23/CPEB3/fraglib/1g8sa.gro 7 152 7 1
/scratch/xg23/CPEB3/fraglib/4xwha.gro 8 318 8 1
/scratch/xg23/CPEB3/fraglib/1v4aa.gro 7 58 6 1
/scratch/xg23/CPEB3/fraglib/1jnra.gro 10 380 6 1
/scratch/xg23/CPEB3/fraglib/5xoga.gro 9 244 7 1
/scratch/xg23/CPEB3/fraglib/4df3a.gro 7 156 6 1
/scratch/xg23/CPEB3/fraglib/4hhja.gro 10 692 6 1
/scratch/xg23/CPEB3/fraglib/4fgva.gro 8 968 7 1
/scratch/xg23/CPEB3/fraglib/3fwna.gro 10 306 6 1
/scratch/xg23/CPEB3/fraglib/1iwea.gro 9 423 5 1
/scratch/xg23/CPEB3/fraglib/1cnza.gro 9 85 8 1
/scratch/xg23/CPEB3/fraglib/1jnra.gro 10 380 7 1
/scratch/xg23/CPEB3/fraglib/1v7wa.gro 9 786 7 1
/scratch/xg23/CPEB3/fraglib/5az4a.gro 8 421 5 1
/scratch/xg23/CPEB3/fraglib/1xkqa.gro 10 153 5 1
/scratch/xg23/CPEB3/fraglib/2zj8a.gro 9 26 5 1
/scratch/xg23/CPEB3/fraglib/2p6ra.gro 9 28 5 1
/scratch/xg23/CPEB3/fraglib/2vjqa.gro 10 228 6 1
/scratch/xg23/CPEB3/fraglib/4xwha.gro 8 318 8 1
/scratch/xg23/CPEB3/fraglib/4nefa.gro 10 35 6 1
/scratch/xg23/CPEB3/fraglib/2ixma.gro 9 92 8 1
/scratch/xg23/CPEB3/fraglib/2wjnm.gro 9 95 5 1
/scratch/xg23/CPEB3/fraglib/4k90a.gro 9 398 8 1
/scratch/xg23/CPEB3/fraglib/4hhja.gro 10 692 7 1
/scratch/xg23/CPEB3/fraglib/5xoga.gro 9 244 7 1
/scratch/xg23/CPEB3/fraglib/3trga.gro 9 71 7 1
/scratch/xg23/CPEB3/fraglib/5b66d.gro 10 331 7 1
/scratch/xg23/CPEB3/fraglib/3fwna.gro 10 306 6 1
/scratch/xg23/CPEB3/fraglib/1iwea.gro 9 423 5 1
/scratch/xg23/CPEB3/fraglib/1cnza.gro 9 85 8 1
/scratch/xg23/CPEB3/fraglib/1jnra.gro 10 380 7 1
/scratch/xg23/CPEB3/fraglib/1v7wa.gro 9 786 7 1
/scratch/xg23/CPEB3/fraglib/2p6ra.gro 9 28 9 1
/scratch/xg23/CPEB3/fraglib/1xkqa.gro 10 153 5 1
/scratch/xg23/CPEB3/fraglib/3p8cb.gro 13 7 5 1
/scratch/xg23/CPEB3/fraglib/2zj8a.gro 9 26 5 1
/scratch/xg23/CPEB3/fraglib/5cq9a.gro 12 91 6 1
/scratch/xg23/CPEB3/fraglib/2pkfa.gro 12 168 6 1
/scratch/xg23/CPEB3/fraglib/2vjqa.gro 10 228 6 1
/scratch/xg23/CPEB3/fraglib/2qqoa.gro 10 479 8 1
/scratch/xg23/CPEB3/fraglib/4nefa.gro 10 35 6 1
/scratch/xg23/CPEB3/fraglib/2ixma.gro 9 92 8 1
/scratch/xg23/CPEB3/fraglib/2wjnm.gro 9 95 5 1
/scratch/xg23/CPEB3/fraglib/4k90a.gro 9 398 8 1
/scratch/xg23/CPEB3/fraglib/4hhja.gro 10 692 7 1
/scratch/xg23/CPEB3/fraglib/5xoga.gro 9 244 7 1
/scratch/xg23/CPEB3/fraglib/3trga.gro 9 71 7 1
/scratch/xg23/CPEB3/fraglib/2flha.gro 10 60 9 1
/scratch/xg23/CPEB3/fraglib/3fwna.gro 10 306 9 1
/scratch/xg23/CPEB3/fraglib/4hiza.gro 10 675 9 1
/scratch/xg23/CPEB3/fraglib/1jnra.gro 10 380 7 1
/scratch/xg23/CPEB3/fraglib/3p8cb.gro 13 7 6 1
/scratch/xg23/CPEB3/fraglib/2idla.gro 10 73 9 1
/scratch/xg23/CPEB3/fraglib/5xspa.gro 11 474 8 1
/scratch/xg23/CPEB3/fraglib/2qqoa.gro 10 479 8 1
/scratch/xg23/CPEB3/fraglib/4zfva.gro 10 55 9 1
/scratch/xg23/CPEB3/fraglib/1xkqa.gro 10 153 5 1
/scratch/xg23/CPEB3/fraglib/1zud1.gro 10 82 9 1
/scratch/xg23/CPEB3/fraglib/2vjqa.gro 10 228 6 1
/scratch/xg23/CPEB3/fraglib/1m2tb.gro 11 485 8 1
/scratch/xg23/CPEB3/fraglib/5cq9a.gro 12 91 6 1
/scratch/xg23/CPEB3/fraglib/4nefa.gro 10 35 6 1
/scratch/xg23/CPEB3/fraglib/1nzia.gro 10 14 7 1
/scratch/xg23/CPEB3/fraglib/4omfg.gro 11 147 7 1
/scratch/xg23/CPEB3/fraglib/2pkfa.gro 12 168 6 1
/scratch/xg23/CPEB3/fraglib/3zyia.gro 10 70 9 1
/scratch/xg23/CPEB3/fraglib/1pgua.gro 13 13 6 1
/scratch/xg23/CPEB3/fraglib/5cq9a.gro 12 91 8 1
/scratch/xg23/CPEB3/fraglib/5b66c.gro 13 385 7 1
/scratch/xg23/CPEB3/fraglib/4omfg.gro 11 147 7 1
/scratch/xg23/CPEB3/fraglib/3p8cb.gro 13 7 6 1
/scratch/xg23/CPEB3/fraglib/5ojla.gro 14 101 6 1
/scratch/xg23/CPEB3/fraglib/1m2tb.gro 11 485 8 1
/scratch/xg23/CPEB3/fraglib/2pkfa.gro 12 168 6 1
/scratch/xg23/CPEB3/fraglib/1pgua.gro 13 13 6 1
/scratch/xg23/CPEB3/fraglib/4gysa.gro 12 234 8 1
/scratch/xg23/CPEB3/fraglib/5ngda.gro 12 414 8 1
/scratch/xg23/CPEB3/fraglib/5ez7a.gro 13 220 7 1
/scratch/xg23/CPEB3/fraglib/5xspa.gro 11 474 8 1
/scratch/xg23/CPEB3/fraglib/3mesa.gro 11 345 7 1
/scratch/xg23/CPEB3/fraglib/4ubta.gro 11 204 9 1
/scratch/xg23/CPEB3/fraglib/5tw7a.gro 11 94 8 1
/scratch/xg23/CPEB3/fraglib/1zj8a.gro 11 404 9 1
/scratch/xg23/CPEB3/fraglib/3ip1a.gro 12 242 8 1
/scratch/xg23/CPEB3/fraglib/5f8ca.gro 11 251 6 1
/scratch/xg23/CPEB3/fraglib/4hiza.gro 14 679 5 1
/scratch/xg23/CPEB3/fraglib/2zi0a.gro 14 41 6 1
/scratch/xg23/CPEB3/fraglib/5cq9a.gro 12 91 8 1
/scratch/xg23/CPEB3/fraglib/5b66c.gro 13 385 8 1
/scratch/xg23/CPEB3/fraglib/2zi0a.gro 14 41 7 1
/scratch/xg23/CPEB3/fraglib/3p8cb.gro 13 7 6 1
/scratch/xg23/CPEB3/fraglib/5ngda.gro 12 414 9 1
/scratch/xg23/CPEB3/fraglib/5ojla.gro 14 101 6 1
/scratch/xg23/CPEB3/fraglib/2pkfa.gro 12 168 6 1
/scratch/xg23/CPEB3/fraglib/5ez7a.gro 13 220 7 1
/scratch/xg23/CPEB3/fraglib/4gysa.gro 12 234 8 1
/scratch/xg23/CPEB3/fraglib/5lsfb.gro 12 50 9 1
/scratch/xg23/CPEB3/fraglib/4j94a.gro 13 43 7 1
/scratch/xg23/CPEB3/fraglib/1jz8a.gro 14 47 7 1
/scratch/xg23/CPEB3/fraglib/4tpwa.gro 16 120 5 1
/scratch/xg23/CPEB3/fraglib/3ip1a.gro 12 242 9 1
/scratch/xg23/CPEB3/fraglib/6f8ba.gro 13 202 8 1
/scratch/xg23/CPEB3/fraglib/1pgua.gro 13 13 6 1
/scratch/xg23/CPEB3/fraglib/4axsa.gro 14 17 5 1
/scratch/xg23/CPEB3/fraglib/3dlsa.gro 13 1233 8 1
/scratch/xg23/CPEB3/fraglib/4hiza.gro 14 679 5 1
/scratch/xg23/CPEB3/fraglib/2a72a.gro 13 321 6 1
/scratch/xg23/CPEB3/fraglib/4gysa.gro 13 235 9 1
/scratch/xg23/CPEB3/fraglib/5b66c.gro 13 385 8 1
/scratch/xg23/CPEB3/fraglib/3p8cb.gro 13 7 6 1
/scratch/xg23/CPEB3/fraglib/5ojla.gro 14 101 6 1
/scratch/xg23/CPEB3/fraglib/2zi0a.gro 14 41 7 1
/scratch/xg23/CPEB3/fraglib/1b48a.gro 13 199 9 1
/scratch/xg23/CPEB3/fraglib/4o7oa.gro 13 346 9 1
/scratch/xg23/CPEB3/fraglib/5xspa.gro 13 476 6 1
/scratch/xg23/CPEB3/fraglib/5cq9a.gro 14 93 6 1
/scratch/xg23/CPEB3/fraglib/1czan.gro 14 513 8 1
/scratch/xg23/CPEB3/fraglib/1f3aa.gro 13 198 9 1
/scratch/xg23/CPEB3/fraglib/1mkfa.gro 13 208 9 1
/scratch/xg23/CPEB3/fraglib/4tpwa.gro 16 120 5 1
/scratch/xg23/CPEB3/fraglib/3nvnb.gro 16 318 6 1
/scratch/xg23/CPEB3/fraglib/1pgua.gro 13 13 6 1
/scratch/xg23/CPEB3/fraglib/6f8ba.gro 13 202 8 1
/scratch/xg23/CPEB3/fraglib/4u98a.gro 13 329 9 1
/scratch/xg23/CPEB3/fraglib/2fr1a.gro 15 1824 6 1
/scratch/xg23/CPEB3/fraglib/3ct4a.gro 17 39 5 1
/scratch/xg23/CPEB3/fraglib/1jz8a.gro 14 47 7 1
/scratch/xg23/CPEB3/fraglib/4gysa.gro 14 236 8 1
/scratch/xg23/CPEB3/fraglib/5mx9a.gro 14 486 9 1
/scratch/xg23/CPEB3/fraglib/2zi0a.gro 14 41 8 1
/scratch/xg23/CPEB3/fraglib/5cq9a.gro 14 93 6 1
/scratch/xg23/CPEB3/fraglib/5ojla.gro 14 101 6 1
/scratch/xg23/CPEB3/fraglib/1czan.gro 14 513 8 1
/scratch/xg23/CPEB3/fraglib/2iwba.gro 15 383 7 1
/scratch/xg23/CPEB3/fraglib/4tpwa.gro 16 120 5 1
/scratch/xg23/CPEB3/fraglib/3nvnb.gro 16 318 6 1
/scratch/xg23/CPEB3/fraglib/1jz8a.gro 14 47 7 1
/scratch/xg23/CPEB3/fraglib/2f4ma.gro 14 341 5 1
/scratch/xg23/CPEB3/fraglib/3wj1a.gro 15 208 8 1
/scratch/xg23/CPEB3/fraglib/3ct4a.gro 17 39 5 1
/scratch/xg23/CPEB3/fraglib/1f8va.gro 14 27 9 1
/scratch/xg23/CPEB3/fraglib/3otxa.gro 15 146 8 1
/scratch/xg23/CPEB3/fraglib/4hiza.gro 14 679 5 1
/scratch/xg23/CPEB3/fraglib/3mhsa.gro 14 128 6 1
/scratch/xg23/CPEB3/fraglib/3wana.gro 14 22 9 1
/scratch/xg23/CPEB3/fraglib/1ziwa.gro 15 61 8 1
/scratch/xg23/CPEB3/fraglib/1ziwa.gro 14 480 5 1
/scratch/xg23/CPEB3/fraglib/3ct4a.gro 17 39 7 1
/scratch/xg23/CPEB3/fraglib/3k3oa.gro 16 384 8 1
/scratch/xg23/CPEB3/fraglib/3nvnb.gro 16 318 8 1
/scratch/xg23/CPEB3/fraglib/5vn5a.gro 15 183 9 1
/scratch/xg23/CPEB3/fraglib/5vn5a.gro 15 237 6 1
/scratch/xg23/CPEB3/fraglib/2iwba.gro 15 383 9 1
/scratch/xg23/CPEB3/fraglib/1k38a.gro 15 59 9 1
/scratch/xg23/CPEB3/fraglib/3wj1a.gro 15 208 8 1
/scratch/xg23/CPEB3/fraglib/4gxpa.gro 16 308 8 1
/scratch/xg23/CPEB3/fraglib/4tpwa.gro 16 120 5 1
/scratch/xg23/CPEB3/fraglib/1ziwa.gro 15 61 9 1
/scratch/xg23/CPEB3/fraglib/2b5wa.gro 18 88 6 1
/scratch/xg23/CPEB3/fraglib/3mzfa.gro 18 39 6 1
/scratch/xg23/CPEB3/fraglib/1wlya.gro 15 99 8 1
/scratch/xg23/CPEB3/fraglib/2z00a.gro 18 221 6 1
/scratch/xg23/CPEB3/fraglib/5u81a.gro 18 333 5 1
/scratch/xg23/CPEB3/fraglib/3otxa.gro 15 146 8 1
/scratch/xg23/CPEB3/fraglib/4bbya.gro 15 409 9 1
/scratch/xg23/CPEB3/fraglib/3a3ja.gro 17 59 7 1
/scratch/xg23/CPEB3/fraglib/3ahya.gro 16 304 8 1
/scratch/xg23/CPEB3/fraglib/2vooa.gro 18 90 7 1
/scratch/xg23/CPEB3/fraglib/4lmba.gro 16 146 9 1
/scratch/xg23/CPEB3/fraglib/3ct4a.gro 17 39 7 1
/scratch/xg23/CPEB3/fraglib/3k3oa.gro 16 384 8 1
/scratch/xg23/CPEB3/fraglib/2z00a.gro 18 221 7 1
/scratch/xg23/CPEB3/fraglib/1uiya.gro 17 18 8 1
/scratch/xg23/CPEB3/fraglib/4ovea.gro 16 442 9 1
/scratch/xg23/CPEB3/fraglib/4zsxa.gro 17 247 8 1
/scratch/xg23/CPEB3/fraglib/6bmma.gro 20 76 5 1
/scratch/xg23/CPEB3/fraglib/5tp4a.gro 19 324 6 1
/scratch/xg23/CPEB3/fraglib/3ezza.gro 16 311 9 1
/scratch/xg23/CPEB3/fraglib/4dz1a.gro 20 36 5 1
/scratch/xg23/CPEB3/fraglib/3nvnb.gro 16 318 8 1
/scratch/xg23/CPEB3/fraglib/4o7oa.gro 16 349 9 1
/scratch/xg23/CPEB3/fraglib/1sffa.gro 17 9 8 1
/scratch/xg23/CPEB3/fraglib/1nkra.gro 16 146 9 1
/scratch/xg23/CPEB3/fraglib/1z7wa.gro 16 146 9 1
/scratch/xg23/CPEB3/fraglib/2g6za.gro 16 294 9 1
/scratch/xg23/CPEB3/fraglib/4tpwa.gro 16 120 5 1
/scratch/xg23/CPEB3/fraglib/4gxpa.gro 16 308 8 1
/scratch/xg23/CPEB3/fraglib/2vooa.gro 18 90 7 1
/scratch/xg23/CPEB3/fraglib/6bmma.gro 20 76 6 1
/scratch/xg23/CPEB3/fraglib/3ayfa.gro 18 294 8 1
/scratch/xg23/CPEB3/fraglib/5wp4a.gro 19 388 7 1
/scratch/xg23/CPEB3/fraglib/4zsxa.gro 17 247 9 1
/scratch/xg23/CPEB3/fraglib/3ct4a.gro 17 39 7 1
/scratch/xg23/CPEB3/fraglib/2e18a.gro 17 241 9 1
/scratch/xg23/CPEB3/fraglib/2z00a.gro 18 221 7 1
/scratch/xg23/CPEB3/fraglib/1uiya.gro 17 18 8 1
/scratch/xg23/CPEB3/fraglib/4g3qa.gro 17 462 9 1
/scratch/xg23/CPEB3/fraglib/1sffa.gro 17 9 8 1
/scratch/xg23/CPEB3/fraglib/3ezza.gro 17 312 9 1
/scratch/xg23/CPEB3/fraglib/5tp4a.gro 19 324 6 1
/scratch/xg23/CPEB3/fraglib/1hyqa.gro 19 215 7 1
/scratch/xg23/CPEB3/fraglib/4o7oa.gro 17 350 8 1
/scratch/xg23/CPEB3/fraglib/3k3oa.gro 18 386 6 1
/scratch/xg23/CPEB3/fraglib/5gvia.gro 18 447 7 1
/scratch/xg23/CPEB3/fraglib/4dz1a.gro 20 36 5 1
/scratch/xg23/CPEB3/fraglib/2g6za.gro 17 295 9 1
/scratch/xg23/CPEB3/fraglib/3kawa.gro 17 81 9 1
/scratch/xg23/CPEB3/fraglib/2vooa.gro 18 90 7 1
/scratch/xg23/CPEB3/fraglib/5wp4a.gro 19 388 7 1
/scratch/xg23/CPEB3/fraglib/2z00a.gro 18 221 7 1
/scratch/xg23/CPEB3/fraglib/4zsxa.gro 18 248 8 1
/scratch/xg23/CPEB3/fraglib/5tp4a.gro 19 324 6 1
/scratch/xg23/CPEB3/fraglib/1hyqa.gro 19 215 7 1
/scratch/xg23/CPEB3/fraglib/2e18a.gro 18 242 8 1
/scratch/xg23/CPEB3/fraglib/3k3oa.gro 18 386 6 1
/scratch/xg23/CPEB3/fraglib/5gvia.gro 18 447 7 1
/scratch/xg23/CPEB3/fraglib/4dz1a.gro 20 36 5 1
/scratch/xg23/CPEB3/fraglib/1uiya.gro 18 19 7 1
/scratch/xg23/CPEB3/fraglib/3mzfa.gro 18 39 6 1
/scratch/xg23/CPEB3/fraglib/5wp4a.gro 19 388 7 1
/scratch/xg23/CPEB3/fraglib/2b69a.gro 20 77 5 1
/scratch/xg23/CPEB3/fraglib/4dz1a.gro 20 36 5 1
/scratch/xg23/CPEB3/fraglib/5tp4a.gro 19 324 6 1
/scratch/xg23/CPEB3/fraglib/1hyqa.gro 19 215 7 1
/scratch/xg23/CPEB3/fraglib/3amla.gro 21 495 5 1
/scratch/xg23/CPEB3/fraglib/2b69a.gro 20 77 5 1
/scratch/xg23/CPEB3/fraglib/3amla.gro 21 495 5 1
/scratch/xg23/CPEB3/fraglib/4dz1a.gro 20 36 5 1
