/scratch/xg23/CPEB3/fraglib/5e75a.gro 2 355 5 1
/scratch/xg23/CPEB3/fraglib/4j3fa.gro 1 213 6 1
/scratch/xg23/CPEB3/fraglib/5a8wb.gro 1 27 7 1
/scratch/xg23/CPEB3/fraglib/1p90a.gro 1 187 7 1
/scratch/xg23/CPEB3/fraglib/5e75a.gro 2 355 5 1
/scratch/xg23/CPEB3/fraglib/4j3fa.gro 1 213 6 1
/scratch/xg23/CPEB3/fraglib/5m2ea.gro 2 141 6 1
/scratch/xg23/CPEB3/fraglib/3zyza.gro 1 340 7 1
/scratch/xg23/CPEB3/fraglib/1gpua.gro 1 673 8 1
/scratch/xg23/CPEB3/fraglib/1p90a.gro 1 187 7 1
/scratch/xg23/CPEB3/fraglib/5h9xa.gro 1 309 8 1
/scratch/xg23/CPEB3/fraglib/5a8wb.gro 1 27 7 1
/scratch/xg23/CPEB3/fraglib/1tkka.gro 3 14 6 1
/scratch/xg23/CPEB3/fraglib/3zyza.gro 1 340 7 1
/scratch/xg23/CPEB3/fraglib/4mx6a.gro 3 197 6 1
/scratch/xg23/CPEB3/fraglib/4o7ma.gro 3 194 6 1
/scratch/xg23/CPEB3/fraglib/4h1xa.gro 3 127 6 1
/scratch/xg23/CPEB3/fraglib/1nh1a.gro 1 124 8 1
/scratch/xg23/CPEB3/fraglib/5m2ea.gro 2 141 6 1
/scratch/xg23/CPEB3/fraglib/3ff2a.gro 2 90 7 1
/scratch/xg23/CPEB3/fraglib/2b8na.gro 3 300 5 1
/scratch/xg23/CPEB3/fraglib/3ulka.gro 3 430 6 1
/scratch/xg23/CPEB3/fraglib/4mx6a.gro 3 197 7 1
/scratch/xg23/CPEB3/fraglib/4o7ma.gro 3 194 7 1
/scratch/xg23/CPEB3/fraglib/5h9xa.gro 1 309 8 1
/scratch/xg23/CPEB3/fraglib/3zyza.gro 1 340 9 1
/scratch/xg23/CPEB3/fraglib/1p90a.gro 1 187 7 1
/scratch/xg23/CPEB3/fraglib/1gpua.gro 1 673 8 1
/scratch/xg23/CPEB3/fraglib/5a8wb.gro 1 27 7 1
/scratch/xg23/CPEB3/fraglib/4h1xa.gro 3 127 7 1
/scratch/xg23/CPEB3/fraglib/1tkka.gro 3 14 6 1
/scratch/xg23/CPEB3/fraglib/5m2ea.gro 2 141 6 1
/scratch/xg23/CPEB3/fraglib/5thka.gro 4 101 6 1
/scratch/xg23/CPEB3/fraglib/1nh1a.gro 1 124 8 1
/scratch/xg23/CPEB3/fraglib/1a4sa.gro 1 459 8 1
/scratch/xg23/CPEB3/fraglib/3ff2a.gro 2 90 7 1
/scratch/xg23/CPEB3/fraglib/3ulka.gro 3 430 6 1
/scratch/xg23/CPEB3/fraglib/2fela.gro 1 3 8 1
/scratch/xg23/CPEB3/fraglib/4j3fa.gro 1 213 6 1
/scratch/xg23/CPEB3/fraglib/1vava.gro 3 153 7 1
/scratch/xg23/CPEB3/fraglib/5nbsa.gro 3 406 5 1
/scratch/xg23/CPEB3/fraglib/1a81a.gro 4 103 6 1
/scratch/xg23/CPEB3/fraglib/4o7ma.gro 3 194 7 1
/scratch/xg23/CPEB3/fraglib/4mx6a.gro 3 197 7 1
/scratch/xg23/CPEB3/fraglib/1tkka.gro 3 14 8 1
/scratch/xg23/CPEB3/fraglib/5m2ea.gro 2 141 6 1
/scratch/xg23/CPEB3/fraglib/4h1xa.gro 3 127 7 1
/scratch/xg23/CPEB3/fraglib/5h9xa.gro 2 310 7 1
/scratch/xg23/CPEB3/fraglib/4dyea.gro 3 14 8 1
/scratch/xg23/CPEB3/fraglib/5hmla.gro 5 40 6 1
/scratch/xg23/CPEB3/fraglib/2xdoa.gro 3 293 8 1
/scratch/xg23/CPEB3/fraglib/3ff2a.gro 2 90 7 1
/scratch/xg23/CPEB3/fraglib/5a8wb.gro 2 28 6 1
/scratch/xg23/CPEB3/fraglib/3zyza.gro 3 342 7 1
/scratch/xg23/CPEB3/fraglib/1wuea.gro 3 1014 6 1
/scratch/xg23/CPEB3/fraglib/3ulka.gro 3 430 6 1
/scratch/xg23/CPEB3/fraglib/5nx8a.gro 3 467 8 1
/scratch/xg23/CPEB3/fraglib/1gpua.gro 2 674 7 1
/scratch/xg23/CPEB3/fraglib/2fela.gro 2 4 9 1
/scratch/xg23/CPEB3/fraglib/2p8ba.gro 3 14 6 1
/scratch/xg23/CPEB3/fraglib/5thka.gro 4 101 6 1
/scratch/xg23/CPEB3/fraglib/2e0ca.gro 2 135 6 1
/scratch/xg23/CPEB3/fraglib/4o7ma.gro 3 194 7 1
/scratch/xg23/CPEB3/fraglib/4mx6a.gro 3 197 7 1
/scratch/xg23/CPEB3/fraglib/1tkka.gro 3 14 8 1
/scratch/xg23/CPEB3/fraglib/4h1xa.gro 3 127 7 1
/scratch/xg23/CPEB3/fraglib/4dyea.gro 3 14 9 1
/scratch/xg23/CPEB3/fraglib/5hmla.gro 5 40 7 1
/scratch/xg23/CPEB3/fraglib/5hsaa.gro 3 521 9 1
/scratch/xg23/CPEB3/fraglib/1wuea.gro 3 1014 9 1
/scratch/xg23/CPEB3/fraglib/5thka.gro 4 101 6 1
/scratch/xg23/CPEB3/fraglib/1p90a.gro 3 189 5 1
/scratch/xg23/CPEB3/fraglib/5nx8a.gro 3 467 8 1
/scratch/xg23/CPEB3/fraglib/5vyda.gro 6 242 6 1
/scratch/xg23/CPEB3/fraglib/3pkva.gro 4 124 8 1
/scratch/xg23/CPEB3/fraglib/3zyza.gro 3 342 7 1
/scratch/xg23/CPEB3/fraglib/2b8na.gro 3 300 5 1
/scratch/xg23/CPEB3/fraglib/3ulka.gro 3 430 6 1
/scratch/xg23/CPEB3/fraglib/2p8ba.gro 3 14 6 1
/scratch/xg23/CPEB3/fraglib/4qmka.gro 3 619 8 1
/scratch/xg23/CPEB3/fraglib/3smqa.gro 4 504 6 1
/scratch/xg23/CPEB3/fraglib/5n6xa.gro 4 123 8 1
/scratch/xg23/CPEB3/fraglib/4uvqa.gro 5 987 8 1
/scratch/xg23/CPEB3/fraglib/4uvqa.gro 8 920 5 1
/scratch/xg23/CPEB3/fraglib/5hmla.gro 5 40 7 1
/scratch/xg23/CPEB3/fraglib/5thka.gro 4 101 6 1
/scratch/xg23/CPEB3/fraglib/5eo6a.gro 4 160 9 1
/scratch/xg23/CPEB3/fraglib/3raga.gro 4 186 9 1
/scratch/xg23/CPEB3/fraglib/3pkva.gro 4 124 8 1
/scratch/xg23/CPEB3/fraglib/6eysa.gro 4 416 9 1
/scratch/xg23/CPEB3/fraglib/3c3va.gro 4 80 8 1
/scratch/xg23/CPEB3/fraglib/2eroa.gro 4 392 9 1
/scratch/xg23/CPEB3/fraglib/1a81a.gro 4 103 6 1
/scratch/xg23/CPEB3/fraglib/3iaya.gro 5 352 8 1
/scratch/xg23/CPEB3/fraglib/5n6xa.gro 4 123 9 1
/scratch/xg23/CPEB3/fraglib/5ykra.gro 4 224 9 1
/scratch/xg23/CPEB3/fraglib/1vq0a.gro 4 121 9 1
/scratch/xg23/CPEB3/fraglib/4ysna.gro 4 198 7 1
/scratch/xg23/CPEB3/fraglib/3q2qa.gro 5 88 8 1
/scratch/xg23/CPEB3/fraglib/5vyda.gro 6 242 6 1
/scratch/xg23/CPEB3/fraglib/4gc1a.gro 5 61 8 1
/scratch/xg23/CPEB3/fraglib/3coka.gro 6 105 6 1
/scratch/xg23/CPEB3/fraglib/3q2qa.gro 5 88 9 1
/scratch/xg23/CPEB3/fraglib/5hmla.gro 5 40 9 1
/scratch/xg23/CPEB3/fraglib/3ug3a.gro 6 472 8 1
/scratch/xg23/CPEB3/fraglib/4uvqa.gro 5 987 8 1
/scratch/xg23/CPEB3/fraglib/4uvqa.gro 8 920 5 1
/scratch/xg23/CPEB3/fraglib/5vyda.gro 6 242 6 1
/scratch/xg23/CPEB3/fraglib/2q9oa.gro 7 193 7 1
/scratch/xg23/CPEB3/fraglib/5eo6a.gro 6 162 7 1
/scratch/xg23/CPEB3/fraglib/3coka.gro 6 105 6 1
/scratch/xg23/CPEB3/fraglib/4qmka.gro 6 622 8 1
/scratch/xg23/CPEB3/fraglib/3iaya.gro 5 352 8 1
/scratch/xg23/CPEB3/fraglib/4gc1a.gro 5 61 8 1
/scratch/xg23/CPEB3/fraglib/5ihwa.gro 5 527 8 1
/scratch/xg23/CPEB3/fraglib/3raga.gro 6 188 7 1
/scratch/xg23/CPEB3/fraglib/1dbwa.gro 5 103 9 1
/scratch/xg23/CPEB3/fraglib/5hifa.gro 6 180 6 1
/scratch/xg23/CPEB3/fraglib/4hdja.gro 8 320 6 1
/scratch/xg23/CPEB3/fraglib/3vx0a.gro 6 138 5 1
/scratch/xg23/CPEB3/fraglib/2q07a.gro 6 255 8 1
/scratch/xg23/CPEB3/fraglib/4ysna.gro 5 199 6 1
/scratch/xg23/CPEB3/fraglib/5l8ha.gro 6 57 9 1
/scratch/xg23/CPEB3/fraglib/3q2qa.gro 6 89 8 1
/scratch/xg23/CPEB3/fraglib/2ps2a.gro 7 55 8 1
/scratch/xg23/CPEB3/fraglib/5eo6a.gro 6 162 9 1
/scratch/xg23/CPEB3/fraglib/3ug3a.gro 6 472 8 1
/scratch/xg23/CPEB3/fraglib/5vyda.gro 6 242 6 1
/scratch/xg23/CPEB3/fraglib/3coka.gro 6 105 6 1
/scratch/xg23/CPEB3/fraglib/4dqla.gro 8 663 7 1
/scratch/xg23/CPEB3/fraglib/2q07a.gro 6 255 8 1
/scratch/xg23/CPEB3/fraglib/4hcxa.gro 6 326 9 1
/scratch/xg23/CPEB3/fraglib/3ju4a.gro 6 882 9 1
/scratch/xg23/CPEB3/fraglib/3rt9a.gro 7 268 8 1
/scratch/xg23/CPEB3/fraglib/5vz0a.gro 7 424 8 1
/scratch/xg23/CPEB3/fraglib/2q9oa.gro 7 193 7 1
/scratch/xg23/CPEB3/fraglib/3raga.gro 6 188 7 1
/scratch/xg23/CPEB3/fraglib/3tg7a.gro 7 873 8 1
/scratch/xg23/CPEB3/fraglib/2obea.gro 7 854 8 1
/scratch/xg23/CPEB3/fraglib/4m1ra.gro 6 143 9 1
/scratch/xg23/CPEB3/fraglib/4hdja.gro 8 320 6 1
/scratch/xg23/CPEB3/fraglib/6eysa.gro 7 419 6 1
/scratch/xg23/CPEB3/fraglib/2obla.gro 7 121 9 1
/scratch/xg23/CPEB3/fraglib/1o69a.gro 8 22 8 1
/scratch/xg23/CPEB3/fraglib/2ps2a.gro 7 55 8 1
/scratch/xg23/CPEB3/fraglib/5vvea.gro 7 162 9 1
/scratch/xg23/CPEB3/fraglib/2cuya.gro 7 192 9 1
/scratch/xg23/CPEB3/fraglib/3vtoa.gro 8 164 8 1
/scratch/xg23/CPEB3/fraglib/5xm5a.gro 8 141 8 1
/scratch/xg23/CPEB3/fraglib/4ohsa.gro 7 52 9 1
/scratch/xg23/CPEB3/fraglib/4aw8a.gro 8 141 8 1
/scratch/xg23/CPEB3/fraglib/5l8ha.gro 7 58 8 1
/scratch/xg23/CPEB3/fraglib/3d8ha.gro 7 180 9 1
/scratch/xg23/CPEB3/fraglib/3s5wa.gro 7 251 9 1
/scratch/xg23/CPEB3/fraglib/4dqla.gro 8 663 7 1
/scratch/xg23/CPEB3/fraglib/1mxha.gro 8 133 8 1
/scratch/xg23/CPEB3/fraglib/3rt9a.gro 7 268 8 1
/scratch/xg23/CPEB3/fraglib/1p33a.gro 8 144 8 1
/scratch/xg23/CPEB3/fraglib/2ptza.gro 7 162 9 1
/scratch/xg23/CPEB3/fraglib/1e7wa.gro 8 144 8 1
/scratch/xg23/CPEB3/fraglib/3qjga.gro 8 156 8 1
/scratch/xg23/CPEB3/fraglib/1n67a.gro 7 402 9 1
/scratch/xg23/CPEB3/fraglib/1o69a.gro 8 22 8 1
/scratch/xg23/CPEB3/fraglib/5haba.gro 8 351 9 1
/scratch/xg23/CPEB3/fraglib/4w6xb.gro 8 98 9 1
/scratch/xg23/CPEB3/fraglib/1uqta.gro 10 7 7 1
/scratch/xg23/CPEB3/fraglib/3vtoa.gro 8 164 8 1
/scratch/xg23/CPEB3/fraglib/5xm5a.gro 8 141 8 1
/scratch/xg23/CPEB3/fraglib/4aw8a.gro 8 141 8 1
/scratch/xg23/CPEB3/fraglib/4wbda.gro 8 327 9 1
/scratch/xg23/CPEB3/fraglib/5l3xb.gro 11 539 6 1
/scratch/xg23/CPEB3/fraglib/4dqla.gro 8 663 7 1
/scratch/xg23/CPEB3/fraglib/1pmta.gro 11 81 6 1
/scratch/xg23/CPEB3/fraglib/1mxha.gro 8 133 8 1
/scratch/xg23/CPEB3/fraglib/1p33a.gro 8 144 8 1
/scratch/xg23/CPEB3/fraglib/5waya.gro 10 456 7 1
/scratch/xg23/CPEB3/fraglib/3qjga.gro 8 156 9 1
/scratch/xg23/CPEB3/fraglib/1e7wa.gro 8 144 8 1
/scratch/xg23/CPEB3/fraglib/1dnpa.gro 8 128 9 1
/scratch/xg23/CPEB3/fraglib/4uhoa.gro 9 231 8 1
/scratch/xg23/CPEB3/fraglib/4hdja.gro 8 320 6 1
/scratch/xg23/CPEB3/fraglib/4qamb.gro 9 1098 8 1
/scratch/xg23/CPEB3/fraglib/4uhoa.gro 9 231 9 1
/scratch/xg23/CPEB3/fraglib/1pmta.gro 11 81 7 1
/scratch/xg23/CPEB3/fraglib/4w6xb.gro 9 99 8 1
/scratch/xg23/CPEB3/fraglib/1uqta.gro 10 7 7 1
/scratch/xg23/CPEB3/fraglib/1yloa.gro 11 251 7 1
/scratch/xg23/CPEB3/fraglib/2bjqa.gro 11 168 7 1
/scratch/xg23/CPEB3/fraglib/5gsla.gro 13 234 5 1
/scratch/xg23/CPEB3/fraglib/4ihqa.gro 11 57 7 1
/scratch/xg23/CPEB3/fraglib/3goxa.gro 13 120 5 1
/scratch/xg23/CPEB3/fraglib/5l3xb.gro 11 539 6 1
/scratch/xg23/CPEB3/fraglib/3l7ta.gro 10 64 8 1
/scratch/xg23/CPEB3/fraglib/2xeta.gro 9 786 9 1
/scratch/xg23/CPEB3/fraglib/5waya.gro 10 456 7 1
/scratch/xg23/CPEB3/fraglib/3sm4a.gro 11 39 7 1
/scratch/xg23/CPEB3/fraglib/2v3ua.gro 9 19 9 1
/scratch/xg23/CPEB3/fraglib/4emga.gro 12 87 6 1
/scratch/xg23/CPEB3/fraglib/5ovka.gro 9 185 7 1
/scratch/xg23/CPEB3/fraglib/5dana.gro 11 238 7 1
/scratch/xg23/CPEB3/fraglib/4nx1a.gro 9 125 7 1
/scratch/xg23/CPEB3/fraglib/4qamb.gro 9 1098 8 1
/scratch/xg23/CPEB3/fraglib/2qdra.gro 10 93 9 1
/scratch/xg23/CPEB3/fraglib/1pmta.gro 11 81 7 1
/scratch/xg23/CPEB3/fraglib/2b4qa.gro 11 188 8 1
/scratch/xg23/CPEB3/fraglib/2hxva.gro 10 318 9 1
/scratch/xg23/CPEB3/fraglib/1yloa.gro 11 251 8 1
/scratch/xg23/CPEB3/fraglib/1uqta.gro 10 7 7 1
/scratch/xg23/CPEB3/fraglib/2bjqa.gro 11 168 7 1
/scratch/xg23/CPEB3/fraglib/5l3xb.gro 11 539 6 1
/scratch/xg23/CPEB3/fraglib/4ihqa.gro 11 57 7 1
/scratch/xg23/CPEB3/fraglib/5gsla.gro 13 234 5 1
/scratch/xg23/CPEB3/fraglib/3goxa.gro 13 120 5 1
/scratch/xg23/CPEB3/fraglib/2dzda.gro 11 435 8 1
/scratch/xg23/CPEB3/fraglib/4uhoa.gro 10 232 8 1
/scratch/xg23/CPEB3/fraglib/3vsea.gro 12 291 7 1
/scratch/xg23/CPEB3/fraglib/3l7ta.gro 10 64 8 1
/scratch/xg23/CPEB3/fraglib/5w1aa.gro 13 80 6 1
/scratch/xg23/CPEB3/fraglib/1i1rb.gro 14 126 5 1
/scratch/xg23/CPEB3/fraglib/2xsjb.gro 10 295 9 1
/scratch/xg23/CPEB3/fraglib/5waya.gro 10 456 7 1
/scratch/xg23/CPEB3/fraglib/2qzxa.gro 10 43 9 1
/scratch/xg23/CPEB3/fraglib/2b4qa.gro 11 188 9 1
/scratch/xg23/CPEB3/fraglib/5t5la.gro 13 84 7 1
/scratch/xg23/CPEB3/fraglib/4py9a.gro 11 55 9 1
/scratch/xg23/CPEB3/fraglib/4ud4a.gro 11 224 9 1
/scratch/xg23/CPEB3/fraglib/3etca.gro 11 520 9 1
/scratch/xg23/CPEB3/fraglib/1pmta.gro 11 81 7 1
/scratch/xg23/CPEB3/fraglib/5osnc.gro 11 202 9 1
/scratch/xg23/CPEB3/fraglib/1t3qb.gro 11 404 9 1
/scratch/xg23/CPEB3/fraglib/2qdra.gro 12 95 7 1
/scratch/xg23/CPEB3/fraglib/1yloa.gro 11 251 8 1
/scratch/xg23/CPEB3/fraglib/4gaaa.gro 12 256 8 1
/scratch/xg23/CPEB3/fraglib/3sbma.gro 14 212 6 1
/scratch/xg23/CPEB3/fraglib/1bev3.gro 11 201 9 1
/scratch/xg23/CPEB3/fraglib/3iava.gro 11 262 9 1
/scratch/xg23/CPEB3/fraglib/3ciaa.gro 12 288 8 1
/scratch/xg23/CPEB3/fraglib/5n1ta.gro 12 183 8 1
/scratch/xg23/CPEB3/fraglib/2pbca.gro 14 117 6 1
/scratch/xg23/CPEB3/fraglib/3g98a.gro 14 850 6 1
/scratch/xg23/CPEB3/fraglib/3u9wa.gro 12 1259 8 1
/scratch/xg23/CPEB3/fraglib/1noya.gro 14 56 6 1
/scratch/xg23/CPEB3/fraglib/3obaa.gro 15 874 6 1
/scratch/xg23/CPEB3/fraglib/5t5la.gro 13 84 7 1
/scratch/xg23/CPEB3/fraglib/3vsea.gro 12 291 9 1
/scratch/xg23/CPEB3/fraglib/2b4qa.gro 12 189 8 1
/scratch/xg23/CPEB3/fraglib/4ud4a.gro 12 225 8 1
/scratch/xg23/CPEB3/fraglib/3etca.gro 12 521 9 1
/scratch/xg23/CPEB3/fraglib/3c5ea.gro 12 534 9 1
/scratch/xg23/CPEB3/fraglib/3a5va.gro 15 69 6 1
/scratch/xg23/CPEB3/fraglib/1i1rb.gro 14 126 7 1
/scratch/xg23/CPEB3/fraglib/3hisa.gro 13 46 8 1
/scratch/xg23/CPEB3/fraglib/4gaaa.gro 12 256 8 1
/scratch/xg23/CPEB3/fraglib/2qdra.gro 12 95 7 1
/scratch/xg23/CPEB3/fraglib/3ciaa.gro 12 288 8 1
/scratch/xg23/CPEB3/fraglib/1s1pa.gro 14 25 7 1
/scratch/xg23/CPEB3/fraglib/1yloa.gro 12 252 7 1
/scratch/xg23/CPEB3/fraglib/3nvnb.gro 13 93 8 1
/scratch/xg23/CPEB3/fraglib/4k7gb.gro 12 65 9 1
/scratch/xg23/CPEB3/fraglib/3u9wa.gro 12 1259 8 1
/scratch/xg23/CPEB3/fraglib/3doja.gro 15 228 5 1
/scratch/xg23/CPEB3/fraglib/3doja.gro 12 280 9 1
/scratch/xg23/CPEB3/fraglib/3obaa.gro 15 874 6 1
/scratch/xg23/CPEB3/fraglib/5t5la.gro 13 84 7 1
/scratch/xg23/CPEB3/fraglib/3g98a.gro 14 850 8 1
/scratch/xg23/CPEB3/fraglib/4k7gb.gro 13 66 9 1
/scratch/xg23/CPEB3/fraglib/1i1rb.gro 14 126 8 1
/scratch/xg23/CPEB3/fraglib/3a5va.gro 15 69 7 1
/scratch/xg23/CPEB3/fraglib/3hisa.gro 13 46 8 1
/scratch/xg23/CPEB3/fraglib/5i4ea.gro 15 101 7 1
/scratch/xg23/CPEB3/fraglib/1s1pa.gro 14 25 8 1
/scratch/xg23/CPEB3/fraglib/6fb3a.gro 16 2523 6 1
/scratch/xg23/CPEB3/fraglib/3g2fa.gro 16 460 6 1
/scratch/xg23/CPEB3/fraglib/4gaaa.gro 13 257 7 1
/scratch/xg23/CPEB3/fraglib/2xwub.gro 13 908 9 1
/scratch/xg23/CPEB3/fraglib/1noya.gro 14 56 6 1
/scratch/xg23/CPEB3/fraglib/4k8la.gro 13 66 9 1
/scratch/xg23/CPEB3/fraglib/3ciaa.gro 15 291 5 1
/scratch/xg23/CPEB3/fraglib/5w1aa.gro 13 80 8 1
/scratch/xg23/CPEB3/fraglib/5ogsa.gro 15 698 6 1
/scratch/xg23/CPEB3/fraglib/3guua.gro 13 319 8 1
/scratch/xg23/CPEB3/fraglib/4zzza.gro 13 879 7 1
/scratch/xg23/CPEB3/fraglib/3obaa.gro 15 874 6 1
/scratch/xg23/CPEB3/fraglib/3g98a.gro 14 850 8 1
/scratch/xg23/CPEB3/fraglib/1i1rb.gro 14 126 8 1
/scratch/xg23/CPEB3/fraglib/5ogsa.gro 15 698 8 1
/scratch/xg23/CPEB3/fraglib/3a5va.gro 15 69 7 1
/scratch/xg23/CPEB3/fraglib/4p8na.gro 14 236 9 1
/scratch/xg23/CPEB3/fraglib/2xsjb.gro 15 315 8 1
/scratch/xg23/CPEB3/fraglib/4k7gb.gro 15 68 7 1
/scratch/xg23/CPEB3/fraglib/6fb3a.gro 16 2523 6 1
/scratch/xg23/CPEB3/fraglib/1s1pa.gro 14 25 8 1
/scratch/xg23/CPEB3/fraglib/5i4ea.gro 15 101 7 1
/scratch/xg23/CPEB3/fraglib/2pbca.gro 14 117 9 1
/scratch/xg23/CPEB3/fraglib/1noya.gro 14 56 6 1
/scratch/xg23/CPEB3/fraglib/3g2fa.gro 16 460 6 1
/scratch/xg23/CPEB3/fraglib/5t5la.gro 14 85 6 1
/scratch/xg23/CPEB3/fraglib/4jpsa.gro 16 394 7 1
/scratch/xg23/CPEB3/fraglib/3etca.gro 14 523 7 1
/scratch/xg23/CPEB3/fraglib/2xwub.gro 15 910 7 1
/scratch/xg23/CPEB3/fraglib/3hisa.gro 14 47 7 1
/scratch/xg23/CPEB3/fraglib/3ciaa.gro 15 291 5 1
/scratch/xg23/CPEB3/fraglib/3obaa.gro 15 874 6 1
/scratch/xg23/CPEB3/fraglib/3a5va.gro 15 69 7 1
/scratch/xg23/CPEB3/fraglib/5ogsa.gro 15 698 8 1
/scratch/xg23/CPEB3/fraglib/6fb3a.gro 16 2523 6 1
/scratch/xg23/CPEB3/fraglib/1i1rb.gro 15 127 7 1
/scratch/xg23/CPEB3/fraglib/5i4ea.gro 15 101 7 1
/scratch/xg23/CPEB3/fraglib/2xsjb.gro 15 315 8 1
/scratch/xg23/CPEB3/fraglib/4k7gb.gro 15 68 7 1
/scratch/xg23/CPEB3/fraglib/4ynoa.gro 18 274 6 1
/scratch/xg23/CPEB3/fraglib/4uvma.gro 16 8 8 1
/scratch/xg23/CPEB3/fraglib/4ni2a.gro 15 643 9 1
/scratch/xg23/CPEB3/fraglib/6chgd.gro 15 353 9 1
/scratch/xg23/CPEB3/fraglib/3g2fa.gro 16 460 6 1
/scratch/xg23/CPEB3/fraglib/5mr6a.gro 17 101 6 1
/scratch/xg23/CPEB3/fraglib/5mr6a.gro 15 229 8 1
/scratch/xg23/CPEB3/fraglib/1x3za.gro 17 30 7 1
/scratch/xg23/CPEB3/fraglib/3ciaa.gro 15 291 5 1
/scratch/xg23/CPEB3/fraglib/3hisa.gro 15 48 6 1
/scratch/xg23/CPEB3/fraglib/5m05a.gro 15 80 6 1
/scratch/xg23/CPEB3/fraglib/4jpsa.gro 16 394 7 1
/scratch/xg23/CPEB3/fraglib/3obaa.gro 16 359 9 1
/scratch/xg23/CPEB3/fraglib/5lspa.gro 18 569 7 1
/scratch/xg23/CPEB3/fraglib/6fb3a.gro 16 2523 6 1
/scratch/xg23/CPEB3/fraglib/4ynoa.gro 18 274 6 1
/scratch/xg23/CPEB3/fraglib/4jpsa.gro 16 394 9 1
/scratch/xg23/CPEB3/fraglib/3iu6a.gro 16 780 9 1
/scratch/xg23/CPEB3/fraglib/3g2fa.gro 16 460 6 1
/scratch/xg23/CPEB3/fraglib/5mr6a.gro 17 101 6 1
/scratch/xg23/CPEB3/fraglib/1x3za.gro 17 30 8 1
/scratch/xg23/CPEB3/fraglib/4uvma.gro 16 8 8 1
/scratch/xg23/CPEB3/fraglib/5jrba.gro 17 177 8 1
/scratch/xg23/CPEB3/fraglib/1ztca.gro 18 197 7 1
/scratch/xg23/CPEB3/fraglib/3b6va.gro 19 47 5 1
/scratch/xg23/CPEB3/fraglib/4wr3a.gro 18 278 6 1
/scratch/xg23/CPEB3/fraglib/3g7sa.gro 16 41 8 1
/scratch/xg23/CPEB3/fraglib/5jxga.gro 16 116 5 1
/scratch/xg23/CPEB3/fraglib/5u00a.gro 18 878 7 1
/scratch/xg23/CPEB3/fraglib/4ckka.gro 16 215 7 1
/scratch/xg23/CPEB3/fraglib/1bev1.gro 16 248 8 1
/scratch/xg23/CPEB3/fraglib/5x49a.gro 16 434 9 1
/scratch/xg23/CPEB3/fraglib/3pija.gro 20 444 6 1
/scratch/xg23/CPEB3/fraglib/1qtwa.gro 20 40 6 1
/scratch/xg23/CPEB3/fraglib/4ynoa.gro 18 274 6 1
/scratch/xg23/CPEB3/fraglib/2vsga.gro 18 163 8 1
/scratch/xg23/CPEB3/fraglib/5lspa.gro 18 569 7 1
/scratch/xg23/CPEB3/fraglib/1x3za.gro 17 30 8 1
/scratch/xg23/CPEB3/fraglib/5mr6a.gro 17 101 6 1
/scratch/xg23/CPEB3/fraglib/4wr3a.gro 18 278 6 1
/scratch/xg23/CPEB3/fraglib/4kc5a.gro 18 3469 8 1
/scratch/xg23/CPEB3/fraglib/5jrba.gro 17 177 8 1
/scratch/xg23/CPEB3/fraglib/4zcfc.gro 19 394 7 1
/scratch/xg23/CPEB3/fraglib/3iu6a.gro 18 782 8 1
/scratch/xg23/CPEB3/fraglib/1ztca.gro 18 197 7 1
/scratch/xg23/CPEB3/fraglib/3obaa.gro 17 360 8 1
/scratch/xg23/CPEB3/fraglib/3b6va.gro 19 47 5 1
/scratch/xg23/CPEB3/fraglib/5yrvc.gro 18 105 8 1
/scratch/xg23/CPEB3/fraglib/5u00a.gro 18 878 7 1
/scratch/xg23/CPEB3/fraglib/3laoa.gro 17 153 9 1
/scratch/xg23/CPEB3/fraglib/3laoa.gro 17 203 8 1
/scratch/xg23/CPEB3/fraglib/3eh2a.gro 18 621 8 1
/scratch/xg23/CPEB3/fraglib/4ynoa.gro 18 274 6 1
/scratch/xg23/CPEB3/fraglib/5j3ua.gro 19 366 4 1
/scratch/xg23/CPEB3/fraglib/3pija.gro 20 444 6 1
/scratch/xg23/CPEB3/fraglib/3iu6a.gro 18 782 8 1
/scratch/xg23/CPEB3/fraglib/5lspa.gro 18 569 7 1
/scratch/xg23/CPEB3/fraglib/4wr3a.gro 18 278 6 1
/scratch/xg23/CPEB3/fraglib/4zcfc.gro 19 394 7 1
/scratch/xg23/CPEB3/fraglib/1ztca.gro 18 197 7 1
/scratch/xg23/CPEB3/fraglib/5u00a.gro 18 878 7 1
/scratch/xg23/CPEB3/fraglib/5j3ua.gro 19 366 4 1
/scratch/xg23/CPEB3/fraglib/3pija.gro 20 444 6 1
/scratch/xg23/CPEB3/fraglib/4zcfc.gro 19 394 7 1
/scratch/xg23/CPEB3/fraglib/3pija.gro 20 444 6 1
/scratch/xg23/CPEB3/fraglib/4aqna.gro 20 245 6 1
/scratch/xg23/CPEB3/fraglib/4i6na.gro 20 179 5 1
/scratch/xg23/CPEB3/fraglib/5y5sl.gro 20 85 6 1
