/scratch/xg23/CPEB3/fraglib/1uqta.gro 2 7 7 1
/scratch/xg23/CPEB3/fraglib/5l3xb.gro 3 539 6 1
/scratch/xg23/CPEB3/fraglib/1pmta.gro 3 81 6 1
/scratch/xg23/CPEB3/fraglib/5waya.gro 2 456 7 1
/scratch/xg23/CPEB3/fraglib/4uhoa.gro 1 231 8 1
/scratch/xg23/CPEB3/fraglib/4qamb.gro 1 1098 8 1
/scratch/xg23/CPEB3/fraglib/4uhoa.gro 1 231 9 1
/scratch/xg23/CPEB3/fraglib/1pmta.gro 3 81 7 1
/scratch/xg23/CPEB3/fraglib/4w6xb.gro 1 99 8 1
/scratch/xg23/CPEB3/fraglib/1uqta.gro 2 7 7 1
/scratch/xg23/CPEB3/fraglib/1yloa.gro 3 251 7 1
/scratch/xg23/CPEB3/fraglib/2bjqa.gro 3 168 7 1
/scratch/xg23/CPEB3/fraglib/5gsla.gro 5 234 5 1
/scratch/xg23/CPEB3/fraglib/4ihqa.gro 3 57 7 1
/scratch/xg23/CPEB3/fraglib/3goxa.gro 5 120 5 1
/scratch/xg23/CPEB3/fraglib/5l3xb.gro 3 539 6 1
/scratch/xg23/CPEB3/fraglib/3l7ta.gro 2 64 8 1
/scratch/xg23/CPEB3/fraglib/2xeta.gro 1 786 9 1
/scratch/xg23/CPEB3/fraglib/5waya.gro 2 456 7 1
/scratch/xg23/CPEB3/fraglib/3sm4a.gro 3 39 7 1
/scratch/xg23/CPEB3/fraglib/2v3ua.gro 1 19 9 1
/scratch/xg23/CPEB3/fraglib/4emga.gro 4 87 6 1
/scratch/xg23/CPEB3/fraglib/5ovka.gro 1 185 7 1
/scratch/xg23/CPEB3/fraglib/5dana.gro 3 238 7 1
/scratch/xg23/CPEB3/fraglib/4nx1a.gro 1 125 7 1
/scratch/xg23/CPEB3/fraglib/4qamb.gro 1 1098 8 1
/scratch/xg23/CPEB3/fraglib/2qdra.gro 2 93 9 1
/scratch/xg23/CPEB3/fraglib/1pmta.gro 3 81 7 1
/scratch/xg23/CPEB3/fraglib/2b4qa.gro 3 188 8 1
/scratch/xg23/CPEB3/fraglib/2hxva.gro 2 318 9 1
/scratch/xg23/CPEB3/fraglib/1yloa.gro 3 251 8 1
/scratch/xg23/CPEB3/fraglib/1uqta.gro 2 7 7 1
/scratch/xg23/CPEB3/fraglib/2bjqa.gro 3 168 7 1
/scratch/xg23/CPEB3/fraglib/5l3xb.gro 3 539 6 1
/scratch/xg23/CPEB3/fraglib/4ihqa.gro 3 57 7 1
/scratch/xg23/CPEB3/fraglib/5gsla.gro 5 234 5 1
/scratch/xg23/CPEB3/fraglib/3goxa.gro 5 120 5 1
/scratch/xg23/CPEB3/fraglib/2dzda.gro 3 435 8 1
/scratch/xg23/CPEB3/fraglib/4uhoa.gro 2 232 8 1
/scratch/xg23/CPEB3/fraglib/3vsea.gro 4 291 7 1
/scratch/xg23/CPEB3/fraglib/3l7ta.gro 2 64 8 1
/scratch/xg23/CPEB3/fraglib/5w1aa.gro 5 80 6 1
/scratch/xg23/CPEB3/fraglib/1i1rb.gro 6 126 5 1
/scratch/xg23/CPEB3/fraglib/2xsjb.gro 2 295 9 1
/scratch/xg23/CPEB3/fraglib/5waya.gro 2 456 7 1
/scratch/xg23/CPEB3/fraglib/2qzxa.gro 2 43 9 1
/scratch/xg23/CPEB3/fraglib/2b4qa.gro 3 188 9 1
/scratch/xg23/CPEB3/fraglib/5t5la.gro 5 84 7 1
/scratch/xg23/CPEB3/fraglib/4py9a.gro 3 55 9 1
/scratch/xg23/CPEB3/fraglib/4ud4a.gro 3 224 9 1
/scratch/xg23/CPEB3/fraglib/3etca.gro 3 520 9 1
/scratch/xg23/CPEB3/fraglib/1pmta.gro 3 81 7 1
/scratch/xg23/CPEB3/fraglib/5osnc.gro 3 202 9 1
/scratch/xg23/CPEB3/fraglib/1t3qb.gro 3 404 9 1
/scratch/xg23/CPEB3/fraglib/2qdra.gro 4 95 7 1
/scratch/xg23/CPEB3/fraglib/1yloa.gro 3 251 8 1
/scratch/xg23/CPEB3/fraglib/4gaaa.gro 4 256 8 1
/scratch/xg23/CPEB3/fraglib/3sbma.gro 6 212 6 1
/scratch/xg23/CPEB3/fraglib/1bev3.gro 3 201 9 1
/scratch/xg23/CPEB3/fraglib/3iava.gro 3 262 9 1
/scratch/xg23/CPEB3/fraglib/3ciaa.gro 4 288 8 1
/scratch/xg23/CPEB3/fraglib/5n1ta.gro 4 183 8 1
/scratch/xg23/CPEB3/fraglib/2pbca.gro 6 117 6 1
/scratch/xg23/CPEB3/fraglib/3g98a.gro 6 850 6 1
/scratch/xg23/CPEB3/fraglib/3u9wa.gro 4 1259 8 1
/scratch/xg23/CPEB3/fraglib/1noya.gro 6 56 6 1
/scratch/xg23/CPEB3/fraglib/3obaa.gro 7 874 6 1
/scratch/xg23/CPEB3/fraglib/5t5la.gro 5 84 7 1
/scratch/xg23/CPEB3/fraglib/3vsea.gro 4 291 9 1
/scratch/xg23/CPEB3/fraglib/2b4qa.gro 4 189 8 1
/scratch/xg23/CPEB3/fraglib/4ud4a.gro 4 225 8 1
/scratch/xg23/CPEB3/fraglib/3etca.gro 4 521 9 1
/scratch/xg23/CPEB3/fraglib/3c5ea.gro 4 534 9 1
/scratch/xg23/CPEB3/fraglib/3a5va.gro 7 69 6 1
/scratch/xg23/CPEB3/fraglib/1i1rb.gro 6 126 7 1
/scratch/xg23/CPEB3/fraglib/3hisa.gro 5 46 8 1
/scratch/xg23/CPEB3/fraglib/4gaaa.gro 4 256 8 1
/scratch/xg23/CPEB3/fraglib/2qdra.gro 4 95 7 1
/scratch/xg23/CPEB3/fraglib/3ciaa.gro 4 288 8 1
/scratch/xg23/CPEB3/fraglib/1s1pa.gro 6 25 7 1
/scratch/xg23/CPEB3/fraglib/1yloa.gro 4 252 7 1
/scratch/xg23/CPEB3/fraglib/3nvnb.gro 5 93 8 1
/scratch/xg23/CPEB3/fraglib/4k7gb.gro 4 65 9 1
/scratch/xg23/CPEB3/fraglib/3u9wa.gro 4 1259 8 1
/scratch/xg23/CPEB3/fraglib/3doja.gro 7 228 5 1
/scratch/xg23/CPEB3/fraglib/3doja.gro 4 280 9 1
/scratch/xg23/CPEB3/fraglib/3obaa.gro 7 874 6 1
/scratch/xg23/CPEB3/fraglib/5t5la.gro 5 84 7 1
/scratch/xg23/CPEB3/fraglib/3g98a.gro 6 850 8 1
/scratch/xg23/CPEB3/fraglib/4k7gb.gro 5 66 9 1
/scratch/xg23/CPEB3/fraglib/1i1rb.gro 6 126 8 1
/scratch/xg23/CPEB3/fraglib/3a5va.gro 7 69 7 1
/scratch/xg23/CPEB3/fraglib/3hisa.gro 5 46 8 1
/scratch/xg23/CPEB3/fraglib/5i4ea.gro 7 101 7 1
/scratch/xg23/CPEB3/fraglib/1s1pa.gro 6 25 8 1
/scratch/xg23/CPEB3/fraglib/6fb3a.gro 8 2523 6 1
/scratch/xg23/CPEB3/fraglib/3g2fa.gro 8 460 6 1
/scratch/xg23/CPEB3/fraglib/4gaaa.gro 5 257 7 1
/scratch/xg23/CPEB3/fraglib/2xwub.gro 5 908 9 1
/scratch/xg23/CPEB3/fraglib/1noya.gro 6 56 6 1
/scratch/xg23/CPEB3/fraglib/4k8la.gro 5 66 9 1
/scratch/xg23/CPEB3/fraglib/3ciaa.gro 7 291 5 1
/scratch/xg23/CPEB3/fraglib/5w1aa.gro 5 80 8 1
/scratch/xg23/CPEB3/fraglib/5ogsa.gro 7 698 6 1
/scratch/xg23/CPEB3/fraglib/3guua.gro 5 319 8 1
/scratch/xg23/CPEB3/fraglib/4zzza.gro 5 879 7 1
/scratch/xg23/CPEB3/fraglib/3obaa.gro 7 874 6 1
/scratch/xg23/CPEB3/fraglib/3g98a.gro 6 850 8 1
/scratch/xg23/CPEB3/fraglib/1i1rb.gro 6 126 8 1
/scratch/xg23/CPEB3/fraglib/5ogsa.gro 7 698 8 1
/scratch/xg23/CPEB3/fraglib/3a5va.gro 7 69 7 1
/scratch/xg23/CPEB3/fraglib/4p8na.gro 6 236 9 1
/scratch/xg23/CPEB3/fraglib/2xsjb.gro 7 315 8 1
/scratch/xg23/CPEB3/fraglib/4k7gb.gro 7 68 7 1
/scratch/xg23/CPEB3/fraglib/6fb3a.gro 8 2523 6 1
/scratch/xg23/CPEB3/fraglib/1s1pa.gro 6 25 8 1
/scratch/xg23/CPEB3/fraglib/5i4ea.gro 7 101 7 1
/scratch/xg23/CPEB3/fraglib/2pbca.gro 6 117 9 1
/scratch/xg23/CPEB3/fraglib/1noya.gro 6 56 6 1
/scratch/xg23/CPEB3/fraglib/3g2fa.gro 8 460 6 1
/scratch/xg23/CPEB3/fraglib/5t5la.gro 6 85 6 1
/scratch/xg23/CPEB3/fraglib/4jpsa.gro 8 394 7 1
/scratch/xg23/CPEB3/fraglib/3etca.gro 6 523 7 1
/scratch/xg23/CPEB3/fraglib/2xwub.gro 7 910 7 1
/scratch/xg23/CPEB3/fraglib/3hisa.gro 6 47 7 1
/scratch/xg23/CPEB3/fraglib/3ciaa.gro 7 291 5 1
/scratch/xg23/CPEB3/fraglib/3obaa.gro 7 874 6 1
/scratch/xg23/CPEB3/fraglib/3a5va.gro 7 69 7 1
/scratch/xg23/CPEB3/fraglib/5ogsa.gro 7 698 8 1
/scratch/xg23/CPEB3/fraglib/6fb3a.gro 8 2523 6 1
/scratch/xg23/CPEB3/fraglib/1i1rb.gro 7 127 7 1
/scratch/xg23/CPEB3/fraglib/5i4ea.gro 7 101 7 1
/scratch/xg23/CPEB3/fraglib/2xsjb.gro 7 315 8 1
/scratch/xg23/CPEB3/fraglib/4k7gb.gro 7 68 7 1
/scratch/xg23/CPEB3/fraglib/4ynoa.gro 10 274 6 1
/scratch/xg23/CPEB3/fraglib/4uvma.gro 8 8 8 1
/scratch/xg23/CPEB3/fraglib/4ni2a.gro 7 643 9 1
/scratch/xg23/CPEB3/fraglib/6chgd.gro 7 353 9 1
/scratch/xg23/CPEB3/fraglib/3g2fa.gro 8 460 6 1
/scratch/xg23/CPEB3/fraglib/5mr6a.gro 9 101 6 1
/scratch/xg23/CPEB3/fraglib/5mr6a.gro 7 229 8 1
/scratch/xg23/CPEB3/fraglib/1x3za.gro 9 30 7 1
/scratch/xg23/CPEB3/fraglib/3ciaa.gro 7 291 5 1
/scratch/xg23/CPEB3/fraglib/3hisa.gro 7 48 6 1
/scratch/xg23/CPEB3/fraglib/5m05a.gro 7 80 6 1
/scratch/xg23/CPEB3/fraglib/4jpsa.gro 8 394 7 1
/scratch/xg23/CPEB3/fraglib/3obaa.gro 8 359 9 1
/scratch/xg23/CPEB3/fraglib/5lspa.gro 10 569 7 1
/scratch/xg23/CPEB3/fraglib/6fb3a.gro 8 2523 6 1
/scratch/xg23/CPEB3/fraglib/4ynoa.gro 10 274 6 1
/scratch/xg23/CPEB3/fraglib/4jpsa.gro 8 394 9 1
/scratch/xg23/CPEB3/fraglib/3iu6a.gro 8 780 9 1
/scratch/xg23/CPEB3/fraglib/3g2fa.gro 8 460 6 1
/scratch/xg23/CPEB3/fraglib/5mr6a.gro 9 101 6 1
/scratch/xg23/CPEB3/fraglib/1x3za.gro 9 30 8 1
/scratch/xg23/CPEB3/fraglib/4uvma.gro 8 8 8 1
/scratch/xg23/CPEB3/fraglib/5jrba.gro 9 177 8 1
/scratch/xg23/CPEB3/fraglib/1ztca.gro 10 197 7 1
/scratch/xg23/CPEB3/fraglib/3b6va.gro 11 47 5 1
/scratch/xg23/CPEB3/fraglib/4wr3a.gro 10 278 6 1
/scratch/xg23/CPEB3/fraglib/3g7sa.gro 8 41 8 1
/scratch/xg23/CPEB3/fraglib/5jxga.gro 8 116 5 1
/scratch/xg23/CPEB3/fraglib/5u00a.gro 10 878 7 1
/scratch/xg23/CPEB3/fraglib/4ckka.gro 8 215 7 1
/scratch/xg23/CPEB3/fraglib/1bev1.gro 8 248 8 1
/scratch/xg23/CPEB3/fraglib/5x49a.gro 8 434 9 1
/scratch/xg23/CPEB3/fraglib/3pija.gro 12 444 6 1
/scratch/xg23/CPEB3/fraglib/1qtwa.gro 12 40 6 1
/scratch/xg23/CPEB3/fraglib/4ynoa.gro 10 274 6 1
/scratch/xg23/CPEB3/fraglib/2vsga.gro 10 163 8 1
/scratch/xg23/CPEB3/fraglib/5lspa.gro 10 569 7 1
/scratch/xg23/CPEB3/fraglib/1x3za.gro 9 30 8 1
/scratch/xg23/CPEB3/fraglib/5mr6a.gro 9 101 6 1
/scratch/xg23/CPEB3/fraglib/4wr3a.gro 10 278 6 1
/scratch/xg23/CPEB3/fraglib/4kc5a.gro 10 3469 8 1
/scratch/xg23/CPEB3/fraglib/5jrba.gro 9 177 8 1
/scratch/xg23/CPEB3/fraglib/4zcfc.gro 11 394 7 1
/scratch/xg23/CPEB3/fraglib/3iu6a.gro 10 782 8 1
/scratch/xg23/CPEB3/fraglib/1ztca.gro 10 197 7 1
/scratch/xg23/CPEB3/fraglib/3obaa.gro 9 360 8 1
/scratch/xg23/CPEB3/fraglib/3b6va.gro 11 47 5 1
/scratch/xg23/CPEB3/fraglib/5yrvc.gro 10 105 8 1
/scratch/xg23/CPEB3/fraglib/5u00a.gro 10 878 7 1
/scratch/xg23/CPEB3/fraglib/3laoa.gro 9 153 9 1
/scratch/xg23/CPEB3/fraglib/3laoa.gro 9 203 8 1
/scratch/xg23/CPEB3/fraglib/3eh2a.gro 10 621 8 1
/scratch/xg23/CPEB3/fraglib/1qtwa.gro 12 40 7 1
/scratch/xg23/CPEB3/fraglib/4kc5a.gro 10 3469 9 1
/scratch/xg23/CPEB3/fraglib/4kc5a.gro 15 3783 4 1
/scratch/xg23/CPEB3/fraglib/4ynoa.gro 10 274 6 1
/scratch/xg23/CPEB3/fraglib/5j3ua.gro 11 242 8 1
/scratch/xg23/CPEB3/fraglib/5j3ua.gro 11 366 4 1
/scratch/xg23/CPEB3/fraglib/3pija.gro 12 444 6 1
/scratch/xg23/CPEB3/fraglib/2vsga.gro 10 163 9 1
/scratch/xg23/CPEB3/fraglib/3iu6a.gro 10 782 8 1
/scratch/xg23/CPEB3/fraglib/5lspa.gro 10 569 7 1
/scratch/xg23/CPEB3/fraglib/1ncqa.gro 11 258 8 1
/scratch/xg23/CPEB3/fraglib/5yrvc.gro 10 105 9 1
/scratch/xg23/CPEB3/fraglib/4wr3a.gro 10 278 6 1
/scratch/xg23/CPEB3/fraglib/3idbb.gro 11 229 8 1
/scratch/xg23/CPEB3/fraglib/4zcfc.gro 11 394 7 1
/scratch/xg23/CPEB3/fraglib/1ztca.gro 10 197 7 1
/scratch/xg23/CPEB3/fraglib/4phza.gro 10 254 9 1
/scratch/xg23/CPEB3/fraglib/3pmma.gro 10 351 9 1
/scratch/xg23/CPEB3/fraglib/5u00a.gro 10 878 7 1
/scratch/xg23/CPEB3/fraglib/5dm6m.gro 10 81 9 1
/scratch/xg23/CPEB3/fraglib/1qtwa.gro 12 40 8 1
/scratch/xg23/CPEB3/fraglib/5j3ua.gro 11 242 8 1
/scratch/xg23/CPEB3/fraglib/5j3ua.gro 11 366 4 1
/scratch/xg23/CPEB3/fraglib/3pija.gro 12 444 6 1
/scratch/xg23/CPEB3/fraglib/5l6wc.gro 11 106 9 1
/scratch/xg23/CPEB3/fraglib/1cnua.gro 11 86 9 1
/scratch/xg23/CPEB3/fraglib/3idbb.gro 11 229 8 1
/scratch/xg23/CPEB3/fraglib/4zcfc.gro 11 394 7 1
/scratch/xg23/CPEB3/fraglib/3fwxa.gro 11 102 9 1
/scratch/xg23/CPEB3/fraglib/5xema.gro 11 202 9 1
/scratch/xg23/CPEB3/fraglib/2i2qa.gro 11 88 9 1
/scratch/xg23/CPEB3/fraglib/5viva.gro 11 230 9 1
/scratch/xg23/CPEB3/fraglib/3ewya.gro 11 234 9 1
/scratch/xg23/CPEB3/fraglib/1ncqa.gro 11 258 8 1
/scratch/xg23/CPEB3/fraglib/2bs2b.gro 11 219 9 1
/scratch/xg23/CPEB3/fraglib/1v84a.gro 11 124 9 1
/scratch/xg23/CPEB3/fraglib/3zzha.gro 12 189 7 1
/scratch/xg23/CPEB3/fraglib/3pnaa.gro 11 208 9 1
/scratch/xg23/CPEB3/fraglib/4lb0a.gro 11 58 8 1
/scratch/xg23/CPEB3/fraglib/6ax7a.gro 12 878 7 1
/scratch/xg23/CPEB3/fraglib/1qtwa.gro 12 40 9 1
/scratch/xg23/CPEB3/fraglib/3pija.gro 12 444 6 1
/scratch/xg23/CPEB3/fraglib/6ax7a.gro 12 878 7 1
/scratch/xg23/CPEB3/fraglib/5zm0a.gro 13 149 8 1
/scratch/xg23/CPEB3/fraglib/3tjma.gro 12 2275 7 1
/scratch/xg23/CPEB3/fraglib/5egha.gro 12 379 7 1
/scratch/xg23/CPEB3/fraglib/3of7a.gro 12 382 8 1
/scratch/xg23/CPEB3/fraglib/4aqna.gro 12 245 6 1
/scratch/xg23/CPEB3/fraglib/4i6na.gro 12 179 5 1
/scratch/xg23/CPEB3/fraglib/3zzha.gro 12 189 7 1
/scratch/xg23/CPEB3/fraglib/2jfua.gro 14 174 6 1
/scratch/xg23/CPEB3/fraglib/5y5sl.gro 12 85 6 1
/scratch/xg23/CPEB3/fraglib/4h14a.gro 15 264 5 1
/scratch/xg23/CPEB3/fraglib/3qkca.gro 13 43 8 1
/scratch/xg23/CPEB3/fraglib/4v35a.gro 12 811 8 1
/scratch/xg23/CPEB3/fraglib/5x8ha.gro 13 149 6 1
/scratch/xg23/CPEB3/fraglib/3zfia.gro 12 107 9 1
/scratch/xg23/CPEB3/fraglib/3me7a.gro 13 43 8 1
/scratch/xg23/CPEB3/fraglib/5f18a.gro 14 40 6 1
/scratch/xg23/CPEB3/fraglib/3g7ka.gro 13 56 7 1
/scratch/xg23/CPEB3/fraglib/4cp8a.gro 13 256 9 1
/scratch/xg23/CPEB3/fraglib/3mgaa.gro 13 130 9 1
/scratch/xg23/CPEB3/fraglib/5t5if.gro 15 334 7 1
/scratch/xg23/CPEB3/fraglib/4ua8a.gro 13 151 9 1
/scratch/xg23/CPEB3/fraglib/3cxma.gro 14 150 8 1
/scratch/xg23/CPEB3/fraglib/2jbwa.gro 15 253 7 1
/scratch/xg23/CPEB3/fraglib/2jbwa.gro 13 105 6 1
/scratch/xg23/CPEB3/fraglib/4d5ca.gro 15 69 7 1
/scratch/xg23/CPEB3/fraglib/5vgra.gro 15 102 7 1
/scratch/xg23/CPEB3/fraglib/3b8xa.gro 15 5 7 1
/scratch/xg23/CPEB3/fraglib/1qtwa.gro 13 41 8 1
/scratch/xg23/CPEB3/fraglib/4hxya.gro 15 42 7 1
/scratch/xg23/CPEB3/fraglib/3foba.gro 15 34 7 1
/scratch/xg23/CPEB3/fraglib/3g7ka.gro 13 56 7 1
/scratch/xg23/CPEB3/fraglib/6b9fa.gro 15 106 7 1
/scratch/xg23/CPEB3/fraglib/5mkkb.gro 13 6 9 1
/scratch/xg23/CPEB3/fraglib/3zqia.gro 14 68 8 1
/scratch/xg23/CPEB3/fraglib/5zm0a.gro 13 149 9 1
/scratch/xg23/CPEB3/fraglib/1gsaa.gro 15 246 7 1
/scratch/xg23/CPEB3/fraglib/4h14a.gro 15 264 7 1
/scratch/xg23/CPEB3/fraglib/4cp8a.gro 14 257 8 1
/scratch/xg23/CPEB3/fraglib/3nb2a.gro 14 558 9 1
/scratch/xg23/CPEB3/fraglib/3foba.gro 15 34 7 1
/scratch/xg23/CPEB3/fraglib/2a6hd.gro 14 1427 9 1
/scratch/xg23/CPEB3/fraglib/1uwka.gro 16 20 7 1
/scratch/xg23/CPEB3/fraglib/3cxma.gro 14 150 8 1
/scratch/xg23/CPEB3/fraglib/5t5if.gro 15 334 7 1
/scratch/xg23/CPEB3/fraglib/2jbwa.gro 15 253 7 1
/scratch/xg23/CPEB3/fraglib/4tqja.gro 14 391 9 1
/scratch/xg23/CPEB3/fraglib/4b5oa.gro 14 62 9 1
/scratch/xg23/CPEB3/fraglib/4d5ca.gro 15 69 7 1
/scratch/xg23/CPEB3/fraglib/4h14a.gro 15 264 8 1
/scratch/xg23/CPEB3/fraglib/5vgra.gro 15 102 7 1
/scratch/xg23/CPEB3/fraglib/3b8xa.gro 15 5 7 1
/scratch/xg23/CPEB3/fraglib/5xfsb.gro 16 52 7 1
/scratch/xg23/CPEB3/fraglib/4cgsa.gro 17 19 6 1
/scratch/xg23/CPEB3/fraglib/5xn9a.gro 17 33 6 1
/scratch/xg23/CPEB3/fraglib/4ua8a.gro 15 153 7 1
/scratch/xg23/CPEB3/fraglib/2vw9a.gro 16 1079 7 1
/scratch/xg23/CPEB3/fraglib/5ogsa.gro 15 620 8 1
/scratch/xg23/CPEB3/fraglib/5js4a.gro 17 319 7 1
/scratch/xg23/CPEB3/fraglib/1dgja.gro 15 631 9 1
/scratch/xg23/CPEB3/fraglib/5braa.gro 16 175 8 1
/scratch/xg23/CPEB3/fraglib/1uwka.gro 16 20 7 1
/scratch/xg23/CPEB3/fraglib/5jh8a.gro 15 187 9 1
/scratch/xg23/CPEB3/fraglib/1re5a.gro 15 147 9 1
/scratch/xg23/CPEB3/fraglib/3rjaa.gro 15 289 9 1
/scratch/xg23/CPEB3/fraglib/5jjxa.gro 15 143 9 1
/scratch/xg23/CPEB3/fraglib/3foba.gro 15 34 7 1
/scratch/xg23/CPEB3/fraglib/5t5if.gro 15 334 7 1
/scratch/xg23/CPEB3/fraglib/2vw9a.gro 16 1079 8 1
/scratch/xg23/CPEB3/fraglib/3d9wa.gro 16 279 8 1
/scratch/xg23/CPEB3/fraglib/4bp8a.gro 15 602 9 1
/scratch/xg23/CPEB3/fraglib/4h14a.gro 15 264 8 1
/scratch/xg23/CPEB3/fraglib/5itwa.gro 15 190 9 1
/scratch/xg23/CPEB3/fraglib/4cp8a.gro 16 259 6 1
/scratch/xg23/CPEB3/fraglib/4kgma.gro 16 87 8 1
/scratch/xg23/CPEB3/fraglib/4d5ca.gro 15 69 9 1
/scratch/xg23/CPEB3/fraglib/3h0lb.gro 15 100 9 1
/scratch/xg23/CPEB3/fraglib/2a6hd.gro 16 1429 7 1
/scratch/xg23/CPEB3/fraglib/5obta.gro 16 270 9 1
/scratch/xg23/CPEB3/fraglib/6azta.gro 16 271 9 1
/scratch/xg23/CPEB3/fraglib/3d03a.gro 17 126 8 1
/scratch/xg23/CPEB3/fraglib/5js4a.gro 17 319 7 1
/scratch/xg23/CPEB3/fraglib/3rh9a.gro 17 70 8 1
/scratch/xg23/CPEB3/fraglib/1uwka.gro 16 20 9 1
/scratch/xg23/CPEB3/fraglib/3d9wa.gro 16 279 8 1
/scratch/xg23/CPEB3/fraglib/3flpa.gro 20 195 5 1
/scratch/xg23/CPEB3/fraglib/3pura.gro 16 306 9 1
/scratch/xg23/CPEB3/fraglib/6fija.gro 17 506 7 1
/scratch/xg23/CPEB3/fraglib/4tkla.gro 18 167 7 1
/scratch/xg23/CPEB3/fraglib/4n6oa.gro 18 234 7 1
/scratch/xg23/CPEB3/fraglib/2a6hd.gro 16 1429 7 1
/scratch/xg23/CPEB3/fraglib/1mgra.gro 16 74 9 1
/scratch/xg23/CPEB3/fraglib/3f7ja.gro 16 76 9 1
/scratch/xg23/CPEB3/fraglib/4cp8a.gro 16 259 6 1
/scratch/xg23/CPEB3/fraglib/4kgma.gro 16 87 9 1
/scratch/xg23/CPEB3/fraglib/1b65a.gro 16 87 9 1
/scratch/xg23/CPEB3/fraglib/5h0ia.gro 16 268 9 1
/scratch/xg23/CPEB3/fraglib/1a59a.gro 18 250 7 1
/scratch/xg23/CPEB3/fraglib/6fija.gro 17 506 9 1
/scratch/xg23/CPEB3/fraglib/4uyra.gro 17 66 9 1
/scratch/xg23/CPEB3/fraglib/3d03a.gro 17 126 8 1
/scratch/xg23/CPEB3/fraglib/3rh9a.gro 17 70 8 1
/scratch/xg23/CPEB3/fraglib/3tx8a.gro 17 192 9 1
/scratch/xg23/CPEB3/fraglib/1dgja.gro 17 633 9 1
/scratch/xg23/CPEB3/fraglib/4xzca.gro 19 259 7 1
/scratch/xg23/CPEB3/fraglib/4xzca.gro 17 129 9 1
/scratch/xg23/CPEB3/fraglib/1xhca.gro 21 321 5 1
/scratch/xg23/CPEB3/fraglib/3pura.gro 18 308 7 1
/scratch/xg23/CPEB3/fraglib/4tkla.gro 18 167 7 1
/scratch/xg23/CPEB3/fraglib/3flpa.gro 20 195 6 1
/scratch/xg23/CPEB3/fraglib/2okta.gro 19 69 7 1
/scratch/xg23/CPEB3/fraglib/1w0pa.gro 19 43 7 1
/scratch/xg23/CPEB3/fraglib/4im7a.gro 21 211 5 1
/scratch/xg23/CPEB3/fraglib/4iila.gro 20 233 6 1
/scratch/xg23/CPEB3/fraglib/5obta.gro 18 272 8 1
/scratch/xg23/CPEB3/fraglib/5js4a.gro 17 319 7 1
/scratch/xg23/CPEB3/fraglib/1e9ra.gro 19 302 6 1
/scratch/xg23/CPEB3/fraglib/1e9ra.gro 20 316 5 1
/scratch/xg23/CPEB3/fraglib/4xzca.gro 19 259 7 1
/scratch/xg23/CPEB3/fraglib/4xzca.gro 18 130 8 1
/scratch/xg23/CPEB3/fraglib/3pura.gro 18 308 7 1
/scratch/xg23/CPEB3/fraglib/3flpa.gro 20 195 6 1
/scratch/xg23/CPEB3/fraglib/1xhca.gro 21 321 5 1
/scratch/xg23/CPEB3/fraglib/6azta.gro 18 273 8 1
/scratch/xg23/CPEB3/fraglib/3g68a.gro 18 193 8 1
/scratch/xg23/CPEB3/fraglib/2j4ba.gro 19 27 7 1
/scratch/xg23/CPEB3/fraglib/4tkla.gro 18 167 7 1
/scratch/xg23/CPEB3/fraglib/2okta.gro 19 69 7 1
/scratch/xg23/CPEB3/fraglib/4n6oa.gro 18 234 8 1
/scratch/xg23/CPEB3/fraglib/3flpa.gro 20 195 6 1
/scratch/xg23/CPEB3/fraglib/4xzca.gro 19 259 7 1
/scratch/xg23/CPEB3/fraglib/3lppa.gro 21 568 5 1
/scratch/xg23/CPEB3/fraglib/3flpa.gro 20 195 6 1
/scratch/xg23/CPEB3/fraglib/6azta.gro 20 275 6 1
/scratch/xg23/CPEB3/fraglib/1xhca.gro 21 321 5 1
