/scratch/xg23/CPEB3/fraglib/5eyva.gro 1 155 5 1
/scratch/xg23/CPEB3/fraglib/5eyva.gro 1 155 5 1
/scratch/xg23/CPEB3/fraglib/3axsa.gro 2 338 5 1
/scratch/xg23/CPEB3/fraglib/2j1dg.gro 1 913 7 1
/scratch/xg23/CPEB3/fraglib/2j1dg.gro 1 916 5 1
/scratch/xg23/CPEB3/fraglib/5eyva.gro 1 155 5 1
/scratch/xg23/CPEB3/fraglib/3axsa.gro 2 338 5 1
/scratch/xg23/CPEB3/fraglib/2j1dg.gro 1 913 7 1
/scratch/xg23/CPEB3/fraglib/2j1dg.gro 1 916 5 1
/scratch/xg23/CPEB3/fraglib/5wkfd.gro 1 3 8 1
/scratch/xg23/CPEB3/fraglib/3axsa.gro 2 338 5 1
/scratch/xg23/CPEB3/fraglib/5eyva.gro 1 155 5 1
/scratch/xg23/CPEB3/fraglib/5az4a.gro 4 421 5 1
/scratch/xg23/CPEB3/fraglib/3meba.gro 2 8 7 1
/scratch/xg23/CPEB3/fraglib/1v4aa.gro 3 58 6 1
/scratch/xg23/CPEB3/fraglib/5ti1a.gro 1 295 7 1
/scratch/xg23/CPEB3/fraglib/4dz1a.gro 2 37 5 1
/scratch/xg23/CPEB3/fraglib/5loqa.gro 2 136 6 1
/scratch/xg23/CPEB3/fraglib/1rkta.gro 1 152 5 1
/scratch/xg23/CPEB3/fraglib/3axsa.gro 2 338 5 1
/scratch/xg23/CPEB3/fraglib/5wkfd.gro 1 3 8 1
/scratch/xg23/CPEB3/fraglib/5eyva.gro 1 155 5 1
/scratch/xg23/CPEB3/fraglib/1iwea.gro 5 423 5 1
/scratch/xg23/CPEB3/fraglib/3h5qa.gro 1 325 9 1
/scratch/xg23/CPEB3/fraglib/5az4a.gro 4 421 5 1
/scratch/xg23/CPEB3/fraglib/3bbja.gro 1 122 9 1
/scratch/xg23/CPEB3/fraglib/3meba.gro 2 8 7 1
/scratch/xg23/CPEB3/fraglib/2j1dg.gro 1 913 7 1
/scratch/xg23/CPEB3/fraglib/2j1dg.gro 1 916 5 1
/scratch/xg23/CPEB3/fraglib/4dz1a.gro 2 37 5 1
/scratch/xg23/CPEB3/fraglib/2zj8a.gro 5 26 5 1
/scratch/xg23/CPEB3/fraglib/2p6ra.gro 5 28 5 1
/scratch/xg23/CPEB3/fraglib/1v7wa.gro 5 786 5 1
/scratch/xg23/CPEB3/fraglib/5ti1a.gro 1 295 7 1
/scratch/xg23/CPEB3/fraglib/4tvma.gro 2 208 7 1
/scratch/xg23/CPEB3/fraglib/1g8sa.gro 3 152 7 1
/scratch/xg23/CPEB3/fraglib/5loqa.gro 2 136 6 1
/scratch/xg23/CPEB3/fraglib/1khda.gro 1 195 8 1
/scratch/xg23/CPEB3/fraglib/5l6va.gro 1 195 6 1
/scratch/xg23/CPEB3/fraglib/4tvma.gro 2 208 9 1
/scratch/xg23/CPEB3/fraglib/4fgva.gro 4 968 7 1
/scratch/xg23/CPEB3/fraglib/3axsa.gro 2 338 5 1
/scratch/xg23/CPEB3/fraglib/2deba.gro 2 395 9 1
/scratch/xg23/CPEB3/fraglib/1iwea.gro 5 423 5 1
/scratch/xg23/CPEB3/fraglib/3fwna.gro 6 306 5 1
/scratch/xg23/CPEB3/fraglib/3fwna.gro 2 437 8 1
/scratch/xg23/CPEB3/fraglib/1xkqa.gro 6 153 5 1
/scratch/xg23/CPEB3/fraglib/5az4a.gro 4 421 5 1
/scratch/xg23/CPEB3/fraglib/2vjqa.gro 3 225 8 1
/scratch/xg23/CPEB3/fraglib/4k90a.gro 3 396 8 1
/scratch/xg23/CPEB3/fraglib/5op0a.gro 2 326 9 1
/scratch/xg23/CPEB3/fraglib/3h5qa.gro 2 326 8 1
/scratch/xg23/CPEB3/fraglib/3meba.gro 2 8 7 1
/scratch/xg23/CPEB3/fraglib/5ys9a.gro 3 290 7 1
/scratch/xg23/CPEB3/fraglib/1v4aa.gro 3 58 6 1
/scratch/xg23/CPEB3/fraglib/2zj8a.gro 5 26 5 1
/scratch/xg23/CPEB3/fraglib/2p6ra.gro 5 28 5 1
/scratch/xg23/CPEB3/fraglib/5toqa.gro 3 7 8 1
/scratch/xg23/CPEB3/fraglib/1v7wa.gro 5 786 5 1
/scratch/xg23/CPEB3/fraglib/4fgva.gro 4 968 7 1
/scratch/xg23/CPEB3/fraglib/2vjqa.gro 3 225 9 1
/scratch/xg23/CPEB3/fraglib/3fwna.gro 6 306 6 1
/scratch/xg23/CPEB3/fraglib/1iwea.gro 5 423 5 1
/scratch/xg23/CPEB3/fraglib/1v7wa.gro 5 786 7 1
/scratch/xg23/CPEB3/fraglib/5toqa.gro 3 7 8 1
/scratch/xg23/CPEB3/fraglib/4k90a.gro 3 396 8 1
/scratch/xg23/CPEB3/fraglib/5az4a.gro 4 421 5 1
/scratch/xg23/CPEB3/fraglib/1xkqa.gro 6 153 5 1
/scratch/xg23/CPEB3/fraglib/2zj8a.gro 5 26 5 1
/scratch/xg23/CPEB3/fraglib/2p6ra.gro 5 28 5 1
/scratch/xg23/CPEB3/fraglib/5ys9a.gro 3 290 7 1
/scratch/xg23/CPEB3/fraglib/3guya.gro 3 131 9 1
/scratch/xg23/CPEB3/fraglib/1g8sa.gro 3 152 7 1
/scratch/xg23/CPEB3/fraglib/4xwha.gro 4 318 8 1
/scratch/xg23/CPEB3/fraglib/1v4aa.gro 3 58 6 1
/scratch/xg23/CPEB3/fraglib/1jnra.gro 6 380 6 1
/scratch/xg23/CPEB3/fraglib/5xoga.gro 5 244 7 1
/scratch/xg23/CPEB3/fraglib/4df3a.gro 3 156 6 1
/scratch/xg23/CPEB3/fraglib/4hhja.gro 6 692 6 1
/scratch/xg23/CPEB3/fraglib/4fgva.gro 4 968 7 1
/scratch/xg23/CPEB3/fraglib/3fwna.gro 6 306 6 1
/scratch/xg23/CPEB3/fraglib/1iwea.gro 5 423 5 1
/scratch/xg23/CPEB3/fraglib/1cnza.gro 5 85 8 1
/scratch/xg23/CPEB3/fraglib/1jnra.gro 6 380 7 1
/scratch/xg23/CPEB3/fraglib/1v7wa.gro 5 786 7 1
/scratch/xg23/CPEB3/fraglib/5az4a.gro 4 421 5 1
/scratch/xg23/CPEB3/fraglib/1xkqa.gro 6 153 5 1
/scratch/xg23/CPEB3/fraglib/2zj8a.gro 5 26 5 1
/scratch/xg23/CPEB3/fraglib/2p6ra.gro 5 28 5 1
/scratch/xg23/CPEB3/fraglib/2vjqa.gro 6 228 6 1
/scratch/xg23/CPEB3/fraglib/4xwha.gro 4 318 8 1
/scratch/xg23/CPEB3/fraglib/4nefa.gro 6 35 6 1
/scratch/xg23/CPEB3/fraglib/2ixma.gro 5 92 8 1
/scratch/xg23/CPEB3/fraglib/2wjnm.gro 5 95 5 1
/scratch/xg23/CPEB3/fraglib/4k90a.gro 5 398 8 1
/scratch/xg23/CPEB3/fraglib/4hhja.gro 6 692 7 1
/scratch/xg23/CPEB3/fraglib/5xoga.gro 5 244 7 1
/scratch/xg23/CPEB3/fraglib/3trga.gro 5 71 7 1
/scratch/xg23/CPEB3/fraglib/5b66d.gro 6 331 7 1
/scratch/xg23/CPEB3/fraglib/3fwna.gro 6 306 6 1
/scratch/xg23/CPEB3/fraglib/1iwea.gro 5 423 5 1
/scratch/xg23/CPEB3/fraglib/1cnza.gro 5 85 8 1
/scratch/xg23/CPEB3/fraglib/1jnra.gro 6 380 7 1
/scratch/xg23/CPEB3/fraglib/1v7wa.gro 5 786 7 1
/scratch/xg23/CPEB3/fraglib/2p6ra.gro 5 28 9 1
/scratch/xg23/CPEB3/fraglib/1xkqa.gro 6 153 5 1
/scratch/xg23/CPEB3/fraglib/3p8cb.gro 9 7 5 1
/scratch/xg23/CPEB3/fraglib/2zj8a.gro 5 26 5 1
/scratch/xg23/CPEB3/fraglib/5cq9a.gro 8 91 6 1
/scratch/xg23/CPEB3/fraglib/2pkfa.gro 8 168 6 1
/scratch/xg23/CPEB3/fraglib/2vjqa.gro 6 228 6 1
/scratch/xg23/CPEB3/fraglib/2qqoa.gro 6 479 8 1
/scratch/xg23/CPEB3/fraglib/4nefa.gro 6 35 6 1
/scratch/xg23/CPEB3/fraglib/2ixma.gro 5 92 8 1
/scratch/xg23/CPEB3/fraglib/2wjnm.gro 5 95 5 1
/scratch/xg23/CPEB3/fraglib/4k90a.gro 5 398 8 1
/scratch/xg23/CPEB3/fraglib/4hhja.gro 6 692 7 1
/scratch/xg23/CPEB3/fraglib/5xoga.gro 5 244 7 1
/scratch/xg23/CPEB3/fraglib/3trga.gro 5 71 7 1
/scratch/xg23/CPEB3/fraglib/2flha.gro 6 60 9 1
/scratch/xg23/CPEB3/fraglib/3fwna.gro 6 306 9 1
/scratch/xg23/CPEB3/fraglib/4hiza.gro 6 675 9 1
/scratch/xg23/CPEB3/fraglib/1jnra.gro 6 380 7 1
/scratch/xg23/CPEB3/fraglib/3p8cb.gro 9 7 6 1
/scratch/xg23/CPEB3/fraglib/2idla.gro 6 73 9 1
/scratch/xg23/CPEB3/fraglib/5xspa.gro 7 474 8 1
/scratch/xg23/CPEB3/fraglib/2qqoa.gro 6 479 8 1
/scratch/xg23/CPEB3/fraglib/4zfva.gro 6 55 9 1
/scratch/xg23/CPEB3/fraglib/1xkqa.gro 6 153 5 1
/scratch/xg23/CPEB3/fraglib/1zud1.gro 6 82 9 1
/scratch/xg23/CPEB3/fraglib/2vjqa.gro 6 228 6 1
/scratch/xg23/CPEB3/fraglib/1m2tb.gro 7 485 8 1
/scratch/xg23/CPEB3/fraglib/5cq9a.gro 8 91 6 1
/scratch/xg23/CPEB3/fraglib/4nefa.gro 6 35 6 1
/scratch/xg23/CPEB3/fraglib/1nzia.gro 6 14 7 1
/scratch/xg23/CPEB3/fraglib/4omfg.gro 7 147 7 1
/scratch/xg23/CPEB3/fraglib/2pkfa.gro 8 168 6 1
/scratch/xg23/CPEB3/fraglib/3zyia.gro 6 70 9 1
/scratch/xg23/CPEB3/fraglib/1pgua.gro 9 13 6 1
/scratch/xg23/CPEB3/fraglib/5cq9a.gro 8 91 8 1
/scratch/xg23/CPEB3/fraglib/5b66c.gro 9 385 7 1
/scratch/xg23/CPEB3/fraglib/4omfg.gro 7 147 7 1
/scratch/xg23/CPEB3/fraglib/3p8cb.gro 9 7 6 1
/scratch/xg23/CPEB3/fraglib/5ojla.gro 10 101 6 1
/scratch/xg23/CPEB3/fraglib/1m2tb.gro 7 485 8 1
/scratch/xg23/CPEB3/fraglib/2pkfa.gro 8 168 6 1
/scratch/xg23/CPEB3/fraglib/1pgua.gro 9 13 6 1
/scratch/xg23/CPEB3/fraglib/4gysa.gro 8 234 8 1
/scratch/xg23/CPEB3/fraglib/5ngda.gro 8 414 8 1
/scratch/xg23/CPEB3/fraglib/5ez7a.gro 9 220 7 1
/scratch/xg23/CPEB3/fraglib/5xspa.gro 7 474 8 1
/scratch/xg23/CPEB3/fraglib/3mesa.gro 7 345 7 1
/scratch/xg23/CPEB3/fraglib/4ubta.gro 7 204 9 1
/scratch/xg23/CPEB3/fraglib/5tw7a.gro 7 94 8 1
/scratch/xg23/CPEB3/fraglib/1zj8a.gro 7 404 9 1
/scratch/xg23/CPEB3/fraglib/3ip1a.gro 8 242 8 1
/scratch/xg23/CPEB3/fraglib/5f8ca.gro 7 251 6 1
/scratch/xg23/CPEB3/fraglib/4hiza.gro 10 679 5 1
/scratch/xg23/CPEB3/fraglib/2zi0a.gro 10 41 6 1
/scratch/xg23/CPEB3/fraglib/5cq9a.gro 8 91 8 1
/scratch/xg23/CPEB3/fraglib/5b66c.gro 9 385 8 1
/scratch/xg23/CPEB3/fraglib/2zi0a.gro 10 41 7 1
/scratch/xg23/CPEB3/fraglib/3p8cb.gro 9 7 6 1
/scratch/xg23/CPEB3/fraglib/5ngda.gro 8 414 9 1
/scratch/xg23/CPEB3/fraglib/5ojla.gro 10 101 6 1
/scratch/xg23/CPEB3/fraglib/2pkfa.gro 8 168 6 1
/scratch/xg23/CPEB3/fraglib/5ez7a.gro 9 220 7 1
/scratch/xg23/CPEB3/fraglib/4gysa.gro 8 234 8 1
/scratch/xg23/CPEB3/fraglib/5lsfb.gro 8 50 9 1
/scratch/xg23/CPEB3/fraglib/4j94a.gro 9 43 7 1
/scratch/xg23/CPEB3/fraglib/1jz8a.gro 10 47 7 1
/scratch/xg23/CPEB3/fraglib/4tpwa.gro 12 120 5 1
/scratch/xg23/CPEB3/fraglib/3ip1a.gro 8 242 9 1
/scratch/xg23/CPEB3/fraglib/6f8ba.gro 9 202 8 1
/scratch/xg23/CPEB3/fraglib/1pgua.gro 9 13 6 1
/scratch/xg23/CPEB3/fraglib/4axsa.gro 10 17 5 1
/scratch/xg23/CPEB3/fraglib/3dlsa.gro 9 1233 8 1
/scratch/xg23/CPEB3/fraglib/4hiza.gro 10 679 5 1
/scratch/xg23/CPEB3/fraglib/2a72a.gro 9 321 6 1
/scratch/xg23/CPEB3/fraglib/4gysa.gro 9 235 9 1
/scratch/xg23/CPEB3/fraglib/5b66c.gro 9 385 8 1
/scratch/xg23/CPEB3/fraglib/3p8cb.gro 9 7 6 1
/scratch/xg23/CPEB3/fraglib/5ojla.gro 10 101 6 1
/scratch/xg23/CPEB3/fraglib/2zi0a.gro 10 41 7 1
/scratch/xg23/CPEB3/fraglib/1b48a.gro 9 199 9 1
/scratch/xg23/CPEB3/fraglib/4o7oa.gro 9 346 9 1
/scratch/xg23/CPEB3/fraglib/5xspa.gro 9 476 6 1
/scratch/xg23/CPEB3/fraglib/5cq9a.gro 10 93 6 1
/scratch/xg23/CPEB3/fraglib/1czan.gro 10 513 8 1
/scratch/xg23/CPEB3/fraglib/1f3aa.gro 9 198 9 1
/scratch/xg23/CPEB3/fraglib/1mkfa.gro 9 208 9 1
/scratch/xg23/CPEB3/fraglib/4tpwa.gro 12 120 5 1
/scratch/xg23/CPEB3/fraglib/3nvnb.gro 12 318 6 1
/scratch/xg23/CPEB3/fraglib/1pgua.gro 9 13 6 1
/scratch/xg23/CPEB3/fraglib/6f8ba.gro 9 202 8 1
/scratch/xg23/CPEB3/fraglib/4u98a.gro 9 329 9 1
/scratch/xg23/CPEB3/fraglib/2fr1a.gro 11 1824 6 1
/scratch/xg23/CPEB3/fraglib/3ct4a.gro 13 39 5 1
/scratch/xg23/CPEB3/fraglib/1jz8a.gro 10 47 7 1
/scratch/xg23/CPEB3/fraglib/4gysa.gro 10 236 8 1
/scratch/xg23/CPEB3/fraglib/5mx9a.gro 10 486 9 1
/scratch/xg23/CPEB3/fraglib/2zi0a.gro 10 41 8 1
/scratch/xg23/CPEB3/fraglib/5cq9a.gro 10 93 6 1
/scratch/xg23/CPEB3/fraglib/5ojla.gro 10 101 6 1
/scratch/xg23/CPEB3/fraglib/1czan.gro 10 513 8 1
/scratch/xg23/CPEB3/fraglib/2iwba.gro 11 383 7 1
/scratch/xg23/CPEB3/fraglib/4tpwa.gro 12 120 5 1
/scratch/xg23/CPEB3/fraglib/3nvnb.gro 12 318 6 1
/scratch/xg23/CPEB3/fraglib/1jz8a.gro 10 47 7 1
/scratch/xg23/CPEB3/fraglib/2f4ma.gro 10 341 5 1
/scratch/xg23/CPEB3/fraglib/3wj1a.gro 11 208 8 1
/scratch/xg23/CPEB3/fraglib/3ct4a.gro 13 39 5 1
/scratch/xg23/CPEB3/fraglib/1f8va.gro 10 27 9 1
/scratch/xg23/CPEB3/fraglib/3otxa.gro 11 146 8 1
/scratch/xg23/CPEB3/fraglib/4hiza.gro 10 679 5 1
/scratch/xg23/CPEB3/fraglib/3mhsa.gro 10 128 6 1
/scratch/xg23/CPEB3/fraglib/3wana.gro 10 22 9 1
/scratch/xg23/CPEB3/fraglib/1ziwa.gro 11 61 8 1
/scratch/xg23/CPEB3/fraglib/1ziwa.gro 10 480 5 1
/scratch/xg23/CPEB3/fraglib/3ct4a.gro 13 39 7 1
/scratch/xg23/CPEB3/fraglib/3k3oa.gro 12 384 8 1
/scratch/xg23/CPEB3/fraglib/3nvnb.gro 12 318 8 1
/scratch/xg23/CPEB3/fraglib/5vn5a.gro 11 183 9 1
/scratch/xg23/CPEB3/fraglib/5vn5a.gro 11 237 6 1
/scratch/xg23/CPEB3/fraglib/2iwba.gro 11 383 9 1
/scratch/xg23/CPEB3/fraglib/1k38a.gro 11 59 9 1
/scratch/xg23/CPEB3/fraglib/3wj1a.gro 11 208 8 1
/scratch/xg23/CPEB3/fraglib/4gxpa.gro 12 308 8 1
/scratch/xg23/CPEB3/fraglib/4tpwa.gro 12 120 5 1
/scratch/xg23/CPEB3/fraglib/1ziwa.gro 11 61 9 1
/scratch/xg23/CPEB3/fraglib/2b5wa.gro 14 88 6 1
/scratch/xg23/CPEB3/fraglib/3mzfa.gro 14 39 6 1
/scratch/xg23/CPEB3/fraglib/1wlya.gro 11 99 8 1
/scratch/xg23/CPEB3/fraglib/2z00a.gro 14 221 6 1
/scratch/xg23/CPEB3/fraglib/5u81a.gro 14 333 5 1
/scratch/xg23/CPEB3/fraglib/3otxa.gro 11 146 8 1
/scratch/xg23/CPEB3/fraglib/4bbya.gro 11 409 9 1
/scratch/xg23/CPEB3/fraglib/3a3ja.gro 13 59 7 1
/scratch/xg23/CPEB3/fraglib/3ahya.gro 12 304 8 1
/scratch/xg23/CPEB3/fraglib/2vooa.gro 14 90 7 1
/scratch/xg23/CPEB3/fraglib/4lmba.gro 12 146 9 1
/scratch/xg23/CPEB3/fraglib/3ct4a.gro 13 39 7 1
/scratch/xg23/CPEB3/fraglib/3k3oa.gro 12 384 8 1
/scratch/xg23/CPEB3/fraglib/2z00a.gro 14 221 7 1
/scratch/xg23/CPEB3/fraglib/1uiya.gro 13 18 8 1
/scratch/xg23/CPEB3/fraglib/4ovea.gro 12 442 9 1
/scratch/xg23/CPEB3/fraglib/4zsxa.gro 13 247 8 1
/scratch/xg23/CPEB3/fraglib/6bmma.gro 16 76 5 1
/scratch/xg23/CPEB3/fraglib/5tp4a.gro 15 324 6 1
/scratch/xg23/CPEB3/fraglib/3ezza.gro 12 311 9 1
/scratch/xg23/CPEB3/fraglib/4dz1a.gro 16 36 5 1
/scratch/xg23/CPEB3/fraglib/3nvnb.gro 12 318 8 1
/scratch/xg23/CPEB3/fraglib/4o7oa.gro 12 349 9 1
/scratch/xg23/CPEB3/fraglib/1sffa.gro 13 9 8 1
/scratch/xg23/CPEB3/fraglib/1nkra.gro 12 146 9 1
/scratch/xg23/CPEB3/fraglib/1z7wa.gro 12 146 9 1
/scratch/xg23/CPEB3/fraglib/2g6za.gro 12 294 9 1
/scratch/xg23/CPEB3/fraglib/4tpwa.gro 12 120 5 1
/scratch/xg23/CPEB3/fraglib/4gxpa.gro 12 308 8 1
/scratch/xg23/CPEB3/fraglib/2vooa.gro 14 90 7 1
/scratch/xg23/CPEB3/fraglib/6bmma.gro 16 76 6 1
/scratch/xg23/CPEB3/fraglib/3ayfa.gro 14 294 8 1
/scratch/xg23/CPEB3/fraglib/5wp4a.gro 15 388 7 1
/scratch/xg23/CPEB3/fraglib/4zsxa.gro 13 247 9 1
/scratch/xg23/CPEB3/fraglib/3ct4a.gro 13 39 7 1
/scratch/xg23/CPEB3/fraglib/2e18a.gro 13 241 9 1
/scratch/xg23/CPEB3/fraglib/2z00a.gro 14 221 7 1
/scratch/xg23/CPEB3/fraglib/1uiya.gro 13 18 8 1
/scratch/xg23/CPEB3/fraglib/4g3qa.gro 13 462 9 1
/scratch/xg23/CPEB3/fraglib/1sffa.gro 13 9 8 1
/scratch/xg23/CPEB3/fraglib/3ezza.gro 13 312 9 1
/scratch/xg23/CPEB3/fraglib/5tp4a.gro 15 324 6 1
/scratch/xg23/CPEB3/fraglib/1hyqa.gro 15 215 7 1
/scratch/xg23/CPEB3/fraglib/4o7oa.gro 13 350 8 1
/scratch/xg23/CPEB3/fraglib/3k3oa.gro 14 386 6 1
/scratch/xg23/CPEB3/fraglib/5gvia.gro 14 447 7 1
/scratch/xg23/CPEB3/fraglib/4dz1a.gro 16 36 5 1
/scratch/xg23/CPEB3/fraglib/2g6za.gro 13 295 9 1
/scratch/xg23/CPEB3/fraglib/3kawa.gro 13 81 9 1
/scratch/xg23/CPEB3/fraglib/3ayfa.gro 14 294 9 1
/scratch/xg23/CPEB3/fraglib/6bmma.gro 16 76 7 1
/scratch/xg23/CPEB3/fraglib/2vooa.gro 14 90 7 1
/scratch/xg23/CPEB3/fraglib/4ja2a.gro 15 104 8 1
/scratch/xg23/CPEB3/fraglib/5wp4a.gro 15 388 7 1
/scratch/xg23/CPEB3/fraglib/1sq9a.gro 16 181 7 1
/scratch/xg23/CPEB3/fraglib/4fo0a.gro 14 127 9 1
/scratch/xg23/CPEB3/fraglib/2z00a.gro 14 221 7 1
/scratch/xg23/CPEB3/fraglib/4zsxa.gro 14 248 8 1
/scratch/xg23/CPEB3/fraglib/5tp4a.gro 15 324 6 1
/scratch/xg23/CPEB3/fraglib/1hyqa.gro 15 215 7 1
/scratch/xg23/CPEB3/fraglib/2e18a.gro 14 242 8 1
/scratch/xg23/CPEB3/fraglib/3k3oa.gro 14 386 6 1
/scratch/xg23/CPEB3/fraglib/5gvia.gro 14 447 7 1
/scratch/xg23/CPEB3/fraglib/4dz1a.gro 16 36 5 1
/scratch/xg23/CPEB3/fraglib/3cosa.gro 15 120 8 1
/scratch/xg23/CPEB3/fraglib/2dyta.gro 16 194 7 1
/scratch/xg23/CPEB3/fraglib/2akza.gro 15 261 8 1
/scratch/xg23/CPEB3/fraglib/1uiya.gro 14 19 7 1
/scratch/xg23/CPEB3/fraglib/3mzfa.gro 14 39 6 1
/scratch/xg23/CPEB3/fraglib/3b34a.gro 15 468 9 1
/scratch/xg23/CPEB3/fraglib/6bmma.gro 16 76 7 1
/scratch/xg23/CPEB3/fraglib/4ja2a.gro 15 104 8 1
/scratch/xg23/CPEB3/fraglib/5wp4a.gro 15 388 7 1
/scratch/xg23/CPEB3/fraglib/1sq9a.gro 16 181 7 1
/scratch/xg23/CPEB3/fraglib/4fo0a.gro 15 128 9 1
/scratch/xg23/CPEB3/fraglib/4ymza.gro 18 180 6 1
/scratch/xg23/CPEB3/fraglib/2iaya.gro 17 48 7 1
/scratch/xg23/CPEB3/fraglib/2b69a.gro 16 77 5 1
/scratch/xg23/CPEB3/fraglib/3iu0a.gro 15 288 9 1
/scratch/xg23/CPEB3/fraglib/2dyta.gro 16 194 7 1
/scratch/xg23/CPEB3/fraglib/6eysa.gro 15 172 8 1
/scratch/xg23/CPEB3/fraglib/2e2dc.gro 16 1004 8 1
/scratch/xg23/CPEB3/fraglib/4tvma.gro 17 208 7 1
/scratch/xg23/CPEB3/fraglib/4dz1a.gro 16 36 5 1
/scratch/xg23/CPEB3/fraglib/5tp4a.gro 15 324 6 1
/scratch/xg23/CPEB3/fraglib/1hyqa.gro 15 215 7 1
/scratch/xg23/CPEB3/fraglib/3x17a.gro 17 45 7 1
/scratch/xg23/CPEB3/fraglib/3amla.gro 17 495 5 1
/scratch/xg23/CPEB3/fraglib/2akza.gro 15 261 8 1
/scratch/xg23/CPEB3/fraglib/6bmma.gro 16 76 7 1
/scratch/xg23/CPEB3/fraglib/1sq9a.gro 16 181 7 1
/scratch/xg23/CPEB3/fraglib/3b34a.gro 16 469 8 1
/scratch/xg23/CPEB3/fraglib/4r33a.gro 16 340 9 1
/scratch/xg23/CPEB3/fraglib/6gi2a.gro 17 138 8 1
/scratch/xg23/CPEB3/fraglib/4ymza.gro 18 180 6 1
/scratch/xg23/CPEB3/fraglib/2gq0a.gro 20 281 5 1
/scratch/xg23/CPEB3/fraglib/3qp6a.gro 17 190 8 1
/scratch/xg23/CPEB3/fraglib/2iaya.gro 17 48 7 1
/scratch/xg23/CPEB3/fraglib/3rkoc.gro 17 245 8 1
/scratch/xg23/CPEB3/fraglib/5absa.gro 17 601 7 1
/scratch/xg23/CPEB3/fraglib/2b69a.gro 16 77 5 1
/scratch/xg23/CPEB3/fraglib/4tvma.gro 17 208 7 1
/scratch/xg23/CPEB3/fraglib/3w1ea.gro 18 109 6 1
/scratch/xg23/CPEB3/fraglib/2dyta.gro 16 194 7 1
/scratch/xg23/CPEB3/fraglib/3amla.gro 17 495 5 1
/scratch/xg23/CPEB3/fraglib/2xapa.gro 16 424 9 1
/scratch/xg23/CPEB3/fraglib/4ja2a.gro 17 106 6 1
/scratch/xg23/CPEB3/fraglib/4ohqa.gro 18 177 6 1
/scratch/xg23/CPEB3/fraglib/4dz1a.gro 16 36 5 1
/scratch/xg23/CPEB3/fraglib/4r33a.gro 17 341 9 1
/scratch/xg23/CPEB3/fraglib/2v1ma.gro 19 150 7 1
/scratch/xg23/CPEB3/fraglib/6bmma.gro 17 77 9 1
/scratch/xg23/CPEB3/fraglib/5dx5a.gro 17 352 9 1
/scratch/xg23/CPEB3/fraglib/1bev1.gro 17 248 9 1
/scratch/xg23/CPEB3/fraglib/3qp6a.gro 17 190 8 1
/scratch/xg23/CPEB3/fraglib/2gq0a.gro 20 281 6 1
/scratch/xg23/CPEB3/fraglib/2iaya.gro 17 48 9 1
/scratch/xg23/CPEB3/fraglib/2dyia.gro 20 139 6 1
/scratch/xg23/CPEB3/fraglib/3b34a.gro 17 470 7 1
/scratch/xg23/CPEB3/fraglib/3grea.gro 19 1089 7 1
/scratch/xg23/CPEB3/fraglib/5h06a.gro 18 311 8 1
/scratch/xg23/CPEB3/fraglib/4e1la.gro 21 119 5 1
/scratch/xg23/CPEB3/fraglib/4ymza.gro 18 180 6 1
/scratch/xg23/CPEB3/fraglib/6gi2a.gro 17 138 8 1
/scratch/xg23/CPEB3/fraglib/5n6fa.gro 17 162 7 1
/scratch/xg23/CPEB3/fraglib/3crja.gro 21 112 5 1
/scratch/xg23/CPEB3/fraglib/4c2ja.gro 19 121 7 1
/scratch/xg23/CPEB3/fraglib/4ja2a.gro 17 106 6 1
/scratch/xg23/CPEB3/fraglib/3jxea.gro 17 212 9 1
/scratch/xg23/CPEB3/fraglib/2v1ma.gro 19 150 7 1
/scratch/xg23/CPEB3/fraglib/2dyia.gro 20 139 6 1
/scratch/xg23/CPEB3/fraglib/2gq0a.gro 20 281 6 1
/scratch/xg23/CPEB3/fraglib/3grea.gro 19 1089 7 1
/scratch/xg23/CPEB3/fraglib/5h06a.gro 18 311 8 1
/scratch/xg23/CPEB3/fraglib/4c2ja.gro 19 121 7 1
/scratch/xg23/CPEB3/fraglib/4ymza.gro 18 180 6 1
/scratch/xg23/CPEB3/fraglib/2zhna.gro 19 4 7 1
/scratch/xg23/CPEB3/fraglib/1bev1.gro 19 250 7 1
/scratch/xg23/CPEB3/fraglib/1eg3a.gro 19 66 7 1
/scratch/xg23/CPEB3/fraglib/2bk6a.gro 18 82 8 1
/scratch/xg23/CPEB3/fraglib/4glja.gro 19 72 7 1
/scratch/xg23/CPEB3/fraglib/4e1la.gro 21 119 5 1
/scratch/xg23/CPEB3/fraglib/2v1ma.gro 19 150 7 1
/scratch/xg23/CPEB3/fraglib/3grea.gro 19 1089 7 1
/scratch/xg23/CPEB3/fraglib/2gq0a.gro 20 281 6 1
/scratch/xg23/CPEB3/fraglib/4e1la.gro 21 119 5 1
/scratch/xg23/CPEB3/fraglib/4c2ja.gro 19 121 7 1
/scratch/xg23/CPEB3/fraglib/4glja.gro 19 72 7 1
/scratch/xg23/CPEB3/fraglib/2iw3a.gro 19 80 7 1
/scratch/xg23/CPEB3/fraglib/4e1la.gro 21 119 5 1
/scratch/xg23/CPEB3/fraglib/2gq0a.gro 20 281 6 1
/scratch/xg23/CPEB3/fraglib/4e1la.gro 21 119 5 1
