/scratch/xg23/CPEB3/fraglib/1iwea.gro 1 423 5 1
/scratch/xg23/CPEB3/fraglib/2zj8a.gro 1 26 5 1
/scratch/xg23/CPEB3/fraglib/2p6ra.gro 1 28 5 1
/scratch/xg23/CPEB3/fraglib/1v7wa.gro 1 786 5 1
/scratch/xg23/CPEB3/fraglib/1iwea.gro 1 423 5 1
/scratch/xg23/CPEB3/fraglib/3fwna.gro 2 306 5 1
/scratch/xg23/CPEB3/fraglib/1xkqa.gro 2 153 5 1
/scratch/xg23/CPEB3/fraglib/2zj8a.gro 1 26 5 1
/scratch/xg23/CPEB3/fraglib/2p6ra.gro 1 28 5 1
/scratch/xg23/CPEB3/fraglib/1v7wa.gro 1 786 5 1
/scratch/xg23/CPEB3/fraglib/3fwna.gro 2 306 6 1
/scratch/xg23/CPEB3/fraglib/1iwea.gro 1 423 5 1
/scratch/xg23/CPEB3/fraglib/1v7wa.gro 1 786 7 1
/scratch/xg23/CPEB3/fraglib/1xkqa.gro 2 153 5 1
/scratch/xg23/CPEB3/fraglib/2zj8a.gro 1 26 5 1
/scratch/xg23/CPEB3/fraglib/2p6ra.gro 1 28 5 1
/scratch/xg23/CPEB3/fraglib/1jnra.gro 2 380 6 1
/scratch/xg23/CPEB3/fraglib/5xoga.gro 1 244 7 1
/scratch/xg23/CPEB3/fraglib/4hhja.gro 2 692 6 1
/scratch/xg23/CPEB3/fraglib/3fwna.gro 2 306 6 1
/scratch/xg23/CPEB3/fraglib/1iwea.gro 1 423 5 1
/scratch/xg23/CPEB3/fraglib/1cnza.gro 1 85 8 1
/scratch/xg23/CPEB3/fraglib/1jnra.gro 2 380 7 1
/scratch/xg23/CPEB3/fraglib/1v7wa.gro 1 786 7 1
/scratch/xg23/CPEB3/fraglib/1xkqa.gro 2 153 5 1
/scratch/xg23/CPEB3/fraglib/2zj8a.gro 1 26 5 1
/scratch/xg23/CPEB3/fraglib/2p6ra.gro 1 28 5 1
/scratch/xg23/CPEB3/fraglib/2vjqa.gro 2 228 6 1
/scratch/xg23/CPEB3/fraglib/4nefa.gro 2 35 6 1
/scratch/xg23/CPEB3/fraglib/2ixma.gro 1 92 8 1
/scratch/xg23/CPEB3/fraglib/2wjnm.gro 1 95 5 1
/scratch/xg23/CPEB3/fraglib/4k90a.gro 1 398 8 1
/scratch/xg23/CPEB3/fraglib/4hhja.gro 2 692 7 1
/scratch/xg23/CPEB3/fraglib/5xoga.gro 1 244 7 1
/scratch/xg23/CPEB3/fraglib/3trga.gro 1 71 7 1
/scratch/xg23/CPEB3/fraglib/5b66d.gro 2 331 7 1
/scratch/xg23/CPEB3/fraglib/3fwna.gro 2 306 6 1
/scratch/xg23/CPEB3/fraglib/1iwea.gro 1 423 5 1
/scratch/xg23/CPEB3/fraglib/1cnza.gro 1 85 8 1
/scratch/xg23/CPEB3/fraglib/1jnra.gro 2 380 7 1
/scratch/xg23/CPEB3/fraglib/1v7wa.gro 1 786 7 1
/scratch/xg23/CPEB3/fraglib/2p6ra.gro 1 28 9 1
/scratch/xg23/CPEB3/fraglib/1xkqa.gro 2 153 5 1
/scratch/xg23/CPEB3/fraglib/3p8cb.gro 5 7 5 1
/scratch/xg23/CPEB3/fraglib/2zj8a.gro 1 26 5 1
/scratch/xg23/CPEB3/fraglib/5cq9a.gro 4 91 6 1
/scratch/xg23/CPEB3/fraglib/2pkfa.gro 4 168 6 1
/scratch/xg23/CPEB3/fraglib/2vjqa.gro 2 228 6 1
/scratch/xg23/CPEB3/fraglib/2qqoa.gro 2 479 8 1
/scratch/xg23/CPEB3/fraglib/4nefa.gro 2 35 6 1
/scratch/xg23/CPEB3/fraglib/2ixma.gro 1 92 8 1
/scratch/xg23/CPEB3/fraglib/2wjnm.gro 1 95 5 1
/scratch/xg23/CPEB3/fraglib/4k90a.gro 1 398 8 1
/scratch/xg23/CPEB3/fraglib/4hhja.gro 2 692 7 1
/scratch/xg23/CPEB3/fraglib/5xoga.gro 1 244 7 1
/scratch/xg23/CPEB3/fraglib/3trga.gro 1 71 7 1
/scratch/xg23/CPEB3/fraglib/2flha.gro 2 60 9 1
/scratch/xg23/CPEB3/fraglib/3fwna.gro 2 306 9 1
/scratch/xg23/CPEB3/fraglib/4hiza.gro 2 675 9 1
/scratch/xg23/CPEB3/fraglib/1jnra.gro 2 380 7 1
/scratch/xg23/CPEB3/fraglib/3p8cb.gro 5 7 6 1
/scratch/xg23/CPEB3/fraglib/2idla.gro 2 73 9 1
/scratch/xg23/CPEB3/fraglib/5xspa.gro 3 474 8 1
/scratch/xg23/CPEB3/fraglib/2qqoa.gro 2 479 8 1
/scratch/xg23/CPEB3/fraglib/4zfva.gro 2 55 9 1
/scratch/xg23/CPEB3/fraglib/1xkqa.gro 2 153 5 1
/scratch/xg23/CPEB3/fraglib/1zud1.gro 2 82 9 1
/scratch/xg23/CPEB3/fraglib/2vjqa.gro 2 228 6 1
/scratch/xg23/CPEB3/fraglib/1m2tb.gro 3 485 8 1
/scratch/xg23/CPEB3/fraglib/5cq9a.gro 4 91 6 1
/scratch/xg23/CPEB3/fraglib/4nefa.gro 2 35 6 1
/scratch/xg23/CPEB3/fraglib/1nzia.gro 2 14 7 1
/scratch/xg23/CPEB3/fraglib/4omfg.gro 3 147 7 1
/scratch/xg23/CPEB3/fraglib/2pkfa.gro 4 168 6 1
/scratch/xg23/CPEB3/fraglib/3zyia.gro 2 70 9 1
/scratch/xg23/CPEB3/fraglib/1pgua.gro 5 13 6 1
/scratch/xg23/CPEB3/fraglib/5cq9a.gro 4 91 8 1
/scratch/xg23/CPEB3/fraglib/5b66c.gro 5 385 7 1
/scratch/xg23/CPEB3/fraglib/4omfg.gro 3 147 7 1
/scratch/xg23/CPEB3/fraglib/3p8cb.gro 5 7 6 1
/scratch/xg23/CPEB3/fraglib/5ojla.gro 6 101 6 1
/scratch/xg23/CPEB3/fraglib/1m2tb.gro 3 485 8 1
/scratch/xg23/CPEB3/fraglib/2pkfa.gro 4 168 6 1
/scratch/xg23/CPEB3/fraglib/1pgua.gro 5 13 6 1
/scratch/xg23/CPEB3/fraglib/4gysa.gro 4 234 8 1
/scratch/xg23/CPEB3/fraglib/5ngda.gro 4 414 8 1
/scratch/xg23/CPEB3/fraglib/5ez7a.gro 5 220 7 1
/scratch/xg23/CPEB3/fraglib/5xspa.gro 3 474 8 1
/scratch/xg23/CPEB3/fraglib/3mesa.gro 3 345 7 1
/scratch/xg23/CPEB3/fraglib/4ubta.gro 3 204 9 1
/scratch/xg23/CPEB3/fraglib/5tw7a.gro 3 94 8 1
/scratch/xg23/CPEB3/fraglib/1zj8a.gro 3 404 9 1
/scratch/xg23/CPEB3/fraglib/3ip1a.gro 4 242 8 1
/scratch/xg23/CPEB3/fraglib/5f8ca.gro 3 251 6 1
/scratch/xg23/CPEB3/fraglib/4hiza.gro 6 679 5 1
/scratch/xg23/CPEB3/fraglib/2zi0a.gro 6 41 6 1
/scratch/xg23/CPEB3/fraglib/5cq9a.gro 4 91 8 1
/scratch/xg23/CPEB3/fraglib/5b66c.gro 5 385 8 1
/scratch/xg23/CPEB3/fraglib/2zi0a.gro 6 41 7 1
/scratch/xg23/CPEB3/fraglib/3p8cb.gro 5 7 6 1
/scratch/xg23/CPEB3/fraglib/5ngda.gro 4 414 9 1
/scratch/xg23/CPEB3/fraglib/5ojla.gro 6 101 6 1
/scratch/xg23/CPEB3/fraglib/2pkfa.gro 4 168 6 1
/scratch/xg23/CPEB3/fraglib/5ez7a.gro 5 220 7 1
/scratch/xg23/CPEB3/fraglib/4gysa.gro 4 234 8 1
/scratch/xg23/CPEB3/fraglib/5lsfb.gro 4 50 9 1
/scratch/xg23/CPEB3/fraglib/4j94a.gro 5 43 7 1
/scratch/xg23/CPEB3/fraglib/1jz8a.gro 6 47 7 1
/scratch/xg23/CPEB3/fraglib/4tpwa.gro 8 120 5 1
/scratch/xg23/CPEB3/fraglib/3ip1a.gro 4 242 9 1
/scratch/xg23/CPEB3/fraglib/6f8ba.gro 5 202 8 1
/scratch/xg23/CPEB3/fraglib/1pgua.gro 5 13 6 1
/scratch/xg23/CPEB3/fraglib/4axsa.gro 6 17 5 1
/scratch/xg23/CPEB3/fraglib/3dlsa.gro 5 1233 8 1
/scratch/xg23/CPEB3/fraglib/4hiza.gro 6 679 5 1
/scratch/xg23/CPEB3/fraglib/2a72a.gro 5 321 6 1
/scratch/xg23/CPEB3/fraglib/4gysa.gro 5 235 9 1
/scratch/xg23/CPEB3/fraglib/5b66c.gro 5 385 8 1
/scratch/xg23/CPEB3/fraglib/3p8cb.gro 5 7 6 1
/scratch/xg23/CPEB3/fraglib/5ojla.gro 6 101 6 1
/scratch/xg23/CPEB3/fraglib/2zi0a.gro 6 41 7 1
/scratch/xg23/CPEB3/fraglib/1b48a.gro 5 199 9 1
/scratch/xg23/CPEB3/fraglib/4o7oa.gro 5 346 9 1
/scratch/xg23/CPEB3/fraglib/5xspa.gro 5 476 6 1
/scratch/xg23/CPEB3/fraglib/5cq9a.gro 6 93 6 1
/scratch/xg23/CPEB3/fraglib/1czan.gro 6 513 8 1
/scratch/xg23/CPEB3/fraglib/1f3aa.gro 5 198 9 1
/scratch/xg23/CPEB3/fraglib/1mkfa.gro 5 208 9 1
/scratch/xg23/CPEB3/fraglib/4tpwa.gro 8 120 5 1
/scratch/xg23/CPEB3/fraglib/3nvnb.gro 8 318 6 1
/scratch/xg23/CPEB3/fraglib/1pgua.gro 5 13 6 1
/scratch/xg23/CPEB3/fraglib/6f8ba.gro 5 202 8 1
/scratch/xg23/CPEB3/fraglib/4u98a.gro 5 329 9 1
/scratch/xg23/CPEB3/fraglib/2fr1a.gro 7 1824 6 1
/scratch/xg23/CPEB3/fraglib/3ct4a.gro 9 39 5 1
/scratch/xg23/CPEB3/fraglib/1jz8a.gro 6 47 7 1
/scratch/xg23/CPEB3/fraglib/4gysa.gro 6 236 8 1
/scratch/xg23/CPEB3/fraglib/5mx9a.gro 6 486 9 1
/scratch/xg23/CPEB3/fraglib/2zi0a.gro 6 41 8 1
/scratch/xg23/CPEB3/fraglib/5cq9a.gro 6 93 6 1
/scratch/xg23/CPEB3/fraglib/5ojla.gro 6 101 6 1
/scratch/xg23/CPEB3/fraglib/1czan.gro 6 513 8 1
/scratch/xg23/CPEB3/fraglib/2iwba.gro 7 383 7 1
/scratch/xg23/CPEB3/fraglib/4tpwa.gro 8 120 5 1
/scratch/xg23/CPEB3/fraglib/3nvnb.gro 8 318 6 1
/scratch/xg23/CPEB3/fraglib/1jz8a.gro 6 47 7 1
/scratch/xg23/CPEB3/fraglib/2f4ma.gro 6 341 5 1
/scratch/xg23/CPEB3/fraglib/3wj1a.gro 7 208 8 1
/scratch/xg23/CPEB3/fraglib/3ct4a.gro 9 39 5 1
/scratch/xg23/CPEB3/fraglib/1f8va.gro 6 27 9 1
/scratch/xg23/CPEB3/fraglib/3otxa.gro 7 146 8 1
/scratch/xg23/CPEB3/fraglib/4hiza.gro 6 679 5 1
/scratch/xg23/CPEB3/fraglib/3mhsa.gro 6 128 6 1
/scratch/xg23/CPEB3/fraglib/3wana.gro 6 22 9 1
/scratch/xg23/CPEB3/fraglib/1ziwa.gro 7 61 8 1
/scratch/xg23/CPEB3/fraglib/1ziwa.gro 6 480 5 1
/scratch/xg23/CPEB3/fraglib/3ct4a.gro 9 39 7 1
/scratch/xg23/CPEB3/fraglib/3k3oa.gro 8 384 8 1
/scratch/xg23/CPEB3/fraglib/3nvnb.gro 8 318 8 1
/scratch/xg23/CPEB3/fraglib/5vn5a.gro 7 183 9 1
/scratch/xg23/CPEB3/fraglib/5vn5a.gro 7 237 6 1
/scratch/xg23/CPEB3/fraglib/2iwba.gro 7 383 9 1
/scratch/xg23/CPEB3/fraglib/1k38a.gro 7 59 9 1
/scratch/xg23/CPEB3/fraglib/3wj1a.gro 7 208 8 1
/scratch/xg23/CPEB3/fraglib/4gxpa.gro 8 308 8 1
/scratch/xg23/CPEB3/fraglib/4tpwa.gro 8 120 5 1
/scratch/xg23/CPEB3/fraglib/1ziwa.gro 7 61 9 1
/scratch/xg23/CPEB3/fraglib/2b5wa.gro 10 88 6 1
/scratch/xg23/CPEB3/fraglib/3mzfa.gro 10 39 6 1
/scratch/xg23/CPEB3/fraglib/1wlya.gro 7 99 8 1
/scratch/xg23/CPEB3/fraglib/2z00a.gro 10 221 6 1
/scratch/xg23/CPEB3/fraglib/5u81a.gro 10 333 5 1
/scratch/xg23/CPEB3/fraglib/3otxa.gro 7 146 8 1
/scratch/xg23/CPEB3/fraglib/4bbya.gro 7 409 9 1
/scratch/xg23/CPEB3/fraglib/3a3ja.gro 9 59 7 1
/scratch/xg23/CPEB3/fraglib/3ahya.gro 8 304 8 1
/scratch/xg23/CPEB3/fraglib/2vooa.gro 10 90 7 1
/scratch/xg23/CPEB3/fraglib/4lmba.gro 8 146 9 1
/scratch/xg23/CPEB3/fraglib/3ct4a.gro 9 39 7 1
/scratch/xg23/CPEB3/fraglib/3k3oa.gro 8 384 8 1
/scratch/xg23/CPEB3/fraglib/2z00a.gro 10 221 7 1
/scratch/xg23/CPEB3/fraglib/1uiya.gro 9 18 8 1
/scratch/xg23/CPEB3/fraglib/4ovea.gro 8 442 9 1
/scratch/xg23/CPEB3/fraglib/4zsxa.gro 9 247 8 1
/scratch/xg23/CPEB3/fraglib/6bmma.gro 12 76 5 1
/scratch/xg23/CPEB3/fraglib/5tp4a.gro 11 324 6 1
/scratch/xg23/CPEB3/fraglib/3ezza.gro 8 311 9 1
/scratch/xg23/CPEB3/fraglib/4dz1a.gro 12 36 5 1
/scratch/xg23/CPEB3/fraglib/3nvnb.gro 8 318 8 1
/scratch/xg23/CPEB3/fraglib/4o7oa.gro 8 349 9 1
/scratch/xg23/CPEB3/fraglib/1sffa.gro 9 9 8 1
/scratch/xg23/CPEB3/fraglib/1nkra.gro 8 146 9 1
/scratch/xg23/CPEB3/fraglib/1z7wa.gro 8 146 9 1
/scratch/xg23/CPEB3/fraglib/2g6za.gro 8 294 9 1
/scratch/xg23/CPEB3/fraglib/4tpwa.gro 8 120 5 1
/scratch/xg23/CPEB3/fraglib/4gxpa.gro 8 308 8 1
/scratch/xg23/CPEB3/fraglib/2vooa.gro 10 90 7 1
/scratch/xg23/CPEB3/fraglib/6bmma.gro 12 76 6 1
/scratch/xg23/CPEB3/fraglib/3ayfa.gro 10 294 8 1
/scratch/xg23/CPEB3/fraglib/5wp4a.gro 11 388 7 1
/scratch/xg23/CPEB3/fraglib/4zsxa.gro 9 247 9 1
/scratch/xg23/CPEB3/fraglib/3ct4a.gro 9 39 7 1
/scratch/xg23/CPEB3/fraglib/2e18a.gro 9 241 9 1
/scratch/xg23/CPEB3/fraglib/2z00a.gro 10 221 7 1
/scratch/xg23/CPEB3/fraglib/1uiya.gro 9 18 8 1
/scratch/xg23/CPEB3/fraglib/4g3qa.gro 9 462 9 1
/scratch/xg23/CPEB3/fraglib/1sffa.gro 9 9 8 1
/scratch/xg23/CPEB3/fraglib/3ezza.gro 9 312 9 1
/scratch/xg23/CPEB3/fraglib/5tp4a.gro 11 324 6 1
/scratch/xg23/CPEB3/fraglib/1hyqa.gro 11 215 7 1
/scratch/xg23/CPEB3/fraglib/4o7oa.gro 9 350 8 1
/scratch/xg23/CPEB3/fraglib/3k3oa.gro 10 386 6 1
/scratch/xg23/CPEB3/fraglib/5gvia.gro 10 447 7 1
/scratch/xg23/CPEB3/fraglib/4dz1a.gro 12 36 5 1
/scratch/xg23/CPEB3/fraglib/2g6za.gro 9 295 9 1
/scratch/xg23/CPEB3/fraglib/3kawa.gro 9 81 9 1
/scratch/xg23/CPEB3/fraglib/3ayfa.gro 10 294 9 1
/scratch/xg23/CPEB3/fraglib/6bmma.gro 12 76 7 1
/scratch/xg23/CPEB3/fraglib/2vooa.gro 10 90 7 1
/scratch/xg23/CPEB3/fraglib/4ja2a.gro 11 104 8 1
/scratch/xg23/CPEB3/fraglib/5wp4a.gro 11 388 7 1
/scratch/xg23/CPEB3/fraglib/1sq9a.gro 12 181 7 1
/scratch/xg23/CPEB3/fraglib/4fo0a.gro 10 127 9 1
/scratch/xg23/CPEB3/fraglib/2z00a.gro 10 221 7 1
/scratch/xg23/CPEB3/fraglib/4zsxa.gro 10 248 8 1
/scratch/xg23/CPEB3/fraglib/5tp4a.gro 11 324 6 1
/scratch/xg23/CPEB3/fraglib/1hyqa.gro 11 215 7 1
/scratch/xg23/CPEB3/fraglib/2e18a.gro 10 242 8 1
/scratch/xg23/CPEB3/fraglib/3k3oa.gro 10 386 6 1
/scratch/xg23/CPEB3/fraglib/5gvia.gro 10 447 7 1
/scratch/xg23/CPEB3/fraglib/4dz1a.gro 12 36 5 1
/scratch/xg23/CPEB3/fraglib/3cosa.gro 11 120 8 1
/scratch/xg23/CPEB3/fraglib/2dyta.gro 12 194 7 1
/scratch/xg23/CPEB3/fraglib/2akza.gro 11 261 8 1
/scratch/xg23/CPEB3/fraglib/1uiya.gro 10 19 7 1
/scratch/xg23/CPEB3/fraglib/3mzfa.gro 10 39 6 1
/scratch/xg23/CPEB3/fraglib/3b34a.gro 11 468 9 1
/scratch/xg23/CPEB3/fraglib/6bmma.gro 12 76 7 1
/scratch/xg23/CPEB3/fraglib/4ja2a.gro 11 104 8 1
/scratch/xg23/CPEB3/fraglib/5wp4a.gro 11 388 7 1
/scratch/xg23/CPEB3/fraglib/1sq9a.gro 12 181 7 1
/scratch/xg23/CPEB3/fraglib/4fo0a.gro 11 128 9 1
/scratch/xg23/CPEB3/fraglib/4ymza.gro 14 180 6 1
/scratch/xg23/CPEB3/fraglib/2iaya.gro 13 48 7 1
/scratch/xg23/CPEB3/fraglib/2b69a.gro 12 77 5 1
/scratch/xg23/CPEB3/fraglib/3iu0a.gro 11 288 9 1
/scratch/xg23/CPEB3/fraglib/2dyta.gro 12 194 7 1
/scratch/xg23/CPEB3/fraglib/6eysa.gro 11 172 8 1
/scratch/xg23/CPEB3/fraglib/2e2dc.gro 12 1004 8 1
/scratch/xg23/CPEB3/fraglib/4tvma.gro 13 208 7 1
/scratch/xg23/CPEB3/fraglib/4dz1a.gro 12 36 5 1
/scratch/xg23/CPEB3/fraglib/5tp4a.gro 11 324 6 1
/scratch/xg23/CPEB3/fraglib/1hyqa.gro 11 215 7 1
/scratch/xg23/CPEB3/fraglib/3x17a.gro 13 45 7 1
/scratch/xg23/CPEB3/fraglib/3amla.gro 13 495 5 1
/scratch/xg23/CPEB3/fraglib/2akza.gro 11 261 8 1
/scratch/xg23/CPEB3/fraglib/6bmma.gro 12 76 7 1
/scratch/xg23/CPEB3/fraglib/1sq9a.gro 12 181 7 1
/scratch/xg23/CPEB3/fraglib/3b34a.gro 12 469 8 1
/scratch/xg23/CPEB3/fraglib/4r33a.gro 12 340 9 1
/scratch/xg23/CPEB3/fraglib/6gi2a.gro 13 138 8 1
/scratch/xg23/CPEB3/fraglib/4ymza.gro 14 180 6 1
/scratch/xg23/CPEB3/fraglib/2gq0a.gro 16 281 5 1
/scratch/xg23/CPEB3/fraglib/3qp6a.gro 13 190 8 1
/scratch/xg23/CPEB3/fraglib/2iaya.gro 13 48 7 1
/scratch/xg23/CPEB3/fraglib/3rkoc.gro 13 245 8 1
/scratch/xg23/CPEB3/fraglib/5absa.gro 13 601 7 1
/scratch/xg23/CPEB3/fraglib/2b69a.gro 12 77 5 1
/scratch/xg23/CPEB3/fraglib/4tvma.gro 13 208 7 1
/scratch/xg23/CPEB3/fraglib/3w1ea.gro 14 109 6 1
/scratch/xg23/CPEB3/fraglib/2dyta.gro 12 194 7 1
/scratch/xg23/CPEB3/fraglib/3amla.gro 13 495 5 1
/scratch/xg23/CPEB3/fraglib/2xapa.gro 12 424 9 1
/scratch/xg23/CPEB3/fraglib/4ja2a.gro 13 106 6 1
/scratch/xg23/CPEB3/fraglib/4ohqa.gro 14 177 6 1
/scratch/xg23/CPEB3/fraglib/4dz1a.gro 12 36 5 1
/scratch/xg23/CPEB3/fraglib/4r33a.gro 13 341 9 1
/scratch/xg23/CPEB3/fraglib/2v1ma.gro 15 150 7 1
/scratch/xg23/CPEB3/fraglib/6bmma.gro 13 77 9 1
/scratch/xg23/CPEB3/fraglib/5dx5a.gro 13 352 9 1
/scratch/xg23/CPEB3/fraglib/1bev1.gro 13 248 9 1
/scratch/xg23/CPEB3/fraglib/3qp6a.gro 13 190 8 1
/scratch/xg23/CPEB3/fraglib/2gq0a.gro 16 281 6 1
/scratch/xg23/CPEB3/fraglib/2iaya.gro 13 48 9 1
/scratch/xg23/CPEB3/fraglib/2dyia.gro 16 139 6 1
/scratch/xg23/CPEB3/fraglib/3b34a.gro 13 470 7 1
/scratch/xg23/CPEB3/fraglib/3grea.gro 15 1089 7 1
/scratch/xg23/CPEB3/fraglib/5h06a.gro 14 311 8 1
/scratch/xg23/CPEB3/fraglib/4e1la.gro 17 119 5 1
/scratch/xg23/CPEB3/fraglib/4ymza.gro 14 180 6 1
/scratch/xg23/CPEB3/fraglib/6gi2a.gro 13 138 8 1
/scratch/xg23/CPEB3/fraglib/5n6fa.gro 13 162 7 1
/scratch/xg23/CPEB3/fraglib/3crja.gro 17 112 5 1
/scratch/xg23/CPEB3/fraglib/4c2ja.gro 15 121 7 1
/scratch/xg23/CPEB3/fraglib/4ja2a.gro 13 106 6 1
/scratch/xg23/CPEB3/fraglib/3jxea.gro 13 212 9 1
/scratch/xg23/CPEB3/fraglib/2v1ma.gro 15 150 7 1
/scratch/xg23/CPEB3/fraglib/5u9pa.gro 14 154 9 1
/scratch/xg23/CPEB3/fraglib/5odoa.gro 16 469 7 1
/scratch/xg23/CPEB3/fraglib/2dyia.gro 16 139 6 1
/scratch/xg23/CPEB3/fraglib/2dyia.gro 19 11 4 1
/scratch/xg23/CPEB3/fraglib/2gq0a.gro 16 281 6 1
/scratch/xg23/CPEB3/fraglib/3grea.gro 15 1089 7 1
/scratch/xg23/CPEB3/fraglib/3vsfa.gro 15 251 8 1
/scratch/xg23/CPEB3/fraglib/6eqta.gro 17 156 6 1
/scratch/xg23/CPEB3/fraglib/5h06a.gro 14 311 8 1
/scratch/xg23/CPEB3/fraglib/4c2ja.gro 15 121 7 1
/scratch/xg23/CPEB3/fraglib/4ymza.gro 14 180 6 1
/scratch/xg23/CPEB3/fraglib/3zdsa.gro 15 34 8 1
/scratch/xg23/CPEB3/fraglib/2zhna.gro 15 4 7 1
/scratch/xg23/CPEB3/fraglib/1bev1.gro 15 250 7 1
/scratch/xg23/CPEB3/fraglib/1eg3a.gro 15 66 7 1
/scratch/xg23/CPEB3/fraglib/2bk6a.gro 14 82 8 1
/scratch/xg23/CPEB3/fraglib/4glja.gro 15 72 7 1
/scratch/xg23/CPEB3/fraglib/2qxxa.gro 15 156 8 1
/scratch/xg23/CPEB3/fraglib/4e1la.gro 17 119 5 1
/scratch/xg23/CPEB3/fraglib/2v1ma.gro 15 150 7 1
/scratch/xg23/CPEB3/fraglib/2dyia.gro 16 139 8 1
/scratch/xg23/CPEB3/fraglib/2dyia.gro 19 11 4 1
/scratch/xg23/CPEB3/fraglib/5odoa.gro 16 469 7 1
/scratch/xg23/CPEB3/fraglib/5u9pa.gro 16 156 7 1
/scratch/xg23/CPEB3/fraglib/4nkba.gro 16 472 8 1
/scratch/xg23/CPEB3/fraglib/3grea.gro 15 1089 7 1
/scratch/xg23/CPEB3/fraglib/2gq0a.gro 16 281 6 1
/scratch/xg23/CPEB3/fraglib/3vsfa.gro 15 251 8 1
/scratch/xg23/CPEB3/fraglib/5cl2a.gro 18 161 6 1
/scratch/xg23/CPEB3/fraglib/1bev1.gro 15 250 9 1
/scratch/xg23/CPEB3/fraglib/4e1la.gro 17 119 5 1
/scratch/xg23/CPEB3/fraglib/5ji3a.gro 17 124 7 1
/scratch/xg23/CPEB3/fraglib/3n0la.gro 16 209 8 1
/scratch/xg23/CPEB3/fraglib/3phha.gro 15 246 9 1
/scratch/xg23/CPEB3/fraglib/3zdsa.gro 15 34 8 1
/scratch/xg23/CPEB3/fraglib/4c2ja.gro 15 121 7 1
/scratch/xg23/CPEB3/fraglib/4glja.gro 15 72 7 1
/scratch/xg23/CPEB3/fraglib/2iw3a.gro 15 80 7 1
/scratch/xg23/CPEB3/fraglib/4n4ua.gro 15 168 9 1
/scratch/xg23/CPEB3/fraglib/3epwa.gro 16 217 9 1
/scratch/xg23/CPEB3/fraglib/5cl2a.gro 18 161 7 1
/scratch/xg23/CPEB3/fraglib/1bev1.gro 16 251 9 1
/scratch/xg23/CPEB3/fraglib/5ocsa.gro 18 282 7 1
/scratch/xg23/CPEB3/fraglib/5odoa.gro 16 469 7 1
/scratch/xg23/CPEB3/fraglib/4c2ja.gro 17 123 8 1
/scratch/xg23/CPEB3/fraglib/1dcua.gro 16 260 9 1
/scratch/xg23/CPEB3/fraglib/5u9pa.gro 16 156 7 1
/scratch/xg23/CPEB3/fraglib/4e1la.gro 17 119 5 1
/scratch/xg23/CPEB3/fraglib/2dyia.gro 16 139 8 1
/scratch/xg23/CPEB3/fraglib/2dyia.gro 19 11 4 1
/scratch/xg23/CPEB3/fraglib/2gq0a.gro 16 281 6 1
/scratch/xg23/CPEB3/fraglib/5a0ya.gro 17 492 8 1
/scratch/xg23/CPEB3/fraglib/3vsfa.gro 16 252 7 1
/scratch/xg23/CPEB3/fraglib/4k6lf.gro 18 240 7 1
/scratch/xg23/CPEB3/fraglib/4n4ua.gro 16 169 9 1
/scratch/xg23/CPEB3/fraglib/3ttva.gro 17 514 8 1
/scratch/xg23/CPEB3/fraglib/1itwa.gro 18 320 7 1
/scratch/xg23/CPEB3/fraglib/3n0la.gro 16 209 8 1
/scratch/xg23/CPEB3/fraglib/4eyga.gro 16 205 9 1
/scratch/xg23/CPEB3/fraglib/5cl2a.gro 18 161 7 1
/scratch/xg23/CPEB3/fraglib/5ocsa.gro 18 282 7 1
/scratch/xg23/CPEB3/fraglib/2afwa.gro 17 111 9 1
/scratch/xg23/CPEB3/fraglib/4c2ja.gro 17 123 9 1
/scratch/xg23/CPEB3/fraglib/4k6lf.gro 18 240 7 1
/scratch/xg23/CPEB3/fraglib/5a0ya.gro 17 492 8 1
/scratch/xg23/CPEB3/fraglib/3epwa.gro 18 219 7 1
/scratch/xg23/CPEB3/fraglib/3wd6a.gro 20 39 6 1
/scratch/xg23/CPEB3/fraglib/4wgfa.gro 18 78 7 1
/scratch/xg23/CPEB3/fraglib/4lv5a.gro 17 314 9 1
/scratch/xg23/CPEB3/fraglib/3c6ba.gro 17 115 7 1
/scratch/xg23/CPEB3/fraglib/1bev1.gro 18 253 7 1
/scratch/xg23/CPEB3/fraglib/4e1la.gro 17 119 5 1
/scratch/xg23/CPEB3/fraglib/2nlya.gro 18 178 8 1
/scratch/xg23/CPEB3/fraglib/3crja.gro 17 112 7 1
/scratch/xg23/CPEB3/fraglib/1itwa.gro 18 320 7 1
/scratch/xg23/CPEB3/fraglib/5ji3a.gro 17 124 7 1
/scratch/xg23/CPEB3/fraglib/1f97a.gro 19 80 6 1
/scratch/xg23/CPEB3/fraglib/5ziba.gro 17 562 7 1
/scratch/xg23/CPEB3/fraglib/4p02a.gro 17 482 9 1
/scratch/xg23/CPEB3/fraglib/5cl2a.gro 18 161 7 1
/scratch/xg23/CPEB3/fraglib/5ocsa.gro 18 282 7 1
/scratch/xg23/CPEB3/fraglib/4k6lf.gro 18 240 7 1
/scratch/xg23/CPEB3/fraglib/3epwa.gro 18 219 7 1
/scratch/xg23/CPEB3/fraglib/3wd6a.gro 20 39 6 1
/scratch/xg23/CPEB3/fraglib/2dqba.gro 19 17 7 1
/scratch/xg23/CPEB3/fraglib/2nlya.gro 18 178 8 1
/scratch/xg23/CPEB3/fraglib/1bev1.gro 18 253 7 1
/scratch/xg23/CPEB3/fraglib/4wgfa.gro 18 78 7 1
/scratch/xg23/CPEB3/fraglib/3r4za.gro 18 145 8 1
/scratch/xg23/CPEB3/fraglib/4ok4a.gro 20 369 6 1
/scratch/xg23/CPEB3/fraglib/3wd6a.gro 20 39 6 1
/scratch/xg23/CPEB3/fraglib/5cl2a.gro 19 162 6 1
/scratch/xg23/CPEB3/fraglib/2aama.gro 20 290 6 1
/scratch/xg23/CPEB3/fraglib/2dqba.gro 19 17 7 1
/scratch/xg23/CPEB3/fraglib/3epwa.gro 19 220 6 1
/scratch/xg23/CPEB3/fraglib/3wjmb.gro 20 308 6 1
/scratch/xg23/CPEB3/fraglib/3lgca.gro 21 36 5 1
/scratch/xg23/CPEB3/fraglib/2aama.gro 20 290 6 1
/scratch/xg23/CPEB3/fraglib/3wjmb.gro 20 308 6 1
/scratch/xg23/CPEB3/fraglib/3lgca.gro 21 36 5 1
/scratch/xg23/CPEB3/fraglib/2nlya.gro 20 180 6 1
/scratch/xg23/CPEB3/fraglib/3lgca.gro 21 36 5 1
