/scratch/xg23/CPEB3/fraglib/3p8cb.gro 1 7 5 1
/scratch/xg23/CPEB3/fraglib/3p8cb.gro 1 7 6 1
/scratch/xg23/CPEB3/fraglib/1pgua.gro 1 13 6 1
/scratch/xg23/CPEB3/fraglib/5b66c.gro 1 385 7 1
/scratch/xg23/CPEB3/fraglib/3p8cb.gro 1 7 6 1
/scratch/xg23/CPEB3/fraglib/5ojla.gro 2 101 6 1
/scratch/xg23/CPEB3/fraglib/1pgua.gro 1 13 6 1
/scratch/xg23/CPEB3/fraglib/5ez7a.gro 1 220 7 1
/scratch/xg23/CPEB3/fraglib/4hiza.gro 2 679 5 1
/scratch/xg23/CPEB3/fraglib/2zi0a.gro 2 41 6 1
/scratch/xg23/CPEB3/fraglib/5b66c.gro 1 385 8 1
/scratch/xg23/CPEB3/fraglib/2zi0a.gro 2 41 7 1
/scratch/xg23/CPEB3/fraglib/3p8cb.gro 1 7 6 1
/scratch/xg23/CPEB3/fraglib/5ojla.gro 2 101 6 1
/scratch/xg23/CPEB3/fraglib/5ez7a.gro 1 220 7 1
/scratch/xg23/CPEB3/fraglib/4j94a.gro 1 43 7 1
/scratch/xg23/CPEB3/fraglib/1jz8a.gro 2 47 7 1
/scratch/xg23/CPEB3/fraglib/4tpwa.gro 4 120 5 1
/scratch/xg23/CPEB3/fraglib/6f8ba.gro 1 202 8 1
/scratch/xg23/CPEB3/fraglib/1pgua.gro 1 13 6 1
/scratch/xg23/CPEB3/fraglib/4axsa.gro 2 17 5 1
/scratch/xg23/CPEB3/fraglib/3dlsa.gro 1 1233 8 1
/scratch/xg23/CPEB3/fraglib/4hiza.gro 2 679 5 1
/scratch/xg23/CPEB3/fraglib/2a72a.gro 1 321 6 1
/scratch/xg23/CPEB3/fraglib/4gysa.gro 1 235 9 1
/scratch/xg23/CPEB3/fraglib/5b66c.gro 1 385 8 1
/scratch/xg23/CPEB3/fraglib/3p8cb.gro 1 7 6 1
/scratch/xg23/CPEB3/fraglib/5ojla.gro 2 101 6 1
/scratch/xg23/CPEB3/fraglib/2zi0a.gro 2 41 7 1
/scratch/xg23/CPEB3/fraglib/1b48a.gro 1 199 9 1
/scratch/xg23/CPEB3/fraglib/4o7oa.gro 1 346 9 1
/scratch/xg23/CPEB3/fraglib/5xspa.gro 1 476 6 1
/scratch/xg23/CPEB3/fraglib/5cq9a.gro 2 93 6 1
/scratch/xg23/CPEB3/fraglib/1czan.gro 2 513 8 1
/scratch/xg23/CPEB3/fraglib/1f3aa.gro 1 198 9 1
/scratch/xg23/CPEB3/fraglib/1mkfa.gro 1 208 9 1
/scratch/xg23/CPEB3/fraglib/4tpwa.gro 4 120 5 1
/scratch/xg23/CPEB3/fraglib/3nvnb.gro 4 318 6 1
/scratch/xg23/CPEB3/fraglib/1pgua.gro 1 13 6 1
/scratch/xg23/CPEB3/fraglib/6f8ba.gro 1 202 8 1
/scratch/xg23/CPEB3/fraglib/4u98a.gro 1 329 9 1
/scratch/xg23/CPEB3/fraglib/2fr1a.gro 3 1824 6 1
/scratch/xg23/CPEB3/fraglib/3ct4a.gro 5 39 5 1
/scratch/xg23/CPEB3/fraglib/1jz8a.gro 2 47 7 1
/scratch/xg23/CPEB3/fraglib/4gysa.gro 2 236 8 1
/scratch/xg23/CPEB3/fraglib/5mx9a.gro 2 486 9 1
/scratch/xg23/CPEB3/fraglib/2zi0a.gro 2 41 8 1
/scratch/xg23/CPEB3/fraglib/5cq9a.gro 2 93 6 1
/scratch/xg23/CPEB3/fraglib/5ojla.gro 2 101 6 1
/scratch/xg23/CPEB3/fraglib/1czan.gro 2 513 8 1
/scratch/xg23/CPEB3/fraglib/2iwba.gro 3 383 7 1
/scratch/xg23/CPEB3/fraglib/4tpwa.gro 4 120 5 1
/scratch/xg23/CPEB3/fraglib/3nvnb.gro 4 318 6 1
/scratch/xg23/CPEB3/fraglib/1jz8a.gro 2 47 7 1
/scratch/xg23/CPEB3/fraglib/2f4ma.gro 2 341 5 1
/scratch/xg23/CPEB3/fraglib/3wj1a.gro 3 208 8 1
/scratch/xg23/CPEB3/fraglib/3ct4a.gro 5 39 5 1
/scratch/xg23/CPEB3/fraglib/1f8va.gro 2 27 9 1
/scratch/xg23/CPEB3/fraglib/3otxa.gro 3 146 8 1
/scratch/xg23/CPEB3/fraglib/4hiza.gro 2 679 5 1
/scratch/xg23/CPEB3/fraglib/3mhsa.gro 2 128 6 1
/scratch/xg23/CPEB3/fraglib/3wana.gro 2 22 9 1
/scratch/xg23/CPEB3/fraglib/1ziwa.gro 3 61 8 1
/scratch/xg23/CPEB3/fraglib/1ziwa.gro 2 480 5 1
/scratch/xg23/CPEB3/fraglib/3ct4a.gro 5 39 7 1
/scratch/xg23/CPEB3/fraglib/3k3oa.gro 4 384 8 1
/scratch/xg23/CPEB3/fraglib/3nvnb.gro 4 318 8 1
/scratch/xg23/CPEB3/fraglib/5vn5a.gro 3 183 9 1
/scratch/xg23/CPEB3/fraglib/5vn5a.gro 3 237 6 1
/scratch/xg23/CPEB3/fraglib/2iwba.gro 3 383 9 1
/scratch/xg23/CPEB3/fraglib/1k38a.gro 3 59 9 1
/scratch/xg23/CPEB3/fraglib/3wj1a.gro 3 208 8 1
/scratch/xg23/CPEB3/fraglib/4gxpa.gro 4 308 8 1
/scratch/xg23/CPEB3/fraglib/4tpwa.gro 4 120 5 1
/scratch/xg23/CPEB3/fraglib/1ziwa.gro 3 61 9 1
/scratch/xg23/CPEB3/fraglib/2b5wa.gro 6 88 6 1
/scratch/xg23/CPEB3/fraglib/3mzfa.gro 6 39 6 1
/scratch/xg23/CPEB3/fraglib/1wlya.gro 3 99 8 1
/scratch/xg23/CPEB3/fraglib/2z00a.gro 6 221 6 1
/scratch/xg23/CPEB3/fraglib/5u81a.gro 6 333 5 1
/scratch/xg23/CPEB3/fraglib/3otxa.gro 3 146 8 1
/scratch/xg23/CPEB3/fraglib/4bbya.gro 3 409 9 1
/scratch/xg23/CPEB3/fraglib/3a3ja.gro 5 59 7 1
/scratch/xg23/CPEB3/fraglib/3ahya.gro 4 304 8 1
/scratch/xg23/CPEB3/fraglib/2vooa.gro 6 90 7 1
/scratch/xg23/CPEB3/fraglib/4lmba.gro 4 146 9 1
/scratch/xg23/CPEB3/fraglib/3ct4a.gro 5 39 7 1
/scratch/xg23/CPEB3/fraglib/3k3oa.gro 4 384 8 1
/scratch/xg23/CPEB3/fraglib/2z00a.gro 6 221 7 1
/scratch/xg23/CPEB3/fraglib/1uiya.gro 5 18 8 1
/scratch/xg23/CPEB3/fraglib/4ovea.gro 4 442 9 1
/scratch/xg23/CPEB3/fraglib/4zsxa.gro 5 247 8 1
/scratch/xg23/CPEB3/fraglib/6bmma.gro 8 76 5 1
/scratch/xg23/CPEB3/fraglib/5tp4a.gro 7 324 6 1
/scratch/xg23/CPEB3/fraglib/3ezza.gro 4 311 9 1
/scratch/xg23/CPEB3/fraglib/4dz1a.gro 8 36 5 1
/scratch/xg23/CPEB3/fraglib/3nvnb.gro 4 318 8 1
/scratch/xg23/CPEB3/fraglib/4o7oa.gro 4 349 9 1
/scratch/xg23/CPEB3/fraglib/1sffa.gro 5 9 8 1
/scratch/xg23/CPEB3/fraglib/1nkra.gro 4 146 9 1
/scratch/xg23/CPEB3/fraglib/1z7wa.gro 4 146 9 1
/scratch/xg23/CPEB3/fraglib/2g6za.gro 4 294 9 1
/scratch/xg23/CPEB3/fraglib/4tpwa.gro 4 120 5 1
/scratch/xg23/CPEB3/fraglib/4gxpa.gro 4 308 8 1
/scratch/xg23/CPEB3/fraglib/2vooa.gro 6 90 7 1
/scratch/xg23/CPEB3/fraglib/6bmma.gro 8 76 6 1
/scratch/xg23/CPEB3/fraglib/3ayfa.gro 6 294 8 1
/scratch/xg23/CPEB3/fraglib/5wp4a.gro 7 388 7 1
/scratch/xg23/CPEB3/fraglib/4zsxa.gro 5 247 9 1
/scratch/xg23/CPEB3/fraglib/3ct4a.gro 5 39 7 1
/scratch/xg23/CPEB3/fraglib/2e18a.gro 5 241 9 1
/scratch/xg23/CPEB3/fraglib/2z00a.gro 6 221 7 1
/scratch/xg23/CPEB3/fraglib/1uiya.gro 5 18 8 1
/scratch/xg23/CPEB3/fraglib/4g3qa.gro 5 462 9 1
/scratch/xg23/CPEB3/fraglib/1sffa.gro 5 9 8 1
/scratch/xg23/CPEB3/fraglib/3ezza.gro 5 312 9 1
/scratch/xg23/CPEB3/fraglib/5tp4a.gro 7 324 6 1
/scratch/xg23/CPEB3/fraglib/1hyqa.gro 7 215 7 1
/scratch/xg23/CPEB3/fraglib/4o7oa.gro 5 350 8 1
/scratch/xg23/CPEB3/fraglib/3k3oa.gro 6 386 6 1
/scratch/xg23/CPEB3/fraglib/5gvia.gro 6 447 7 1
/scratch/xg23/CPEB3/fraglib/4dz1a.gro 8 36 5 1
/scratch/xg23/CPEB3/fraglib/2g6za.gro 5 295 9 1
/scratch/xg23/CPEB3/fraglib/3kawa.gro 5 81 9 1
/scratch/xg23/CPEB3/fraglib/3ayfa.gro 6 294 9 1
/scratch/xg23/CPEB3/fraglib/6bmma.gro 8 76 7 1
/scratch/xg23/CPEB3/fraglib/2vooa.gro 6 90 7 1
/scratch/xg23/CPEB3/fraglib/4ja2a.gro 7 104 8 1
/scratch/xg23/CPEB3/fraglib/5wp4a.gro 7 388 7 1
/scratch/xg23/CPEB3/fraglib/1sq9a.gro 8 181 7 1
/scratch/xg23/CPEB3/fraglib/4fo0a.gro 6 127 9 1
/scratch/xg23/CPEB3/fraglib/2z00a.gro 6 221 7 1
/scratch/xg23/CPEB3/fraglib/4zsxa.gro 6 248 8 1
/scratch/xg23/CPEB3/fraglib/5tp4a.gro 7 324 6 1
/scratch/xg23/CPEB3/fraglib/1hyqa.gro 7 215 7 1
/scratch/xg23/CPEB3/fraglib/2e18a.gro 6 242 8 1
/scratch/xg23/CPEB3/fraglib/3k3oa.gro 6 386 6 1
/scratch/xg23/CPEB3/fraglib/5gvia.gro 6 447 7 1
/scratch/xg23/CPEB3/fraglib/4dz1a.gro 8 36 5 1
/scratch/xg23/CPEB3/fraglib/3cosa.gro 7 120 8 1
/scratch/xg23/CPEB3/fraglib/2dyta.gro 8 194 7 1
/scratch/xg23/CPEB3/fraglib/2akza.gro 7 261 8 1
/scratch/xg23/CPEB3/fraglib/1uiya.gro 6 19 7 1
/scratch/xg23/CPEB3/fraglib/3mzfa.gro 6 39 6 1
/scratch/xg23/CPEB3/fraglib/3b34a.gro 7 468 9 1
/scratch/xg23/CPEB3/fraglib/6bmma.gro 8 76 7 1
/scratch/xg23/CPEB3/fraglib/4ja2a.gro 7 104 8 1
/scratch/xg23/CPEB3/fraglib/5wp4a.gro 7 388 7 1
/scratch/xg23/CPEB3/fraglib/1sq9a.gro 8 181 7 1
/scratch/xg23/CPEB3/fraglib/4fo0a.gro 7 128 9 1
/scratch/xg23/CPEB3/fraglib/4ymza.gro 10 180 6 1
/scratch/xg23/CPEB3/fraglib/2iaya.gro 9 48 7 1
/scratch/xg23/CPEB3/fraglib/2b69a.gro 8 77 5 1
/scratch/xg23/CPEB3/fraglib/3iu0a.gro 7 288 9 1
/scratch/xg23/CPEB3/fraglib/2dyta.gro 8 194 7 1
/scratch/xg23/CPEB3/fraglib/6eysa.gro 7 172 8 1
/scratch/xg23/CPEB3/fraglib/2e2dc.gro 8 1004 8 1
/scratch/xg23/CPEB3/fraglib/4tvma.gro 9 208 7 1
/scratch/xg23/CPEB3/fraglib/4dz1a.gro 8 36 5 1
/scratch/xg23/CPEB3/fraglib/5tp4a.gro 7 324 6 1
/scratch/xg23/CPEB3/fraglib/1hyqa.gro 7 215 7 1
/scratch/xg23/CPEB3/fraglib/3x17a.gro 9 45 7 1
/scratch/xg23/CPEB3/fraglib/3amla.gro 9 495 5 1
/scratch/xg23/CPEB3/fraglib/2akza.gro 7 261 8 1
/scratch/xg23/CPEB3/fraglib/6bmma.gro 8 76 7 1
/scratch/xg23/CPEB3/fraglib/1sq9a.gro 8 181 7 1
/scratch/xg23/CPEB3/fraglib/3b34a.gro 8 469 8 1
/scratch/xg23/CPEB3/fraglib/4r33a.gro 8 340 9 1
/scratch/xg23/CPEB3/fraglib/6gi2a.gro 9 138 8 1
/scratch/xg23/CPEB3/fraglib/4ymza.gro 10 180 6 1
/scratch/xg23/CPEB3/fraglib/2gq0a.gro 12 281 5 1
/scratch/xg23/CPEB3/fraglib/3qp6a.gro 9 190 8 1
/scratch/xg23/CPEB3/fraglib/2iaya.gro 9 48 7 1
/scratch/xg23/CPEB3/fraglib/3rkoc.gro 9 245 8 1
/scratch/xg23/CPEB3/fraglib/5absa.gro 9 601 7 1
/scratch/xg23/CPEB3/fraglib/2b69a.gro 8 77 5 1
/scratch/xg23/CPEB3/fraglib/4tvma.gro 9 208 7 1
/scratch/xg23/CPEB3/fraglib/3w1ea.gro 10 109 6 1
/scratch/xg23/CPEB3/fraglib/2dyta.gro 8 194 7 1
/scratch/xg23/CPEB3/fraglib/3amla.gro 9 495 5 1
/scratch/xg23/CPEB3/fraglib/2xapa.gro 8 424 9 1
/scratch/xg23/CPEB3/fraglib/4ja2a.gro 9 106 6 1
/scratch/xg23/CPEB3/fraglib/4ohqa.gro 10 177 6 1
/scratch/xg23/CPEB3/fraglib/4dz1a.gro 8 36 5 1
/scratch/xg23/CPEB3/fraglib/4r33a.gro 9 341 9 1
/scratch/xg23/CPEB3/fraglib/2v1ma.gro 11 150 7 1
/scratch/xg23/CPEB3/fraglib/6bmma.gro 9 77 9 1
/scratch/xg23/CPEB3/fraglib/5dx5a.gro 9 352 9 1
/scratch/xg23/CPEB3/fraglib/1bev1.gro 9 248 9 1
/scratch/xg23/CPEB3/fraglib/3qp6a.gro 9 190 8 1
/scratch/xg23/CPEB3/fraglib/2gq0a.gro 12 281 6 1
/scratch/xg23/CPEB3/fraglib/2iaya.gro 9 48 9 1
/scratch/xg23/CPEB3/fraglib/2dyia.gro 12 139 6 1
/scratch/xg23/CPEB3/fraglib/3b34a.gro 9 470 7 1
/scratch/xg23/CPEB3/fraglib/3grea.gro 11 1089 7 1
/scratch/xg23/CPEB3/fraglib/5h06a.gro 10 311 8 1
/scratch/xg23/CPEB3/fraglib/4e1la.gro 13 119 5 1
/scratch/xg23/CPEB3/fraglib/4ymza.gro 10 180 6 1
/scratch/xg23/CPEB3/fraglib/6gi2a.gro 9 138 8 1
/scratch/xg23/CPEB3/fraglib/5n6fa.gro 9 162 7 1
/scratch/xg23/CPEB3/fraglib/3crja.gro 13 112 5 1
/scratch/xg23/CPEB3/fraglib/4c2ja.gro 11 121 7 1
/scratch/xg23/CPEB3/fraglib/4ja2a.gro 9 106 6 1
/scratch/xg23/CPEB3/fraglib/3jxea.gro 9 212 9 1
/scratch/xg23/CPEB3/fraglib/2v1ma.gro 11 150 7 1
/scratch/xg23/CPEB3/fraglib/5u9pa.gro 10 154 9 1
/scratch/xg23/CPEB3/fraglib/5odoa.gro 12 469 7 1
/scratch/xg23/CPEB3/fraglib/2dyia.gro 12 139 6 1
/scratch/xg23/CPEB3/fraglib/2dyia.gro 15 11 4 1
/scratch/xg23/CPEB3/fraglib/2gq0a.gro 12 281 6 1
/scratch/xg23/CPEB3/fraglib/3grea.gro 11 1089 7 1
/scratch/xg23/CPEB3/fraglib/3vsfa.gro 11 251 8 1
/scratch/xg23/CPEB3/fraglib/6eqta.gro 13 156 6 1
/scratch/xg23/CPEB3/fraglib/5h06a.gro 10 311 8 1
/scratch/xg23/CPEB3/fraglib/4c2ja.gro 11 121 7 1
/scratch/xg23/CPEB3/fraglib/4ymza.gro 10 180 6 1
/scratch/xg23/CPEB3/fraglib/3zdsa.gro 11 34 8 1
/scratch/xg23/CPEB3/fraglib/2zhna.gro 11 4 7 1
/scratch/xg23/CPEB3/fraglib/1bev1.gro 11 250 7 1
/scratch/xg23/CPEB3/fraglib/1eg3a.gro 11 66 7 1
/scratch/xg23/CPEB3/fraglib/2bk6a.gro 10 82 8 1
/scratch/xg23/CPEB3/fraglib/4glja.gro 11 72 7 1
/scratch/xg23/CPEB3/fraglib/2qxxa.gro 11 156 8 1
/scratch/xg23/CPEB3/fraglib/4e1la.gro 13 119 5 1
/scratch/xg23/CPEB3/fraglib/2v1ma.gro 11 150 7 1
/scratch/xg23/CPEB3/fraglib/2dyia.gro 12 139 8 1
/scratch/xg23/CPEB3/fraglib/2dyia.gro 15 11 4 1
/scratch/xg23/CPEB3/fraglib/5odoa.gro 12 469 7 1
/scratch/xg23/CPEB3/fraglib/5u9pa.gro 12 156 7 1
/scratch/xg23/CPEB3/fraglib/4nkba.gro 12 472 8 1
/scratch/xg23/CPEB3/fraglib/3grea.gro 11 1089 7 1
/scratch/xg23/CPEB3/fraglib/2gq0a.gro 12 281 6 1
/scratch/xg23/CPEB3/fraglib/3vsfa.gro 11 251 8 1
/scratch/xg23/CPEB3/fraglib/5cl2a.gro 14 161 6 1
/scratch/xg23/CPEB3/fraglib/1bev1.gro 11 250 9 1
/scratch/xg23/CPEB3/fraglib/4e1la.gro 13 119 5 1
/scratch/xg23/CPEB3/fraglib/5ji3a.gro 13 124 7 1
/scratch/xg23/CPEB3/fraglib/3n0la.gro 12 209 8 1
/scratch/xg23/CPEB3/fraglib/3phha.gro 11 246 9 1
/scratch/xg23/CPEB3/fraglib/3zdsa.gro 11 34 8 1
/scratch/xg23/CPEB3/fraglib/4c2ja.gro 11 121 7 1
/scratch/xg23/CPEB3/fraglib/4glja.gro 11 72 7 1
/scratch/xg23/CPEB3/fraglib/2iw3a.gro 11 80 7 1
/scratch/xg23/CPEB3/fraglib/4n4ua.gro 11 168 9 1
/scratch/xg23/CPEB3/fraglib/3epwa.gro 12 217 9 1
/scratch/xg23/CPEB3/fraglib/5cl2a.gro 14 161 7 1
/scratch/xg23/CPEB3/fraglib/1bev1.gro 12 251 9 1
/scratch/xg23/CPEB3/fraglib/5ocsa.gro 14 282 7 1
/scratch/xg23/CPEB3/fraglib/5odoa.gro 12 469 7 1
/scratch/xg23/CPEB3/fraglib/4c2ja.gro 13 123 8 1
/scratch/xg23/CPEB3/fraglib/1dcua.gro 12 260 9 1
/scratch/xg23/CPEB3/fraglib/5u9pa.gro 12 156 7 1
/scratch/xg23/CPEB3/fraglib/4e1la.gro 13 119 5 1
/scratch/xg23/CPEB3/fraglib/2dyia.gro 12 139 8 1
/scratch/xg23/CPEB3/fraglib/2dyia.gro 15 11 4 1
/scratch/xg23/CPEB3/fraglib/2gq0a.gro 12 281 6 1
/scratch/xg23/CPEB3/fraglib/5a0ya.gro 13 492 8 1
/scratch/xg23/CPEB3/fraglib/3vsfa.gro 12 252 7 1
/scratch/xg23/CPEB3/fraglib/4k6lf.gro 14 240 7 1
/scratch/xg23/CPEB3/fraglib/4n4ua.gro 12 169 9 1
/scratch/xg23/CPEB3/fraglib/3ttva.gro 13 514 8 1
/scratch/xg23/CPEB3/fraglib/1itwa.gro 14 320 7 1
/scratch/xg23/CPEB3/fraglib/3n0la.gro 12 209 8 1
/scratch/xg23/CPEB3/fraglib/4eyga.gro 12 205 9 1
/scratch/xg23/CPEB3/fraglib/5cl2a.gro 14 161 7 1
/scratch/xg23/CPEB3/fraglib/5ocsa.gro 14 282 7 1
/scratch/xg23/CPEB3/fraglib/2afwa.gro 13 111 9 1
/scratch/xg23/CPEB3/fraglib/4c2ja.gro 13 123 9 1
/scratch/xg23/CPEB3/fraglib/4k6lf.gro 14 240 7 1
/scratch/xg23/CPEB3/fraglib/5a0ya.gro 13 492 8 1
/scratch/xg23/CPEB3/fraglib/3epwa.gro 14 219 7 1
/scratch/xg23/CPEB3/fraglib/3wd6a.gro 16 39 6 1
/scratch/xg23/CPEB3/fraglib/4wgfa.gro 14 78 7 1
/scratch/xg23/CPEB3/fraglib/4lv5a.gro 13 314 9 1
/scratch/xg23/CPEB3/fraglib/3c6ba.gro 13 115 7 1
/scratch/xg23/CPEB3/fraglib/1bev1.gro 14 253 7 1
/scratch/xg23/CPEB3/fraglib/4e1la.gro 13 119 5 1
/scratch/xg23/CPEB3/fraglib/2nlya.gro 14 178 8 1
/scratch/xg23/CPEB3/fraglib/3crja.gro 13 112 7 1
/scratch/xg23/CPEB3/fraglib/1itwa.gro 14 320 7 1
/scratch/xg23/CPEB3/fraglib/5ji3a.gro 13 124 7 1
/scratch/xg23/CPEB3/fraglib/1f97a.gro 15 80 6 1
/scratch/xg23/CPEB3/fraglib/5ziba.gro 13 562 7 1
/scratch/xg23/CPEB3/fraglib/4p02a.gro 13 482 9 1
/scratch/xg23/CPEB3/fraglib/5cl2a.gro 14 161 7 1
/scratch/xg23/CPEB3/fraglib/5ocsa.gro 14 282 7 1
/scratch/xg23/CPEB3/fraglib/3c7aa.gro 15 103 8 1
/scratch/xg23/CPEB3/fraglib/4k6lf.gro 14 240 7 1
/scratch/xg23/CPEB3/fraglib/6ehia.gro 16 7 7 1
/scratch/xg23/CPEB3/fraglib/3epwa.gro 14 219 7 1
/scratch/xg23/CPEB3/fraglib/3wd6a.gro 16 39 6 1
/scratch/xg23/CPEB3/fraglib/3r0pa.gro 14 99 9 1
/scratch/xg23/CPEB3/fraglib/5gqba.gro 14 493 9 1
/scratch/xg23/CPEB3/fraglib/5ji3a.gro 15 126 8 1
/scratch/xg23/CPEB3/fraglib/2dqba.gro 15 17 7 1
/scratch/xg23/CPEB3/fraglib/2nlya.gro 14 178 8 1
/scratch/xg23/CPEB3/fraglib/1bev1.gro 14 253 7 1
/scratch/xg23/CPEB3/fraglib/4r60a.gro 15 18 8 1
/scratch/xg23/CPEB3/fraglib/4wgfa.gro 14 78 7 1
/scratch/xg23/CPEB3/fraglib/4bq2a.gro 14 347 9 1
/scratch/xg23/CPEB3/fraglib/5nnya.gro 14 247 9 1
/scratch/xg23/CPEB3/fraglib/3r4za.gro 14 145 8 1
/scratch/xg23/CPEB3/fraglib/4ok4a.gro 14 254 9 1
/scratch/xg23/CPEB3/fraglib/4ok4a.gro 16 369 6 1
/scratch/xg23/CPEB3/fraglib/3c5ha.gro 16 115 8 1
/scratch/xg23/CPEB3/fraglib/4k6lf.gro 15 241 9 1
/scratch/xg23/CPEB3/fraglib/6ehia.gro 16 7 7 1
/scratch/xg23/CPEB3/fraglib/3wd6a.gro 16 39 6 1
/scratch/xg23/CPEB3/fraglib/5cl2a.gro 15 162 6 1
/scratch/xg23/CPEB3/fraglib/3c7aa.gro 15 103 8 1
/scratch/xg23/CPEB3/fraglib/3ig3a.gro 16 1520 8 1
/scratch/xg23/CPEB3/fraglib/5ocsa.gro 16 284 8 1
/scratch/xg23/CPEB3/fraglib/2aama.gro 16 290 6 1
/scratch/xg23/CPEB3/fraglib/2aama.gro 18 171 6 1
/scratch/xg23/CPEB3/fraglib/2dqba.gro 15 17 7 1
/scratch/xg23/CPEB3/fraglib/3k25a.gro 16 274 7 1
/scratch/xg23/CPEB3/fraglib/3epwa.gro 15 220 6 1
/scratch/xg23/CPEB3/fraglib/4r60a.gro 15 18 8 1
/scratch/xg23/CPEB3/fraglib/4fmla.gro 16 93 7 1
/scratch/xg23/CPEB3/fraglib/4r6ya.gro 16 87 8 1
/scratch/xg23/CPEB3/fraglib/3wjmb.gro 16 308 6 1
/scratch/xg23/CPEB3/fraglib/5auna.gro 17 17 7 1
/scratch/xg23/CPEB3/fraglib/3lgca.gro 17 36 5 1
/scratch/xg23/CPEB3/fraglib/4uqib.gro 16 135 8 1
/scratch/xg23/CPEB3/fraglib/3c5ha.gro 16 115 8 1
/scratch/xg23/CPEB3/fraglib/3wd6a.gro 16 39 9 1
/scratch/xg23/CPEB3/fraglib/6ehia.gro 16 7 7 1
/scratch/xg23/CPEB3/fraglib/4c89a.gro 17 292 8 1
/scratch/xg23/CPEB3/fraglib/5ji3a.gro 16 127 9 1
/scratch/xg23/CPEB3/fraglib/5auna.gro 17 17 8 1
/scratch/xg23/CPEB3/fraglib/3ig3a.gro 16 1520 8 1
/scratch/xg23/CPEB3/fraglib/1a05a.gro 16 311 9 1
/scratch/xg23/CPEB3/fraglib/5ocsa.gro 16 284 8 1
/scratch/xg23/CPEB3/fraglib/2aama.gro 16 290 6 1
/scratch/xg23/CPEB3/fraglib/2aama.gro 18 171 6 1
/scratch/xg23/CPEB3/fraglib/3k25a.gro 16 274 7 1
/scratch/xg23/CPEB3/fraglib/4fmla.gro 16 93 7 1
/scratch/xg23/CPEB3/fraglib/5ap9a.gro 17 13 8 1
/scratch/xg23/CPEB3/fraglib/4r6ya.gro 16 87 8 1
/scratch/xg23/CPEB3/fraglib/3wjmb.gro 16 308 6 1
/scratch/xg23/CPEB3/fraglib/2p7na.gro 18 82 7 1
/scratch/xg23/CPEB3/fraglib/3lgca.gro 17 36 5 1
/scratch/xg23/CPEB3/fraglib/4uqib.gro 16 135 8 1
/scratch/xg23/CPEB3/fraglib/2nlya.gro 16 180 6 1
/scratch/xg23/CPEB3/fraglib/4c89a.gro 17 292 8 1
/scratch/xg23/CPEB3/fraglib/5auna.gro 17 17 8 1
/scratch/xg23/CPEB3/fraglib/5td7a.gro 17 137 7 1
/scratch/xg23/CPEB3/fraglib/5jy1a.gro 17 203 8 1
/scratch/xg23/CPEB3/fraglib/3lgca.gro 17 36 5 1
