/scratch/xg23/CPEB3/fraglib/3ct4a.gro 1 39 5 1
/scratch/xg23/CPEB3/fraglib/3ct4a.gro 1 39 5 1
/scratch/xg23/CPEB3/fraglib/3ct4a.gro 1 39 7 1
/scratch/xg23/CPEB3/fraglib/2b5wa.gro 2 88 6 1
/scratch/xg23/CPEB3/fraglib/3mzfa.gro 2 39 6 1
/scratch/xg23/CPEB3/fraglib/2z00a.gro 2 221 6 1
/scratch/xg23/CPEB3/fraglib/5u81a.gro 2 333 5 1
/scratch/xg23/CPEB3/fraglib/3a3ja.gro 1 59 7 1
/scratch/xg23/CPEB3/fraglib/2vooa.gro 2 90 7 1
/scratch/xg23/CPEB3/fraglib/3ct4a.gro 1 39 7 1
/scratch/xg23/CPEB3/fraglib/2z00a.gro 2 221 7 1
/scratch/xg23/CPEB3/fraglib/1uiya.gro 1 18 8 1
/scratch/xg23/CPEB3/fraglib/4zsxa.gro 1 247 8 1
/scratch/xg23/CPEB3/fraglib/6bmma.gro 4 76 5 1
/scratch/xg23/CPEB3/fraglib/5tp4a.gro 3 324 6 1
/scratch/xg23/CPEB3/fraglib/4dz1a.gro 4 36 5 1
/scratch/xg23/CPEB3/fraglib/1sffa.gro 1 9 8 1
/scratch/xg23/CPEB3/fraglib/2vooa.gro 2 90 7 1
/scratch/xg23/CPEB3/fraglib/6bmma.gro 4 76 6 1
/scratch/xg23/CPEB3/fraglib/3ayfa.gro 2 294 8 1
/scratch/xg23/CPEB3/fraglib/5wp4a.gro 3 388 7 1
/scratch/xg23/CPEB3/fraglib/4zsxa.gro 1 247 9 1
/scratch/xg23/CPEB3/fraglib/3ct4a.gro 1 39 7 1
/scratch/xg23/CPEB3/fraglib/2e18a.gro 1 241 9 1
/scratch/xg23/CPEB3/fraglib/2z00a.gro 2 221 7 1
/scratch/xg23/CPEB3/fraglib/1uiya.gro 1 18 8 1
/scratch/xg23/CPEB3/fraglib/4g3qa.gro 1 462 9 1
/scratch/xg23/CPEB3/fraglib/1sffa.gro 1 9 8 1
/scratch/xg23/CPEB3/fraglib/3ezza.gro 1 312 9 1
/scratch/xg23/CPEB3/fraglib/5tp4a.gro 3 324 6 1
/scratch/xg23/CPEB3/fraglib/1hyqa.gro 3 215 7 1
/scratch/xg23/CPEB3/fraglib/4o7oa.gro 1 350 8 1
/scratch/xg23/CPEB3/fraglib/3k3oa.gro 2 386 6 1
/scratch/xg23/CPEB3/fraglib/5gvia.gro 2 447 7 1
/scratch/xg23/CPEB3/fraglib/4dz1a.gro 4 36 5 1
/scratch/xg23/CPEB3/fraglib/2g6za.gro 1 295 9 1
/scratch/xg23/CPEB3/fraglib/3kawa.gro 1 81 9 1
/scratch/xg23/CPEB3/fraglib/3ayfa.gro 2 294 9 1
/scratch/xg23/CPEB3/fraglib/6bmma.gro 4 76 7 1
/scratch/xg23/CPEB3/fraglib/2vooa.gro 2 90 7 1
/scratch/xg23/CPEB3/fraglib/4ja2a.gro 3 104 8 1
/scratch/xg23/CPEB3/fraglib/5wp4a.gro 3 388 7 1
/scratch/xg23/CPEB3/fraglib/1sq9a.gro 4 181 7 1
/scratch/xg23/CPEB3/fraglib/4fo0a.gro 2 127 9 1
/scratch/xg23/CPEB3/fraglib/2z00a.gro 2 221 7 1
/scratch/xg23/CPEB3/fraglib/4zsxa.gro 2 248 8 1
/scratch/xg23/CPEB3/fraglib/5tp4a.gro 3 324 6 1
/scratch/xg23/CPEB3/fraglib/1hyqa.gro 3 215 7 1
/scratch/xg23/CPEB3/fraglib/2e18a.gro 2 242 8 1
/scratch/xg23/CPEB3/fraglib/3k3oa.gro 2 386 6 1
/scratch/xg23/CPEB3/fraglib/5gvia.gro 2 447 7 1
/scratch/xg23/CPEB3/fraglib/4dz1a.gro 4 36 5 1
/scratch/xg23/CPEB3/fraglib/3cosa.gro 3 120 8 1
/scratch/xg23/CPEB3/fraglib/2dyta.gro 4 194 7 1
/scratch/xg23/CPEB3/fraglib/2akza.gro 3 261 8 1
/scratch/xg23/CPEB3/fraglib/1uiya.gro 2 19 7 1
/scratch/xg23/CPEB3/fraglib/3mzfa.gro 2 39 6 1
/scratch/xg23/CPEB3/fraglib/3b34a.gro 3 468 9 1
/scratch/xg23/CPEB3/fraglib/6bmma.gro 4 76 7 1
/scratch/xg23/CPEB3/fraglib/4ja2a.gro 3 104 8 1
/scratch/xg23/CPEB3/fraglib/5wp4a.gro 3 388 7 1
/scratch/xg23/CPEB3/fraglib/1sq9a.gro 4 181 7 1
/scratch/xg23/CPEB3/fraglib/4fo0a.gro 3 128 9 1
/scratch/xg23/CPEB3/fraglib/4ymza.gro 6 180 6 1
/scratch/xg23/CPEB3/fraglib/2iaya.gro 5 48 7 1
/scratch/xg23/CPEB3/fraglib/2b69a.gro 4 77 5 1
/scratch/xg23/CPEB3/fraglib/3iu0a.gro 3 288 9 1
/scratch/xg23/CPEB3/fraglib/2dyta.gro 4 194 7 1
/scratch/xg23/CPEB3/fraglib/6eysa.gro 3 172 8 1
/scratch/xg23/CPEB3/fraglib/2e2dc.gro 4 1004 8 1
/scratch/xg23/CPEB3/fraglib/4tvma.gro 5 208 7 1
/scratch/xg23/CPEB3/fraglib/4dz1a.gro 4 36 5 1
/scratch/xg23/CPEB3/fraglib/5tp4a.gro 3 324 6 1
/scratch/xg23/CPEB3/fraglib/1hyqa.gro 3 215 7 1
/scratch/xg23/CPEB3/fraglib/3x17a.gro 5 45 7 1
/scratch/xg23/CPEB3/fraglib/3amla.gro 5 495 5 1
/scratch/xg23/CPEB3/fraglib/2akza.gro 3 261 8 1
/scratch/xg23/CPEB3/fraglib/6bmma.gro 4 76 7 1
/scratch/xg23/CPEB3/fraglib/1sq9a.gro 4 181 7 1
/scratch/xg23/CPEB3/fraglib/3b34a.gro 4 469 8 1
/scratch/xg23/CPEB3/fraglib/4r33a.gro 4 340 9 1
/scratch/xg23/CPEB3/fraglib/6gi2a.gro 5 138 8 1
/scratch/xg23/CPEB3/fraglib/4ymza.gro 6 180 6 1
/scratch/xg23/CPEB3/fraglib/2gq0a.gro 8 281 5 1
/scratch/xg23/CPEB3/fraglib/3qp6a.gro 5 190 8 1
/scratch/xg23/CPEB3/fraglib/2iaya.gro 5 48 7 1
/scratch/xg23/CPEB3/fraglib/3rkoc.gro 5 245 8 1
/scratch/xg23/CPEB3/fraglib/5absa.gro 5 601 7 1
/scratch/xg23/CPEB3/fraglib/2b69a.gro 4 77 5 1
/scratch/xg23/CPEB3/fraglib/4tvma.gro 5 208 7 1
/scratch/xg23/CPEB3/fraglib/3w1ea.gro 6 109 6 1
/scratch/xg23/CPEB3/fraglib/2dyta.gro 4 194 7 1
/scratch/xg23/CPEB3/fraglib/3amla.gro 5 495 5 1
/scratch/xg23/CPEB3/fraglib/2xapa.gro 4 424 9 1
/scratch/xg23/CPEB3/fraglib/4ja2a.gro 5 106 6 1
/scratch/xg23/CPEB3/fraglib/4ohqa.gro 6 177 6 1
/scratch/xg23/CPEB3/fraglib/4dz1a.gro 4 36 5 1
/scratch/xg23/CPEB3/fraglib/4r33a.gro 5 341 9 1
/scratch/xg23/CPEB3/fraglib/2v1ma.gro 7 150 7 1
/scratch/xg23/CPEB3/fraglib/6bmma.gro 5 77 9 1
/scratch/xg23/CPEB3/fraglib/5dx5a.gro 5 352 9 1
/scratch/xg23/CPEB3/fraglib/1bev1.gro 5 248 9 1
/scratch/xg23/CPEB3/fraglib/3qp6a.gro 5 190 8 1
/scratch/xg23/CPEB3/fraglib/2gq0a.gro 8 281 6 1
/scratch/xg23/CPEB3/fraglib/2iaya.gro 5 48 9 1
/scratch/xg23/CPEB3/fraglib/2dyia.gro 8 139 6 1
/scratch/xg23/CPEB3/fraglib/3b34a.gro 5 470 7 1
/scratch/xg23/CPEB3/fraglib/3grea.gro 7 1089 7 1
/scratch/xg23/CPEB3/fraglib/5h06a.gro 6 311 8 1
/scratch/xg23/CPEB3/fraglib/4e1la.gro 9 119 5 1
/scratch/xg23/CPEB3/fraglib/4ymza.gro 6 180 6 1
/scratch/xg23/CPEB3/fraglib/6gi2a.gro 5 138 8 1
/scratch/xg23/CPEB3/fraglib/5n6fa.gro 5 162 7 1
/scratch/xg23/CPEB3/fraglib/3crja.gro 9 112 5 1
/scratch/xg23/CPEB3/fraglib/4c2ja.gro 7 121 7 1
/scratch/xg23/CPEB3/fraglib/4ja2a.gro 5 106 6 1
/scratch/xg23/CPEB3/fraglib/3jxea.gro 5 212 9 1
/scratch/xg23/CPEB3/fraglib/2v1ma.gro 7 150 7 1
/scratch/xg23/CPEB3/fraglib/5u9pa.gro 6 154 9 1
/scratch/xg23/CPEB3/fraglib/5odoa.gro 8 469 7 1
/scratch/xg23/CPEB3/fraglib/2dyia.gro 8 139 6 1
/scratch/xg23/CPEB3/fraglib/2dyia.gro 11 11 4 1
/scratch/xg23/CPEB3/fraglib/2gq0a.gro 8 281 6 1
/scratch/xg23/CPEB3/fraglib/3grea.gro 7 1089 7 1
/scratch/xg23/CPEB3/fraglib/3vsfa.gro 7 251 8 1
/scratch/xg23/CPEB3/fraglib/6eqta.gro 9 156 6 1
/scratch/xg23/CPEB3/fraglib/5h06a.gro 6 311 8 1
/scratch/xg23/CPEB3/fraglib/4c2ja.gro 7 121 7 1
/scratch/xg23/CPEB3/fraglib/4ymza.gro 6 180 6 1
/scratch/xg23/CPEB3/fraglib/3zdsa.gro 7 34 8 1
/scratch/xg23/CPEB3/fraglib/2zhna.gro 7 4 7 1
/scratch/xg23/CPEB3/fraglib/1bev1.gro 7 250 7 1
/scratch/xg23/CPEB3/fraglib/1eg3a.gro 7 66 7 1
/scratch/xg23/CPEB3/fraglib/2bk6a.gro 6 82 8 1
/scratch/xg23/CPEB3/fraglib/4glja.gro 7 72 7 1
/scratch/xg23/CPEB3/fraglib/2qxxa.gro 7 156 8 1
/scratch/xg23/CPEB3/fraglib/4e1la.gro 9 119 5 1
/scratch/xg23/CPEB3/fraglib/2v1ma.gro 7 150 7 1
/scratch/xg23/CPEB3/fraglib/2dyia.gro 8 139 8 1
/scratch/xg23/CPEB3/fraglib/2dyia.gro 11 11 4 1
/scratch/xg23/CPEB3/fraglib/5odoa.gro 8 469 7 1
/scratch/xg23/CPEB3/fraglib/5u9pa.gro 8 156 7 1
/scratch/xg23/CPEB3/fraglib/4nkba.gro 8 472 8 1
/scratch/xg23/CPEB3/fraglib/3grea.gro 7 1089 7 1
/scratch/xg23/CPEB3/fraglib/2gq0a.gro 8 281 6 1
/scratch/xg23/CPEB3/fraglib/3vsfa.gro 7 251 8 1
/scratch/xg23/CPEB3/fraglib/5cl2a.gro 10 161 6 1
/scratch/xg23/CPEB3/fraglib/1bev1.gro 7 250 9 1
/scratch/xg23/CPEB3/fraglib/4e1la.gro 9 119 5 1
/scratch/xg23/CPEB3/fraglib/5ji3a.gro 9 124 7 1
/scratch/xg23/CPEB3/fraglib/3n0la.gro 8 209 8 1
/scratch/xg23/CPEB3/fraglib/3phha.gro 7 246 9 1
/scratch/xg23/CPEB3/fraglib/3zdsa.gro 7 34 8 1
/scratch/xg23/CPEB3/fraglib/4c2ja.gro 7 121 7 1
/scratch/xg23/CPEB3/fraglib/4glja.gro 7 72 7 1
/scratch/xg23/CPEB3/fraglib/2iw3a.gro 7 80 7 1
/scratch/xg23/CPEB3/fraglib/4n4ua.gro 7 168 9 1
/scratch/xg23/CPEB3/fraglib/3epwa.gro 8 217 9 1
/scratch/xg23/CPEB3/fraglib/5cl2a.gro 10 161 7 1
/scratch/xg23/CPEB3/fraglib/1bev1.gro 8 251 9 1
/scratch/xg23/CPEB3/fraglib/5ocsa.gro 10 282 7 1
/scratch/xg23/CPEB3/fraglib/5odoa.gro 8 469 7 1
/scratch/xg23/CPEB3/fraglib/4c2ja.gro 9 123 8 1
/scratch/xg23/CPEB3/fraglib/1dcua.gro 8 260 9 1
/scratch/xg23/CPEB3/fraglib/5u9pa.gro 8 156 7 1
/scratch/xg23/CPEB3/fraglib/4e1la.gro 9 119 5 1
/scratch/xg23/CPEB3/fraglib/2dyia.gro 8 139 8 1
/scratch/xg23/CPEB3/fraglib/2dyia.gro 11 11 4 1
/scratch/xg23/CPEB3/fraglib/2gq0a.gro 8 281 6 1
/scratch/xg23/CPEB3/fraglib/5a0ya.gro 9 492 8 1
/scratch/xg23/CPEB3/fraglib/3vsfa.gro 8 252 7 1
/scratch/xg23/CPEB3/fraglib/4k6lf.gro 10 240 7 1
/scratch/xg23/CPEB3/fraglib/4n4ua.gro 8 169 9 1
/scratch/xg23/CPEB3/fraglib/3ttva.gro 9 514 8 1
/scratch/xg23/CPEB3/fraglib/1itwa.gro 10 320 7 1
/scratch/xg23/CPEB3/fraglib/3n0la.gro 8 209 8 1
/scratch/xg23/CPEB3/fraglib/4eyga.gro 8 205 9 1
/scratch/xg23/CPEB3/fraglib/5cl2a.gro 10 161 7 1
/scratch/xg23/CPEB3/fraglib/5ocsa.gro 10 282 7 1
/scratch/xg23/CPEB3/fraglib/2afwa.gro 9 111 9 1
/scratch/xg23/CPEB3/fraglib/4c2ja.gro 9 123 9 1
/scratch/xg23/CPEB3/fraglib/4k6lf.gro 10 240 7 1
/scratch/xg23/CPEB3/fraglib/5a0ya.gro 9 492 8 1
/scratch/xg23/CPEB3/fraglib/3epwa.gro 10 219 7 1
/scratch/xg23/CPEB3/fraglib/3wd6a.gro 12 39 6 1
/scratch/xg23/CPEB3/fraglib/4wgfa.gro 10 78 7 1
/scratch/xg23/CPEB3/fraglib/4lv5a.gro 9 314 9 1
/scratch/xg23/CPEB3/fraglib/3c6ba.gro 9 115 7 1
/scratch/xg23/CPEB3/fraglib/1bev1.gro 10 253 7 1
/scratch/xg23/CPEB3/fraglib/4e1la.gro 9 119 5 1
/scratch/xg23/CPEB3/fraglib/2nlya.gro 10 178 8 1
/scratch/xg23/CPEB3/fraglib/3crja.gro 9 112 7 1
/scratch/xg23/CPEB3/fraglib/1itwa.gro 10 320 7 1
/scratch/xg23/CPEB3/fraglib/5ji3a.gro 9 124 7 1
/scratch/xg23/CPEB3/fraglib/1f97a.gro 11 80 6 1
/scratch/xg23/CPEB3/fraglib/5ziba.gro 9 562 7 1
/scratch/xg23/CPEB3/fraglib/4p02a.gro 9 482 9 1
/scratch/xg23/CPEB3/fraglib/5cl2a.gro 10 161 7 1
/scratch/xg23/CPEB3/fraglib/5ocsa.gro 10 282 7 1
/scratch/xg23/CPEB3/fraglib/3c7aa.gro 11 103 8 1
/scratch/xg23/CPEB3/fraglib/4k6lf.gro 10 240 7 1
/scratch/xg23/CPEB3/fraglib/6ehia.gro 12 7 7 1
/scratch/xg23/CPEB3/fraglib/3epwa.gro 10 219 7 1
/scratch/xg23/CPEB3/fraglib/3wd6a.gro 12 39 6 1
/scratch/xg23/CPEB3/fraglib/3r0pa.gro 10 99 9 1
/scratch/xg23/CPEB3/fraglib/5gqba.gro 10 493 9 1
/scratch/xg23/CPEB3/fraglib/5ji3a.gro 11 126 8 1
/scratch/xg23/CPEB3/fraglib/2dqba.gro 11 17 7 1
/scratch/xg23/CPEB3/fraglib/2nlya.gro 10 178 8 1
/scratch/xg23/CPEB3/fraglib/1bev1.gro 10 253 7 1
/scratch/xg23/CPEB3/fraglib/4r60a.gro 11 18 8 1
/scratch/xg23/CPEB3/fraglib/4wgfa.gro 10 78 7 1
/scratch/xg23/CPEB3/fraglib/4bq2a.gro 10 347 9 1
/scratch/xg23/CPEB3/fraglib/5nnya.gro 10 247 9 1
/scratch/xg23/CPEB3/fraglib/3r4za.gro 10 145 8 1
/scratch/xg23/CPEB3/fraglib/4ok4a.gro 10 254 9 1
/scratch/xg23/CPEB3/fraglib/4ok4a.gro 12 369 6 1
/scratch/xg23/CPEB3/fraglib/3c5ha.gro 12 115 8 1
/scratch/xg23/CPEB3/fraglib/4k6lf.gro 11 241 9 1
/scratch/xg23/CPEB3/fraglib/6ehia.gro 12 7 7 1
/scratch/xg23/CPEB3/fraglib/3wd6a.gro 12 39 6 1
/scratch/xg23/CPEB3/fraglib/5cl2a.gro 11 162 6 1
/scratch/xg23/CPEB3/fraglib/3c7aa.gro 11 103 8 1
/scratch/xg23/CPEB3/fraglib/3ig3a.gro 12 1520 8 1
/scratch/xg23/CPEB3/fraglib/5ocsa.gro 12 284 8 1
/scratch/xg23/CPEB3/fraglib/2aama.gro 12 290 6 1
/scratch/xg23/CPEB3/fraglib/2aama.gro 14 171 6 1
/scratch/xg23/CPEB3/fraglib/2dqba.gro 11 17 7 1
/scratch/xg23/CPEB3/fraglib/3k25a.gro 12 274 7 1
/scratch/xg23/CPEB3/fraglib/3epwa.gro 11 220 6 1
/scratch/xg23/CPEB3/fraglib/4r60a.gro 11 18 8 1
/scratch/xg23/CPEB3/fraglib/4fmla.gro 12 93 7 1
/scratch/xg23/CPEB3/fraglib/4r6ya.gro 12 87 8 1
/scratch/xg23/CPEB3/fraglib/3wjmb.gro 12 308 6 1
/scratch/xg23/CPEB3/fraglib/5auna.gro 13 17 7 1
/scratch/xg23/CPEB3/fraglib/3lgca.gro 13 36 5 1
/scratch/xg23/CPEB3/fraglib/4uqib.gro 12 135 8 1
/scratch/xg23/CPEB3/fraglib/3c5ha.gro 12 115 8 1
/scratch/xg23/CPEB3/fraglib/3wd6a.gro 12 39 9 1
/scratch/xg23/CPEB3/fraglib/6ehia.gro 12 7 7 1
/scratch/xg23/CPEB3/fraglib/4c89a.gro 13 292 8 1
/scratch/xg23/CPEB3/fraglib/5ji3a.gro 12 127 9 1
/scratch/xg23/CPEB3/fraglib/5auna.gro 13 17 8 1
/scratch/xg23/CPEB3/fraglib/3ig3a.gro 12 1520 8 1
/scratch/xg23/CPEB3/fraglib/1a05a.gro 12 311 9 1
/scratch/xg23/CPEB3/fraglib/5ocsa.gro 12 284 8 1
/scratch/xg23/CPEB3/fraglib/2aama.gro 12 290 6 1
/scratch/xg23/CPEB3/fraglib/2aama.gro 14 171 6 1
/scratch/xg23/CPEB3/fraglib/3k25a.gro 12 274 7 1
/scratch/xg23/CPEB3/fraglib/4fmla.gro 12 93 7 1
/scratch/xg23/CPEB3/fraglib/5ap9a.gro 13 13 8 1
/scratch/xg23/CPEB3/fraglib/4r6ya.gro 12 87 8 1
/scratch/xg23/CPEB3/fraglib/3wjmb.gro 12 308 6 1
/scratch/xg23/CPEB3/fraglib/2p7na.gro 14 82 7 1
/scratch/xg23/CPEB3/fraglib/3lgca.gro 13 36 5 1
/scratch/xg23/CPEB3/fraglib/4uqib.gro 12 135 8 1
/scratch/xg23/CPEB3/fraglib/2nlya.gro 12 180 6 1
/scratch/xg23/CPEB3/fraglib/5ap9a.gro 13 13 9 1
/scratch/xg23/CPEB3/fraglib/2p7na.gro 14 82 8 1
/scratch/xg23/CPEB3/fraglib/5mpta.gro 16 1846 6 1
/scratch/xg23/CPEB3/fraglib/5e5ca.gro 13 112 9 1
/scratch/xg23/CPEB3/fraglib/1q7ha.gro 14 35 8 1
/scratch/xg23/CPEB3/fraglib/4c89a.gro 13 292 8 1
/scratch/xg23/CPEB3/fraglib/4g5ea.gro 13 37 9 1
/scratch/xg23/CPEB3/fraglib/5lxzb.gro 14 219 8 1
/scratch/xg23/CPEB3/fraglib/2p35a.gro 13 226 9 1
/scratch/xg23/CPEB3/fraglib/4ikha.gro 14 106 8 1
/scratch/xg23/CPEB3/fraglib/3g5ca.gro 14 337 8 1
/scratch/xg23/CPEB3/fraglib/5auna.gro 13 17 8 1
/scratch/xg23/CPEB3/fraglib/5td7a.gro 13 137 7 1
/scratch/xg23/CPEB3/fraglib/2w1za.gro 15 314 7 1
/scratch/xg23/CPEB3/fraglib/3kk8a.gro 13 221 9 1
/scratch/xg23/CPEB3/fraglib/5f9sa.gro 15 291 7 1
/scratch/xg23/CPEB3/fraglib/5jy1a.gro 13 203 8 1
/scratch/xg23/CPEB3/fraglib/3lgca.gro 13 36 5 1
/scratch/xg23/CPEB3/fraglib/2fcta.gro 16 46 6 1
/scratch/xg23/CPEB3/fraglib/4g0ia.gro 15 24 7 1
/scratch/xg23/CPEB3/fraglib/1asoa.gro 15 110 8 1
/scratch/xg23/CPEB3/fraglib/1fnua.gro 14 93 9 1
/scratch/xg23/CPEB3/fraglib/5e5ca.gro 14 113 9 1
/scratch/xg23/CPEB3/fraglib/5o3ua.gro 15 690 8 1
/scratch/xg23/CPEB3/fraglib/2p7na.gro 14 82 8 1
/scratch/xg23/CPEB3/fraglib/5i3sa.gro 16 176 7 1
/scratch/xg23/CPEB3/fraglib/5mpta.gro 16 1846 6 1
/scratch/xg23/CPEB3/fraglib/5ap9a.gro 14 14 8 1
/scratch/xg23/CPEB3/fraglib/4g0ia.gro 15 24 7 1
/scratch/xg23/CPEB3/fraglib/6epza.gro 15 517 8 1
/scratch/xg23/CPEB3/fraglib/5bopb.gro 14 179 9 1
/scratch/xg23/CPEB3/fraglib/5kt0a.gro 16 132 7 1
/scratch/xg23/CPEB3/fraglib/2hqma.gro 14 38 9 1
/scratch/xg23/CPEB3/fraglib/3ps4a.gro 15 971 8 1
/scratch/xg23/CPEB3/fraglib/1q7ha.gro 14 35 8 1
/scratch/xg23/CPEB3/fraglib/1zgda.gro 17 54 6 1
/scratch/xg23/CPEB3/fraglib/3n2ba.gro 14 365 9 1
/scratch/xg23/CPEB3/fraglib/5tz1a.gro 17 60 6 1
/scratch/xg23/CPEB3/fraglib/3g5ca.gro 14 337 8 1
/scratch/xg23/CPEB3/fraglib/4ikha.gro 14 106 8 1
/scratch/xg23/CPEB3/fraglib/1asoa.gro 15 110 8 1
/scratch/xg23/CPEB3/fraglib/5o3ua.gro 15 690 8 1
/scratch/xg23/CPEB3/fraglib/1hyqa.gro 16 203 7 1
/scratch/xg23/CPEB3/fraglib/5mpta.gro 16 1846 6 1
/scratch/xg23/CPEB3/fraglib/1f89a.gro 15 229 9 1
/scratch/xg23/CPEB3/fraglib/3e9ka.gro 19 98 5 1
/scratch/xg23/CPEB3/fraglib/6epza.gro 15 517 8 1
/scratch/xg23/CPEB3/fraglib/6eona.gro 15 612 9 1
/scratch/xg23/CPEB3/fraglib/1z4va.gro 19 521 5 1
/scratch/xg23/CPEB3/fraglib/5i3sa.gro 16 176 7 1
/scratch/xg23/CPEB3/fraglib/3v8da.gro 17 105 7 1
/scratch/xg23/CPEB3/fraglib/5f9sa.gro 15 291 9 1
/scratch/xg23/CPEB3/fraglib/1rg9a.gro 16 352 8 1
/scratch/xg23/CPEB3/fraglib/4s3la.gro 17 131 7 1
/scratch/xg23/CPEB3/fraglib/2d2ra.gro 15 22 9 1
/scratch/xg23/CPEB3/fraglib/3h5ia.gro 16 95 8 1
/scratch/xg23/CPEB3/fraglib/3s82a.gro 19 376 5 1
/scratch/xg23/CPEB3/fraglib/2p7na.gro 15 83 7 1
/scratch/xg23/CPEB3/fraglib/5e5ca.gro 15 114 8 1
/scratch/xg23/CPEB3/fraglib/2h9fa.gro 15 343 9 1
/scratch/xg23/CPEB3/fraglib/5tz1a.gro 17 60 8 1
/scratch/xg23/CPEB3/fraglib/6arfa.gro 16 133 9 1
/scratch/xg23/CPEB3/fraglib/3e9ka.gro 19 98 6 1
/scratch/xg23/CPEB3/fraglib/1hyqa.gro 16 203 7 1
/scratch/xg23/CPEB3/fraglib/3ed4a.gro 19 59 6 1
/scratch/xg23/CPEB3/fraglib/4qyia.gro 17 65 8 1
/scratch/xg23/CPEB3/fraglib/3v8da.gro 17 105 8 1
/scratch/xg23/CPEB3/fraglib/5mpta.gro 16 1846 6 1
/scratch/xg23/CPEB3/fraglib/6ehss.gro 18 54 7 1
/scratch/xg23/CPEB3/fraglib/2d2ra.gro 18 25 7 1
/scratch/xg23/CPEB3/fraglib/2jgpa.gro 20 403 5 1
/scratch/xg23/CPEB3/fraglib/5guda.gro 16 414 9 1
/scratch/xg23/CPEB3/fraglib/1z4va.gro 19 521 5 1
/scratch/xg23/CPEB3/fraglib/5i3sa.gro 16 176 7 1
/scratch/xg23/CPEB3/fraglib/5ms2a.gro 19 245 6 1
/scratch/xg23/CPEB3/fraglib/4toza.gro 17 369 8 1
/scratch/xg23/CPEB3/fraglib/1rg9a.gro 16 352 8 1
/scratch/xg23/CPEB3/fraglib/4s3la.gro 17 131 7 1
/scratch/xg23/CPEB3/fraglib/3h5ia.gro 16 95 8 1
/scratch/xg23/CPEB3/fraglib/1vqop.gro 20 70 5 1
/scratch/xg23/CPEB3/fraglib/3e9ka.gro 19 98 6 1
/scratch/xg23/CPEB3/fraglib/4qyia.gro 17 65 8 1
/scratch/xg23/CPEB3/fraglib/2d2ra.gro 18 25 7 1
/scratch/xg23/CPEB3/fraglib/3v8da.gro 17 105 8 1
/scratch/xg23/CPEB3/fraglib/2jgpa.gro 20 403 5 1
/scratch/xg23/CPEB3/fraglib/5guda.gro 17 415 8 1
/scratch/xg23/CPEB3/fraglib/5ms2a.gro 19 245 6 1
/scratch/xg23/CPEB3/fraglib/4zfha.gro 18 54 6 1
/scratch/xg23/CPEB3/fraglib/4ecla.gro 18 39 6 1
/scratch/xg23/CPEB3/fraglib/3ed4a.gro 19 59 6 1
/scratch/xg23/CPEB3/fraglib/6arfa.gro 17 134 8 1
/scratch/xg23/CPEB3/fraglib/1vqop.gro 20 70 5 1
/scratch/xg23/CPEB3/fraglib/3e9ka.gro 19 98 6 1
/scratch/xg23/CPEB3/fraglib/2jgpa.gro 20 403 5 1
/scratch/xg23/CPEB3/fraglib/3ed4a.gro 19 59 6 1
/scratch/xg23/CPEB3/fraglib/2d2ra.gro 18 25 7 1
/scratch/xg23/CPEB3/fraglib/1vqop.gro 20 70 5 1
/scratch/xg23/CPEB3/fraglib/3e9ka.gro 19 98 6 1
/scratch/xg23/CPEB3/fraglib/2jgpa.gro 20 403 5 1
/scratch/xg23/CPEB3/fraglib/3ed4a.gro 19 59 6 1
/scratch/xg23/CPEB3/fraglib/3s82a.gro 19 376 5 1
/scratch/xg23/CPEB3/fraglib/1vqop.gro 20 70 5 1
/scratch/xg23/CPEB3/fraglib/2jgpa.gro 20 403 5 1
