/scratch/xg23/CPEB3/fraglib/4ymza.gro 2 180 6 1
/scratch/xg23/CPEB3/fraglib/2iaya.gro 1 48 7 1
/scratch/xg23/CPEB3/fraglib/4tvma.gro 1 208 7 1
/scratch/xg23/CPEB3/fraglib/3x17a.gro 1 45 7 1
/scratch/xg23/CPEB3/fraglib/3amla.gro 1 495 5 1
/scratch/xg23/CPEB3/fraglib/6gi2a.gro 1 138 8 1
/scratch/xg23/CPEB3/fraglib/4ymza.gro 2 180 6 1
/scratch/xg23/CPEB3/fraglib/2gq0a.gro 4 281 5 1
/scratch/xg23/CPEB3/fraglib/3qp6a.gro 1 190 8 1
/scratch/xg23/CPEB3/fraglib/2iaya.gro 1 48 7 1
/scratch/xg23/CPEB3/fraglib/3rkoc.gro 1 245 8 1
/scratch/xg23/CPEB3/fraglib/5absa.gro 1 601 7 1
/scratch/xg23/CPEB3/fraglib/4tvma.gro 1 208 7 1
/scratch/xg23/CPEB3/fraglib/3w1ea.gro 2 109 6 1
/scratch/xg23/CPEB3/fraglib/3amla.gro 1 495 5 1
/scratch/xg23/CPEB3/fraglib/4ja2a.gro 1 106 6 1
/scratch/xg23/CPEB3/fraglib/4ohqa.gro 2 177 6 1
/scratch/xg23/CPEB3/fraglib/4r33a.gro 1 341 9 1
/scratch/xg23/CPEB3/fraglib/2v1ma.gro 3 150 7 1
/scratch/xg23/CPEB3/fraglib/6bmma.gro 1 77 9 1
/scratch/xg23/CPEB3/fraglib/5dx5a.gro 1 352 9 1
/scratch/xg23/CPEB3/fraglib/1bev1.gro 1 248 9 1
/scratch/xg23/CPEB3/fraglib/3qp6a.gro 1 190 8 1
/scratch/xg23/CPEB3/fraglib/2gq0a.gro 4 281 6 1
/scratch/xg23/CPEB3/fraglib/2iaya.gro 1 48 9 1
/scratch/xg23/CPEB3/fraglib/2dyia.gro 4 139 6 1
/scratch/xg23/CPEB3/fraglib/3b34a.gro 1 470 7 1
/scratch/xg23/CPEB3/fraglib/3grea.gro 3 1089 7 1
/scratch/xg23/CPEB3/fraglib/5h06a.gro 2 311 8 1
/scratch/xg23/CPEB3/fraglib/4e1la.gro 5 119 5 1
/scratch/xg23/CPEB3/fraglib/4ymza.gro 2 180 6 1
/scratch/xg23/CPEB3/fraglib/6gi2a.gro 1 138 8 1
/scratch/xg23/CPEB3/fraglib/5n6fa.gro 1 162 7 1
/scratch/xg23/CPEB3/fraglib/3crja.gro 5 112 5 1
/scratch/xg23/CPEB3/fraglib/4c2ja.gro 3 121 7 1
/scratch/xg23/CPEB3/fraglib/4ja2a.gro 1 106 6 1
/scratch/xg23/CPEB3/fraglib/3jxea.gro 1 212 9 1
/scratch/xg23/CPEB3/fraglib/2v1ma.gro 3 150 7 1
/scratch/xg23/CPEB3/fraglib/5u9pa.gro 2 154 9 1
/scratch/xg23/CPEB3/fraglib/5odoa.gro 4 469 7 1
/scratch/xg23/CPEB3/fraglib/2dyia.gro 4 139 6 1
/scratch/xg23/CPEB3/fraglib/2dyia.gro 7 11 4 1
/scratch/xg23/CPEB3/fraglib/2gq0a.gro 4 281 6 1
/scratch/xg23/CPEB3/fraglib/3grea.gro 3 1089 7 1
/scratch/xg23/CPEB3/fraglib/3vsfa.gro 3 251 8 1
/scratch/xg23/CPEB3/fraglib/6eqta.gro 5 156 6 1
/scratch/xg23/CPEB3/fraglib/5h06a.gro 2 311 8 1
/scratch/xg23/CPEB3/fraglib/4c2ja.gro 3 121 7 1
/scratch/xg23/CPEB3/fraglib/4ymza.gro 2 180 6 1
/scratch/xg23/CPEB3/fraglib/3zdsa.gro 3 34 8 1
/scratch/xg23/CPEB3/fraglib/2zhna.gro 3 4 7 1
/scratch/xg23/CPEB3/fraglib/1bev1.gro 3 250 7 1
/scratch/xg23/CPEB3/fraglib/1eg3a.gro 3 66 7 1
/scratch/xg23/CPEB3/fraglib/2bk6a.gro 2 82 8 1
/scratch/xg23/CPEB3/fraglib/4glja.gro 3 72 7 1
/scratch/xg23/CPEB3/fraglib/2qxxa.gro 3 156 8 1
/scratch/xg23/CPEB3/fraglib/4e1la.gro 5 119 5 1
/scratch/xg23/CPEB3/fraglib/2v1ma.gro 3 150 7 1
/scratch/xg23/CPEB3/fraglib/2dyia.gro 4 139 8 1
/scratch/xg23/CPEB3/fraglib/2dyia.gro 7 11 4 1
/scratch/xg23/CPEB3/fraglib/5odoa.gro 4 469 7 1
/scratch/xg23/CPEB3/fraglib/5u9pa.gro 4 156 7 1
/scratch/xg23/CPEB3/fraglib/4nkba.gro 4 472 8 1
/scratch/xg23/CPEB3/fraglib/3grea.gro 3 1089 7 1
/scratch/xg23/CPEB3/fraglib/2gq0a.gro 4 281 6 1
/scratch/xg23/CPEB3/fraglib/3vsfa.gro 3 251 8 1
/scratch/xg23/CPEB3/fraglib/5cl2a.gro 6 161 6 1
/scratch/xg23/CPEB3/fraglib/1bev1.gro 3 250 9 1
/scratch/xg23/CPEB3/fraglib/4e1la.gro 5 119 5 1
/scratch/xg23/CPEB3/fraglib/5ji3a.gro 5 124 7 1
/scratch/xg23/CPEB3/fraglib/3n0la.gro 4 209 8 1
/scratch/xg23/CPEB3/fraglib/3phha.gro 3 246 9 1
/scratch/xg23/CPEB3/fraglib/3zdsa.gro 3 34 8 1
/scratch/xg23/CPEB3/fraglib/4c2ja.gro 3 121 7 1
/scratch/xg23/CPEB3/fraglib/4glja.gro 3 72 7 1
/scratch/xg23/CPEB3/fraglib/2iw3a.gro 3 80 7 1
/scratch/xg23/CPEB3/fraglib/4n4ua.gro 3 168 9 1
/scratch/xg23/CPEB3/fraglib/3epwa.gro 4 217 9 1
/scratch/xg23/CPEB3/fraglib/5cl2a.gro 6 161 7 1
/scratch/xg23/CPEB3/fraglib/1bev1.gro 4 251 9 1
/scratch/xg23/CPEB3/fraglib/5ocsa.gro 6 282 7 1
/scratch/xg23/CPEB3/fraglib/5odoa.gro 4 469 7 1
/scratch/xg23/CPEB3/fraglib/4c2ja.gro 5 123 8 1
/scratch/xg23/CPEB3/fraglib/1dcua.gro 4 260 9 1
/scratch/xg23/CPEB3/fraglib/5u9pa.gro 4 156 7 1
/scratch/xg23/CPEB3/fraglib/4e1la.gro 5 119 5 1
/scratch/xg23/CPEB3/fraglib/2dyia.gro 4 139 8 1
/scratch/xg23/CPEB3/fraglib/2dyia.gro 7 11 4 1
/scratch/xg23/CPEB3/fraglib/2gq0a.gro 4 281 6 1
/scratch/xg23/CPEB3/fraglib/5a0ya.gro 5 492 8 1
/scratch/xg23/CPEB3/fraglib/3vsfa.gro 4 252 7 1
/scratch/xg23/CPEB3/fraglib/4k6lf.gro 6 240 7 1
/scratch/xg23/CPEB3/fraglib/4n4ua.gro 4 169 9 1
/scratch/xg23/CPEB3/fraglib/3ttva.gro 5 514 8 1
/scratch/xg23/CPEB3/fraglib/1itwa.gro 6 320 7 1
/scratch/xg23/CPEB3/fraglib/3n0la.gro 4 209 8 1
/scratch/xg23/CPEB3/fraglib/4eyga.gro 4 205 9 1
/scratch/xg23/CPEB3/fraglib/5cl2a.gro 6 161 7 1
/scratch/xg23/CPEB3/fraglib/5ocsa.gro 6 282 7 1
/scratch/xg23/CPEB3/fraglib/2afwa.gro 5 111 9 1
/scratch/xg23/CPEB3/fraglib/4c2ja.gro 5 123 9 1
/scratch/xg23/CPEB3/fraglib/4k6lf.gro 6 240 7 1
/scratch/xg23/CPEB3/fraglib/5a0ya.gro 5 492 8 1
/scratch/xg23/CPEB3/fraglib/3epwa.gro 6 219 7 1
/scratch/xg23/CPEB3/fraglib/3wd6a.gro 8 39 6 1
/scratch/xg23/CPEB3/fraglib/4wgfa.gro 6 78 7 1
/scratch/xg23/CPEB3/fraglib/4lv5a.gro 5 314 9 1
/scratch/xg23/CPEB3/fraglib/3c6ba.gro 5 115 7 1
/scratch/xg23/CPEB3/fraglib/1bev1.gro 6 253 7 1
/scratch/xg23/CPEB3/fraglib/4e1la.gro 5 119 5 1
/scratch/xg23/CPEB3/fraglib/2nlya.gro 6 178 8 1
/scratch/xg23/CPEB3/fraglib/3crja.gro 5 112 7 1
/scratch/xg23/CPEB3/fraglib/1itwa.gro 6 320 7 1
/scratch/xg23/CPEB3/fraglib/5ji3a.gro 5 124 7 1
/scratch/xg23/CPEB3/fraglib/1f97a.gro 7 80 6 1
/scratch/xg23/CPEB3/fraglib/5ziba.gro 5 562 7 1
/scratch/xg23/CPEB3/fraglib/4p02a.gro 5 482 9 1
/scratch/xg23/CPEB3/fraglib/5cl2a.gro 6 161 7 1
/scratch/xg23/CPEB3/fraglib/5ocsa.gro 6 282 7 1
/scratch/xg23/CPEB3/fraglib/3c7aa.gro 7 103 8 1
/scratch/xg23/CPEB3/fraglib/4k6lf.gro 6 240 7 1
/scratch/xg23/CPEB3/fraglib/6ehia.gro 8 7 7 1
/scratch/xg23/CPEB3/fraglib/3epwa.gro 6 219 7 1
/scratch/xg23/CPEB3/fraglib/3wd6a.gro 8 39 6 1
/scratch/xg23/CPEB3/fraglib/3r0pa.gro 6 99 9 1
/scratch/xg23/CPEB3/fraglib/5gqba.gro 6 493 9 1
/scratch/xg23/CPEB3/fraglib/5ji3a.gro 7 126 8 1
/scratch/xg23/CPEB3/fraglib/2dqba.gro 7 17 7 1
/scratch/xg23/CPEB3/fraglib/2nlya.gro 6 178 8 1
/scratch/xg23/CPEB3/fraglib/1bev1.gro 6 253 7 1
/scratch/xg23/CPEB3/fraglib/4r60a.gro 7 18 8 1
/scratch/xg23/CPEB3/fraglib/4wgfa.gro 6 78 7 1
/scratch/xg23/CPEB3/fraglib/4bq2a.gro 6 347 9 1
/scratch/xg23/CPEB3/fraglib/5nnya.gro 6 247 9 1
/scratch/xg23/CPEB3/fraglib/3r4za.gro 6 145 8 1
/scratch/xg23/CPEB3/fraglib/4ok4a.gro 6 254 9 1
/scratch/xg23/CPEB3/fraglib/4ok4a.gro 8 369 6 1
/scratch/xg23/CPEB3/fraglib/3c5ha.gro 8 115 8 1
/scratch/xg23/CPEB3/fraglib/4k6lf.gro 7 241 9 1
/scratch/xg23/CPEB3/fraglib/6ehia.gro 8 7 7 1
/scratch/xg23/CPEB3/fraglib/3wd6a.gro 8 39 6 1
/scratch/xg23/CPEB3/fraglib/5cl2a.gro 7 162 6 1
/scratch/xg23/CPEB3/fraglib/3c7aa.gro 7 103 8 1
/scratch/xg23/CPEB3/fraglib/3ig3a.gro 8 1520 8 1
/scratch/xg23/CPEB3/fraglib/5ocsa.gro 8 284 8 1
/scratch/xg23/CPEB3/fraglib/2aama.gro 8 290 6 1
/scratch/xg23/CPEB3/fraglib/2aama.gro 10 171 6 1
/scratch/xg23/CPEB3/fraglib/2dqba.gro 7 17 7 1
/scratch/xg23/CPEB3/fraglib/3k25a.gro 8 274 7 1
/scratch/xg23/CPEB3/fraglib/3epwa.gro 7 220 6 1
/scratch/xg23/CPEB3/fraglib/4r60a.gro 7 18 8 1
/scratch/xg23/CPEB3/fraglib/4fmla.gro 8 93 7 1
/scratch/xg23/CPEB3/fraglib/4r6ya.gro 8 87 8 1
/scratch/xg23/CPEB3/fraglib/3wjmb.gro 8 308 6 1
/scratch/xg23/CPEB3/fraglib/5auna.gro 9 17 7 1
/scratch/xg23/CPEB3/fraglib/3lgca.gro 9 36 5 1
/scratch/xg23/CPEB3/fraglib/4uqib.gro 8 135 8 1
/scratch/xg23/CPEB3/fraglib/3c5ha.gro 8 115 8 1
/scratch/xg23/CPEB3/fraglib/3wd6a.gro 8 39 9 1
/scratch/xg23/CPEB3/fraglib/6ehia.gro 8 7 7 1
/scratch/xg23/CPEB3/fraglib/4c89a.gro 9 292 8 1
/scratch/xg23/CPEB3/fraglib/5ji3a.gro 8 127 9 1
/scratch/xg23/CPEB3/fraglib/5auna.gro 9 17 8 1
/scratch/xg23/CPEB3/fraglib/3ig3a.gro 8 1520 8 1
/scratch/xg23/CPEB3/fraglib/1a05a.gro 8 311 9 1
/scratch/xg23/CPEB3/fraglib/5ocsa.gro 8 284 8 1
/scratch/xg23/CPEB3/fraglib/2aama.gro 8 290 6 1
/scratch/xg23/CPEB3/fraglib/2aama.gro 10 171 6 1
/scratch/xg23/CPEB3/fraglib/3k25a.gro 8 274 7 1
/scratch/xg23/CPEB3/fraglib/4fmla.gro 8 93 7 1
/scratch/xg23/CPEB3/fraglib/5ap9a.gro 9 13 8 1
/scratch/xg23/CPEB3/fraglib/4r6ya.gro 8 87 8 1
/scratch/xg23/CPEB3/fraglib/3wjmb.gro 8 308 6 1
/scratch/xg23/CPEB3/fraglib/2p7na.gro 10 82 7 1
/scratch/xg23/CPEB3/fraglib/3lgca.gro 9 36 5 1
/scratch/xg23/CPEB3/fraglib/4uqib.gro 8 135 8 1
/scratch/xg23/CPEB3/fraglib/2nlya.gro 8 180 6 1
/scratch/xg23/CPEB3/fraglib/5ap9a.gro 9 13 9 1
/scratch/xg23/CPEB3/fraglib/2p7na.gro 10 82 8 1
/scratch/xg23/CPEB3/fraglib/5mpta.gro 12 1846 6 1
/scratch/xg23/CPEB3/fraglib/5e5ca.gro 9 112 9 1
/scratch/xg23/CPEB3/fraglib/1q7ha.gro 10 35 8 1
/scratch/xg23/CPEB3/fraglib/4c89a.gro 9 292 8 1
/scratch/xg23/CPEB3/fraglib/4g5ea.gro 9 37 9 1
/scratch/xg23/CPEB3/fraglib/5lxzb.gro 10 219 8 1
/scratch/xg23/CPEB3/fraglib/2p35a.gro 9 226 9 1
/scratch/xg23/CPEB3/fraglib/4ikha.gro 10 106 8 1
/scratch/xg23/CPEB3/fraglib/3g5ca.gro 10 337 8 1
/scratch/xg23/CPEB3/fraglib/5auna.gro 9 17 8 1
/scratch/xg23/CPEB3/fraglib/5td7a.gro 9 137 7 1
/scratch/xg23/CPEB3/fraglib/2w1za.gro 11 314 7 1
/scratch/xg23/CPEB3/fraglib/3kk8a.gro 9 221 9 1
/scratch/xg23/CPEB3/fraglib/5f9sa.gro 11 291 7 1
/scratch/xg23/CPEB3/fraglib/5jy1a.gro 9 203 8 1
/scratch/xg23/CPEB3/fraglib/3lgca.gro 9 36 5 1
/scratch/xg23/CPEB3/fraglib/2fcta.gro 12 46 6 1
/scratch/xg23/CPEB3/fraglib/4g0ia.gro 11 24 7 1
/scratch/xg23/CPEB3/fraglib/1asoa.gro 11 110 8 1
/scratch/xg23/CPEB3/fraglib/1fnua.gro 10 93 9 1
/scratch/xg23/CPEB3/fraglib/5e5ca.gro 10 113 9 1
/scratch/xg23/CPEB3/fraglib/5o3ua.gro 11 690 8 1
/scratch/xg23/CPEB3/fraglib/2p7na.gro 10 82 8 1
/scratch/xg23/CPEB3/fraglib/5i3sa.gro 12 176 7 1
/scratch/xg23/CPEB3/fraglib/5mpta.gro 12 1846 6 1
/scratch/xg23/CPEB3/fraglib/5ap9a.gro 10 14 8 1
/scratch/xg23/CPEB3/fraglib/4g0ia.gro 11 24 7 1
/scratch/xg23/CPEB3/fraglib/6epza.gro 11 517 8 1
/scratch/xg23/CPEB3/fraglib/5bopb.gro 10 179 9 1
/scratch/xg23/CPEB3/fraglib/5kt0a.gro 12 132 7 1
/scratch/xg23/CPEB3/fraglib/2hqma.gro 10 38 9 1
/scratch/xg23/CPEB3/fraglib/3ps4a.gro 11 971 8 1
/scratch/xg23/CPEB3/fraglib/1q7ha.gro 10 35 8 1
/scratch/xg23/CPEB3/fraglib/1zgda.gro 13 54 6 1
/scratch/xg23/CPEB3/fraglib/3n2ba.gro 10 365 9 1
/scratch/xg23/CPEB3/fraglib/5tz1a.gro 13 60 6 1
/scratch/xg23/CPEB3/fraglib/3g5ca.gro 10 337 8 1
/scratch/xg23/CPEB3/fraglib/4ikha.gro 10 106 8 1
/scratch/xg23/CPEB3/fraglib/1asoa.gro 11 110 8 1
/scratch/xg23/CPEB3/fraglib/5o3ua.gro 11 690 8 1
/scratch/xg23/CPEB3/fraglib/1hyqa.gro 12 203 7 1
/scratch/xg23/CPEB3/fraglib/5mpta.gro 12 1846 6 1
/scratch/xg23/CPEB3/fraglib/1f89a.gro 11 229 9 1
/scratch/xg23/CPEB3/fraglib/3e9ka.gro 15 98 5 1
/scratch/xg23/CPEB3/fraglib/6epza.gro 11 517 8 1
/scratch/xg23/CPEB3/fraglib/6eona.gro 11 612 9 1
/scratch/xg23/CPEB3/fraglib/1z4va.gro 15 521 5 1
/scratch/xg23/CPEB3/fraglib/5i3sa.gro 12 176 7 1
/scratch/xg23/CPEB3/fraglib/3v8da.gro 13 105 7 1
/scratch/xg23/CPEB3/fraglib/5f9sa.gro 11 291 9 1
/scratch/xg23/CPEB3/fraglib/1rg9a.gro 12 352 8 1
/scratch/xg23/CPEB3/fraglib/4s3la.gro 13 131 7 1
/scratch/xg23/CPEB3/fraglib/2d2ra.gro 11 22 9 1
/scratch/xg23/CPEB3/fraglib/3h5ia.gro 12 95 8 1
/scratch/xg23/CPEB3/fraglib/3s82a.gro 15 376 5 1
/scratch/xg23/CPEB3/fraglib/2p7na.gro 11 83 7 1
/scratch/xg23/CPEB3/fraglib/5e5ca.gro 11 114 8 1
/scratch/xg23/CPEB3/fraglib/2h9fa.gro 11 343 9 1
/scratch/xg23/CPEB3/fraglib/5tz1a.gro 13 60 8 1
/scratch/xg23/CPEB3/fraglib/6arfa.gro 12 133 9 1
/scratch/xg23/CPEB3/fraglib/3e9ka.gro 15 98 6 1
/scratch/xg23/CPEB3/fraglib/1hyqa.gro 12 203 7 1
/scratch/xg23/CPEB3/fraglib/3ed4a.gro 15 59 6 1
/scratch/xg23/CPEB3/fraglib/4qyia.gro 13 65 8 1
/scratch/xg23/CPEB3/fraglib/3v8da.gro 13 105 8 1
/scratch/xg23/CPEB3/fraglib/5mpta.gro 12 1846 6 1
/scratch/xg23/CPEB3/fraglib/6ehss.gro 14 54 7 1
/scratch/xg23/CPEB3/fraglib/2d2ra.gro 14 25 7 1
/scratch/xg23/CPEB3/fraglib/2jgpa.gro 16 403 5 1
/scratch/xg23/CPEB3/fraglib/5guda.gro 12 414 9 1
/scratch/xg23/CPEB3/fraglib/1z4va.gro 15 521 5 1
/scratch/xg23/CPEB3/fraglib/5i3sa.gro 12 176 7 1
/scratch/xg23/CPEB3/fraglib/5ms2a.gro 15 245 6 1
/scratch/xg23/CPEB3/fraglib/4toza.gro 13 369 8 1
/scratch/xg23/CPEB3/fraglib/1rg9a.gro 12 352 8 1
/scratch/xg23/CPEB3/fraglib/4s3la.gro 13 131 7 1
/scratch/xg23/CPEB3/fraglib/3h5ia.gro 12 95 8 1
/scratch/xg23/CPEB3/fraglib/1vqop.gro 16 70 5 1
/scratch/xg23/CPEB3/fraglib/5tz1a.gro 13 60 9 1
/scratch/xg23/CPEB3/fraglib/5bjxa.gro 14 351 8 1
/scratch/xg23/CPEB3/fraglib/5gy7a.gro 13 124 9 1
/scratch/xg23/CPEB3/fraglib/3e9ka.gro 15 98 6 1
/scratch/xg23/CPEB3/fraglib/5nmua.gro 15 63 7 1
/scratch/xg23/CPEB3/fraglib/4o8ma.gro 16 32 6 1
/scratch/xg23/CPEB3/fraglib/4qyia.gro 13 65 8 1
/scratch/xg23/CPEB3/fraglib/4qdja.gro 16 109 6 1
/scratch/xg23/CPEB3/fraglib/2d2ra.gro 14 25 7 1
/scratch/xg23/CPEB3/fraglib/3v8da.gro 13 105 8 1
/scratch/xg23/CPEB3/fraglib/3of4a.gro 13 36 9 1
/scratch/xg23/CPEB3/fraglib/2jgpa.gro 16 403 5 1
/scratch/xg23/CPEB3/fraglib/5guda.gro 13 415 8 1
/scratch/xg23/CPEB3/fraglib/5ms2a.gro 15 245 6 1
/scratch/xg23/CPEB3/fraglib/4zfha.gro 14 54 6 1
/scratch/xg23/CPEB3/fraglib/4ecla.gro 14 39 6 1
/scratch/xg23/CPEB3/fraglib/3ed4a.gro 15 59 6 1
/scratch/xg23/CPEB3/fraglib/2ozlb.gro 14 133 8 1
/scratch/xg23/CPEB3/fraglib/4q86a.gro 14 548 8 1
/scratch/xg23/CPEB3/fraglib/6arfa.gro 13 134 8 1
/scratch/xg23/CPEB3/fraglib/5tz1a.gro 14 61 8 1
/scratch/xg23/CPEB3/fraglib/5bjxa.gro 14 351 9 1
/scratch/xg23/CPEB3/fraglib/4q86a.gro 14 548 9 1
/scratch/xg23/CPEB3/fraglib/1vqop.gro 16 70 5 1
/scratch/xg23/CPEB3/fraglib/3e9ka.gro 15 98 6 1
/scratch/xg23/CPEB3/fraglib/5tpia.gro 15 167 8 1
/scratch/xg23/CPEB3/fraglib/5nmua.gro 15 63 7 1
/scratch/xg23/CPEB3/fraglib/4o8ma.gro 16 32 6 1
/scratch/xg23/CPEB3/fraglib/3i0pa.gro 14 152 9 1
/scratch/xg23/CPEB3/fraglib/4zfha.gro 14 54 9 1
/scratch/xg23/CPEB3/fraglib/4ga6a.gro 14 316 9 1
/scratch/xg23/CPEB3/fraglib/4qdja.gro 16 109 6 1
/scratch/xg23/CPEB3/fraglib/5y0qa.gro 17 398 6 1
/scratch/xg23/CPEB3/fraglib/5gz5a.gro 14 227 9 1
/scratch/xg23/CPEB3/fraglib/2jgpa.gro 16 403 5 1
/scratch/xg23/CPEB3/fraglib/3ed4a.gro 15 59 6 1
/scratch/xg23/CPEB3/fraglib/2d2ra.gro 14 25 7 1
/scratch/xg23/CPEB3/fraglib/3of4a.gro 14 37 8 1
/scratch/xg23/CPEB3/fraglib/3dska.gro 17 417 6 1
/scratch/xg23/CPEB3/fraglib/1jila.gro 17 63 6 1
/scratch/xg23/CPEB3/fraglib/5nmua.gro 15 63 7 1
/scratch/xg23/CPEB3/fraglib/2ay1a.gro 16 43 8 1
/scratch/xg23/CPEB3/fraglib/5tpia.gro 15 167 8 1
/scratch/xg23/CPEB3/fraglib/5tz1a.gro 15 62 7 1
/scratch/xg23/CPEB3/fraglib/1vqop.gro 16 70 5 1
/scratch/xg23/CPEB3/fraglib/4qdja.gro 16 109 6 1
/scratch/xg23/CPEB3/fraglib/3e9ka.gro 15 98 6 1
/scratch/xg23/CPEB3/fraglib/4z24a.gro 15 84 9 1
/scratch/xg23/CPEB3/fraglib/4o8ma.gro 16 32 6 1
/scratch/xg23/CPEB3/fraglib/5y0qa.gro 17 398 6 1
/scratch/xg23/CPEB3/fraglib/1jila.gro 17 63 7 1
/scratch/xg23/CPEB3/fraglib/5wpia.gro 19 102 5 1
/scratch/xg23/CPEB3/fraglib/2jgpa.gro 16 403 5 1
/scratch/xg23/CPEB3/fraglib/3dska.gro 17 417 6 1
/scratch/xg23/CPEB3/fraglib/3ed4a.gro 15 59 6 1
/scratch/xg23/CPEB3/fraglib/3s82a.gro 15 376 5 1
/scratch/xg23/CPEB3/fraglib/3a21a.gro 17 251 7 1
/scratch/xg23/CPEB3/fraglib/5moga.gro 15 124 9 1
/scratch/xg23/CPEB3/fraglib/5tdea.gro 16 418 7 1
/scratch/xg23/CPEB3/fraglib/4em6a.gro 15 404 9 1
/scratch/xg23/CPEB3/fraglib/5wpia.gro 19 102 6 1
/scratch/xg23/CPEB3/fraglib/3dska.gro 17 417 8 1
/scratch/xg23/CPEB3/fraglib/3a21a.gro 17 251 8 1
/scratch/xg23/CPEB3/fraglib/2ay1a.gro 16 43 8 1
/scratch/xg23/CPEB3/fraglib/4xaxa.gro 18 116 7 1
/scratch/xg23/CPEB3/fraglib/1vqop.gro 16 70 5 1
/scratch/xg23/CPEB3/fraglib/3l4ja.gro 17 518 8 1
/scratch/xg23/CPEB3/fraglib/4qdja.gro 16 109 6 1
/scratch/xg23/CPEB3/fraglib/4o8ma.gro 16 32 6 1
/scratch/xg23/CPEB3/fraglib/5y0qa.gro 17 398 6 1
/scratch/xg23/CPEB3/fraglib/4z24a.gro 16 85 8 1
/scratch/xg23/CPEB3/fraglib/1jila.gro 17 63 7 1
/scratch/xg23/CPEB3/fraglib/3e38a.gro 19 216 6 1
/scratch/xg23/CPEB3/fraglib/2jgpa.gro 16 403 5 1
/scratch/xg23/CPEB3/fraglib/4hh3c.gro 18 283 6 1
/scratch/xg23/CPEB3/fraglib/5moga.gro 18 127 6 1
/scratch/xg23/CPEB3/fraglib/4ga6a.gro 17 319 6 1
/scratch/xg23/CPEB3/fraglib/5tdea.gro 16 418 7 1
/scratch/xg23/CPEB3/fraglib/4w9wa.gro 17 238 8 1
/scratch/xg23/CPEB3/fraglib/3ed4a.gro 17 61 8 1
/scratch/xg23/CPEB3/fraglib/5wpia.gro 19 102 6 1
/scratch/xg23/CPEB3/fraglib/3dska.gro 17 417 8 1
/scratch/xg23/CPEB3/fraglib/4xaxa.gro 18 116 7 1
/scratch/xg23/CPEB3/fraglib/2ay1a.gro 18 45 6 1
/scratch/xg23/CPEB3/fraglib/3l4ja.gro 17 518 8 1
/scratch/xg23/CPEB3/fraglib/5y0qa.gro 17 398 6 1
/scratch/xg23/CPEB3/fraglib/1jila.gro 17 63 7 1
/scratch/xg23/CPEB3/fraglib/3e38a.gro 19 216 6 1
/scratch/xg23/CPEB3/fraglib/5moga.gro 18 127 6 1
/scratch/xg23/CPEB3/fraglib/5tpia.gro 17 169 6 1
/scratch/xg23/CPEB3/fraglib/4ga6a.gro 17 319 6 1
/scratch/xg23/CPEB3/fraglib/3ed4a.gro 17 61 8 1
/scratch/xg23/CPEB3/fraglib/4w9wa.gro 17 238 8 1
/scratch/xg23/CPEB3/fraglib/4af8a.gro 17 58 5 1
/scratch/xg23/CPEB3/fraglib/5wpia.gro 19 102 6 1
/scratch/xg23/CPEB3/fraglib/4xaxa.gro 18 116 7 1
/scratch/xg23/CPEB3/fraglib/2ay1a.gro 18 45 6 1
/scratch/xg23/CPEB3/fraglib/3e38a.gro 19 216 6 1
/scratch/xg23/CPEB3/fraglib/5moga.gro 18 127 6 1
/scratch/xg23/CPEB3/fraglib/3rcya.gro 18 177 7 1
/scratch/xg23/CPEB3/fraglib/2jana.gro 18 64 6 1
/scratch/xg23/CPEB3/fraglib/3h4xa.gro 18 120 6 1
/scratch/xg23/CPEB3/fraglib/5wpia.gro 19 102 6 1
/scratch/xg23/CPEB3/fraglib/3e38a.gro 19 216 6 1
/scratch/xg23/CPEB3/fraglib/3efea.gro 19 89 5 1
