/scratch/xg23/CPEB3/fraglib/4e1la.gro 1 119 5 1
/scratch/xg23/CPEB3/fraglib/3crja.gro 1 112 5 1
/scratch/xg23/CPEB3/fraglib/2dyia.gro 3 11 4 1
/scratch/xg23/CPEB3/fraglib/6eqta.gro 1 156 6 1
/scratch/xg23/CPEB3/fraglib/4e1la.gro 1 119 5 1
/scratch/xg23/CPEB3/fraglib/2dyia.gro 3 11 4 1
/scratch/xg23/CPEB3/fraglib/5cl2a.gro 2 161 6 1
/scratch/xg23/CPEB3/fraglib/4e1la.gro 1 119 5 1
/scratch/xg23/CPEB3/fraglib/5ji3a.gro 1 124 7 1
/scratch/xg23/CPEB3/fraglib/5cl2a.gro 2 161 7 1
/scratch/xg23/CPEB3/fraglib/5ocsa.gro 2 282 7 1
/scratch/xg23/CPEB3/fraglib/4c2ja.gro 1 123 8 1
/scratch/xg23/CPEB3/fraglib/4e1la.gro 1 119 5 1
/scratch/xg23/CPEB3/fraglib/2dyia.gro 3 11 4 1
/scratch/xg23/CPEB3/fraglib/5a0ya.gro 1 492 8 1
/scratch/xg23/CPEB3/fraglib/4k6lf.gro 2 240 7 1
/scratch/xg23/CPEB3/fraglib/3ttva.gro 1 514 8 1
/scratch/xg23/CPEB3/fraglib/1itwa.gro 2 320 7 1
/scratch/xg23/CPEB3/fraglib/5cl2a.gro 2 161 7 1
/scratch/xg23/CPEB3/fraglib/5ocsa.gro 2 282 7 1
/scratch/xg23/CPEB3/fraglib/2afwa.gro 1 111 9 1
/scratch/xg23/CPEB3/fraglib/4c2ja.gro 1 123 9 1
/scratch/xg23/CPEB3/fraglib/4k6lf.gro 2 240 7 1
/scratch/xg23/CPEB3/fraglib/5a0ya.gro 1 492 8 1
/scratch/xg23/CPEB3/fraglib/3epwa.gro 2 219 7 1
/scratch/xg23/CPEB3/fraglib/3wd6a.gro 4 39 6 1
/scratch/xg23/CPEB3/fraglib/4wgfa.gro 2 78 7 1
/scratch/xg23/CPEB3/fraglib/4lv5a.gro 1 314 9 1
/scratch/xg23/CPEB3/fraglib/3c6ba.gro 1 115 7 1
/scratch/xg23/CPEB3/fraglib/1bev1.gro 2 253 7 1
/scratch/xg23/CPEB3/fraglib/4e1la.gro 1 119 5 1
/scratch/xg23/CPEB3/fraglib/2nlya.gro 2 178 8 1
/scratch/xg23/CPEB3/fraglib/3crja.gro 1 112 7 1
/scratch/xg23/CPEB3/fraglib/1itwa.gro 2 320 7 1
/scratch/xg23/CPEB3/fraglib/5ji3a.gro 1 124 7 1
/scratch/xg23/CPEB3/fraglib/1f97a.gro 3 80 6 1
/scratch/xg23/CPEB3/fraglib/5ziba.gro 1 562 7 1
/scratch/xg23/CPEB3/fraglib/4p02a.gro 1 482 9 1
/scratch/xg23/CPEB3/fraglib/5cl2a.gro 2 161 7 1
/scratch/xg23/CPEB3/fraglib/5ocsa.gro 2 282 7 1
/scratch/xg23/CPEB3/fraglib/3c7aa.gro 3 103 8 1
/scratch/xg23/CPEB3/fraglib/4k6lf.gro 2 240 7 1
/scratch/xg23/CPEB3/fraglib/6ehia.gro 4 7 7 1
/scratch/xg23/CPEB3/fraglib/3epwa.gro 2 219 7 1
/scratch/xg23/CPEB3/fraglib/3wd6a.gro 4 39 6 1
/scratch/xg23/CPEB3/fraglib/3r0pa.gro 2 99 9 1
/scratch/xg23/CPEB3/fraglib/5gqba.gro 2 493 9 1
/scratch/xg23/CPEB3/fraglib/5ji3a.gro 3 126 8 1
/scratch/xg23/CPEB3/fraglib/2dqba.gro 3 17 7 1
/scratch/xg23/CPEB3/fraglib/2nlya.gro 2 178 8 1
/scratch/xg23/CPEB3/fraglib/1bev1.gro 2 253 7 1
/scratch/xg23/CPEB3/fraglib/4r60a.gro 3 18 8 1
/scratch/xg23/CPEB3/fraglib/4wgfa.gro 2 78 7 1
/scratch/xg23/CPEB3/fraglib/4bq2a.gro 2 347 9 1
/scratch/xg23/CPEB3/fraglib/5nnya.gro 2 247 9 1
/scratch/xg23/CPEB3/fraglib/3r4za.gro 2 145 8 1
/scratch/xg23/CPEB3/fraglib/4ok4a.gro 2 254 9 1
/scratch/xg23/CPEB3/fraglib/4ok4a.gro 4 369 6 1
/scratch/xg23/CPEB3/fraglib/3c5ha.gro 4 115 8 1
/scratch/xg23/CPEB3/fraglib/4k6lf.gro 3 241 9 1
/scratch/xg23/CPEB3/fraglib/6ehia.gro 4 7 7 1
/scratch/xg23/CPEB3/fraglib/3wd6a.gro 4 39 6 1
/scratch/xg23/CPEB3/fraglib/5cl2a.gro 3 162 6 1
/scratch/xg23/CPEB3/fraglib/3c7aa.gro 3 103 8 1
/scratch/xg23/CPEB3/fraglib/3ig3a.gro 4 1520 8 1
/scratch/xg23/CPEB3/fraglib/5ocsa.gro 4 284 8 1
/scratch/xg23/CPEB3/fraglib/2aama.gro 4 290 6 1
/scratch/xg23/CPEB3/fraglib/2aama.gro 6 171 6 1
/scratch/xg23/CPEB3/fraglib/2dqba.gro 3 17 7 1
/scratch/xg23/CPEB3/fraglib/3k25a.gro 4 274 7 1
/scratch/xg23/CPEB3/fraglib/3epwa.gro 3 220 6 1
/scratch/xg23/CPEB3/fraglib/4r60a.gro 3 18 8 1
/scratch/xg23/CPEB3/fraglib/4fmla.gro 4 93 7 1
/scratch/xg23/CPEB3/fraglib/4r6ya.gro 4 87 8 1
/scratch/xg23/CPEB3/fraglib/3wjmb.gro 4 308 6 1
/scratch/xg23/CPEB3/fraglib/5auna.gro 5 17 7 1
/scratch/xg23/CPEB3/fraglib/3lgca.gro 5 36 5 1
/scratch/xg23/CPEB3/fraglib/4uqib.gro 4 135 8 1
/scratch/xg23/CPEB3/fraglib/3c5ha.gro 4 115 8 1
/scratch/xg23/CPEB3/fraglib/3wd6a.gro 4 39 9 1
/scratch/xg23/CPEB3/fraglib/6ehia.gro 4 7 7 1
/scratch/xg23/CPEB3/fraglib/4c89a.gro 5 292 8 1
/scratch/xg23/CPEB3/fraglib/5ji3a.gro 4 127 9 1
/scratch/xg23/CPEB3/fraglib/5auna.gro 5 17 8 1
/scratch/xg23/CPEB3/fraglib/3ig3a.gro 4 1520 8 1
/scratch/xg23/CPEB3/fraglib/1a05a.gro 4 311 9 1
/scratch/xg23/CPEB3/fraglib/5ocsa.gro 4 284 8 1
/scratch/xg23/CPEB3/fraglib/2aama.gro 4 290 6 1
/scratch/xg23/CPEB3/fraglib/2aama.gro 6 171 6 1
/scratch/xg23/CPEB3/fraglib/3k25a.gro 4 274 7 1
/scratch/xg23/CPEB3/fraglib/4fmla.gro 4 93 7 1
/scratch/xg23/CPEB3/fraglib/5ap9a.gro 5 13 8 1
/scratch/xg23/CPEB3/fraglib/4r6ya.gro 4 87 8 1
/scratch/xg23/CPEB3/fraglib/3wjmb.gro 4 308 6 1
/scratch/xg23/CPEB3/fraglib/2p7na.gro 6 82 7 1
/scratch/xg23/CPEB3/fraglib/3lgca.gro 5 36 5 1
/scratch/xg23/CPEB3/fraglib/4uqib.gro 4 135 8 1
/scratch/xg23/CPEB3/fraglib/2nlya.gro 4 180 6 1
/scratch/xg23/CPEB3/fraglib/5ap9a.gro 5 13 9 1
/scratch/xg23/CPEB3/fraglib/2p7na.gro 6 82 8 1
/scratch/xg23/CPEB3/fraglib/5mpta.gro 8 1846 6 1
/scratch/xg23/CPEB3/fraglib/5e5ca.gro 5 112 9 1
/scratch/xg23/CPEB3/fraglib/1q7ha.gro 6 35 8 1
/scratch/xg23/CPEB3/fraglib/4c89a.gro 5 292 8 1
/scratch/xg23/CPEB3/fraglib/4g5ea.gro 5 37 9 1
/scratch/xg23/CPEB3/fraglib/5lxzb.gro 6 219 8 1
/scratch/xg23/CPEB3/fraglib/2p35a.gro 5 226 9 1
/scratch/xg23/CPEB3/fraglib/4ikha.gro 6 106 8 1
/scratch/xg23/CPEB3/fraglib/3g5ca.gro 6 337 8 1
/scratch/xg23/CPEB3/fraglib/5auna.gro 5 17 8 1
/scratch/xg23/CPEB3/fraglib/5td7a.gro 5 137 7 1
/scratch/xg23/CPEB3/fraglib/2w1za.gro 7 314 7 1
/scratch/xg23/CPEB3/fraglib/3kk8a.gro 5 221 9 1
/scratch/xg23/CPEB3/fraglib/5f9sa.gro 7 291 7 1
/scratch/xg23/CPEB3/fraglib/5jy1a.gro 5 203 8 1
/scratch/xg23/CPEB3/fraglib/3lgca.gro 5 36 5 1
/scratch/xg23/CPEB3/fraglib/2fcta.gro 8 46 6 1
/scratch/xg23/CPEB3/fraglib/4g0ia.gro 7 24 7 1
/scratch/xg23/CPEB3/fraglib/1asoa.gro 7 110 8 1
/scratch/xg23/CPEB3/fraglib/1fnua.gro 6 93 9 1
/scratch/xg23/CPEB3/fraglib/5e5ca.gro 6 113 9 1
/scratch/xg23/CPEB3/fraglib/5o3ua.gro 7 690 8 1
/scratch/xg23/CPEB3/fraglib/2p7na.gro 6 82 8 1
/scratch/xg23/CPEB3/fraglib/5i3sa.gro 8 176 7 1
/scratch/xg23/CPEB3/fraglib/5mpta.gro 8 1846 6 1
/scratch/xg23/CPEB3/fraglib/5ap9a.gro 6 14 8 1
/scratch/xg23/CPEB3/fraglib/4g0ia.gro 7 24 7 1
/scratch/xg23/CPEB3/fraglib/6epza.gro 7 517 8 1
/scratch/xg23/CPEB3/fraglib/5bopb.gro 6 179 9 1
/scratch/xg23/CPEB3/fraglib/5kt0a.gro 8 132 7 1
/scratch/xg23/CPEB3/fraglib/2hqma.gro 6 38 9 1
/scratch/xg23/CPEB3/fraglib/3ps4a.gro 7 971 8 1
/scratch/xg23/CPEB3/fraglib/1q7ha.gro 6 35 8 1
/scratch/xg23/CPEB3/fraglib/1zgda.gro 9 54 6 1
/scratch/xg23/CPEB3/fraglib/3n2ba.gro 6 365 9 1
/scratch/xg23/CPEB3/fraglib/5tz1a.gro 9 60 6 1
/scratch/xg23/CPEB3/fraglib/3g5ca.gro 6 337 8 1
/scratch/xg23/CPEB3/fraglib/4ikha.gro 6 106 8 1
/scratch/xg23/CPEB3/fraglib/1asoa.gro 7 110 8 1
/scratch/xg23/CPEB3/fraglib/5o3ua.gro 7 690 8 1
/scratch/xg23/CPEB3/fraglib/1hyqa.gro 8 203 7 1
/scratch/xg23/CPEB3/fraglib/5mpta.gro 8 1846 6 1
/scratch/xg23/CPEB3/fraglib/1f89a.gro 7 229 9 1
/scratch/xg23/CPEB3/fraglib/3e9ka.gro 11 98 5 1
/scratch/xg23/CPEB3/fraglib/6epza.gro 7 517 8 1
/scratch/xg23/CPEB3/fraglib/6eona.gro 7 612 9 1
/scratch/xg23/CPEB3/fraglib/1z4va.gro 11 521 5 1
/scratch/xg23/CPEB3/fraglib/5i3sa.gro 8 176 7 1
/scratch/xg23/CPEB3/fraglib/3v8da.gro 9 105 7 1
/scratch/xg23/CPEB3/fraglib/5f9sa.gro 7 291 9 1
/scratch/xg23/CPEB3/fraglib/1rg9a.gro 8 352 8 1
/scratch/xg23/CPEB3/fraglib/4s3la.gro 9 131 7 1
/scratch/xg23/CPEB3/fraglib/2d2ra.gro 7 22 9 1
/scratch/xg23/CPEB3/fraglib/3h5ia.gro 8 95 8 1
/scratch/xg23/CPEB3/fraglib/3s82a.gro 11 376 5 1
/scratch/xg23/CPEB3/fraglib/2p7na.gro 7 83 7 1
/scratch/xg23/CPEB3/fraglib/5e5ca.gro 7 114 8 1
/scratch/xg23/CPEB3/fraglib/2h9fa.gro 7 343 9 1
/scratch/xg23/CPEB3/fraglib/5tz1a.gro 9 60 8 1
/scratch/xg23/CPEB3/fraglib/6arfa.gro 8 133 9 1
/scratch/xg23/CPEB3/fraglib/3e9ka.gro 11 98 6 1
/scratch/xg23/CPEB3/fraglib/1hyqa.gro 8 203 7 1
/scratch/xg23/CPEB3/fraglib/3ed4a.gro 11 59 6 1
/scratch/xg23/CPEB3/fraglib/4qyia.gro 9 65 8 1
/scratch/xg23/CPEB3/fraglib/3v8da.gro 9 105 8 1
/scratch/xg23/CPEB3/fraglib/5mpta.gro 8 1846 6 1
/scratch/xg23/CPEB3/fraglib/6ehss.gro 10 54 7 1
/scratch/xg23/CPEB3/fraglib/2d2ra.gro 10 25 7 1
/scratch/xg23/CPEB3/fraglib/2jgpa.gro 12 403 5 1
/scratch/xg23/CPEB3/fraglib/5guda.gro 8 414 9 1
/scratch/xg23/CPEB3/fraglib/1z4va.gro 11 521 5 1
/scratch/xg23/CPEB3/fraglib/5i3sa.gro 8 176 7 1
/scratch/xg23/CPEB3/fraglib/5ms2a.gro 11 245 6 1
/scratch/xg23/CPEB3/fraglib/4toza.gro 9 369 8 1
/scratch/xg23/CPEB3/fraglib/1rg9a.gro 8 352 8 1
/scratch/xg23/CPEB3/fraglib/4s3la.gro 9 131 7 1
/scratch/xg23/CPEB3/fraglib/3h5ia.gro 8 95 8 1
/scratch/xg23/CPEB3/fraglib/1vqop.gro 12 70 5 1
/scratch/xg23/CPEB3/fraglib/5tz1a.gro 9 60 9 1
/scratch/xg23/CPEB3/fraglib/5bjxa.gro 10 351 8 1
/scratch/xg23/CPEB3/fraglib/5gy7a.gro 9 124 9 1
/scratch/xg23/CPEB3/fraglib/3e9ka.gro 11 98 6 1
/scratch/xg23/CPEB3/fraglib/5nmua.gro 11 63 7 1
/scratch/xg23/CPEB3/fraglib/4o8ma.gro 12 32 6 1
/scratch/xg23/CPEB3/fraglib/4qyia.gro 9 65 8 1
/scratch/xg23/CPEB3/fraglib/4qdja.gro 12 109 6 1
/scratch/xg23/CPEB3/fraglib/2d2ra.gro 10 25 7 1
/scratch/xg23/CPEB3/fraglib/3v8da.gro 9 105 8 1
/scratch/xg23/CPEB3/fraglib/3of4a.gro 9 36 9 1
/scratch/xg23/CPEB3/fraglib/2jgpa.gro 12 403 5 1
/scratch/xg23/CPEB3/fraglib/5guda.gro 9 415 8 1
/scratch/xg23/CPEB3/fraglib/5ms2a.gro 11 245 6 1
/scratch/xg23/CPEB3/fraglib/4zfha.gro 10 54 6 1
/scratch/xg23/CPEB3/fraglib/4ecla.gro 10 39 6 1
/scratch/xg23/CPEB3/fraglib/3ed4a.gro 11 59 6 1
/scratch/xg23/CPEB3/fraglib/2ozlb.gro 10 133 8 1
/scratch/xg23/CPEB3/fraglib/4q86a.gro 10 548 8 1
/scratch/xg23/CPEB3/fraglib/6arfa.gro 9 134 8 1
/scratch/xg23/CPEB3/fraglib/5tz1a.gro 10 61 8 1
/scratch/xg23/CPEB3/fraglib/5bjxa.gro 10 351 9 1
/scratch/xg23/CPEB3/fraglib/4q86a.gro 10 548 9 1
/scratch/xg23/CPEB3/fraglib/1vqop.gro 12 70 5 1
/scratch/xg23/CPEB3/fraglib/3e9ka.gro 11 98 6 1
/scratch/xg23/CPEB3/fraglib/5tpia.gro 11 167 8 1
/scratch/xg23/CPEB3/fraglib/5nmua.gro 11 63 7 1
/scratch/xg23/CPEB3/fraglib/4o8ma.gro 12 32 6 1
/scratch/xg23/CPEB3/fraglib/3i0pa.gro 10 152 9 1
/scratch/xg23/CPEB3/fraglib/4zfha.gro 10 54 9 1
/scratch/xg23/CPEB3/fraglib/4ga6a.gro 10 316 9 1
/scratch/xg23/CPEB3/fraglib/4qdja.gro 12 109 6 1
/scratch/xg23/CPEB3/fraglib/5y0qa.gro 13 398 6 1
/scratch/xg23/CPEB3/fraglib/5gz5a.gro 10 227 9 1
/scratch/xg23/CPEB3/fraglib/2jgpa.gro 12 403 5 1
/scratch/xg23/CPEB3/fraglib/3ed4a.gro 11 59 6 1
/scratch/xg23/CPEB3/fraglib/2d2ra.gro 10 25 7 1
/scratch/xg23/CPEB3/fraglib/3of4a.gro 10 37 8 1
/scratch/xg23/CPEB3/fraglib/3dska.gro 13 417 6 1
/scratch/xg23/CPEB3/fraglib/1jila.gro 13 63 6 1
/scratch/xg23/CPEB3/fraglib/5nmua.gro 11 63 7 1
/scratch/xg23/CPEB3/fraglib/2ay1a.gro 12 43 8 1
/scratch/xg23/CPEB3/fraglib/5tpia.gro 11 167 8 1
/scratch/xg23/CPEB3/fraglib/5tz1a.gro 11 62 7 1
/scratch/xg23/CPEB3/fraglib/1vqop.gro 12 70 5 1
/scratch/xg23/CPEB3/fraglib/4qdja.gro 12 109 6 1
/scratch/xg23/CPEB3/fraglib/3e9ka.gro 11 98 6 1
/scratch/xg23/CPEB3/fraglib/4z24a.gro 11 84 9 1
/scratch/xg23/CPEB3/fraglib/4o8ma.gro 12 32 6 1
/scratch/xg23/CPEB3/fraglib/5y0qa.gro 13 398 6 1
/scratch/xg23/CPEB3/fraglib/1jila.gro 13 63 7 1
/scratch/xg23/CPEB3/fraglib/5wpia.gro 15 102 5 1
/scratch/xg23/CPEB3/fraglib/2jgpa.gro 12 403 5 1
/scratch/xg23/CPEB3/fraglib/3dska.gro 13 417 6 1
/scratch/xg23/CPEB3/fraglib/3ed4a.gro 11 59 6 1
/scratch/xg23/CPEB3/fraglib/3s82a.gro 11 376 5 1
/scratch/xg23/CPEB3/fraglib/3a21a.gro 13 251 7 1
/scratch/xg23/CPEB3/fraglib/5moga.gro 11 124 9 1
/scratch/xg23/CPEB3/fraglib/5tdea.gro 12 418 7 1
/scratch/xg23/CPEB3/fraglib/4em6a.gro 11 404 9 1
/scratch/xg23/CPEB3/fraglib/5wpia.gro 15 102 6 1
/scratch/xg23/CPEB3/fraglib/3dska.gro 13 417 8 1
/scratch/xg23/CPEB3/fraglib/3a21a.gro 13 251 8 1
/scratch/xg23/CPEB3/fraglib/2ay1a.gro 12 43 8 1
/scratch/xg23/CPEB3/fraglib/4xaxa.gro 14 116 7 1
/scratch/xg23/CPEB3/fraglib/1vqop.gro 12 70 5 1
/scratch/xg23/CPEB3/fraglib/3l4ja.gro 13 518 8 1
/scratch/xg23/CPEB3/fraglib/4qdja.gro 12 109 6 1
/scratch/xg23/CPEB3/fraglib/4o8ma.gro 12 32 6 1
/scratch/xg23/CPEB3/fraglib/5y0qa.gro 13 398 6 1
/scratch/xg23/CPEB3/fraglib/4z24a.gro 12 85 8 1
/scratch/xg23/CPEB3/fraglib/1jila.gro 13 63 7 1
/scratch/xg23/CPEB3/fraglib/3e38a.gro 15 216 6 1
/scratch/xg23/CPEB3/fraglib/2jgpa.gro 12 403 5 1
/scratch/xg23/CPEB3/fraglib/4hh3c.gro 14 283 6 1
/scratch/xg23/CPEB3/fraglib/5moga.gro 14 127 6 1
/scratch/xg23/CPEB3/fraglib/4ga6a.gro 13 319 6 1
/scratch/xg23/CPEB3/fraglib/5tdea.gro 12 418 7 1
/scratch/xg23/CPEB3/fraglib/4w9wa.gro 13 238 8 1
/scratch/xg23/CPEB3/fraglib/3ed4a.gro 13 61 8 1
/scratch/xg23/CPEB3/fraglib/3a21a.gro 13 251 9 1
/scratch/xg23/CPEB3/fraglib/5wpia.gro 15 102 6 1
/scratch/xg23/CPEB3/fraglib/3dska.gro 13 417 8 1
/scratch/xg23/CPEB3/fraglib/4xaxa.gro 14 116 7 1
/scratch/xg23/CPEB3/fraglib/2ay1a.gro 14 45 6 1
/scratch/xg23/CPEB3/fraglib/2vdub.gro 14 209 8 1
/scratch/xg23/CPEB3/fraglib/3l4ja.gro 13 518 8 1
/scratch/xg23/CPEB3/fraglib/4hh3c.gro 14 283 8 1
/scratch/xg23/CPEB3/fraglib/3gwja.gro 14 285 8 1
/scratch/xg23/CPEB3/fraglib/5y0qa.gro 13 398 6 1
/scratch/xg23/CPEB3/fraglib/1jila.gro 13 63 7 1
/scratch/xg23/CPEB3/fraglib/3e38a.gro 15 216 6 1
/scratch/xg23/CPEB3/fraglib/5moga.gro 14 127 6 1
/scratch/xg23/CPEB3/fraglib/6mg6a.gro 14 136 8 1
/scratch/xg23/CPEB3/fraglib/3dwca.gro 13 324 9 1
/scratch/xg23/CPEB3/fraglib/5tpia.gro 13 169 6 1
/scratch/xg23/CPEB3/fraglib/4ga6a.gro 13 319 6 1
/scratch/xg23/CPEB3/fraglib/3ed4a.gro 13 61 8 1
/scratch/xg23/CPEB3/fraglib/4w9wa.gro 13 238 8 1
/scratch/xg23/CPEB3/fraglib/4af8a.gro 13 58 5 1
/scratch/xg23/CPEB3/fraglib/5wpia.gro 15 102 6 1
/scratch/xg23/CPEB3/fraglib/3gwja.gro 14 285 8 1
/scratch/xg23/CPEB3/fraglib/3a21a.gro 14 252 8 1
/scratch/xg23/CPEB3/fraglib/4xaxa.gro 14 116 7 1
/scratch/xg23/CPEB3/fraglib/2ay1a.gro 14 45 6 1
/scratch/xg23/CPEB3/fraglib/2vdub.gro 14 209 8 1
/scratch/xg23/CPEB3/fraglib/4hh3c.gro 14 283 8 1
/scratch/xg23/CPEB3/fraglib/6mg6a.gro 14 136 8 1
/scratch/xg23/CPEB3/fraglib/3e38a.gro 15 216 6 1
/scratch/xg23/CPEB3/fraglib/5moga.gro 14 127 6 1
/scratch/xg23/CPEB3/fraglib/3lpfa.gro 15 497 8 1
/scratch/xg23/CPEB3/fraglib/5u32a.gro 15 559 8 1
/scratch/xg23/CPEB3/fraglib/3rcya.gro 14 177 7 1
/scratch/xg23/CPEB3/fraglib/1yvua.gro 15 638 8 1
/scratch/xg23/CPEB3/fraglib/5nr4a.gro 14 160 9 1
/scratch/xg23/CPEB3/fraglib/1wzza.gro 14 101 9 1
/scratch/xg23/CPEB3/fraglib/2jana.gro 14 64 6 1
/scratch/xg23/CPEB3/fraglib/2frxa.gro 15 447 8 1
/scratch/xg23/CPEB3/fraglib/3h4xa.gro 14 120 6 1
/scratch/xg23/CPEB3/fraglib/1goia.gro 14 446 8 1
/scratch/xg23/CPEB3/fraglib/5wpia.gro 15 102 6 1
/scratch/xg23/CPEB3/fraglib/5mxea.gro 19 78 5 1
/scratch/xg23/CPEB3/fraglib/5my7a.gro 16 105 8 1
/scratch/xg23/CPEB3/fraglib/3lpfa.gro 15 497 8 1
/scratch/xg23/CPEB3/fraglib/3e38a.gro 15 216 6 1
/scratch/xg23/CPEB3/fraglib/5koda.gro 17 96 7 1
/scratch/xg23/CPEB3/fraglib/1yvua.gro 15 638 8 1
/scratch/xg23/CPEB3/fraglib/1lb6a.gro 15 446 9 1
/scratch/xg23/CPEB3/fraglib/1jx6a.gro 16 55 8 1
/scratch/xg23/CPEB3/fraglib/4he2a.gro 16 300 8 1
/scratch/xg23/CPEB3/fraglib/4omua.gro 16 136 8 1
/scratch/xg23/CPEB3/fraglib/3c8ca.gro 15 258 9 1
/scratch/xg23/CPEB3/fraglib/2v5ia.gro 15 236 8 1
/scratch/xg23/CPEB3/fraglib/3da5a.gro 15 98 9 1
/scratch/xg23/CPEB3/fraglib/1uhva.gro 18 451 6 1
/scratch/xg23/CPEB3/fraglib/3pdwa.gro 16 177 8 1
/scratch/xg23/CPEB3/fraglib/5u32a.gro 15 559 8 1
/scratch/xg23/CPEB3/fraglib/3le2a.gro 17 202 6 1
/scratch/xg23/CPEB3/fraglib/3efea.gro 15 89 5 1
/scratch/xg23/CPEB3/fraglib/6fu4a.gro 16 322 8 1
/scratch/xg23/CPEB3/fraglib/3da5a.gro 16 99 8 1
/scratch/xg23/CPEB3/fraglib/5mxea.gro 19 78 5 1
/scratch/xg23/CPEB3/fraglib/1jx6a.gro 16 55 9 1
/scratch/xg23/CPEB3/fraglib/5koda.gro 17 96 7 1
/scratch/xg23/CPEB3/fraglib/1uhva.gro 18 451 6 1
/scratch/xg23/CPEB3/fraglib/4fvda.gro 17 73 8 1
/scratch/xg23/CPEB3/fraglib/3qz4a.gro 16 148 9 1
/scratch/xg23/CPEB3/fraglib/2dzna.gro 16 19 9 1
/scratch/xg23/CPEB3/fraglib/4pera.gro 18 217 7 1
/scratch/xg23/CPEB3/fraglib/3qira.gro 16 84 9 1
/scratch/xg23/CPEB3/fraglib/2pgea.gro 18 26 7 1
/scratch/xg23/CPEB3/fraglib/1ax8a.gro 16 62 9 1
/scratch/xg23/CPEB3/fraglib/1qw9a.gro 17 358 6 1
/scratch/xg23/CPEB3/fraglib/2v5ia.gro 16 237 9 1
/scratch/xg23/CPEB3/fraglib/5my7a.gro 16 105 8 1
/scratch/xg23/CPEB3/fraglib/4omua.gro 16 136 8 1
/scratch/xg23/CPEB3/fraglib/2vtxa.gro 17 77 8 1
/scratch/xg23/CPEB3/fraglib/5c9oa.gro 18 72 7 1
/scratch/xg23/CPEB3/fraglib/5c9la.gro 18 72 7 1
/scratch/xg23/CPEB3/fraglib/5ocra.gro 16 31 9 1
/scratch/xg23/CPEB3/fraglib/1uhva.gro 18 451 6 1
/scratch/xg23/CPEB3/fraglib/4fvda.gro 17 73 8 1
/scratch/xg23/CPEB3/fraglib/2vtxa.gro 17 77 8 1
/scratch/xg23/CPEB3/fraglib/2pgea.gro 18 26 7 1
/scratch/xg23/CPEB3/fraglib/4pera.gro 18 217 7 1
/scratch/xg23/CPEB3/fraglib/1qw9a.gro 17 358 6 1
/scratch/xg23/CPEB3/fraglib/2hsza.gro 17 203 7 1
/scratch/xg23/CPEB3/fraglib/1e8ya.gro 17 200 7 1
/scratch/xg23/CPEB3/fraglib/3da5a.gro 17 100 7 1
/scratch/xg23/CPEB3/fraglib/3rsja.gro 18 909 7 1
/scratch/xg23/CPEB3/fraglib/2wtba.gro 18 167 6 1
/scratch/xg23/CPEB3/fraglib/2pgea.gro 18 26 7 1
/scratch/xg23/CPEB3/fraglib/2wtba.gro 18 167 6 1
/scratch/xg23/CPEB3/fraglib/5fjka.gro 18 16 7 1
/scratch/xg23/CPEB3/fraglib/2x3ha.gro 18 27 6 1
/scratch/xg23/CPEB3/fraglib/4pera.gro 18 217 7 1
/scratch/xg23/CPEB3/fraglib/3bg3a.gro 19 804 6 1
/scratch/xg23/CPEB3/fraglib/3bg3a.gro 19 804 6 1
/scratch/xg23/CPEB3/fraglib/2pgea.gro 19 27 6 1
/scratch/xg23/CPEB3/fraglib/2qpxa.gro 19 200 5 1
