/scratch/xg23/CPEB3/fraglib/5gsla.gro 1126 234 5 1
/scratch/xg23/CPEB3/fraglib/3goxa.gro 1126 120 5 1
/scratch/xg23/CPEB3/fraglib/5gsla.gro 1126 234 5 1
/scratch/xg23/CPEB3/fraglib/3goxa.gro 1126 120 5 1
/scratch/xg23/CPEB3/fraglib/5w1aa.gro 1126 80 6 1
/scratch/xg23/CPEB3/fraglib/1i1rb.gro 1127 126 5 1
/scratch/xg23/CPEB3/fraglib/5t5la.gro 1126 84 7 1
/scratch/xg23/CPEB3/fraglib/3sbma.gro 1127 212 6 1
/scratch/xg23/CPEB3/fraglib/2pbca.gro 1127 117 6 1
/scratch/xg23/CPEB3/fraglib/3g98a.gro 1127 850 6 1
/scratch/xg23/CPEB3/fraglib/1noya.gro 1127 56 6 1
/scratch/xg23/CPEB3/fraglib/3obaa.gro 1128 874 6 1
/scratch/xg23/CPEB3/fraglib/5t5la.gro 1126 84 7 1
/scratch/xg23/CPEB3/fraglib/3a5va.gro 1128 69 6 1
/scratch/xg23/CPEB3/fraglib/1i1rb.gro 1127 126 7 1
/scratch/xg23/CPEB3/fraglib/3hisa.gro 1126 46 8 1
/scratch/xg23/CPEB3/fraglib/1s1pa.gro 1127 25 7 1
/scratch/xg23/CPEB3/fraglib/3nvnb.gro 1126 93 8 1
/scratch/xg23/CPEB3/fraglib/3doja.gro 1128 228 5 1
/scratch/xg23/CPEB3/fraglib/3obaa.gro 1128 874 6 1
/scratch/xg23/CPEB3/fraglib/5t5la.gro 1126 84 7 1
/scratch/xg23/CPEB3/fraglib/3g98a.gro 1127 850 8 1
/scratch/xg23/CPEB3/fraglib/4k7gb.gro 1126 66 9 1
/scratch/xg23/CPEB3/fraglib/1i1rb.gro 1127 126 8 1
/scratch/xg23/CPEB3/fraglib/3a5va.gro 1128 69 7 1
/scratch/xg23/CPEB3/fraglib/3hisa.gro 1126 46 8 1
/scratch/xg23/CPEB3/fraglib/5i4ea.gro 1128 101 7 1
/scratch/xg23/CPEB3/fraglib/1s1pa.gro 1127 25 8 1
/scratch/xg23/CPEB3/fraglib/6fb3a.gro 1129 2523 6 1
/scratch/xg23/CPEB3/fraglib/3g2fa.gro 1129 460 6 1
/scratch/xg23/CPEB3/fraglib/4gaaa.gro 1126 257 7 1
/scratch/xg23/CPEB3/fraglib/2xwub.gro 1126 908 9 1
/scratch/xg23/CPEB3/fraglib/1noya.gro 1127 56 6 1
/scratch/xg23/CPEB3/fraglib/4k8la.gro 1126 66 9 1
/scratch/xg23/CPEB3/fraglib/3ciaa.gro 1128 291 5 1
/scratch/xg23/CPEB3/fraglib/5w1aa.gro 1126 80 8 1
/scratch/xg23/CPEB3/fraglib/5ogsa.gro 1128 698 6 1
/scratch/xg23/CPEB3/fraglib/3guua.gro 1126 319 8 1
/scratch/xg23/CPEB3/fraglib/4zzza.gro 1126 879 7 1
/scratch/xg23/CPEB3/fraglib/3obaa.gro 1128 874 6 1
/scratch/xg23/CPEB3/fraglib/3g98a.gro 1127 850 8 1
/scratch/xg23/CPEB3/fraglib/1i1rb.gro 1127 126 8 1
/scratch/xg23/CPEB3/fraglib/5ogsa.gro 1128 698 8 1
/scratch/xg23/CPEB3/fraglib/3a5va.gro 1128 69 7 1
/scratch/xg23/CPEB3/fraglib/4p8na.gro 1127 236 9 1
/scratch/xg23/CPEB3/fraglib/2xsjb.gro 1128 315 8 1
/scratch/xg23/CPEB3/fraglib/4k7gb.gro 1128 68 7 1
/scratch/xg23/CPEB3/fraglib/6fb3a.gro 1129 2523 6 1
/scratch/xg23/CPEB3/fraglib/1s1pa.gro 1127 25 8 1
/scratch/xg23/CPEB3/fraglib/5i4ea.gro 1128 101 7 1
/scratch/xg23/CPEB3/fraglib/2pbca.gro 1127 117 9 1
/scratch/xg23/CPEB3/fraglib/1noya.gro 1127 56 6 1
/scratch/xg23/CPEB3/fraglib/3g2fa.gro 1129 460 6 1
/scratch/xg23/CPEB3/fraglib/5t5la.gro 1127 85 6 1
/scratch/xg23/CPEB3/fraglib/4jpsa.gro 1129 394 7 1
/scratch/xg23/CPEB3/fraglib/3etca.gro 1127 523 7 1
/scratch/xg23/CPEB3/fraglib/2xwub.gro 1128 910 7 1
/scratch/xg23/CPEB3/fraglib/3hisa.gro 1127 47 7 1
/scratch/xg23/CPEB3/fraglib/3ciaa.gro 1128 291 5 1
/scratch/xg23/CPEB3/fraglib/3obaa.gro 1128 874 6 1
/scratch/xg23/CPEB3/fraglib/3a5va.gro 1128 69 7 1
/scratch/xg23/CPEB3/fraglib/5ogsa.gro 1128 698 8 1
/scratch/xg23/CPEB3/fraglib/6fb3a.gro 1129 2523 6 1
/scratch/xg23/CPEB3/fraglib/1i1rb.gro 1128 127 7 1
/scratch/xg23/CPEB3/fraglib/5i4ea.gro 1128 101 7 1
/scratch/xg23/CPEB3/fraglib/2xsjb.gro 1128 315 8 1
/scratch/xg23/CPEB3/fraglib/4k7gb.gro 1128 68 7 1
/scratch/xg23/CPEB3/fraglib/4ynoa.gro 1131 274 6 1
/scratch/xg23/CPEB3/fraglib/4uvma.gro 1129 8 8 1
/scratch/xg23/CPEB3/fraglib/4ni2a.gro 1128 643 9 1
/scratch/xg23/CPEB3/fraglib/6chgd.gro 1128 353 9 1
/scratch/xg23/CPEB3/fraglib/3g2fa.gro 1129 460 6 1
/scratch/xg23/CPEB3/fraglib/5mr6a.gro 1130 101 6 1
/scratch/xg23/CPEB3/fraglib/5mr6a.gro 1128 229 8 1
/scratch/xg23/CPEB3/fraglib/1x3za.gro 1130 30 7 1
/scratch/xg23/CPEB3/fraglib/3ciaa.gro 1128 291 5 1
/scratch/xg23/CPEB3/fraglib/3hisa.gro 1128 48 6 1
/scratch/xg23/CPEB3/fraglib/5m05a.gro 1128 80 6 1
/scratch/xg23/CPEB3/fraglib/4jpsa.gro 1129 394 7 1
/scratch/xg23/CPEB3/fraglib/3obaa.gro 1129 359 9 1
/scratch/xg23/CPEB3/fraglib/5lspa.gro 1131 569 7 1
/scratch/xg23/CPEB3/fraglib/6fb3a.gro 1129 2523 6 1
/scratch/xg23/CPEB3/fraglib/4ynoa.gro 1131 274 6 1
/scratch/xg23/CPEB3/fraglib/4jpsa.gro 1129 394 9 1
/scratch/xg23/CPEB3/fraglib/3iu6a.gro 1129 780 9 1
/scratch/xg23/CPEB3/fraglib/3g2fa.gro 1129 460 6 1
/scratch/xg23/CPEB3/fraglib/5mr6a.gro 1130 101 6 1
/scratch/xg23/CPEB3/fraglib/1x3za.gro 1130 30 8 1
/scratch/xg23/CPEB3/fraglib/4uvma.gro 1129 8 8 1
/scratch/xg23/CPEB3/fraglib/5jrba.gro 1130 177 8 1
/scratch/xg23/CPEB3/fraglib/1ztca.gro 1131 197 7 1
/scratch/xg23/CPEB3/fraglib/3b6va.gro 1132 47 5 1
/scratch/xg23/CPEB3/fraglib/4wr3a.gro 1131 278 6 1
/scratch/xg23/CPEB3/fraglib/3g7sa.gro 1129 41 8 1
/scratch/xg23/CPEB3/fraglib/5jxga.gro 1129 116 5 1
/scratch/xg23/CPEB3/fraglib/5u00a.gro 1131 878 7 1
/scratch/xg23/CPEB3/fraglib/4ckka.gro 1129 215 7 1
/scratch/xg23/CPEB3/fraglib/1bev1.gro 1129 248 8 1
/scratch/xg23/CPEB3/fraglib/5x49a.gro 1129 434 9 1
/scratch/xg23/CPEB3/fraglib/3pija.gro 1133 444 6 1
/scratch/xg23/CPEB3/fraglib/1qtwa.gro 1133 40 6 1
/scratch/xg23/CPEB3/fraglib/4ynoa.gro 1131 274 6 1
/scratch/xg23/CPEB3/fraglib/2vsga.gro 1131 163 8 1
/scratch/xg23/CPEB3/fraglib/5lspa.gro 1131 569 7 1
/scratch/xg23/CPEB3/fraglib/1x3za.gro 1130 30 8 1
/scratch/xg23/CPEB3/fraglib/5mr6a.gro 1130 101 6 1
/scratch/xg23/CPEB3/fraglib/4wr3a.gro 1131 278 6 1
/scratch/xg23/CPEB3/fraglib/4kc5a.gro 1131 3469 8 1
/scratch/xg23/CPEB3/fraglib/5jrba.gro 1130 177 8 1
/scratch/xg23/CPEB3/fraglib/4zcfc.gro 1132 394 7 1
/scratch/xg23/CPEB3/fraglib/3iu6a.gro 1131 782 8 1
/scratch/xg23/CPEB3/fraglib/1ztca.gro 1131 197 7 1
/scratch/xg23/CPEB3/fraglib/3obaa.gro 1130 360 8 1
/scratch/xg23/CPEB3/fraglib/3b6va.gro 1132 47 5 1
/scratch/xg23/CPEB3/fraglib/5yrvc.gro 1131 105 8 1
/scratch/xg23/CPEB3/fraglib/5u00a.gro 1131 878 7 1
/scratch/xg23/CPEB3/fraglib/3laoa.gro 1130 153 9 1
/scratch/xg23/CPEB3/fraglib/3laoa.gro 1130 203 8 1
/scratch/xg23/CPEB3/fraglib/3eh2a.gro 1131 621 8 1
/scratch/xg23/CPEB3/fraglib/1qtwa.gro 1133 40 7 1
/scratch/xg23/CPEB3/fraglib/4kc5a.gro 1131 3469 9 1
/scratch/xg23/CPEB3/fraglib/4kc5a.gro 1136 3783 4 1
/scratch/xg23/CPEB3/fraglib/4ynoa.gro 1131 274 6 1
/scratch/xg23/CPEB3/fraglib/5j3ua.gro 1132 242 8 1
/scratch/xg23/CPEB3/fraglib/5j3ua.gro 1132 366 4 1
/scratch/xg23/CPEB3/fraglib/3pija.gro 1133 444 6 1
/scratch/xg23/CPEB3/fraglib/2vsga.gro 1131 163 9 1
/scratch/xg23/CPEB3/fraglib/3iu6a.gro 1131 782 8 1
/scratch/xg23/CPEB3/fraglib/5lspa.gro 1131 569 7 1
/scratch/xg23/CPEB3/fraglib/1ncqa.gro 1132 258 8 1
/scratch/xg23/CPEB3/fraglib/5yrvc.gro 1131 105 9 1
/scratch/xg23/CPEB3/fraglib/4wr3a.gro 1131 278 6 1
/scratch/xg23/CPEB3/fraglib/3idbb.gro 1132 229 8 1
/scratch/xg23/CPEB3/fraglib/4zcfc.gro 1132 394 7 1
/scratch/xg23/CPEB3/fraglib/1ztca.gro 1131 197 7 1
/scratch/xg23/CPEB3/fraglib/4phza.gro 1131 254 9 1
/scratch/xg23/CPEB3/fraglib/3pmma.gro 1131 351 9 1
/scratch/xg23/CPEB3/fraglib/5u00a.gro 1131 878 7 1
/scratch/xg23/CPEB3/fraglib/5dm6m.gro 1131 81 9 1
/scratch/xg23/CPEB3/fraglib/1qtwa.gro 1133 40 8 1
/scratch/xg23/CPEB3/fraglib/5j3ua.gro 1132 242 8 1
/scratch/xg23/CPEB3/fraglib/5j3ua.gro 1132 366 4 1
/scratch/xg23/CPEB3/fraglib/3pija.gro 1133 444 6 1
/scratch/xg23/CPEB3/fraglib/5l6wc.gro 1132 106 9 1
/scratch/xg23/CPEB3/fraglib/1cnua.gro 1132 86 9 1
/scratch/xg23/CPEB3/fraglib/3idbb.gro 1132 229 8 1
/scratch/xg23/CPEB3/fraglib/4zcfc.gro 1132 394 7 1
/scratch/xg23/CPEB3/fraglib/3fwxa.gro 1132 102 9 1
/scratch/xg23/CPEB3/fraglib/5xema.gro 1132 202 9 1
/scratch/xg23/CPEB3/fraglib/2i2qa.gro 1132 88 9 1
/scratch/xg23/CPEB3/fraglib/5viva.gro 1132 230 9 1
/scratch/xg23/CPEB3/fraglib/3ewya.gro 1132 234 9 1
/scratch/xg23/CPEB3/fraglib/1ncqa.gro 1132 258 8 1
/scratch/xg23/CPEB3/fraglib/2bs2b.gro 1132 219 9 1
/scratch/xg23/CPEB3/fraglib/1v84a.gro 1132 124 9 1
/scratch/xg23/CPEB3/fraglib/3zzha.gro 1133 189 7 1
/scratch/xg23/CPEB3/fraglib/3pnaa.gro 1132 208 9 1
/scratch/xg23/CPEB3/fraglib/4lb0a.gro 1132 58 8 1
/scratch/xg23/CPEB3/fraglib/6ax7a.gro 1133 878 7 1
/scratch/xg23/CPEB3/fraglib/1qtwa.gro 1133 40 9 1
/scratch/xg23/CPEB3/fraglib/3pija.gro 1133 444 6 1
/scratch/xg23/CPEB3/fraglib/6ax7a.gro 1133 878 7 1
/scratch/xg23/CPEB3/fraglib/5zm0a.gro 1134 149 8 1
/scratch/xg23/CPEB3/fraglib/3tjma.gro 1133 2275 7 1
/scratch/xg23/CPEB3/fraglib/5egha.gro 1133 379 7 1
/scratch/xg23/CPEB3/fraglib/3of7a.gro 1133 382 8 1
/scratch/xg23/CPEB3/fraglib/4aqna.gro 1133 245 6 1
/scratch/xg23/CPEB3/fraglib/4i6na.gro 1133 179 5 1
/scratch/xg23/CPEB3/fraglib/3zzha.gro 1133 189 7 1
/scratch/xg23/CPEB3/fraglib/2jfua.gro 1135 174 6 1
/scratch/xg23/CPEB3/fraglib/5y5sl.gro 1133 85 6 1
/scratch/xg23/CPEB3/fraglib/4h14a.gro 1136 264 5 1
/scratch/xg23/CPEB3/fraglib/3qkca.gro 1134 43 8 1
/scratch/xg23/CPEB3/fraglib/4v35a.gro 1133 811 8 1
/scratch/xg23/CPEB3/fraglib/5x8ha.gro 1134 149 6 1
/scratch/xg23/CPEB3/fraglib/3zfia.gro 1133 107 9 1
/scratch/xg23/CPEB3/fraglib/3me7a.gro 1134 43 8 1
/scratch/xg23/CPEB3/fraglib/5f18a.gro 1135 40 6 1
/scratch/xg23/CPEB3/fraglib/3g7ka.gro 1134 56 7 1
/scratch/xg23/CPEB3/fraglib/4cp8a.gro 1134 256 9 1
/scratch/xg23/CPEB3/fraglib/3mgaa.gro 1134 130 9 1
/scratch/xg23/CPEB3/fraglib/5t5if.gro 1136 334 7 1
/scratch/xg23/CPEB3/fraglib/4ua8a.gro 1134 151 9 1
/scratch/xg23/CPEB3/fraglib/3cxma.gro 1135 150 8 1
/scratch/xg23/CPEB3/fraglib/2jbwa.gro 1136 253 7 1
/scratch/xg23/CPEB3/fraglib/2jbwa.gro 1134 105 6 1
/scratch/xg23/CPEB3/fraglib/4d5ca.gro 1136 69 7 1
/scratch/xg23/CPEB3/fraglib/5vgra.gro 1136 102 7 1
/scratch/xg23/CPEB3/fraglib/3b8xa.gro 1136 5 7 1
/scratch/xg23/CPEB3/fraglib/1qtwa.gro 1134 41 8 1
/scratch/xg23/CPEB3/fraglib/4hxya.gro 1136 42 7 1
/scratch/xg23/CPEB3/fraglib/3foba.gro 1136 34 7 1
/scratch/xg23/CPEB3/fraglib/3g7ka.gro 1134 56 7 1
/scratch/xg23/CPEB3/fraglib/6b9fa.gro 1136 106 7 1
/scratch/xg23/CPEB3/fraglib/5mkkb.gro 1134 6 9 1
/scratch/xg23/CPEB3/fraglib/3zqia.gro 1135 68 8 1
/scratch/xg23/CPEB3/fraglib/5zm0a.gro 1134 149 9 1
/scratch/xg23/CPEB3/fraglib/1gsaa.gro 1136 246 7 1
/scratch/xg23/CPEB3/fraglib/4h14a.gro 1136 264 7 1
/scratch/xg23/CPEB3/fraglib/4cp8a.gro 1135 257 8 1
/scratch/xg23/CPEB3/fraglib/3nb2a.gro 1135 558 9 1
/scratch/xg23/CPEB3/fraglib/3foba.gro 1136 34 7 1
/scratch/xg23/CPEB3/fraglib/2a6hd.gro 1135 1427 9 1
/scratch/xg23/CPEB3/fraglib/1uwka.gro 1137 20 7 1
/scratch/xg23/CPEB3/fraglib/3cxma.gro 1135 150 8 1
/scratch/xg23/CPEB3/fraglib/5t5if.gro 1136 334 7 1
/scratch/xg23/CPEB3/fraglib/2jbwa.gro 1136 253 7 1
/scratch/xg23/CPEB3/fraglib/4tqja.gro 1135 391 9 1
/scratch/xg23/CPEB3/fraglib/4b5oa.gro 1135 62 9 1
/scratch/xg23/CPEB3/fraglib/4d5ca.gro 1136 69 7 1
/scratch/xg23/CPEB3/fraglib/4h14a.gro 1136 264 8 1
/scratch/xg23/CPEB3/fraglib/5vgra.gro 1136 102 7 1
/scratch/xg23/CPEB3/fraglib/3b8xa.gro 1136 5 7 1
/scratch/xg23/CPEB3/fraglib/5xfsb.gro 1137 52 7 1
/scratch/xg23/CPEB3/fraglib/4cgsa.gro 1138 19 6 1
/scratch/xg23/CPEB3/fraglib/5xn9a.gro 1138 33 6 1
/scratch/xg23/CPEB3/fraglib/4ua8a.gro 1136 153 7 1
/scratch/xg23/CPEB3/fraglib/2vw9a.gro 1137 1079 7 1
/scratch/xg23/CPEB3/fraglib/5ogsa.gro 1136 620 8 1
/scratch/xg23/CPEB3/fraglib/5js4a.gro 1138 319 7 1
/scratch/xg23/CPEB3/fraglib/1dgja.gro 1136 631 9 1
/scratch/xg23/CPEB3/fraglib/5braa.gro 1137 175 8 1
/scratch/xg23/CPEB3/fraglib/1uwka.gro 1137 20 7 1
/scratch/xg23/CPEB3/fraglib/5jh8a.gro 1136 187 9 1
/scratch/xg23/CPEB3/fraglib/1re5a.gro 1136 147 9 1
/scratch/xg23/CPEB3/fraglib/3rjaa.gro 1136 289 9 1
/scratch/xg23/CPEB3/fraglib/5jjxa.gro 1136 143 9 1
/scratch/xg23/CPEB3/fraglib/3foba.gro 1136 34 7 1
/scratch/xg23/CPEB3/fraglib/5t5if.gro 1136 334 7 1
/scratch/xg23/CPEB3/fraglib/2vw9a.gro 1137 1079 8 1
/scratch/xg23/CPEB3/fraglib/3d9wa.gro 1137 279 8 1
/scratch/xg23/CPEB3/fraglib/4bp8a.gro 1136 602 9 1
/scratch/xg23/CPEB3/fraglib/4h14a.gro 1136 264 8 1
/scratch/xg23/CPEB3/fraglib/5itwa.gro 1136 190 9 1
/scratch/xg23/CPEB3/fraglib/4cp8a.gro 1137 259 6 1
/scratch/xg23/CPEB3/fraglib/4kgma.gro 1137 87 8 1
/scratch/xg23/CPEB3/fraglib/4d5ca.gro 1136 69 9 1
/scratch/xg23/CPEB3/fraglib/3h0lb.gro 1136 100 9 1
/scratch/xg23/CPEB3/fraglib/2a6hd.gro 1137 1429 7 1
/scratch/xg23/CPEB3/fraglib/5obta.gro 1137 270 9 1
/scratch/xg23/CPEB3/fraglib/6azta.gro 1137 271 9 1
/scratch/xg23/CPEB3/fraglib/3d03a.gro 1138 126 8 1
/scratch/xg23/CPEB3/fraglib/5js4a.gro 1138 319 7 1
/scratch/xg23/CPEB3/fraglib/3rh9a.gro 1138 70 8 1
/scratch/xg23/CPEB3/fraglib/1uwka.gro 1137 20 9 1
/scratch/xg23/CPEB3/fraglib/3d9wa.gro 1137 279 8 1
/scratch/xg23/CPEB3/fraglib/3flpa.gro 1141 195 5 1
/scratch/xg23/CPEB3/fraglib/3pura.gro 1137 306 9 1
/scratch/xg23/CPEB3/fraglib/6fija.gro 1138 506 7 1
/scratch/xg23/CPEB3/fraglib/4tkla.gro 1139 167 7 1
/scratch/xg23/CPEB3/fraglib/4n6oa.gro 1139 234 7 1
/scratch/xg23/CPEB3/fraglib/2a6hd.gro 1137 1429 7 1
/scratch/xg23/CPEB3/fraglib/1mgra.gro 1137 74 9 1
/scratch/xg23/CPEB3/fraglib/3f7ja.gro 1137 76 9 1
/scratch/xg23/CPEB3/fraglib/4cp8a.gro 1137 259 6 1
/scratch/xg23/CPEB3/fraglib/4kgma.gro 1137 87 9 1
/scratch/xg23/CPEB3/fraglib/1b65a.gro 1137 87 9 1
/scratch/xg23/CPEB3/fraglib/5h0ia.gro 1137 268 9 1
/scratch/xg23/CPEB3/fraglib/1a59a.gro 1139 250 7 1
/scratch/xg23/CPEB3/fraglib/6fija.gro 1138 506 9 1
/scratch/xg23/CPEB3/fraglib/4uyra.gro 1138 66 9 1
/scratch/xg23/CPEB3/fraglib/3d03a.gro 1138 126 8 1
/scratch/xg23/CPEB3/fraglib/3rh9a.gro 1138 70 8 1
/scratch/xg23/CPEB3/fraglib/3tx8a.gro 1138 192 9 1
/scratch/xg23/CPEB3/fraglib/1dgja.gro 1138 633 9 1
/scratch/xg23/CPEB3/fraglib/4xzca.gro 1140 259 7 1
/scratch/xg23/CPEB3/fraglib/4xzca.gro 1138 129 9 1
/scratch/xg23/CPEB3/fraglib/1xhca.gro 1142 321 5 1
/scratch/xg23/CPEB3/fraglib/3pura.gro 1139 308 7 1
/scratch/xg23/CPEB3/fraglib/4tkla.gro 1139 167 7 1
/scratch/xg23/CPEB3/fraglib/3flpa.gro 1141 195 6 1
/scratch/xg23/CPEB3/fraglib/2okta.gro 1140 69 7 1
/scratch/xg23/CPEB3/fraglib/1w0pa.gro 1140 43 7 1
/scratch/xg23/CPEB3/fraglib/4im7a.gro 1142 211 5 1
/scratch/xg23/CPEB3/fraglib/4iila.gro 1141 233 6 1
/scratch/xg23/CPEB3/fraglib/5obta.gro 1139 272 8 1
/scratch/xg23/CPEB3/fraglib/5js4a.gro 1138 319 7 1
/scratch/xg23/CPEB3/fraglib/1e9ra.gro 1140 302 6 1
/scratch/xg23/CPEB3/fraglib/1e9ra.gro 1141 316 5 1
/scratch/xg23/CPEB3/fraglib/1p9ag.gro 1140 217 8 1
/scratch/xg23/CPEB3/fraglib/3tx8a.gro 1139 193 9 1
/scratch/xg23/CPEB3/fraglib/5c5da.gro 1140 140 8 1
/scratch/xg23/CPEB3/fraglib/4xzca.gro 1140 259 7 1
/scratch/xg23/CPEB3/fraglib/4xzca.gro 1139 130 8 1
/scratch/xg23/CPEB3/fraglib/6fija.gro 1139 507 9 1
/scratch/xg23/CPEB3/fraglib/3pura.gro 1139 308 7 1
/scratch/xg23/CPEB3/fraglib/3flpa.gro 1141 195 6 1
/scratch/xg23/CPEB3/fraglib/5xoga.gro 1142 1230 6 1
/scratch/xg23/CPEB3/fraglib/1xhca.gro 1142 321 5 1
/scratch/xg23/CPEB3/fraglib/6azta.gro 1139 273 8 1
/scratch/xg23/CPEB3/fraglib/3g68a.gro 1139 193 8 1
/scratch/xg23/CPEB3/fraglib/4xqca.gro 1140 250 8 1
/scratch/xg23/CPEB3/fraglib/2j4ba.gro 1140 27 7 1
/scratch/xg23/CPEB3/fraglib/4tkla.gro 1139 167 7 1
/scratch/xg23/CPEB3/fraglib/4iila.gro 1141 233 7 1
/scratch/xg23/CPEB3/fraglib/2okta.gro 1140 69 7 1
/scratch/xg23/CPEB3/fraglib/5obta.gro 1139 272 9 1
/scratch/xg23/CPEB3/fraglib/2vfra.gro 1141 345 7 1
/scratch/xg23/CPEB3/fraglib/4n6oa.gro 1139 234 8 1
/scratch/xg23/CPEB3/fraglib/2ywda.gro 1140 104 9 1
/scratch/xg23/CPEB3/fraglib/5olja.gro 1141 204 8 1
/scratch/xg23/CPEB3/fraglib/1p9ag.gro 1140 217 8 1
/scratch/xg23/CPEB3/fraglib/3tx8a.gro 1140 194 8 1
/scratch/xg23/CPEB3/fraglib/2p6ra.gro 1141 530 8 1
/scratch/xg23/CPEB3/fraglib/4iila.gro 1141 233 8 1
/scratch/xg23/CPEB3/fraglib/3khka.gro 1141 140 8 1
/scratch/xg23/CPEB3/fraglib/3e0ha.gro 1142 119 7 1
/scratch/xg23/CPEB3/fraglib/5c5da.gro 1140 140 8 1
/scratch/xg23/CPEB3/fraglib/3flpa.gro 1141 195 6 1
/scratch/xg23/CPEB3/fraglib/5xoga.gro 1142 1230 6 1
/scratch/xg23/CPEB3/fraglib/6e48a.gro 1141 459 8 1
/scratch/xg23/CPEB3/fraglib/2fafa.gro 1141 135 8 1
/scratch/xg23/CPEB3/fraglib/4mo4a.gro 1141 323 8 1
/scratch/xg23/CPEB3/fraglib/4xqca.gro 1142 252 6 1
/scratch/xg23/CPEB3/fraglib/4xzca.gro 1140 259 7 1
/scratch/xg23/CPEB3/fraglib/4xzca.gro 1140 131 9 1
/scratch/xg23/CPEB3/fraglib/3lppa.gro 1141 694 8 1
/scratch/xg23/CPEB3/fraglib/3lppa.gro 1140 614 9 1
/scratch/xg23/CPEB3/fraglib/3lppa.gro 1142 568 5 1
/scratch/xg23/CPEB3/fraglib/2p6ra.gro 1141 530 9 1
/scratch/xg23/CPEB3/fraglib/5xgba.gro 1142 619 8 1
/scratch/xg23/CPEB3/fraglib/2ywda.gro 1141 105 8 1
/scratch/xg23/CPEB3/fraglib/5olja.gro 1141 204 8 1
/scratch/xg23/CPEB3/fraglib/2in5a.gro 1142 115 8 1
/scratch/xg23/CPEB3/fraglib/3khka.gro 1141 140 8 1
/scratch/xg23/CPEB3/fraglib/3e0ha.gro 1142 119 7 1
/scratch/xg23/CPEB3/fraglib/4iila.gro 1141 233 8 1
/scratch/xg23/CPEB3/fraglib/3flpa.gro 1141 195 6 1
/scratch/xg23/CPEB3/fraglib/1p9ag.gro 1142 219 6 1
/scratch/xg23/CPEB3/fraglib/3goda.gro 1141 147 9 1
/scratch/xg23/CPEB3/fraglib/2dp9a.gro 1141 89 9 1
/scratch/xg23/CPEB3/fraglib/3jysa.gro 1141 456 9 1
/scratch/xg23/CPEB3/fraglib/5xoga.gro 1142 1230 6 1
/scratch/xg23/CPEB3/fraglib/4fkba.gro 1142 40 8 1
/scratch/xg23/CPEB3/fraglib/6e48a.gro 1141 459 8 1
/scratch/xg23/CPEB3/fraglib/1x1na.gro 1141 164 8 1
/scratch/xg23/CPEB3/fraglib/3tx8a.gro 1141 195 7 1
/scratch/xg23/CPEB3/fraglib/5c71a.gro 1142 322 8 1
/scratch/xg23/CPEB3/fraglib/6azta.gro 1141 275 6 1
/scratch/xg23/CPEB3/fraglib/5xgba.gro 1142 619 9 1
/scratch/xg23/CPEB3/fraglib/4fkba.gro 1142 40 9 1
/scratch/xg23/CPEB3/fraglib/2in5a.gro 1142 115 9 1
/scratch/xg23/CPEB3/fraglib/5c71a.gro 1142 322 9 1
/scratch/xg23/CPEB3/fraglib/2p6ra.gro 1142 531 8 1
/scratch/xg23/CPEB3/fraglib/4asia.gro 1142 2055 9 1
/scratch/xg23/CPEB3/fraglib/3hn3a.gro 1142 375 9 1
/scratch/xg23/CPEB3/fraglib/3e0ha.gro 1142 119 7 1
/scratch/xg23/CPEB3/fraglib/2ywda.gro 1142 106 7 1
/scratch/xg23/CPEB3/fraglib/5dm6u.gro 1142 61 9 1
/scratch/xg23/CPEB3/fraglib/1p9ag.gro 1142 219 6 1
/scratch/xg23/CPEB3/fraglib/5xoga.gro 1142 1230 6 1
/scratch/xg23/CPEB3/fraglib/3jysa.gro 1142 457 8 1
/scratch/xg23/CPEB3/fraglib/2dp9a.gro 1142 90 8 1
/scratch/xg23/CPEB3/fraglib/2fafa.gro 1142 136 8 1
/scratch/xg23/CPEB3/fraglib/6bjqa.gro 1142 333 9 1
/scratch/xg23/CPEB3/fraglib/3nraa.gro 1142 303 8 1
/scratch/xg23/CPEB3/fraglib/1xhca.gro 1142 321 5 1
/scratch/xg23/CPEB3/fraglib/4jkma.gro 1142 322 9 1
/scratch/xg23/CPEB3/fraglib/5wv8a.gro 1142 421 7 1
/scratch/xg23/CPEB3/fraglib/3d8ba.gro 1145 645 6 1
/scratch/xg23/CPEB3/fraglib/5m2na.gro 1143 637 6 1
/scratch/xg23/CPEB3/fraglib/5jh8a.gro 1143 299 6 1
/scratch/xg23/CPEB3/fraglib/5hsqa.gro 1143 143 8 1
/scratch/xg23/CPEB3/fraglib/4i4na.gro 1144 16 5 1
/scratch/xg23/CPEB3/fraglib/5vpua.gro 1143 25 6 1
/scratch/xg23/CPEB3/fraglib/3hn3a.gro 1146 379 5 1
/scratch/xg23/CPEB3/fraglib/3d8ba.gro 1145 645 6 1
/scratch/xg23/CPEB3/fraglib/5xgba.gro 1145 622 6 1
/scratch/xg23/CPEB3/fraglib/1vhna.gro 1145 17 6 1
/scratch/xg23/CPEB3/fraglib/4i4na.gro 1144 16 5 1
/scratch/xg23/CPEB3/fraglib/5xgba.gro 1145 622 6 1
/scratch/xg23/CPEB3/fraglib/3d8ba.gro 1145 645 6 1
