0        1152.61  878.94   221.34   68.32    -2279.29 -1491.83 -5686.72 -387.87  -154.03  -123.65  -15.94   -7818.12
1        1152.70  891.04   220.06   69.42    -2289.88 -1478.02 -5673.84 -386.79  -149.51  -118.42  -15.11   -7778.35
2        1154.16  883.55   218.93   75.80    -2275.33 -1483.32 -5669.48 -389.88  -152.16  -117.04  -15.02   -7769.78
3        1196.39  863.04   208.05   75.50    -2246.33 -1503.45 -5677.50 -385.90  -151.91  -119.10  -15.96   -7757.17
4        1238.55  867.02   214.78   81.36    -2270.71 -1479.83 -5680.45 -392.19  -150.23  -119.05  -15.06   -7705.81
5        1208.28  860.43   209.15   81.91    -2249.57 -1492.22 -5674.09 -382.12  -150.04  -126.64  -14.71   -7729.63
6        1206.09  856.90   228.42   65.00    -2283.52 -1481.92 -5681.65 -380.54  -150.26  -119.93  -15.81   -7757.21
7        1195.57  878.92   220.70   89.41    -2261.22 -1490.58 -5664.10 -398.94  -152.59  -122.72  -13.79   -7719.34
8        1214.71  892.66   216.13   70.39    -2252.51 -1500.71 -5677.48 -359.51  -151.73  -119.20  -15.24   -7682.49
9        1230.12  873.00   220.60   65.92    -2300.96 -1494.45 -5675.80 -373.22  -152.41  -117.25  -15.84   -7740.28
10       1240.02  873.93   229.09   76.05    -2262.29 -1506.02 -5667.70 -394.35  -150.17  -123.22  -17.19   -7701.86
11       1213.85  877.56   222.71   74.23    -2242.91 -1487.65 -5670.33 -378.17  -151.73  -121.51  -16.44   -7680.38
12       1191.97  873.68   209.79   72.96    -2268.94 -1500.49 -5681.58 -385.49  -152.72  -122.58  -15.27   -7778.68
13       1206.63  882.25   235.41   85.25    -2248.48 -1489.01 -5676.40 -384.35  -152.63  -124.71  -16.86   -7682.89
14       1175.47  868.27   219.11   71.17    -2266.49 -1491.02 -5688.14 -396.51  -150.63  -120.12  -15.60   -7794.49
15       1207.11  914.03   219.87   63.74    -2262.40 -1488.57 -5675.08 -406.41  -152.94  -123.72  -16.49   -7720.87
16       1173.50  873.40   217.98   82.38    -2274.74 -1475.60 -5680.91 -399.36  -151.51  -121.29  -14.91   -7771.06
17       1196.33  883.95   225.86   71.78    -2273.33 -1488.50 -5673.98 -390.49  -149.67  -121.41  -14.40   -7733.85
18       1212.80  850.11   217.67   93.13    -2258.73 -1498.12 -5678.18 -394.93  -152.15  -126.79  -14.75   -7749.94
19       1185.71  891.11   204.74   69.71    -2275.04 -1486.25 -5670.50 -383.22  -150.74  -122.09  -14.29   -7750.89
