0.00     0.01     0.00     0.00     -0.01    0.00     -8.60    0.00     -0.04    0.00     0.00     -0.99    -9.63   
1.00     0.00     0.00     0.00     0.00     -0.00    -5.02    0.00     -2.50    0.00     0.00     -0.56    -8.08   
2.00     0.00     0.00     0.00     -0.01    -0.01    -6.05    0.00     -1.32    0.00     0.01     -0.91    -8.29   
3.00     -0.01    0.00     0.00     0.00     -0.01    -19.48   0.01     -3.35    0.00     0.00     -1.68    -24.52  
4.00     0.00     0.00     0.00     0.00     0.00     -5.65    0.00     -0.02    0.00     0.00     -0.57    -6.24   
5.00     0.00     0.00     0.00     0.00     0.01     -12.51   0.00     -3.06    0.00     0.01     -0.54    -16.09  
6.00     0.00     0.00     0.00     0.00     0.00     -12.67   0.00     -0.00    0.00     0.01     -0.80    -13.46  
7.00     -0.00    0.01     -0.00    0.00     0.00     -8.88    0.00     -0.01    0.00     -0.01    -0.34    -9.23   
8.00     -0.01    -0.01    -0.01    0.00     -0.00    -16.43   0.00     -0.01    -0.36    -0.00    -0.76    -17.59  
9.00     -0.00    0.00     0.00     0.13     0.00     -12.14   -0.00    0.00     0.00     0.00     -0.76    -12.77  
10.00    -0.01    -0.00    0.00     1.64     0.00     -19.52   0.00     -0.02    0.00     0.00     -1.84    -19.75  
11.00    0.00     -0.00    0.00     0.09     0.01     -9.89    0.00     0.00     0.00     0.00     -1.36    -11.15  
12.00    0.00     0.00     0.00     0.18     0.00     -7.45    0.01     -5.59    -0.02    0.00     -0.53    -13.40  
13.00    0.00     0.00     -0.00    0.73     0.00     -19.00   0.00     -0.89    0.00     -0.01    -1.81    -20.98  
14.00    0.00     -0.01    0.00     0.11     0.00     -15.26   -0.00    0.01     0.00     0.00     -0.79    -15.94  
15.00    0.00     -0.00    0.00     0.87     -0.00    -9.44    0.01     -0.01    0.00     0.00     -2.04    -10.61  
16.00    0.01     0.00     -0.00    -0.00    0.00     -6.26    0.00     0.00     0.00     -0.00    -0.42    -6.67   
17.00    -0.01    0.00     0.00     -0.01    0.00     -4.72    0.01     -1.26    0.00     0.00     -0.29    -6.28   
18.00    0.00     0.00     -0.01    0.00     0.00     -12.51   -0.00    0.00     0.00     -0.00    -0.70    -13.22  
19.00    0.00     0.00     0.00     0.20     0.00     -12.81   0.00     -4.51    0.00     0.01     -0.30    -17.41  
