0        1151.75  874.69   219.91   68.97    -2265.55 -1521.17 -5662.34 -413.96  -155.58  -121.13  -15.78   -7840.20
1        1152.56  893.00   219.00   66.72    -2282.99 -1511.90 -5647.08 -411.16  -150.17  -114.77  -15.65   -7802.45
2        1153.23  883.65   216.71   75.51    -2272.04 -1517.53 -5650.86 -413.25  -153.58  -115.41  -14.77   -7808.35
3        1196.81  865.77   206.25   75.86    -2239.11 -1529.71 -5658.74 -410.07  -153.41  -116.45  -14.89   -7777.70
4        1240.61  864.58   213.47   82.99    -2265.36 -1508.64 -5656.58 -419.72  -150.64  -117.09  -15.32   -7731.70
5        1208.40  868.66   208.76   83.68    -2237.01 -1511.54 -5651.59 -401.61  -150.65  -123.66  -15.11   -7721.67
6        1201.29  861.00   224.54   66.49    -2277.38 -1512.05 -5663.05 -411.92  -151.28  -118.38  -16.01   -7796.75
7        1199.31  867.15   218.45   89.11    -2250.88 -1520.03 -5644.81 -424.65  -152.63  -119.62  -14.30   -7752.90
8        1220.53  895.28   212.68   71.45    -2256.99 -1529.14 -5652.71 -386.74  -152.90  -116.45  -15.44   -7710.43
9        1225.00  872.93   221.19   68.00    -2292.53 -1523.67 -5654.98 -398.55  -153.22  -115.50  -15.71   -7767.03
10       1237.84  874.18   231.28   74.76    -2252.29 -1518.76 -5649.66 -422.38  -150.50  -122.16  -16.30   -7713.99
11       1215.44  875.71   220.67   75.55    -2234.31 -1516.91 -5653.09 -410.10  -152.57  -119.44  -15.99   -7715.05
12       1190.92  869.61   208.69   72.54    -2256.42 -1537.69 -5660.01 -398.27  -154.55  -119.87  -15.61   -7800.67
13       1212.76  888.63   234.84   84.13    -2242.01 -1508.99 -5652.78 -406.83  -153.44  -120.98  -15.99   -7680.66
14       1177.58  859.96   219.76   71.08    -2257.70 -1517.03 -5665.89 -425.86  -151.74  -117.05  -15.74   -7822.63
15       1203.87  913.80   222.97   62.76    -2256.90 -1517.87 -5653.92 -435.32  -153.01  -121.53  -15.20   -7750.33
16       1172.19  878.56   218.59   82.28    -2260.40 -1509.36 -5657.52 -419.91  -152.85  -118.16  -15.34   -7781.92
17       1200.97  877.87   225.93   71.36    -2262.52 -1506.47 -5653.34 -405.03  -149.74  -116.84  -15.13   -7732.93
18       1219.27  849.54   217.01   95.41    -2244.96 -1524.47 -5653.56 -427.00  -153.60  -123.42  -15.47   -7761.26
19       1193.72  893.12   205.86   69.27    -2275.32 -1512.06 -5649.34 -412.68  -152.55  -120.63  -14.75   -7775.34
