0.00     0.01     0.00     0.01     0.10     -0.01    -33.59   0.00     -6.12    -0.79    0.00     -0.32    -40.71  
1.00     0.00     0.00     0.00     0.21     0.01     -37.90   0.00     -7.52    -0.35    0.00     -0.57    -46.12  
2.00     0.00     0.00     0.00     0.29     -0.01    -36.91   0.00     -8.52    -0.77    0.01     -0.08    -45.99  
3.00     -0.01    0.01     0.00     -0.01    0.00     -41.56   0.00     -7.95    -0.82    0.00     -0.06    -50.40  
4.00     -0.01    0.00     0.01     1.54     0.00     -32.86   0.00     -7.05    -0.41    0.00     -0.14    -38.92  
5.00     0.01     0.00     0.01     1.78     0.00     -31.20   0.00     -6.96    -0.61    0.00     -0.15    -37.12  
6.00     -0.01    0.01     0.00     0.42     0.00     -39.63   0.00     -11.50   -0.54    0.00     -0.22    -51.47  
7.00     0.00     0.01     -0.00    0.51     0.00     -36.19   0.00     -7.61    -0.04    0.00     -0.31    -43.63  
8.00     0.00     -0.01    0.00     0.23     0.00     -40.14   0.00     -8.51    -0.78    -0.00    -0.18    -49.39  
9.00     0.00     -0.00    0.00     1.30     0.00     -36.96   0.01     -5.02    -0.44    0.00     -0.15    -41.26  
10.00    -0.01    -0.00    0.00     0.14     -0.01    -30.16   0.00     -7.73    -0.33    0.01     -0.13    -38.22  
11.00    0.01     0.01     -0.00    0.02     0.00     -34.76   0.00     -13.52   -0.77    0.00     -0.16    -49.17  
12.00    0.00     0.00     0.00     0.00     0.00     -40.27   0.00     -7.79    -1.02    -0.00    -0.15    -49.23  
13.00    0.01     0.01     0.00     0.08     0.01     -39.62   0.00     -7.76    -0.80    -0.01    -0.21    -48.29  
14.00    -0.00    0.00     0.00     0.48     0.01     -38.59   -0.00    -9.72    -0.58    0.00     -0.24    -48.64  
15.00    0.00     -0.00    -0.01    -0.00    -0.00    -36.07   0.00     -7.11    -0.07    0.00     -0.10    -43.36  
16.00    0.00     -0.00    -0.01    0.33     0.00     -34.81   0.01     -7.75    -0.69    0.00     -0.23    -43.15  
17.00    0.00     0.00     0.00     0.68     0.00     -23.83   0.01     -7.65    -0.07    -0.01    -0.28    -31.15  
18.00    0.00     0.00     0.00     2.01     0.00     -39.33   -0.00    -11.51   -1.45    -0.00    -0.73    -51.01  
19.00    -0.01    0.00     -0.01    2.36     -0.01    -34.90   -0.00    -14.80   -0.92    0.00     -0.06    -48.35  
