0.00     0.00     0.00     0.00     -0.01    -0.01    -4.41    0.00     -0.82    0.00     0.00     -1.33    -6.58   
1.00     0.00     0.00     -0.01    0.00     0.01     -1.90    0.00     -1.13    0.00     0.00     -0.64    -3.67   
2.00     -0.00    0.00     -0.00    0.00     -0.01    -4.27    -0.01    -2.34    -0.71    0.01     -0.94    -8.27   
3.00     0.00     0.00     0.00     0.02     -0.01    -15.51   0.00     -10.33   -0.87    0.00     -2.31    -29.01  
4.00     -0.01    0.00     0.00     0.00     0.00     -6.94    -0.01    0.00     0.00     0.00     -1.03    -7.99   
5.00     0.00     0.00     -0.00    0.00     0.00     -7.41    0.00     -1.22    0.00     0.01     -0.63    -9.25   
6.00     0.00     0.00     0.01     -0.01    0.00     -8.53    0.00     -2.30    0.00     0.00     -0.82    -11.65  
7.00     0.00     0.00     0.00     0.00     0.00     -4.28    0.00     -0.05    0.00     -0.01    -0.41    -4.75   
8.00     -0.01    -0.01    -0.00    0.05     0.00     -16.48   -0.01    -3.66    -1.15    0.00     -1.15    -22.42  
9.00     -0.00    0.00     0.00     0.13     0.00     -5.81    0.00     -0.81    0.00     0.00     -1.29    -7.78   
10.00    -0.01    0.00     0.01     1.14     0.00     -16.28   0.00     -2.36    0.00     0.00     -2.08    -19.58  
11.00    0.01     0.00     0.01     0.00     0.00     -5.57    0.00     -2.06    0.00     -0.01    -1.38    -9.00   
12.00    0.00     0.00     0.00     0.17     0.00     -11.53   0.00     -9.12    -2.78    0.00     -1.46    -24.72  
13.00    0.00     0.01     0.00     0.74     0.00     -12.72   0.00     -0.52    0.00     0.00     -1.85    -14.34  
14.00    0.00     0.00     0.00     0.11     -0.00    -11.70   -0.00    -2.15    0.00     0.00     -1.07    -14.81  
15.00    0.00     0.00     -0.01    0.86     0.00     -5.13    0.01     -2.03    0.00     0.00     -2.20    -8.50   
16.00    0.00     0.01     -0.01    -0.00    0.00     -1.96    -0.00    -4.10    0.00     0.00     -0.43    -6.49   
17.00    0.00     0.00     0.00     0.00     0.00     -1.32    0.00     0.00     0.00     0.00     -0.36    -1.68   
18.00    0.00     0.00     0.00     0.00     0.00     -7.89    0.00     -1.42    0.00     -0.00    -1.64    -10.95  
19.00    -0.01    0.00     0.00     0.20     0.00     -5.14    -0.01    -6.72    0.00     0.00     -0.48    -12.16  
