0        1150.35  878.44   218.53   69.87    -2274.67 -1533.13 -5676.49 -393.99  -154.03  -121.06  -15.11   -7851.27
1        1138.42  894.80   224.58   69.84    -2291.77 -1520.31 -5668.04 -392.83  -150.38  -114.70  -14.59   -7824.99
2        1150.10  886.14   217.46   79.22    -2284.84 -1523.40 -5665.01 -398.55  -152.46  -115.05  -14.41   -7820.80
3        1202.37  872.68   205.92   77.20    -2253.94 -1521.85 -5676.83 -382.24  -151.91  -116.40  -15.29   -7760.29
4        1240.64  867.05   214.47   83.61    -2273.45 -1514.28 -5675.35 -415.45  -151.08  -117.23  -15.04   -7756.10
5        1214.18  867.80   211.85   82.64    -2246.31 -1514.67 -5672.05 -389.89  -150.33  -123.59  -14.32   -7734.70
6        1201.93  858.55   224.89   68.39    -2291.97 -1509.75 -5675.52 -383.55  -150.28  -117.61  -14.72   -7789.65
7        1199.12  870.26   221.08   91.26    -2261.23 -1539.36 -5655.23 -403.18  -156.81  -118.73  -14.43   -7767.26
8        1217.44  898.51   213.59   71.51    -2267.52 -1511.40 -5670.00 -359.42  -151.37  -116.38  -15.36   -7690.41
9        1224.01  876.71   221.43   66.21    -2306.67 -1521.73 -5669.81 -376.24  -152.41  -115.31  -15.51   -7769.31
10       1242.16  875.97   231.24   75.13    -2260.38 -1525.52 -5661.69 -400.12  -154.71  -121.42  -13.91   -7713.24
11       1208.76  877.71   221.14   74.80    -2249.12 -1513.08 -5670.02 -386.70  -151.73  -119.94  -15.99   -7724.18
12       1191.19  880.30   208.89   76.37    -2267.79 -1525.07 -5681.16 -398.82  -152.71  -119.80  -14.26   -7802.86
13       1208.57  886.99   237.69   85.95    -2256.88 -1510.21 -5670.25 -401.88  -153.52  -121.91  -15.34   -7710.79
14       1178.67  862.03   222.71   74.29    -2257.82 -1517.65 -5679.82 -413.50  -152.67  -117.48  -13.99   -7815.22
15       1195.19  910.00   220.55   64.16    -2264.29 -1522.76 -5669.42 -416.48  -152.94  -120.63  -14.43   -7771.06
16       1173.17  877.67   217.53   84.40    -2282.51 -1505.54 -5672.66 -405.71  -151.51  -118.57  -15.33   -7799.05
17       1194.65  886.29   224.90   72.09    -2278.26 -1520.41 -5670.41 -377.34  -149.67  -116.67  -15.03   -7749.86
18       1216.70  857.15   220.94   93.78    -2264.22 -1529.81 -5667.44 -413.02  -152.89  -124.46  -14.28   -7777.56
19       1191.41  891.62   205.73   68.91    -2287.43 -1518.21 -5667.87 -393.40  -150.75  -120.06  -14.30   -7794.34
