0.00     0.00     0.00     0.00     0.86     -0.01    -40.33   -0.01    -6.15    0.00     0.00     -1.63    -47.27  
1.00     -0.01    0.01     0.00     1.08     0.01     -43.12   0.00     -1.14    0.00     0.00     -1.53    -44.70  
2.00     -0.00    0.00     0.00     1.78     0.00     -43.81   0.00     -10.50   -0.01    0.00     -1.11    -53.65  
3.00     0.00     0.01     0.00     0.06     0.00     -35.02   0.00     0.00     0.00     0.00     -1.79    -36.74  
4.00     -0.01    0.00     0.00     2.25     -0.01    -33.51   0.00     -14.03   -0.85    0.00     -1.43    -47.59  
5.00     0.01     0.00     0.00     0.83     0.00     -35.11   0.00     -11.44   -0.29    0.00     -1.00    -47.00  
6.00     0.00     0.01     0.01     3.42     0.01     -35.43   -0.00    -3.02    -0.02    0.00     -0.68    -35.70  
7.00     -0.00    0.01     0.01     1.45     0.00     -53.61   0.00     -5.07    -4.22    0.00     -2.57    -64.00  
8.00     0.00     0.00     -0.01    0.31     0.00     -25.89   0.00     0.00     0.00     0.00     -1.73    -27.32  
9.00     0.00     0.00     0.00     0.33     0.00     -39.72   0.01     -3.02    0.00     0.00     -1.19    -43.59  
10.00    0.00     0.00     0.00     0.16     0.00     -31.21   0.00     -0.11    -0.01    0.00     -0.58    -31.75  
11.00    0.01     0.00     -0.00    0.01     0.00     -34.98   -0.01    -0.54    0.00     -0.01    -1.57    -37.09  
12.00    0.00     0.00     0.01     2.84     0.00     -30.49   0.00     -11.93   -0.01    0.00     -0.80    -40.38  
13.00    0.00     0.01     -0.00    2.01     0.01     -36.35   0.00     -13.17   -0.89    -0.01    -1.15    -49.54  
14.00    0.01     0.00     0.00     1.26     -0.00    -34.11   0.00     0.00     -0.01    -0.01    -0.83    -33.69  
15.00    0.00     0.00     -0.01    0.89     0.00     -37.00   0.00     -10.08   0.00     0.00     -0.76    -46.96  
16.00    0.00     -0.00    0.00     0.61     -0.00    -32.57   0.00     -0.01    0.00     0.00     -1.70    -33.67  
17.00    0.00     -0.00    0.00     0.29     0.00     -34.97   0.00     0.00     0.00     0.00     -1.72    -36.40  
18.00    0.00     0.00     0.00     1.17     0.00     -37.66   0.00     0.00     0.00     0.00     -1.17    -37.66  
19.00    0.00     0.00     0.00     0.88     -0.01    -39.17   -0.01    -14.69   -0.01    0.00     -1.18    -54.19  
