0.00     0.00     0.00     0.00     -0.01    0.00     -5.04    0.00     -1.37    0.00     0.00     -0.34    -6.76   
1.00     -0.01    0.00     -0.01    -0.00    -0.00    -0.46    0.00     -1.33    0.00     0.00     -0.08    -1.89   
2.00     0.01     0.00     0.00     0.00     0.00     -1.12    0.00     0.00     0.00     0.01     -0.03    -1.13   
3.00     0.00     0.00     0.01     0.02     0.00     -9.00    0.00     -9.06    0.00     0.00     -0.63    -18.66  
4.00     -0.01    0.00     0.00     0.00     -0.01    -5.26    0.00     0.00     0.00     0.00     -0.46    -5.74   
5.00     0.00     -0.01    0.01     0.00     0.00     -2.27    0.00     0.00     0.00     0.00     -0.09    -2.36   
6.00     -0.01    0.00     0.00     0.00     0.00     0.00     0.00     -1.32    0.00     0.00     -0.03    -1.36   
7.00     0.00     0.00     -0.00    0.00     0.00     -0.00    0.00     -1.04    0.00     0.00     -0.07    -1.11   
8.00     0.00     0.00     -0.01    0.81     -0.00    -14.80   -0.01    -0.03    -0.37    0.00     -0.40    -14.81  
9.00     0.00     -0.00    0.00     0.00     0.00     -2.74    0.01     0.01     0.00     0.00     -0.53    -3.25   
10.00    -0.00    -0.00    0.00     -0.00    0.00     -5.92    0.00     0.01     0.00     0.00     -0.24    -6.15   
11.00    0.00     0.01     0.00     0.00     0.00     0.00     0.00     -0.01    0.00     -0.01    -0.02    -0.03   
12.00    0.01     0.00     0.00     0.18     -0.01    -11.00   0.01     -14.66   -3.66    0.00     -0.94    -30.07  
13.00    0.01     0.00     0.00     0.01     0.00     -9.31    0.00     -0.01    0.00     0.00     -0.04    -9.34   
14.00    0.00     0.00     0.00     -0.01    0.00     -7.44    0.00     -0.03    0.00     0.00     -0.28    -7.76   
15.00    0.00     -0.00    -0.00    0.00     0.00     -1.13    0.00     0.00     0.00     -0.00    -0.15    -1.28   
16.00    0.00     0.00     0.00     0.00     0.00     -1.00    0.00     0.00     0.00     0.00     -0.02    -1.02   
17.00    0.00     0.00     0.00     -0.01    0.00     -1.44    0.00     0.00     -0.00    0.00     -0.08    -1.53   
18.00    0.00     0.00     0.00     0.11     0.00     -4.43    0.00     -7.57    0.00     -0.00    -0.94    -12.83  
19.00    0.00     0.00     0.00     0.00     -0.01    -3.26    0.00     -0.00    -0.01    0.00     -0.18    -3.46   
