0.00     0.00     -0.00    0.00     0.86     -0.00    -37.99   0.00     -6.16    0.00     0.00     -1.63    -44.92  
1.00     0.00     0.00     -0.00    1.08     0.01     -44.37   0.00     -1.13    -0.01    0.00     -1.53    -45.95  
2.00     0.00     0.00     -0.00    1.78     0.00     -36.47   0.00     -10.49   -0.01    0.00     -1.11    -46.30  
3.00     0.00     0.01     0.01     0.06     0.00     -30.32   0.00     0.00     0.00     0.00     -1.79    -32.03  
4.00     -0.01    0.00     0.00     2.25     -0.01    -31.93   -0.01    -15.35   0.00     0.00     -1.43    -46.49  
5.00     0.00     -0.01    0.00     0.83     0.00     -32.14   0.00     -11.44   -0.29    0.00     -1.00    -44.05  
6.00     -0.01    -0.00    0.01     3.43     0.00     -38.89   0.00     -3.02    -0.02    0.00     -0.68    -39.18  
7.00     0.00     0.00     -0.00    1.44     0.00     -48.82   0.00     -5.07    -4.22    0.00     -2.57    -59.24  
8.00     -0.01    0.00     0.00     0.31     0.00     -23.36   0.00     -0.93    0.00     0.00     -1.73    -25.72  
9.00     -0.01    -0.00    -0.01    0.34     0.00     -33.91   -0.00    -2.99    0.00     0.00     -1.19    -37.77  
10.00    -0.00    0.00     0.00     0.17     -0.01    -29.37   0.00     -0.10    -0.01    0.00     -0.58    -29.90  
11.00    0.00     0.01     0.00     0.00     0.01     -31.63   0.00     -0.54    0.00     -0.01    -1.57    -33.73  
12.00    0.00     0.00     0.00     2.84     -0.01    -30.19   0.01     -11.95   -0.02    0.00     -0.80    -40.12  
13.00    0.00     0.00     0.00     2.00     0.01     -43.28   0.00     -14.53   -0.79    -0.01    -1.15    -57.75  
14.00    0.01     -0.01    0.00     1.27     0.00     -37.93   0.00     0.01     0.00     -0.01    -0.83    -37.49  
15.00    0.00     -0.00    -0.00    0.89     0.01     -40.56   0.01     -10.08   -0.11    0.00     -0.76    -50.60  
16.00    0.00     0.00     -0.00    0.61     0.00     -30.34   0.01     -0.01    -0.08    0.00     -1.70    -31.51  
17.00    0.00     0.00     0.01     0.29     0.00     -35.83   0.01     0.00     0.00     0.00     -1.72    -37.24  
18.00    0.00     0.00     0.00     1.17     0.00     -36.16   -0.00    -1.28    0.00     0.00     -1.17    -37.44  
19.00    -0.01    -0.01    -0.01    0.88     -0.00    -38.82   -0.01    -14.69   -0.01    0.00     -1.18    -53.86  
