0        1144.82  880.48   216.78   71.13    -2268.00 -1534.98 -5666.44 -401.13  -156.55  -121.06  -14.87   -7849.82
1        1144.33  890.58   221.66   68.03    -2283.36 -1530.38 -5653.43 -397.76  -150.07  -114.70  -15.25   -7820.34
2        1146.69  884.99   216.95   76.92    -2274.39 -1542.58 -5651.33 -402.98  -154.92  -115.05  -14.31   -7830.01
3        1193.38  869.24   205.33   76.17    -2248.79 -1548.30 -5665.97 -390.28  -152.40  -116.39  -15.38   -7793.38
4        1242.20  867.73   213.21   82.53    -2264.18 -1527.50 -5660.88 -416.81  -152.08  -117.23  -14.70   -7747.71
5        1208.35  865.79   211.89   84.49    -2239.04 -1522.94 -5658.81 -390.83  -151.02  -123.59  -14.36   -7730.06
6        1201.50  858.49   224.55   67.64    -2281.39 -1521.76 -5665.40 -397.24  -152.19  -117.61  -15.15   -7798.57
7        1203.03  867.25   219.17   89.49    -2253.90 -1537.06 -5646.15 -418.44  -155.41  -118.73  -13.76   -7764.52
8        1219.57  895.48   214.68   71.26    -2261.59 -1537.36 -5658.96 -376.71  -153.75  -116.38  -15.38   -7719.14
9        1221.89  875.46   219.97   68.52    -2298.57 -1533.08 -5657.19 -404.83  -159.93  -115.31  -15.06   -7798.13
10       1244.79  873.21   230.38   74.61    -2257.33 -1535.34 -5653.63 -403.19  -150.50  -121.42  -15.23   -7713.65
11       1209.30  876.79   220.56   75.32    -2242.30 -1536.85 -5657.74 -392.03  -152.59  -119.37  -15.91   -7734.84
12       1191.13  876.03   212.38   77.27    -2259.00 -1544.36 -5662.54 -399.56  -154.66  -119.80  -14.72   -7797.84
13       1211.63  883.64   235.57   87.94    -2246.91 -1531.95 -5660.47 -402.63  -154.50  -121.91  -15.41   -7714.98
14       1177.50  858.75   219.91   73.76    -2255.23 -1531.42 -5669.11 -411.09  -153.16  -116.94  -14.74   -7821.79
15       1194.25  909.51   221.60   65.25    -2255.34 -1533.40 -5656.38 -425.90  -154.66  -120.63  -14.60   -7770.30
16       1181.65  872.80   217.53   82.41    -2271.53 -1526.31 -5661.88 -415.96  -153.50  -118.07  -15.52   -7808.39
17       1200.18  884.27   225.00   72.83    -2269.77 -1534.88 -5657.72 -399.36  -152.00  -116.67  -15.02   -7763.13
18       1216.22  851.31   219.81   92.56    -2259.52 -1537.72 -5659.38 -409.12  -154.54  -123.35  -14.32   -7778.04
19       1188.34  890.73   203.06   70.99    -2276.23 -1526.41 -5653.23 -396.09  -152.38  -120.06  -14.42   -7785.69
