0.00     0.00     0.01     0.01     2.12     0.00     -52.54   0.00     -13.30   -2.52    0.00     -0.42    -66.64  
1.00     0.00     0.00     -0.00    0.28     -0.00    -57.63   0.00     -13.47   -0.56    0.00     -1.22    -72.60  
2.00     0.01     0.00     -0.00    1.16     -0.01    -62.60   0.00     -14.93   -2.76    0.00     -0.74    -79.87  
3.00     0.00     0.01     0.01     0.06     -0.01    -62.22   0.00     -8.04    -0.49    0.00     -1.53    -72.21  
4.00     -0.01    0.00     0.00     1.17     0.00     -53.30   0.00     -15.39   -1.85    0.00     -0.67    -70.05  
5.00     -0.00    -0.01    -0.00    2.38     0.00     -43.07   0.00     -12.38   -0.98    0.00     -0.69    -54.75  
6.00     0.00     0.01     0.01     2.25     0.00     -51.90   0.00     -16.71   -1.93    0.00     -0.69    -68.96  
7.00     -0.01    0.01     0.01     0.43     0.00     -54.60   0.00     -20.33   -2.82    0.00     -0.81    -78.12  
8.00     0.00     -0.01    -0.01    0.07     -0.01    -51.79   -0.01    -17.29   -2.38    0.00     -1.39    -72.82  
9.00     0.00     0.00     -0.01    2.72     0.00     -44.52   0.00     -12.79   -2.74    0.00     -0.50    -57.84  
10.00    -0.01    0.00     0.00     0.19     0.00     -48.52   0.00     -8.86    -0.33    0.00     -0.33    -57.86  
11.00    0.01     0.01     0.00     1.55     0.00     -58.09   0.00     -14.41   -0.86    0.00     -1.24    -73.03  
12.00    0.00     0.00     0.00     4.17     0.00     -52.37   0.01     -19.66   -1.96    0.00     -0.50    -70.31  
13.00    0.00     0.00     -0.00    3.35     0.00     -58.82   0.00     -13.92   -1.87    -0.01    -0.76    -72.03  
14.00    0.01     0.00     0.00     2.52     0.00     -55.80   0.00     -14.59   -2.53    0.00     -0.40    -70.79  
15.00    0.00     0.00     -0.01    2.12     -0.00    -53.12   0.00     -19.50   -1.72    0.00     -0.65    -72.88  
16.00    0.00     -0.00    -0.01    0.74     0.00     -56.06   0.01     -16.72   -1.99    0.00     -1.43    -75.46  
17.00    -0.01    -0.00    0.00     1.10     0.00     -52.47   0.01     -22.02   -2.33    0.00     -1.34    -77.06  
18.00    0.00     0.01     -0.01    0.16     0.00     -55.50   0.00     -14.20   -2.39    0.00     -0.69    -72.62  
19.00    0.00     -0.01    -0.01    4.00     0.00     -52.69   -0.01    -17.38   -1.64    0.00     -1.00    -68.74  
