0.00     0.01     0.00     0.01     0.01     -0.00    -13.87   0.00     -2.47    0.00     0.00     0.00     -16.31  
1.00     -0.01    0.00     -0.01    -0.00    -0.00    -7.36    -0.00    -1.20    0.00     0.00     0.00     -8.58   
2.00     0.00     0.00     -0.01    0.34     0.00     -10.97   0.00     -1.35    0.00     0.01     0.00     -11.98  
3.00     -0.01    0.00     0.00     0.03     0.00     -14.82   0.00     -2.04    0.00     0.00     0.00     -16.84  
4.00     -0.01    0.00     0.00     0.00     -0.01    -3.30    0.00     -2.52    0.00     0.00     0.00     -5.84   
5.00     -0.00    -0.01    0.01     0.24     0.00     -12.53   0.00     -1.12    0.00     0.00     0.00     -13.41  
6.00     0.00     0.00     0.01     0.00     0.00     -11.50   0.00     -2.16    0.00     0.01     0.00     -13.64  
7.00     -0.01    0.01     0.01     0.00     0.00     -10.52   0.00     -1.72    0.00     -0.01    0.00     -12.24  
8.00     -0.01    -0.01    -0.00    0.00     -0.01    -7.42    -0.01    -2.31    0.00     0.00     0.00     -9.77   
9.00     0.00     0.00     0.00     0.66     0.00     -19.89   0.00     -1.17    0.00     0.00     0.00     -20.40  
10.00    0.00     -0.01    -0.00    0.50     0.00     -12.71   0.00     -1.26    0.00     0.00     0.00     -13.48  
11.00    0.01     -0.00    0.00     0.10     0.00     -16.29   0.00     -1.85    0.00     0.00     0.00     -18.03  
12.00    0.00     0.00     0.00     0.99     -0.01    -7.55    0.00     -2.08    0.00     -0.00    0.00     -8.65   
13.00    0.01     0.01     0.00     -0.01    0.00     -15.35   0.00     -1.60    0.00     0.00     0.00     -16.94  
14.00    0.00     0.00     0.00     0.12     0.00     -13.21   0.00     -2.21    0.00     0.00     0.00     -15.30  
15.00    -0.01    -0.00    -0.01    0.29     -0.00    -10.14   0.00     -1.82    0.00     0.00     0.00     -11.69  
16.00    0.01     0.00     0.00     0.01     0.00     -9.05    0.01     -1.68    0.00     -0.00    0.00     -10.70  
17.00    0.00     0.00     0.00     0.00     0.00     -15.19   0.00     -2.27    0.00     0.00     0.00     -17.46  
18.00    0.00     0.00     -0.01    -0.01    0.00     -13.75   0.00     -2.46    0.00     -0.00    0.00     -16.23  
19.00    -0.01    0.00     0.00     0.01     0.00     -14.42   0.00     -2.07    0.00     0.01     0.00     -16.48  
