0.00     0.00     0.01     0.00     0.00     0.00     -6.64    0.00     -0.01    0.00     0.00     -1.33    -7.97   
1.00     0.00     0.00     -0.00    0.00     0.00     -1.78    0.01     0.00     0.00     0.00     -0.64    -2.41   
2.00     0.00     0.00     0.00     0.00     0.00     -4.44    -0.01    -1.50    0.00     0.01     -0.94    -6.88   
3.00     0.00     0.00     0.00     0.02     0.00     -13.29   0.00     -10.03   0.00     0.00     -2.31    -25.61  
4.00     0.00     0.01     0.00     0.00     0.00     -5.62    0.00     0.00     0.00     0.00     -1.03    -6.64   
5.00     -0.00    -0.01    0.00     0.00     0.01     -6.25    0.00     0.00     0.00     0.00     -0.63    -6.88   
6.00     0.00     0.00     0.00     0.00     0.00     -6.89    0.00     -2.34    -0.72    0.00     -0.82    -10.77  
7.00     0.00     0.01     0.00     0.00     -0.01    -2.36    0.00     0.00     0.00     0.00     -0.41    -2.77   
8.00     -0.01    0.00     -0.01    0.82     0.00     -17.89   0.00     -1.44    -0.36    0.00     -1.15    -20.04  
9.00     -0.01    0.00     -0.01    0.13     0.00     -6.22    0.00     0.01     0.00     0.00     -1.29    -7.39   
10.00    -0.00    0.00     -0.00    0.22     0.00     -12.98   0.00     0.00     0.00     0.00     -2.08    -14.84  
11.00    0.00     0.00     0.00     0.00     0.00     -2.87    0.00     -1.36    -0.00    -0.01    -1.38    -5.62   
12.00    0.00     0.00     0.00     0.17     -0.01    -11.06   0.01     -16.87   -3.66    0.00     -1.46    -32.88  
13.00    0.01     0.00     -0.00    0.74     0.00     -12.73   0.00     -0.01    0.00     0.00     -1.85    -13.84  
14.00    -0.00    -0.01    0.00     -0.01    0.00     -8.94    -0.00    -0.91    -0.00    0.00     -1.07    -10.94  
15.00    0.00     0.00     -0.01    0.02     0.01     -3.43    0.01     -0.36    0.00     -0.00    -2.20    -5.96   
16.00    0.00     -0.00    -0.00    0.00     0.00     -0.72    -0.00    -1.37    0.00     0.00     -0.43    -2.52   
17.00    0.00     0.00     0.00     0.00     0.00     -0.47    0.00     -1.31    0.01     0.00     -0.36    -2.13   
18.00    0.00     0.00     -0.01    0.00     0.00     -6.37    0.00     0.00     0.00     0.00     -1.64    -8.02   
19.00    -0.01    -0.01    0.00     0.01     0.00     -3.22    -0.00    -1.36    0.00     0.00     -0.48    -5.07   
