0.00     0.00     0.00     0.00     0.89     -0.01    -17.59   0.00     -10.39   0.00     0.00     -3.31    -30.41  
1.00     -0.01    0.00     -0.01    0.82     0.01     -17.48   0.00     -0.20    -1.82    0.00     -2.74    -21.43  
2.00     0.01     0.00     -0.00    -0.01    -0.01    -12.06   0.00     0.00     -0.71    0.00     -1.71    -14.49  
3.00     -0.01    0.00     0.01     0.02     0.00     -8.60    0.00     -0.02    0.00     0.00     -2.40    -11.00  
4.00     -0.01    0.00     0.00     0.00     0.00     -13.01   -0.01    0.00     0.00     0.00     -3.76    -16.79  
5.00     0.01     -0.01    -0.00    1.09     0.01     -15.83   0.00     0.00     -1.10    0.01     -1.74    -17.56  
6.00     0.00     0.01     0.01     0.00     0.00     -7.24    -0.00    0.00     0.00     0.00     -1.47    -8.69   
7.00     -0.01    0.00     0.00     0.00     0.00     -2.59    0.00     0.00     0.00     -0.01    -0.69    -3.30   
8.00     -0.01    0.00     -0.01    1.65     0.00     -17.95   0.00     -5.00    0.00     0.00     -4.32    -25.64  
9.00     0.00     -0.00    0.00     -0.00    0.00     -12.13   0.00     -5.86    0.00     0.00     -4.01    -22.00  
10.00    -0.01    -0.00    0.00     -0.00    -0.01    -5.82    0.00     -0.00    0.00     0.01     -1.87    -7.70   
11.00    0.00     0.01     -0.00    -0.01    0.00     -5.07    0.00     0.00     0.00     0.00     -1.26    -6.33   
12.00    0.01     0.00     0.01     0.00     0.00     -18.94   0.01     -10.06   -0.67    0.00     -2.92    -32.56  
13.00    0.00     0.00     0.01     0.16     0.01     -10.52   0.00     -0.00    -0.93    -0.00    -2.86    -14.13  
14.00    0.01     -0.01    -0.01    0.00     -0.00    -17.98   -0.00    -5.69    0.00     0.00     -3.46    -27.14  
15.00    0.00     -0.00    0.00     0.00     -0.00    -1.78    0.01     0.00     0.00     0.00     -1.01    -2.78   
16.00    0.01     0.01     0.00     0.08     0.00     -11.19   0.00     0.00     -0.01    0.00     -2.66    -13.76  
17.00    0.00     -0.00    0.00     0.00     0.00     -8.31    0.01     0.00     0.00     0.00     -2.38    -10.68  
18.00    0.00     0.01     0.00     0.91     0.00     -9.28    0.00     -11.87   0.01     -0.01    -3.67    -23.90  
19.00    -0.01    0.00     0.00     0.00     -0.01    -7.86    -0.01    -0.01    0.00     0.00     -2.99    -10.89  
