0.00     0.01     0.00     0.00     0.01     -0.01    -14.73   0.00     -0.01    0.00     0.00     -0.99    -15.72  
1.00     0.00     0.00     0.00     -0.00    0.01     -8.47    0.00     0.00     0.00     0.00     -0.56    -9.02   
2.00     0.00     0.00     0.00     0.00     0.00     -9.80    0.00     -0.01    0.00     0.01     -0.91    -10.71  
3.00     -0.01    0.00     0.01     -0.01    -0.01    -16.63   0.00     0.00     0.00     0.00     -1.68    -18.33  
4.00     -0.01    0.00     0.00     0.00     0.00     -6.80    -0.01    0.00     0.00     0.00     -0.57    -7.39   
5.00     0.00     -0.01    0.01     0.00     0.01     -15.09   0.00     0.00     0.00     0.01     -0.54    -15.61  
6.00     0.00     0.00     0.00     0.00     0.00     -18.56   0.00     -0.00    0.00     -0.00    -0.80    -19.36  
7.00     -0.00    0.00     0.00     -0.01    0.00     -12.32   0.00     -0.01    0.00     0.00     -0.34    -12.68  
8.00     -0.01    0.00     0.00     0.00     -0.01    -11.84   0.00     0.00     0.00     0.00     -0.76    -12.62  
9.00     0.00     -0.01    0.00     0.79     0.00     -19.11   0.00     0.00     0.00     0.00     -0.76    -19.09  
10.00    0.00     0.00     0.00     1.63     0.00     -17.03   0.00     -0.02    0.00     -0.00    -1.84    -17.26  
11.00    0.00     0.01     0.01     0.11     0.00     -14.37   0.00     0.00     0.00     0.00     -1.36    -15.60  
12.00    0.00     0.00     0.00     0.00     -0.01    -4.80    0.00     -0.01    0.00     0.00     -0.53    -5.35   
13.00    0.00     0.01     0.00     0.73     0.00     -15.88   0.00     0.00     0.00     0.00     -1.81    -16.95  
14.00    0.00     0.00     0.00     0.12     0.00     -17.00   0.00     0.01     0.00     -0.01    -0.79    -17.67  
15.00    -0.01    -0.00    0.00     1.16     -0.00    -14.83   0.01     -0.01    0.00     0.00     -2.04    -15.72  
16.00    0.00     0.00     -0.01    0.01     0.00     -10.26   -0.00    0.00     0.00     -0.00    -0.42    -10.68  
17.00    0.00     -0.00    0.00     0.00     0.00     -13.08   0.00     -0.00    0.00     0.00     -0.29    -13.37  
18.00    0.00     0.00     0.00     0.00     0.00     -16.02   -0.00    0.00     0.00     -0.00    -0.70    -16.72  
19.00    0.00     -0.00    0.00     0.19     -0.00    -14.77   -0.00    -4.51    0.00     0.00     -0.30    -19.39  
