0.00     0.00     0.01     0.00     0.88     -0.01    -20.96   -0.01    -12.18   -0.84    0.00     -2.97    -36.08  
1.00     -0.01    0.01     0.00     0.83     0.01     -22.80   0.00     -0.20    -1.92    0.00     -2.66    -26.74  
2.00     0.00     0.01     -0.01    -0.01    0.00     -13.98   0.00     -0.01    0.01     0.00     -1.68    -15.67  
3.00     -0.01    0.00     0.01     0.00     0.00     -7.96    0.00     -2.56    -0.69    0.00     -1.77    -12.98  
4.00     0.00     0.00     0.00     0.00     0.00     -11.62   0.00     -1.36    -0.85    0.00     -3.29    -17.12  
5.00     0.00     -0.01    0.01     1.09     0.00     -19.03   -0.01    0.00     -1.35    0.00     -1.65    -20.95  
6.00     0.00     0.01     0.00     -0.01    0.00     -8.75    0.00     -2.29    -0.73    0.00     -1.45    -13.22  
7.00     -0.01    0.00     0.00     0.00     0.00     -4.17    0.00     -2.25    -0.82    0.00     -0.62    -7.87   
8.00     0.00     0.00     0.00     0.83     -0.01    -15.16   -0.01    -7.34    -0.79    0.00     -3.92    -26.40  
9.00     -0.00    0.00     0.00     0.00     0.01     -13.12   0.01     -7.13    0.00     0.00     -3.48    -23.71  
10.00    0.00     -0.01    -0.00    -0.00    0.00     -12.82   0.00     0.00     -0.14    0.00     -1.64    -14.61  
11.00    0.01     -0.00    -0.00    -0.01    0.00     -7.79    0.00     -2.55    -0.69    0.00     -1.23    -12.26  
12.00    0.00     0.00     0.00     0.00     0.00     -12.88   0.01     -2.63    0.00     0.00     -1.98    -17.48  
13.00    0.01     0.01     0.00     0.16     0.01     -12.82   0.00     0.00     0.00     0.00     -2.82    -15.45  
14.00    0.01     0.00     0.00     0.00     0.01     -20.16   -0.00    -5.69    -0.35    0.00     -3.17    -29.35  
15.00    -0.01    0.00     -0.00    0.00     0.00     -2.16    0.00     -2.08    0.00     0.00     -0.85    -5.10   
16.00    0.00     0.00     0.00     0.07     0.01     -13.30   0.00     -2.44    -0.68    0.00     -2.65    -18.99  
17.00    0.00     -0.00    0.00     0.00     0.00     -10.48   0.01     -2.36    -0.63    0.00     -2.31    -15.77  
18.00    0.00     0.00     -0.01    0.90     0.00     -8.04    -0.00    -13.16   -0.66    0.00     -2.73    -23.70  
19.00    -0.01    0.00     0.00     0.00     0.00     -8.67    -0.01    -2.45    -0.83    0.00     -2.80    -14.77  
