0.00     0.00     0.00     0.00     2.20     -0.01    -51.42   0.00     -9.35    -2.38    0.00     -0.42    -61.38  
1.00     -0.01    0.00     -0.00    0.33     0.00     -52.29   0.01     -8.34    -0.24    0.00     -1.22    -61.76  
2.00     0.00     0.00     0.00     2.57     0.00     -54.35   0.00     -18.70   -2.20    0.00     -0.74    -73.42  
3.00     -0.01    0.01     0.01     0.06     -0.01    -47.09   0.00     -7.04    -0.29    0.00     -1.53    -55.89  
4.00     -0.01    0.00     0.01     1.02     0.00     -37.52   -0.01    -8.56    -1.15    0.00     -0.67    -46.89  
5.00     0.01     0.00     0.00     1.40     0.00     -36.09   0.00     -20.12   -0.02    0.00     -0.69    -55.51  
6.00     0.00     0.00     0.01     4.94     0.00     -44.30   0.00     -16.62   -1.30    0.00     -0.69    -57.96  
7.00     0.00     0.00     0.01     0.94     0.00     -58.91   0.00     -15.71   -2.11    0.00     -0.81    -76.59  
8.00     0.00     0.00     0.00     0.32     0.00     -39.16   -0.01    -13.87   -2.16    0.00     -1.39    -56.27  
9.00     0.00     0.00     0.00     2.30     0.00     -40.46   0.01     -10.91   -1.71    0.00     -0.50    -51.27  
10.00    0.00     0.00     0.00     0.12     -0.01    -46.00   0.00     -2.41    -0.02    0.00     -0.33    -48.65  
11.00    0.01     0.00     -0.00    1.55     0.00     -47.84   -0.01    -9.54    -0.53    -0.01    -1.24    -57.61  
12.00    0.00     0.00     0.00     4.18     -0.01    -43.26   0.01     -24.99   -1.54    0.00     -0.50    -66.11  
13.00    0.01     0.01     0.00     4.23     0.00     -49.28   0.00     -11.42   -1.80    -0.01    -0.76    -59.02  
14.00    0.01     -0.01    0.00     2.52     0.01     -49.59   0.00     -11.45   -2.19    -0.01    -0.40    -61.11  
15.00    0.00     0.00     -0.01    2.51     0.00     -40.49   0.00     -10.31   -1.25    0.00     -0.65    -50.20  
16.00    0.01     0.00     0.00     0.73     0.00     -46.50   0.01     -13.96   -1.55    0.00     -1.43    -62.69  
17.00    0.00     0.00     0.00     0.64     0.00     -42.51   0.00     -13.70   -1.70    0.00     -1.34    -58.61  
18.00    0.00     0.00     0.00     1.34     0.00     -46.90   -0.00    -8.97    -2.31    0.00     -0.69    -57.53  
19.00    -0.01    -0.01    -0.01    2.81     -0.01    -43.50   0.00     -10.26   -1.17    0.00     -1.00    -53.16  
