0.00     0.01     0.01     0.01     0.10     -0.01    -10.27   0.00     -0.04    0.00     0.00     -0.32    -10.51  
1.00     0.00     0.00     -0.00    0.00     -0.00    -14.12   0.00     -0.83    -0.01    0.00     -0.57    -15.53  
2.00     -0.00    0.01     0.00     0.02     0.00     -14.09   -0.01    -0.13    0.00     0.01     -0.08    -14.27  
3.00     -0.01    0.00     0.00     -0.01    0.00     -18.31   0.00     -0.02    0.00     0.00     -0.06    -18.41  
4.00     0.00     0.00     0.01     0.48     0.00     -8.40    0.00     -0.05    -0.01    0.00     -0.14    -8.11   
5.00     -0.00    0.00     0.00     0.14     0.00     -10.89   0.00     -0.00    0.00     0.00     -0.15    -10.90  
6.00     0.00     0.00     0.00     0.42     0.01     -14.21   0.00     -0.03    -0.00    0.00     -0.22    -14.03  
7.00     0.00     0.00     -0.00    0.50     0.00     -17.02   0.00     -0.03    0.00     0.00     -0.31    -16.86  
8.00     -0.00    -0.01    0.00     0.18     0.00     -18.20   0.00     -0.03    0.00     -0.00    -0.18    -18.24  
9.00     -0.00    -0.00    0.00     1.11     0.00     -14.75   0.01     -0.01    0.00     0.00     -0.15    -13.79  
10.00    0.00     0.00     0.00     0.00     0.00     -10.51   0.00     0.01     -0.00    0.01     -0.13    -10.62  
11.00    0.00     0.00     0.00     -0.01    0.00     -14.87   0.00     -0.05    0.00     0.00     -0.16    -15.09  
12.00    0.00     0.00     0.01     0.00     0.00     -19.09   0.01     -0.02    -0.13    -0.00    -0.15    -19.37  
13.00    0.00     0.00     -0.00    0.00     0.01     -15.50   0.00     -0.02    0.00     -0.01    -0.21    -15.73  
14.00    0.00     0.00     0.00     0.47     0.00     -17.77   0.00     -0.01    0.00     0.00     -0.24    -17.55  
15.00    0.00     -0.00    -0.01    0.00     -0.00    -9.89    0.01     -1.03    0.00     0.00     -0.10    -11.02  
16.00    0.01     0.00     -0.00    0.33     0.00     -13.20   0.01     -0.02    0.00     0.00     -0.23    -13.10  
17.00    -0.01    0.00     0.00     -0.01    0.00     -3.23    0.00     -0.49    -0.00    -0.01    -0.28    -4.03   
18.00    0.00     0.01     -0.01    1.83     0.00     -16.40   0.00     -5.64    -0.55    -0.00    -0.73    -21.49  
19.00    0.00     0.00     0.00     2.18     0.00     -12.02   -0.01    -8.57    0.00     0.00     -0.06    -18.48  
