0.00     0.01     0.01     0.01     2.23     -0.01    -55.12   0.00     -13.00   -2.38    0.00     -0.32    -68.57  
1.00     -0.01    0.00     -0.00    0.21     -0.00    -53.42   0.01     -13.33   -0.62    0.00     -0.57    -67.73  
2.00     0.01     0.01     0.00     1.18     -0.01    -59.46   0.00     -14.43   -2.63    0.00     -0.08    -75.41  
3.00     -0.01    0.00     0.00     0.00     0.00     -59.84   0.00     -12.43   -0.51    0.00     -0.06    -72.85  
4.00     0.00     0.00     0.00     1.66     0.00     -52.19   0.00     -14.97   -1.77    0.00     -0.14    -67.41  
5.00     0.00     0.00     0.01     1.78     0.00     -37.21   0.00     -11.60   -1.01    0.00     -0.15    -48.18  
6.00     0.00     0.01     0.00     1.93     0.00     -54.19   0.00     -22.25   -1.69    0.01     -0.22    -76.40  
7.00     -0.01    0.00     0.00     0.85     0.00     -54.13   0.00     -21.10   -2.83    0.00     -0.31    -77.53  
8.00     0.00     -0.00    0.00     0.26     0.00     -50.43   0.00     -22.27   -2.33    0.00     -0.18    -74.95  
9.00     0.00     0.00     0.00     3.08     0.00     -49.33   0.01     -13.22   -2.80    0.00     -0.15    -62.41  
10.00    0.00     -0.00    0.00     0.19     -0.01    -50.14   0.00     -8.79    -0.35    0.00     -0.13    -59.23  
11.00    0.00     0.01     -0.00    1.54     0.00     -57.93   0.00     -18.64   -0.91    0.00     -0.16    -76.09  
12.00    0.00     0.00     0.00     1.34     -0.01    -54.79   0.00     -19.32   -2.13    0.00     -0.15    -75.06  
13.00    0.00     0.00     0.00     2.22     0.00     -60.62   0.00     -18.57   -1.70    0.00     -0.21    -78.88  
14.00    0.01     -0.01    -0.01    1.85     0.00     -57.19   -0.00    -19.26   -2.41    0.00     -0.24    -77.26  
15.00    0.00     -0.00    -0.01    2.11     0.00     -54.99   0.01     -19.15   -1.73    0.00     -0.10    -73.86  
16.00    0.00     -0.00    -0.00    0.44     0.00     -54.45   0.01     -20.95   -1.91    -0.00    -0.23    -77.09  
17.00    0.00     -0.00    0.01     0.98     0.00     -41.26   0.01     -22.03   -2.48    0.00     -0.28    -65.05  
18.00    -0.01    0.01     -0.01    2.01     0.00     -61.23   0.00     -16.13   -2.73    0.00     -0.73    -78.82  
19.00    0.00     0.00     0.00     4.11     0.00     -49.46   0.00     -19.26   -1.58    0.01     -0.06    -66.24  
