0.00     0.00     0.00     0.00     0.86     -0.01    -45.40   -0.01    -6.25    -0.22    0.00     -1.29    -52.32  
1.00     0.00     0.01     0.00     1.07     0.01     -44.47   0.01     -2.43    0.00     0.00     -1.35    -47.15  
2.00     0.00     0.00     0.00     1.78     0.00     -51.16   0.00     -10.50   -0.02    0.00     -1.00    -60.90  
3.00     0.00     0.01     0.01     0.06     0.00     -36.27   0.00     0.00     0.00     0.00     -1.69    -37.88  
4.00     -0.00    0.00     0.00     2.25     0.00     -35.17   0.00     -14.03   0.00     0.00     -0.86    -47.81  
5.00     0.00     0.00     0.01     0.82     0.00     -36.04   -0.01    -11.44   0.00     0.00     -0.86    -47.52  
6.00     0.00     0.00     0.01     3.43     0.00     -37.63   0.00     -3.03    0.00     0.00     -0.72    -37.94  
7.00     0.00     0.00     -0.00    1.76     0.00     -54.00   0.00     -2.07    -1.01    0.00     -1.33    -56.65  
8.00     0.00     0.00     -0.01    0.31     0.00     -32.47   0.00     -0.01    0.00     0.00     -1.52    -33.70  
9.00     -0.00    -0.00    -0.01    0.34     0.00     -39.97   0.01     -5.63    0.00     0.00     -0.75    -46.01  
10.00    0.00     0.00     0.00     0.17     0.00     -35.10   0.00     -1.46    -0.01    0.00     -0.45    -36.85  
11.00    0.00     0.01     0.00     0.00     0.00     -35.48   0.00     -1.79    0.00     -0.01    -1.45    -38.72  
12.00    0.01     0.00     0.00     2.84     -0.01    -34.90   0.01     -11.93   -0.01    0.00     -0.63    -44.62  
13.00    0.00     0.00     -0.00    2.64     0.01     -42.75   -0.01    -13.18   -0.57    -0.01    -0.89    -54.76  
14.00    0.01     -0.01    0.00     1.55     0.00     -41.87   -0.00    -0.06    0.00     -0.01    -0.64    -41.03  
15.00    0.00     0.01     -0.01    1.39     0.01     -36.06   0.01     -10.08   0.00     0.00     -0.71    -45.44  
16.00    0.00     0.00     -0.00    0.62     0.00     -40.14   -0.00    -0.03    0.00     0.00     -1.58    -41.13  
17.00    0.00     0.01     0.00     0.29     0.00     -38.06   0.00     0.00     0.00     0.00     -1.51    -39.27  
18.00    0.00     0.00     -0.01    1.17     0.00     -40.60   -0.00    0.00     0.00     0.00     -0.66    -40.10  
19.00    0.00     0.00     0.00     0.98     0.00     -43.45   0.00     -14.70   -0.01    0.00     -0.94    -58.12  
