0        1153.79  879.98   222.68   69.41    -2272.50 -1491.46 -5679.42 -388.16  -154.03  -122.39  -14.95   -7797.05
1        1151.03  895.79   224.95   66.51    -2291.21 -1482.21 -5665.68 -384.30  -149.51  -115.32  -14.55   -7764.50
2        1156.02  879.37   216.57   76.56    -2285.95 -1490.87 -5667.72 -388.09  -152.16  -117.55  -14.11   -7787.91
3        1195.78  867.82   205.67   76.03    -2239.34 -1494.79 -5676.97 -383.22  -151.91  -117.11  -14.28   -7732.32
4        1229.11  865.28   215.58   82.26    -2276.56 -1477.94 -5679.77 -392.18  -150.23  -117.66  -14.49   -7716.60
5        1214.66  867.30   209.61   82.03    -2243.67 -1490.13 -5672.34 -379.05  -150.04  -124.70  -14.17   -7700.51
6        1197.87  861.63   223.73   65.04    -2287.91 -1474.89 -5684.54 -380.56  -150.26  -119.34  -15.01   -7764.25
7        1203.90  868.89   223.36   88.60    -2257.64 -1490.60 -5663.23 -398.14  -152.59  -119.47  -13.45   -7710.37
8        1218.37  892.75   215.30   70.42    -2256.63 -1494.07 -5675.59 -359.67  -151.37  -118.80  -14.48   -7673.77
9        1225.81  876.88   222.01   67.18    -2299.30 -1497.93 -5676.40 -374.34  -152.41  -118.96  -15.08   -7742.53
10       1243.52  873.10   233.44   74.61    -2263.61 -1497.30 -5665.36 -394.33  -150.17  -122.91  -15.35   -7684.37
11       1217.83  872.58   222.53   73.53    -2244.11 -1489.04 -5672.88 -377.64  -151.73  -120.06  -15.08   -7684.06
12       1190.08  873.22   209.45   75.22    -2257.83 -1504.80 -5669.06 -405.59  -152.70  -120.88  -14.74   -7777.63
13       1210.08  889.56   235.70   84.54    -2255.99 -1477.67 -5676.56 -379.86  -152.63  -123.54  -15.05   -7661.40
14       1179.27  863.51   219.76   70.66    -2260.63 -1488.18 -5686.33 -396.52  -150.63  -117.87  -14.81   -7781.78
15       1202.61  911.10   223.19   62.88    -2265.01 -1482.67 -5672.24 -406.42  -152.94  -122.21  -14.45   -7716.17
16       1174.98  878.44   216.58   82.54    -2268.64 -1474.43 -5674.99 -399.25  -151.51  -118.53  -14.49   -7749.31
17       1192.55  883.93   225.18   70.66    -2270.18 -1489.11 -5673.24 -377.79  -149.67  -118.28  -14.11   -7720.07
18       1215.12  857.30   217.48   92.87    -2261.04 -1490.95 -5671.01 -394.98  -152.15  -123.46  -14.05   -7724.87
19       1189.84  886.71   205.99   67.25    -2279.47 -1480.00 -5670.33 -379.14  -150.74  -120.73  -13.99   -7744.62
