0.00     0.00     0.00     0.00     0.00     0.00     -6.79    0.00     -0.00    0.00     0.00     0.00     -6.79   
1.00     0.00     0.00     -0.01    0.00     0.01     -6.34    0.00     0.00     0.00     0.00     0.00     -6.34   
2.00     0.01     0.01     -0.01    0.34     0.00     -11.32   -0.01    -0.01    0.00     0.00     0.00     -10.99  
3.00     0.00     0.00     0.01     0.03     0.00     -7.90    0.00     -0.96    0.00     0.00     0.00     -8.82   
4.00     -0.01    0.00     0.00     0.00     0.00     -2.23    -0.01    -0.01    0.00     0.00     0.00     -2.26   
5.00     0.00     0.00     0.00     0.24     0.01     -9.03    0.00     -0.59    0.00     0.00     0.00     -9.37   
6.00     -0.00    0.01     0.01     -0.01    0.00     -3.51    0.00     -0.00    0.00     0.00     0.00     -3.50   
7.00     0.00     0.01     0.00     0.00     0.00     -7.55    0.00     -0.01    0.00     -0.01    0.00     -7.56   
8.00     -0.00    0.00     0.00     0.00     -0.00    -6.83    -0.01    0.00     0.00     -0.01    0.00     -6.85   
9.00     -0.01    0.00     -0.01    0.66     0.00     -13.88   0.00     -1.11    0.00     0.00     0.00     -14.35  
10.00    0.00     0.00     0.00     0.00     0.00     -9.68    0.00     0.01     0.00     0.00     0.00     -9.67   
11.00    0.00     0.00     0.00     0.00     0.00     -9.27    0.00     0.00     0.00     -0.01    0.00     -9.28   
12.00    0.00     0.00     0.00     0.99     0.00     -9.74    0.01     -0.01    0.00     -0.01    0.00     -8.76   
13.00    0.00     -0.00    -0.00    -0.01    0.00     -5.57    0.00     -0.06    0.00     -0.01    0.00     -5.65   
14.00    0.00     0.00     0.00     0.00     0.00     -9.64    0.00     0.00     0.00     0.00     0.00     -9.64   
15.00    0.00     0.00     0.00     0.00     0.01     -1.22    0.01     -0.00    0.00     0.00     0.00     -1.20   
16.00    0.01     0.00     0.00     0.01     0.00     -3.42    0.00     0.00     0.00     -0.00    0.00     -3.40   
17.00    0.00     -0.00    0.00     -0.00    0.00     -3.91    0.00     -0.42    0.00     0.00     0.00     -4.33   
18.00    0.00     0.01     -0.01    0.00     0.00     -6.03    -0.00    0.00     0.00     -0.01    0.00     -6.04   
19.00    0.00     0.00     0.00     0.00     0.00     -5.09    0.00     0.00     0.00     0.00     0.00     -5.09   
