-0.00    0.00     0.00     0.34     0.00     -12.43   0.00     -0.02    -0.13    0.00     0.00     -12.24   
-0.00    0.00     0.00     0.29     -0.00    -13.63   0.00     -2.10    -0.14    0.00     -2.28    -17.86   
-0.00    0.00     0.00     0.24     0.00     -12.33   -0.00    -3.43    -0.60    0.00     -2.28    -18.41   
-0.00    0.00     0.00     0.28     -0.00    -11.02   0.00     -1.95    -0.17    -0.00    -2.28    -15.15   
-0.00    0.00     0.00     0.28     -0.00    -11.06   0.00     -2.45    -0.26    0.00     -2.56    -16.06   
-0.00    0.00     -0.00    0.27     -0.00    -10.58   -0.00    -2.97    -0.08    0.00     -2.56    -15.93   
0.00     0.00     0.00     0.18     0.00     -8.94    0.00     -2.79    -0.09    0.00     -2.56    -14.21   
0.00     0.00     0.00     0.06     -0.00    -4.28    0.00     -1.82    -0.20    0.00     -0.28    -6.53    
-0.00    0.00     -0.00    0.11     0.00     -6.71    0.00     -1.94    -0.24    0.00     -1.18    -9.96    
-0.00    0.00     0.00     0.17     -0.00    -7.74    -0.00    -2.66    -0.28    0.00     -1.18    -11.68   
-0.00    -0.00    -0.00    0.20     0.00     -11.21   0.00     -1.13    -0.02    0.00     -0.90    -13.07   
0.00     0.00     -0.00    0.20     -0.00    -12.94   0.00     -0.50    -0.02    0.00     -0.90    -14.17   
0.00     0.00     0.00     0.25     -0.00    -13.62   0.00     -0.50    -0.00    -0.00    -0.90    -14.78   
-0.00    0.00     0.00     0.24     -0.00    -13.57   0.00     -0.23    0.00     0.00     -0.90    -14.46   
0.00     -0.00    0.00     0.21     0.00     -11.63   -0.00    -0.70    0.00     0.00     0.00     -12.12   
-0.00    -0.00    0.00     0.16     -0.00    -11.99   0.00     -1.87    0.00     0.00     0.00     -13.70   
-0.00    -0.00    0.00     0.13     0.00     -8.61    -0.00    -2.04    0.00     -0.00    0.00     -10.53   
0.00     0.00     0.00     0.13     0.00     -7.08    0.00     -1.32    0.00     -0.00    0.00     -8.28    
0.00     0.00     -0.00    0.11     0.00     -6.95    -0.00    -0.16    0.00     -0.00    0.00     -6.99    
-0.00    0.00     -0.00    0.09     0.00     -6.34    0.00     -0.78    0.00     -0.00    0.00     -7.04    
-0.00    0.00     -0.00    0.09     -0.00    -9.01    0.00     -1.65    0.00     0.00     -0.12    -10.69   
0.00     0.00     0.00     0.39     0.00     -13.64   0.00     -0.85    -0.04    0.00     -0.22    -14.36   
-0.00    0.00     0.00     0.62     -0.00    -35.96   0.00     -8.61    -0.61    0.00     -0.22    -44.78   
-0.00    0.00     0.00     1.49     -0.00    -47.38   0.00     -18.71   -0.71    0.00     -0.22    -65.53   
0.00     0.00     0.00     1.51     -0.00    -51.04   -0.00    -17.51   -1.76    0.00     -0.22    -69.02   
-0.00    0.00     0.00     1.50     -0.00    -53.37   0.00     -17.04   -1.82    0.00     -0.22    -70.95   
-0.00    0.00     0.00     1.46     -0.00    -53.47   0.00     -16.86   -1.88    0.00     -0.65    -71.40   
-0.00    0.00     -0.00    1.63     -0.00    -53.88   0.00     -15.29   -1.83    -0.00    -0.85    -70.23   
0.00     0.00     0.00     1.84     -0.00    -45.87   0.00     -12.31   -1.38    -0.00    -0.85    -58.58   
0.00     0.00     -0.00    1.22     0.00     -40.05   0.00     -5.43    -0.09    -0.00    -1.04    -45.40   
0.00     0.00     0.00     1.12     0.00     -36.70   -0.00    -5.25    -0.32    -0.00    -1.31    -42.44   
-0.00    -0.00    0.00     1.12     0.00     -35.62   0.00     -5.49    -0.28    -0.00    -1.31    -41.56   
0.00     0.00     0.00     1.13     0.00     -34.67   0.00     -5.86    -0.39    0.00     -1.59    -41.38   
0.00     0.00     0.00     0.87     -0.00    -28.58   0.00     -5.45    -0.31    -0.00    -0.10    -33.57   
0.00     0.00     -0.00    0.51     0.00     -20.34   0.00     -3.72    -0.30    0.00     -0.52    -24.37   
