0.00     0.00     0.00     0.00     0.01     -0.00    -6.95    0.00     -1.34    0.00     0.00     0.00     -8.28   
1.00     -0.01    0.00     -0.01    0.00     -0.00    -5.10    0.00     -0.79    0.00     0.00     0.00     -5.91   
2.00     -0.00    0.00     -0.00    0.34     0.00     -8.83    0.00     -0.36    0.00     0.00     0.00     -8.85   
3.00     0.00     0.01     0.01     0.03     0.00     -8.88    0.00     -0.99    0.00     0.00     0.00     -9.82   
4.00     0.00     0.00     0.01     0.00     0.00     -2.32    0.00     -1.78    0.00     -0.01    0.00     -4.10   
5.00     0.00     -0.01    0.01     0.24     0.00     -6.37    0.00     -0.40    0.00     0.01     0.00     -6.52   
6.00     -0.01    0.00     0.01     -0.01    0.00     -5.60    0.00     -0.06    0.00     0.01     0.00     -5.66   
7.00     0.00     0.01     0.01     0.00     0.00     -7.64    0.00     -1.81    0.00     0.00     0.00     -9.43   
8.00     0.00     -0.01    -0.01    0.00     0.00     -6.44    -0.01    -1.73    0.00     0.00     0.00     -8.20   
9.00     0.00     -0.00    0.00     0.66     0.00     -14.50   0.00     -1.83    0.00     0.00     0.00     -15.67  
10.00    0.00     0.00     -0.00    0.00     -0.01    -6.48    0.00     -2.14    0.00     0.00     0.00     -8.63   
11.00    0.01     -0.00    0.00     0.00     0.00     -10.29   0.00     -1.95    0.00     -0.01    0.00     -12.24  
12.00    0.01     0.00     0.00     0.99     0.00     -9.29    0.00     -1.39    0.00     -0.00    0.00     -9.68   
13.00    0.01     0.00     -0.00    -0.01    0.00     -7.65    0.00     -1.07    0.00     -0.01    0.00     -8.73   
14.00    0.00     0.00     0.00     0.01     0.01     -7.48    0.00     -1.36    0.00     0.00     0.00     -8.82   
15.00    0.00     -0.00    0.00     0.29     0.00     -2.82    0.01     -0.16    0.00     0.00     0.00     -2.68   
16.00    0.01     0.00     -0.00    0.01     0.00     -4.52    0.01     -1.56    0.00     0.00     0.00     -6.05   
17.00    0.00     -0.00    0.00     0.00     0.00     -7.56    0.00     -1.39    0.00     0.00     0.00     -8.95   
18.00    0.00     0.01     0.00     0.00     0.00     -7.04    -0.00    -2.58    0.00     -0.01    0.00     -9.62   
19.00    0.00     -0.01    0.00     0.01     -0.00    -5.92    0.00     -1.74    0.00     0.00     0.00     -7.66   
